2024-06-19 11:22:42,181 [INFO] ApplicationProperties:184 - Using Application install path: /opt/st/stm32cubeide_1.12.1/plugins/com.st.stm32cube.common.mx_6.8.1.202304191431
2024-06-19 11:22:42,222 [INFO] DbMcusXml:78 - Set database path to: /opt/st/stm32cubeide_1.12.1/plugins/com.st.stm32cube.common.mx_6.8.1.202304191431//db//mcu/
2024-06-19 11:22:42,222 [INFO] ApiDb:274 - Set plugin database path to: /opt/st/stm32cubeide_1.12.1/plugins/com.st.stm32cube.common.mx_6.8.1.202304191431//db//plugins/boardmanager/
2024-06-19 11:22:42,226 [WARN] ApiDb:259 - Overriding images path with different value:  => /opt/st/stm32cubeide_1.12.1/plugins/com.st.stm32cube.common.mx_6.8.1.202304191431//db//plugins/mcufinder/images/
2024-06-19 11:22:42,252 [INFO] ApiDb:250 - Set database path to: /home/dnk066/.stmcufinder/plugins/mcufinder//mcu/
2024-06-19 11:22:42,255 [INFO] DbMcusAds:125 - Set database path to: /home/dnk066/.stmcufinder/plugins/mcufinder//mcu/
2024-06-19 11:22:42,310 [INFO] CrossReferenceDbSqlite:203 - Set database path to: /home/dnk066/.stmcufinder/plugins/mcufinder//mcu/cs/
2024-06-19 11:22:42,478 [INFO] RulesReader:64 - Compatibility file has been processed (293 Rules)
2024-06-19 11:22:42,583 [INFO] DbMcusXml:78 - Set database path to: /opt/st/stm32cubeide_1.12.1/plugins/com.st.stm32cube.common.mx_6.8.1.202304191431//db//mcu/
2024-06-19 11:22:42,584 [INFO] ApiDb:274 - Set plugin database path to: /opt/st/stm32cubeide_1.12.1/plugins/com.st.stm32cube.common.mx_6.8.1.202304191431//db//plugins/boardmanager/
2024-06-19 11:22:42,584 [INFO] ApiDb:261 - Set plugin images path to: /opt/st/stm32cubeide_1.12.1/plugins/com.st.stm32cube.common.mx_6.8.1.202304191431//db//plugins/mcufinder/images/
2024-06-19 11:22:42,584 [WARN] DbFile:41 - Overriding database path with different value: /home/dnk066/.stmcufinder/plugins/mcufinder/ => /home/dnk066/.stmcufinder/plugins/mcufinder
2024-06-19 11:22:42,585 [INFO] ApiDb:250 - Set database path to: /home/dnk066/.stmcufinder/plugins/mcufinder//mcu/
2024-06-19 11:22:42,585 [WARN] DbFile:41 - Overriding database path with different value: /home/dnk066/.stmcufinder/plugins/mcufinder/ => /home/dnk066/.stmcufinder/plugins/mcufinder
2024-06-19 11:22:42,585 [INFO] DbMcusAds:125 - Set database path to: /home/dnk066/.stmcufinder/plugins/mcufinder//mcu/
2024-06-19 11:22:42,585 [WARN] DbFile:41 - Overriding database path with different value: /home/dnk066/.stmcufinder/plugins/mcufinder/ => /home/dnk066/.stmcufinder/plugins/mcufinder
2024-06-19 11:22:42,585 [WARN] DbFile:41 - Overriding database path with different value: /home/dnk066/.stmcufinder/plugins/mcufinder/ => /home/dnk066/.stmcufinder/plugins/mcufinder
2024-06-19 11:22:42,585 [INFO] CrossReferenceDbSqlite:203 - Set database path to: /home/dnk066/.stmcufinder/plugins/mcufinder//mcu/cs/
2024-06-19 11:22:42,712 [INFO] MainPanel:253 - HeapMemory: 367001600
2024-06-19 11:22:42,943 [INFO] DbMcusXml:78 - Set database path to: /opt/st/stm32cubeide_1.12.1/plugins/com.st.stm32cube.common.mx_6.8.1.202304191431//db//mcu/
2024-06-19 11:22:42,943 [INFO] ApiDb:274 - Set plugin database path to: /opt/st/stm32cubeide_1.12.1/plugins/com.st.stm32cube.common.mx_6.8.1.202304191431//db//plugins/boardmanager/
2024-06-19 11:22:42,943 [INFO] ApiDb:261 - Set plugin images path to: /opt/st/stm32cubeide_1.12.1/plugins/com.st.stm32cube.common.mx_6.8.1.202304191431//db//plugins/mcufinder/images/
2024-06-19 11:22:42,944 [WARN] DbFile:41 - Overriding database path with different value: /home/dnk066/.stmcufinder/plugins/mcufinder/ => /home/dnk066/.stmcufinder/plugins/mcufinder
2024-06-19 11:22:42,945 [INFO] ApiDb:250 - Set database path to: /home/dnk066/.stmcufinder/plugins/mcufinder//mcu/
2024-06-19 11:22:42,945 [WARN] DbFile:41 - Overriding database path with different value: /home/dnk066/.stmcufinder/plugins/mcufinder/ => /home/dnk066/.stmcufinder/plugins/mcufinder
2024-06-19 11:22:42,945 [INFO] DbMcusAds:125 - Set database path to: /home/dnk066/.stmcufinder/plugins/mcufinder//mcu/
2024-06-19 11:22:42,945 [WARN] DbFile:41 - Overriding database path with different value: /home/dnk066/.stmcufinder/plugins/mcufinder/ => /home/dnk066/.stmcufinder/plugins/mcufinder
2024-06-19 11:22:42,945 [WARN] DbFile:41 - Overriding database path with different value: /home/dnk066/.stmcufinder/plugins/mcufinder/ => /home/dnk066/.stmcufinder/plugins/mcufinder
2024-06-19 11:22:42,946 [INFO] CrossReferenceDbSqlite:203 - Set database path to: /home/dnk066/.stmcufinder/plugins/mcufinder//mcu/cs/
2024-06-19 11:22:42,979 [INFO] ApplicationProperties:184 - Using Application install path: /opt/st/stm32cubeide_1.12.1/plugins/com.st.stm32cube.common.mx_6.8.1.202304191431
2024-06-19 11:22:42,982 [INFO] PluginManage:196 - Search for loadable plugins [exclusion list=, ]
2024-06-19 11:22:42,987 [INFO] PluginManage:310 - Check plugin analytics
2024-06-19 11:22:43,271 [INFO] AnalyticsPlugin:253 - Accepted Software Licenses: 
2024-06-19 11:22:43,271 [INFO] AnalyticsPlugin:255 - Accepted CMSIS Pack Licenses: 
2024-06-19 11:22:43,272 [INFO] AnalyticsPlugin:257 - Accepted Firmware Licenses: FW.WL.1.3.0
2024-06-19 11:22:43,282 [INFO] PluginManage:359 - Loaded plugin analytics (category:tool,tabindex:-1)
2024-06-19 11:22:43,283 [INFO] PluginManage:310 - Check plugin cadmodel
2024-06-19 11:22:43,363 [INFO] CADModel:105 - Init CAD model plugin
2024-06-19 11:22:43,364 [INFO] PluginManage:359 - Loaded plugin cadmodel (category:power,tabindex:5)
2024-06-19 11:22:43,364 [INFO] PluginManage:310 - Check plugin clock
2024-06-19 11:22:43,383 [INFO] PluginManage:359 - Loaded plugin clock (category:base,tabindex:2)
2024-06-19 11:22:43,384 [INFO] PluginManage:310 - Check plugin ddr
2024-06-19 11:22:43,389 [INFO] PluginManage:359 - Loaded plugin ddr (category:tool,tabindex:6)
2024-06-19 11:22:43,390 [INFO] PluginManage:310 - Check plugin filemanager
2024-06-19 11:22:43,621 [INFO] PluginManage:359 - Loaded plugin filemanager (category:base,tabindex:10)
2024-06-19 11:22:43,621 [INFO] PluginManage:310 - Check plugin ipmanager
2024-06-19 11:22:43,631 [INFO] PluginManage:359 - Loaded plugin ipmanager (category:base,tabindex:5)
2024-06-19 11:22:43,631 [INFO] PluginManage:310 - Check plugin lpbam
2024-06-19 11:22:43,647 [INFO] PluginManage:359 - Loaded plugin lpbam (category:base,tabindex:0)
2024-06-19 11:22:43,648 [INFO] PluginManage:310 - Check plugin pinoutandconfiguration
2024-06-19 11:22:43,662 [INFO] PluginManage:359 - Loaded plugin pinoutandconfiguration (category:base,tabindex:1)
2024-06-19 11:22:43,662 [INFO] PluginManage:310 - Check plugin pinoutconfig
2024-06-19 11:22:43,824 [WARN] SupportedApi:132 - Cannot load RTOS API schema: s4s-elt-must-match.1: The content of 'definitions' must match (annotation?, (simpleType | complexType)?, (unique | key | keyref)*)). A problem was found starting at: attribute.
2024-06-19 11:22:44,063 [INFO] PluginManage:359 - Loaded plugin pinoutconfig (category:base,tabindex:0)
2024-06-19 11:22:44,063 [INFO] PluginManage:310 - Check plugin power
2024-06-19 11:22:44,083 [INFO] PluginManage:359 - Loaded plugin power (category:power,tabindex:4)
2024-06-19 11:22:44,083 [INFO] PluginManage:310 - Check plugin projectmanager
2024-06-19 11:22:44,111 [INFO] PluginManage:359 - Loaded plugin projectmanager (category:projectmanager,tabindex:3)
2024-06-19 11:22:44,111 [INFO] PluginManage:310 - Check plugin thirdparty
2024-06-19 11:22:44,400 [INFO] PluginManage:359 - Loaded plugin thirdparty (category:base,tabindex:-1)
2024-06-19 11:22:44,401 [INFO] PluginManage:310 - Check plugin tools
2024-06-19 11:22:44,402 [WARN] IntegrityCheckThread:84 - waiting for thirdparty lock release [integrity check]
2024-06-19 11:22:44,407 [INFO] IntegrityCheckThread:86 - entering critical section [integrity check]
2024-06-19 11:22:44,407 [INFO] PluginManage:359 - Loaded plugin tools (category:base,tabindex:7)
2024-06-19 11:22:44,407 [INFO] PluginManage:310 - Check plugin tutovideos
2024-06-19 11:22:44,411 [INFO] ThirdPartyUpdaterWithRetryManager:70 - Updater plugin not ready yet. [1/15]
2024-06-19 11:22:44,720 [INFO] PluginManage:359 - Loaded plugin tutovideos (category:base,tabindex:-1)
2024-06-19 11:22:44,720 [INFO] PluginManage:310 - Check plugin updater
2024-06-19 11:22:44,746 [INFO] PluginManage:359 - Loaded plugin updater (category:base,tabindex:12)
2024-06-19 11:22:44,747 [INFO] PluginManage:283 - PluginManage : Loaded plugins [15]
2024-06-19 11:22:45,135 [INFO] PinOutPanel:1499 - setPackage(No Configuration,No Configuration)
2024-06-19 11:22:45,227 [INFO] CADModel:165 - CPN selected for project level
2024-06-19 11:22:45,228 [INFO] CADModel:114 - Register for checkConnection events
2024-06-19 11:22:45,249 [INFO] IPUIPlugin:80 - create IPUIPlugin
2024-06-19 11:22:45,249 [INFO] PluginManager:220 - loadIPPluginJar : add lorawan
2024-06-19 11:22:45,258 [INFO] IPUIPlugin:80 - create IPUIPlugin
2024-06-19 11:22:45,259 [INFO] PluginManager:220 - loadIPPluginJar : add mdma
2024-06-19 11:22:45,263 [INFO] IPUIPlugin:80 - create IPUIPlugin
2024-06-19 11:22:45,263 [INFO] PluginManager:220 - loadIPPluginJar : add usart
2024-06-19 11:22:45,266 [INFO] IPUIPlugin:80 - create IPUIPlugin
2024-06-19 11:22:45,267 [INFO] PluginManager:220 - loadIPPluginJar : add i2s
2024-06-19 11:22:45,269 [INFO] IPUIPlugin:80 - create IPUIPlugin
2024-06-19 11:22:45,269 [INFO] PluginManager:220 - loadIPPluginJar : add tim
2024-06-19 11:22:45,274 [INFO] IPUIPlugin:80 - create IPUIPlugin
2024-06-19 11:22:45,274 [INFO] PluginManager:220 - loadIPPluginJar : add gtzc
2024-06-19 11:22:45,283 [INFO] IPUIPlugin:80 - create IPUIPlugin
2024-06-19 11:22:45,283 [INFO] PluginManager:220 - loadIPPluginJar : add dma
2024-06-19 11:22:45,287 [INFO] IPUIPlugin:80 - create IPUIPlugin
2024-06-19 11:22:45,287 [INFO] PluginManager:220 - loadIPPluginJar : add gfxmmu
2024-06-19 11:22:45,292 [INFO] IPUIPlugin:80 - create IPUIPlugin
2024-06-19 11:22:45,293 [INFO] PluginManager:220 - loadIPPluginJar : add nvic
2024-06-19 11:22:45,295 [INFO] IPUIPlugin:80 - create IPUIPlugin
2024-06-19 11:22:45,296 [INFO] PluginManager:220 - loadIPPluginJar : add hash
2024-06-19 11:22:45,298 [INFO] IPUIPlugin:80 - create IPUIPlugin
2024-06-19 11:22:45,298 [INFO] PluginManager:220 - loadIPPluginJar : add tracer_emb
2024-06-19 11:22:45,302 [INFO] IPUIPlugin:80 - create IPUIPlugin
2024-06-19 11:22:45,303 [INFO] PluginManager:220 - loadIPPluginJar : add i2c
2024-06-19 11:22:45,310 [INFO] IPUIPlugin:80 - create IPUIPlugin
2024-06-19 11:22:45,310 [INFO] PluginManager:220 - loadIPPluginJar : add gpio
2024-06-19 11:22:45,315 [INFO] IPUIPlugin:80 - create IPUIPlugin
2024-06-19 11:22:45,315 [INFO] PluginManager:220 - loadIPPluginJar : add touchsensing
2024-06-19 11:22:45,324 [INFO] IPUIPlugin:80 - create IPUIPlugin
2024-06-19 11:22:45,324 [INFO] PluginManager:220 - loadIPPluginJar : add freertos
2024-06-19 11:22:45,327 [INFO] IPUIPlugin:80 - create IPUIPlugin
2024-06-19 11:22:45,327 [INFO] PluginManager:220 - loadIPPluginJar : add comp
2024-06-19 11:22:45,330 [INFO] IPUIPlugin:80 - create IPUIPlugin
2024-06-19 11:22:45,330 [INFO] PluginManager:220 - loadIPPluginJar : add cryp
2024-06-19 11:22:45,335 [INFO] IPUIPlugin:80 - create IPUIPlugin
2024-06-19 11:22:45,335 [INFO] PluginManager:220 - loadIPPluginJar : add ipddr
2024-06-19 11:22:45,345 [INFO] IPUIPlugin:80 - create IPUIPlugin
2024-06-19 11:22:45,345 [INFO] PluginManager:220 - loadIPPluginJar : add stm32_wpan
2024-06-19 11:22:45,348 [INFO] IPUIPlugin:80 - create IPUIPlugin
2024-06-19 11:22:45,348 [INFO] PluginManager:220 - loadIPPluginJar : add quadspi
2024-06-19 11:22:45,356 [INFO] IPUIPlugin:80 - create IPUIPlugin
2024-06-19 11:22:45,357 [INFO] PluginManager:220 - loadIPPluginJar : add adc
2024-06-19 11:22:45,359 [INFO] IPUIPlugin:80 - create IPUIPlugin
2024-06-19 11:22:45,359 [INFO] PluginManager:220 - loadIPPluginJar : add fatfs
2024-06-19 11:22:45,361 [INFO] IPUIPlugin:80 - create IPUIPlugin
2024-06-19 11:22:45,362 [INFO] PluginManager:220 - loadIPPluginJar : add ts
2024-06-19 11:22:45,369 [INFO] IPUIPlugin:80 - create IPUIPlugin
2024-06-19 11:22:45,370 [INFO] PluginManager:220 - loadIPPluginJar : add gic
2024-06-19 11:22:45,372 [INFO] IPUIPlugin:80 - create IPUIPlugin
2024-06-19 11:22:45,372 [INFO] PluginManager:220 - loadIPPluginJar : add genericplugin
2024-06-19 11:22:45,377 [INFO] IPUIPlugin:80 - create IPUIPlugin
2024-06-19 11:22:45,377 [INFO] PluginManager:220 - loadIPPluginJar : add usbx
2024-06-19 11:22:45,381 [INFO] IPUIPlugin:80 - create IPUIPlugin
2024-06-19 11:22:45,381 [INFO] PluginManager:220 - loadIPPluginJar : add pdm2pcm
2024-06-19 11:22:45,384 [INFO] IPUIPlugin:80 - create IPUIPlugin
2024-06-19 11:22:45,385 [INFO] PluginManager:220 - loadIPPluginJar : add dma3
2024-06-19 11:22:45,392 [INFO] IPUIPlugin:80 - create IPUIPlugin
2024-06-19 11:22:45,392 [INFO] PluginManager:220 - loadIPPluginJar : add fmc
2024-06-19 11:22:45,396 [INFO] IPUIPlugin:80 - create IPUIPlugin
2024-06-19 11:22:45,396 [INFO] PluginManager:220 - loadIPPluginJar : add dfsdm
2024-06-19 11:22:45,407 [INFO] IPUIPlugin:80 - create IPUIPlugin
2024-06-19 11:22:45,411 [INFO] PluginManager:220 - loadIPPluginJar : add plateformsettings
2024-06-19 11:22:45,415 [INFO] IPUIPlugin:80 - create IPUIPlugin
2024-06-19 11:22:45,415 [INFO] PluginManager:220 - loadIPPluginJar : add spi
2024-06-19 11:22:45,418 [INFO] IPUIPlugin:80 - create IPUIPlugin
2024-06-19 11:22:45,419 [INFO] PluginManager:220 - loadIPPluginJar : add i3c
2024-06-19 11:22:45,422 [INFO] IPUIPlugin:80 - create IPUIPlugin
2024-06-19 11:22:45,422 [INFO] PluginManager:220 - loadIPPluginJar : add aes
2024-06-19 11:22:45,428 [INFO] IPUIPlugin:80 - create IPUIPlugin
2024-06-19 11:22:45,428 [INFO] PluginManager:220 - loadIPPluginJar : add resmgrutility
2024-06-19 11:22:45,432 [INFO] IPUIPlugin:80 - create IPUIPlugin
2024-06-19 11:22:45,433 [INFO] PluginManager:220 - loadIPPluginJar : add openamp
2024-06-19 11:22:45,435 [INFO] IPUIPlugin:80 - create IPUIPlugin
2024-06-19 11:22:45,435 [INFO] PluginManager:220 - loadIPPluginJar : add ltdc
2024-06-19 11:22:45,440 [INFO] IPUIPlugin:80 - create IPUIPlugin
2024-06-19 11:22:45,441 [INFO] PluginManager:220 - loadIPPluginJar : add sai
2024-06-19 11:22:45,445 [INFO] IPUIPlugin:80 - create IPUIPlugin
2024-06-19 11:22:45,446 [INFO] PluginManager:220 - loadIPPluginJar : add opamp
2024-06-19 11:22:45,448 [INFO] IPUIPlugin:80 - create IPUIPlugin
2024-06-19 11:22:45,448 [INFO] PluginManager:220 - loadIPPluginJar : add tsc
2024-06-19 11:22:45,451 [INFO] IPUIPlugin:80 - create IPUIPlugin
2024-06-19 11:22:45,451 [INFO] PluginManager:220 - loadIPPluginJar : add ucpd
2024-06-19 11:22:45,454 [INFO] IPUIPlugin:80 - create IPUIPlugin
2024-06-19 11:22:45,454 [INFO] PluginManager:220 - loadIPPluginJar : add can
2024-06-19 11:22:45,464 [INFO] IPUIPlugin:80 - create IPUIPlugin
2024-06-19 11:22:45,465 [INFO] PluginManager:220 - loadIPPluginJar : add linkedlist
2024-06-19 11:22:45,601 [INFO] CADModel:165 - CPN selected for project level
2024-06-19 11:22:45,602 [INFO] CADModel:114 - Register for checkConnection events
2024-06-19 11:22:45,602 [FATAL] Updater:308 - Updater called before beeing initialized
2024-06-19 11:22:45,603 [ERROR] CADModel:125 - Updater not yet initialized, retry later 
2024-06-19 11:22:45,929 [INFO] CADModel:165 - CPN selected for project level
2024-06-19 11:22:45,929 [INFO] CADModel:114 - Register for checkConnection events
2024-06-19 11:22:45,929 [FATAL] Updater:308 - Updater called before beeing initialized
2024-06-19 11:22:45,930 [ERROR] CADModel:125 - Updater not yet initialized, retry later 
2024-06-19 11:22:45,937 [FATAL] Updater:308 - Updater called before beeing initialized
2024-06-19 11:22:46,114 [FATAL] Updater:308 - Updater called before beeing initialized
2024-06-19 11:22:46,127 [INFO] DbMcusAds:53 - JSON generation date=Thu May 16 14:52:00 IST 2024 (1715851320852)
2024-06-19 11:22:46,127 [FATAL] Updater:308 - Updater called before beeing initialized
2024-06-19 11:22:46,198 [WARN] DetailPanel:346 - Failed to get advertising image, set to default
2024-06-19 11:22:46,466 [FATAL] Updater:308 - Updater called before beeing initialized
2024-06-19 11:22:46,470 [FATAL] Updater:308 - Updater called before beeing initialized
2024-06-19 11:22:46,470 [FATAL] Updater:308 - Updater called before beeing initialized
2024-06-19 11:22:46,470 [WARN] DetailPanel:346 - Failed to get advertising image, set to default
2024-06-19 11:22:46,473 [FATAL] Updater:308 - Updater called before beeing initialized
2024-06-19 11:22:46,547 [ERROR] Updater:1120 - MainUpdater not yet initialized. External WinMGr cannot be set.
2024-06-19 11:22:46,550 [INFO] Updater:1056 - Updater Version found : 6.8.1
2024-06-19 11:22:46,588 [INFO] ApplicationProperties:184 - Using Application install path: /opt/st/stm32cubeide_1.12.1/plugins/com.st.stm32cube.common.mx_6.8.1.202304191431
2024-06-19 11:22:46,808 [INFO] MainUpdater:2854 - connection check result : 10
2024-06-19 11:22:46,809 [INFO] MainUpdater:283 - Updater Check For Update Now.
2024-06-19 11:22:46,810 [INFO] MicroXplorer:498 - Change Database Version : DB.6.0.81
2024-06-19 11:22:47,065 [INFO] CheckServerUpdateThread:120 - End of CheckServer Thread
2024-06-19 11:22:47,219 [INFO] MainUpdater:2854 - connection check result : 10
2024-06-19 11:22:47,221 [INFO] MainUpdater:2854 - connection check result : 10
2024-06-19 11:22:47,295 [INFO] MicroXplorer:468 - Change Database Path : 
2024-06-19 11:22:47,296 [INFO] MicroXplorer:498 - Change Database Version : DB.6.0.81
2024-06-19 11:22:47,298 [WARN] ThirdParty:871 - waiting for thirdparty lock release [close project]
2024-06-19 11:22:47,714 [WARN] PackLoader:240 - Cannot read IP mode file for STMicroelectronics.FP-SNS-MOTENVWB1.1.4.0
2024-06-19 11:22:47,729 [WARN] PackLoader:240 - Cannot read IP mode file for STMicroelectronics.X-CUBE-SMBUS.2.1.0
2024-06-19 11:22:47,736 [WARN] PackLoader:240 - Cannot read IP mode file for STMicroelectronics.X-CUBE-TOUCHGFX.4.23.2
2024-06-19 11:22:47,798 [WARN] PackLoader:240 - Cannot read IP mode file for STMicroelectronics.X-CUBE-AZRTOS-F7.1.1.0
2024-06-19 11:22:47,821 [ERROR] RealEvaluatedCondition:428 - Found unsupported composite condition: CLASS='Data Exchange' GROUP='STM32_MetaDataManager'
2024-06-19 11:22:47,823 [ERROR] RealEvaluatedCondition:428 - Found unsupported composite condition: CLASS='Data Exchange' GROUP='STM32_MetaDataManager'
2024-06-19 11:22:47,828 [WARN] PackLoader:240 - Cannot read IP mode file for STMicroelectronics.FP-SNS-MOTENV1.4.3.0
2024-06-19 11:22:47,842 [WARN] PackLoader:240 - Cannot read IP mode file for STMicroelectronics.FP-SNS-MOTENV1.4.3.2
2024-06-19 11:22:47,853 [WARN] PackLoader:240 - Cannot read IP mode file for STMicroelectronics.FP-SNS-FLIGHT1.5.0.0
2024-06-19 11:22:47,859 [ERROR] RealEvaluatedCondition:428 - Found unsupported composite condition: GROUP='STM32_MetaDataManager' CLASS='Data Exchange'
2024-06-19 11:22:47,860 [ERROR] RealEvaluatedCondition:428 - Found unsupported composite condition: GROUP='STM32_MetaDataManager' CLASS='Data Exchange'
2024-06-19 11:22:47,863 [WARN] PackLoader:240 - Cannot read IP mode file for STMicroelectronics.FP-SNS-MOTENV1.4.3.1
2024-06-19 11:22:47,874 [WARN] PackLoader:240 - Cannot read IP mode file for STMicroelectronics.FP-SNS-FLIGHT1.5.0.1
2024-06-19 11:22:47,894 [WARN] PackLoader:240 - Cannot read IP mode file for STMicroelectronics.X-CUBE-BLE1.6.2.4
2024-06-19 11:22:47,906 [WARN] PackLoader:240 - Cannot read IP mode file for STMicroelectronics.FP-SNS-FLIGHT1.5.0.2
2024-06-19 11:22:47,929 [WARN] PackLoader:240 - Cannot read IP mode file for STMicroelectronics.X-CUBE-DISPLAY.3.0.0
2024-06-19 11:22:47,963 [WARN] PackLoader:240 - Cannot read IP mode file for STMicroelectronics.X-CUBE-BLE1.7.0.0
2024-06-19 11:22:47,969 [WARN] PackLoader:240 - Cannot read IP mode file for STMicroelectronics.X-CUBE-TOUCHGFX.4.22.0
2024-06-19 11:22:47,973 [WARN] PackLoader:240 - Cannot read IP mode file for STMicroelectronics.X-CUBE-TOUCHGFX.4.22.1
2024-06-19 11:22:48,024 [WARN] PackLoader:240 - Cannot read IP mode file for STMicroelectronics.X-CUBE-BLEMGR.3.1.0
2024-06-19 11:22:48,051 [WARN] PackLoader:240 - Cannot read IP mode file for STMicroelectronics.FP-SNS-SMARTAG2.1.2.0
2024-06-19 11:22:48,097 [WARN] PackLoader:240 - Cannot read IP mode file for STMicroelectronics.X-CUBE-AZRTOS-WL.2.0.0
2024-06-19 11:22:48,129 [WARN] PackLoader:240 - Cannot read IP mode file for STMicroelectronics.FP-SNS-MOTENV1.5.0.0
2024-06-19 11:22:48,158 [WARN] PackLoader:240 - Cannot read IP mode file for WES.I-CUBE-Cesium.1.3.0
2024-06-19 11:22:48,167 [WARN] PackLoader:240 - Cannot read IP mode file for STMicroelectronics.X-CUBE-BLE2.3.3.0
2024-06-19 11:22:48,182 [WARN] PackLoader:240 - Cannot read IP mode file for STMicroelectronics.X-CUBE-TCPP.4.1.0
2024-06-19 11:22:48,190 [WARN] PackLoader:240 - Cannot read IP mode file for STMicroelectronics.X-CUBE-TOUCHGFX.4.21.3
2024-06-19 11:22:48,195 [WARN] PackLoader:240 - Cannot read IP mode file for STMicroelectronics.X-CUBE-TOUCHGFX.4.21.4
2024-06-19 11:22:48,207 [WARN] PackLoader:240 - Cannot read IP mode file for STMicroelectronics.X-CUBE-ALGOBUILD.1.3.0
2024-06-19 11:22:48,245 [WARN] PackLoader:240 - Cannot read IP mode file for STMicroelectronics.X-CUBE-AZRTOS-G0.1.1.0
2024-06-19 11:22:48,262 [WARN] PackLoader:240 - Cannot read IP mode file for STMicroelectronics.X-CUBE-SAFEA1.1.2.2
2024-06-19 11:22:48,297 [WARN] PackLoader:240 - Cannot read IP mode file for STMicroelectronics.X-CUBE-NFC4.3.0.0
2024-06-19 11:22:48,305 [WARN] PackLoader:240 - Cannot read IP mode file for wolfSSL.I-CUBE-wolfMQTT.1.18.0
2024-06-19 11:22:48,311 [WARN] PackLoader:240 - Cannot read IP mode file for STMicroelectronics.FP-ATR-SIGFOX1.3.2.0
2024-06-19 11:22:48,323 [WARN] PackLoader:240 - Cannot read IP mode file for STMicroelectronics.X-CUBE-EEPRMA1.5.1.0
2024-06-19 11:22:48,445 [WARN] PackLoader:240 - Cannot read IP mode file for SEGGER.I-CUBE-embOS.1.3.1
2024-06-19 11:22:48,511 [WARN] PackLoader:240 - Cannot read IP mode file for STMicroelectronics.X-CUBE-ALGOBUILD.1.4.0
2024-06-19 11:22:48,518 [WARN] PackLoader:240 - Cannot read IP mode file for STMicroelectronics.X-CUBE-GNSS1.6.0.0
2024-06-19 11:22:48,542 [WARN] PackLoader:240 - Cannot read IP mode file for STMicroelectronics.X-CUBE-AZRTOS-F4.1.1.0
2024-06-19 11:22:48,550 [WARN] PackLoader:240 - Cannot read IP mode file for wolfSSL.I-CUBE-wolfSSL.5.6.0
2024-06-19 11:22:48,557 [WARN] PackLoader:240 - Cannot read IP mode file for STMicroelectronics.X-CUBE-FREERTOS.1.2.0
2024-06-19 11:22:48,579 [WARN] PackLoader:240 - Cannot read IP mode file for STMicroelectronics.X-CUBE-AZRTOS-L5.2.0.0
2024-06-19 11:22:48,642 [WARN] PackLoader:240 - Cannot read IP mode file for STMicroelectronics.X-CUBE-MEMS1.9.6.0
2024-06-19 11:22:48,913 [WARN] PackLoader:240 - Cannot read IP mode file for STMicroelectronics.X-CUBE-NFC6.3.1.0
2024-06-19 11:22:48,925 [WARN] PackLoader:240 - Cannot read IP mode file for ITTIA_DB.I-CUBE-ITTIADB.8.8.0
2024-06-19 11:22:48,937 [WARN] PackLoader:240 - Cannot read IP mode file for emotas.I-CUBE-CANOPEN.1.1.3
2024-06-19 11:22:48,950 [WARN] PackLoader:240 - Cannot read IP mode file for STMicroelectronics.X-CUBE-BLEMGR.2.0.0
2024-06-19 11:22:48,959 [WARN] PackLoader:240 - Cannot read IP mode file for STMicroelectronics.X-CUBE-AI.9.0.0
2024-06-19 11:22:48,993 [WARN] ConditionMgr:438 - getConditionDescription Invalid condition id : UX DEVICE CLASS RTOS Condition cause : null
2024-06-19 11:22:48,993 [WARN] ConditionMgr:438 - getConditionDescription Invalid condition id : UX DEVICE CLASS RTOS Condition cause : null
2024-06-19 11:22:49,001 [WARN] PackLoader:240 - Cannot read IP mode file for STMicroelectronics.X-CUBE-AZRTOS-H7.3.1.0
2024-06-19 11:22:49,004 [WARN] ConditionMgr:1039 - genDependencies : Invalid condition id : UX DEVICE CLASS RTOS Condition cause : null
2024-06-19 11:22:49,005 [WARN] ConditionMgr:1039 - genDependencies : Invalid condition id : UX DEVICE CLASS RTOS Condition cause : null
2024-06-19 11:22:49,006 [WARN] ConditionMgr:1039 - genDependencies : Invalid condition id : UX DEVICE CLASS RTOS Condition cause : null
2024-06-19 11:22:49,008 [WARN] ConditionMgr:1039 - genDependencies : Invalid condition id : UX DEVICE CLASS RTOS Condition cause : null
2024-06-19 11:22:49,008 [WARN] ConditionMgr:1039 - genDependencies : Invalid condition id : UX DEVICE CLASS RTOS Condition cause : null
2024-06-19 11:22:49,019 [WARN] PackLoader:240 - Cannot read IP mode file for STMicroelectronics.X-CUBE-NFC7.1.0.1
2024-06-19 11:22:49,025 [WARN] PackLoader:240 - Cannot read IP mode file for STMicroelectronics.X-CUBE-NFC7.1.0.0
2024-06-19 11:22:49,037 [WARN] PackLoader:240 - Cannot read IP mode file for STMicroelectronics.X-CUBE-NFC6.3.0.0
2024-06-19 11:22:49,046 [WARN] PackLoader:240 - Cannot read IP mode file for STMicroelectronics.X-CUBE-EEPRMA1.4.1.0
2024-06-19 11:22:49,051 [WARN] PackLoader:240 - Cannot read IP mode file for STMicroelectronics.X-CUBE-AI.8.1.0
2024-06-19 11:22:49,077 [WARN] ConditionMgr:438 - getConditionDescription Invalid condition id : LAN8742 Phy interface Condition cause : null
2024-06-19 11:22:49,078 [WARN] PackLoader:240 - Cannot read IP mode file for STMicroelectronics.X-CUBE-AZRTOS-L4.2.0.0
2024-06-19 11:22:49,080 [WARN] ConditionMgr:1039 - genDependencies : Invalid condition id : LAN8742 Phy interface Condition cause : null
2024-06-19 11:22:49,080 [WARN] ConditionMgr:1039 - genDependencies : Invalid condition id : LAN8742 Phy interface Condition cause : null
2024-06-19 11:22:49,081 [WARN] ConditionMgr:1039 - genDependencies : Invalid condition id : LAN8742 Phy interface Condition cause : null
2024-06-19 11:22:49,090 [WARN] PackLoader:240 - Cannot read IP mode file for STMicroelectronics.X-CUBE-SFXS2LP1.4.0.0
2024-06-19 11:22:49,096 [WARN] PackLoader:240 - Cannot read IP mode file for STMicroelectronics.X-CUBE-ISPU.1.1.0
2024-06-19 11:22:49,100 [WARN] PackLoader:240 - Cannot read IP mode file for STMicroelectronics.X-CUBE-AI.8.0.0
2024-06-19 11:22:49,116 [WARN] ConditionMgr:438 - getConditionDescription Invalid condition id : UX DEVICE CLASS RTOS Condition cause : null
2024-06-19 11:22:49,117 [WARN] ConditionMgr:438 - getConditionDescription Invalid condition id : UX DEVICE CLASS RTOS Condition cause : null
2024-06-19 11:22:49,120 [WARN] PackLoader:240 - Cannot read IP mode file for STMicroelectronics.X-CUBE-AZRTOS-WB.2.0.0
2024-06-19 11:22:49,121 [WARN] ConditionMgr:1039 - genDependencies : Invalid condition id : UX DEVICE CLASS RTOS Condition cause : null
2024-06-19 11:22:49,121 [WARN] ConditionMgr:1039 - genDependencies : Invalid condition id : UX DEVICE CLASS RTOS Condition cause : null
2024-06-19 11:22:49,122 [WARN] ConditionMgr:1039 - genDependencies : Invalid condition id : UX DEVICE CLASS RTOS Condition cause : null
2024-06-19 11:22:49,122 [WARN] ConditionMgr:1039 - genDependencies : Invalid condition id : UX DEVICE CLASS RTOS Condition cause : null
2024-06-19 11:22:49,123 [WARN] ConditionMgr:1039 - genDependencies : Invalid condition id : UX DEVICE CLASS RTOS Condition cause : null
2024-06-19 11:22:49,128 [WARN] PackLoader:240 - Cannot read IP mode file for STMicroelectronics.X-CUBE-FREERTOS.1.0.1
2024-06-19 11:22:49,149 [WARN] PackLoader:240 - Cannot read IP mode file for STMicroelectronics.X-CUBE-AZRTOS-L5.1.1.0
2024-06-19 11:22:49,156 [WARN] PackLoader:240 - Cannot read IP mode file for STMicroelectronics.X-CUBE-AI.8.0.1
2024-06-19 11:22:49,169 [WARN] PackLoader:240 - Cannot read IP mode file for STMicroelectronics.X-CUBE-SUBG2.5.0.0
2024-06-19 11:22:49,189 [WARN] PackLoader:240 - Cannot read IP mode file for STMicroelectronics.X-CUBE-TOF1.3.3.1
2024-06-19 11:22:49,246 [WARN] PackLoader:240 - Cannot read IP mode file for STMicroelectronics.X-CUBE-AZRTOS-G4.2.0.0
2024-06-19 11:22:49,262 [WARN] PackLoader:240 - Cannot read IP mode file for STMicroelectronics.X-CUBE-TOF1.3.3.0
2024-06-19 11:22:49,294 [WARN] PackLoader:240 - Cannot read IP mode file for STMicroelectronics.X-CUBE-AZRTOS-L4.1.0.0
2024-06-19 11:22:49,302 [WARN] PackLoader:240 - Cannot read IP mode file for STMicroelectronics.X-CUBE-ISPU.2.0.0
2024-06-19 11:22:49,307 [WARN] PackLoader:240 - Cannot read IP mode file for STMicroelectronics.X-CUBE-ALS.1.0.2
2024-06-19 11:22:49,477 [WARN] PackLoader:240 - Cannot read IP mode file for STMicroelectronics.X-CUBE-MEMS1.10.0.0
2024-06-19 11:22:49,723 [WARN] PackLoader:240 - Cannot read IP mode file for STMicroelectronics.X-CUBE-FREERTOS.1.1.0
2024-06-19 11:22:49,741 [WARN] PackLoader:240 - Cannot read IP mode file for STMicroelectronics.X-CUBE-AZRTOS-WL.1.0.0
2024-06-19 11:22:49,792 [WARN] PackLoader:240 - Cannot read IP mode file for portGmbH.I-Cube-SoM-uGOAL.1.1.0
2024-06-19 11:22:49,798 [WARN] PackLoader:240 - Cannot read IP mode file for STMicroelectronics.X-CUBE-ALS.1.0.1
2024-06-19 11:22:49,821 [WARN] PackLoader:240 - Cannot read IP mode file for STMicroelectronics.X-CUBE-AZRTOS-WB.1.1.0
2024-06-19 11:22:49,876 [WARN] PackLoader:240 - Cannot read IP mode file for STMicroelectronics.X-CUBE-AZRTOS-H7RS.1.0.0
2024-06-19 11:22:49,887 [WARN] PackLoader:240 - Cannot read IP mode file for STMicroelectronics.FP-ATR-ASTRA1.2.0.0
2024-06-19 11:22:49,904 [WARN] PackLoader:240 - Cannot read IP mode file for STMicroelectronics.X-CUBE-TOF1.3.4.1
2024-06-19 11:22:49,964 [WARN] PackLoader:240 - Cannot read IP mode file for STMicroelectronics.X-CUBE-AZRTOS-H7.3.2.0
2024-06-19 11:22:49,993 [WARN] PackLoader:240 - Cannot read IP mode file for Infineon.AIROC-Wi-Fi-Bluetooth-STM32.1.6.0
2024-06-19 11:22:50,004 [INFO] ThirdParty:978 - Integrity check success = true
2024-06-19 11:22:50,004 [INFO] IntegrityCheckThread:100 - exiting critical section [integrity check]
2024-06-19 11:22:50,004 [INFO] IntegrityCheckThread:103 - End integrity checks thread
2024-06-19 11:22:50,004 [INFO] ThirdParty:873 - entering critical section [close project]
2024-06-19 11:22:50,008 [INFO] ThirdParty:883 - exiting critical section [close project]
2024-06-19 11:22:50,018 [INFO] PinOutPanel:1499 - setPackage(No Configuration,No Configuration)
2024-06-19 11:22:50,028 [INFO] UtilMem:75 - Begin LoadConfig() Used Memory: 217176640 Bytes (367001600)
2024-06-19 11:22:50,031 [INFO] MicroXplorer:468 - Change Database Path : 
2024-06-19 11:22:50,031 [INFO] MicroXplorer:498 - Change Database Version : DB.6.0.81
2024-06-19 11:22:50,031 [INFO] OpenFileManager:308 - Change cursor
2024-06-19 11:22:50,112 [INFO] Mcu:1937 - Initializing MCU STM32L4A6ZGTx STM32L4A6ZGTx STM32L4A6ZGT6
2024-06-19 11:22:54,490 [INFO] Context:659 - Trying to add GPIOservice into a context  which must be forbidden
2024-06-19 11:22:56,241 [INFO] RtosManager:555 - Registered RTOS mode: class=CMSIS, group=RTOS, mode=CMSIS_V1, owner=FREERTOS
2024-06-19 11:22:56,242 [INFO] RtosManager:555 - Registered RTOS mode: class=CMSIS, group=RTOS2, mode=CMSIS_V2, owner=FREERTOS
2024-06-19 11:22:56,242 [INFO] RtosManager:555 - Registered RTOS mode: class=RTOS, group=Core, mode=CMSIS_V1, owner=FREERTOS
2024-06-19 11:22:56,242 [INFO] RtosManager:555 - Registered RTOS mode: class=RTOS, group=Core, mode=CMSIS_V2, owner=FREERTOS
2024-06-19 11:22:56,243 [WARN] ModelIntegratedComponent:184 - Missing modes for component STMicroelectronics:FreeRTOS:0.0.1:STMicroelectronics:RTOS:FreeRTOS:Core:::10.2.0:
2024-06-19 11:22:56,316 [WARN] ModelIntegratedComponent:63 - No mode defined for component null
2024-06-19 11:22:56,317 [WARN] ModelIntegratedComponent:63 - No mode defined for component null
2024-06-19 11:22:56,317 [WARN] ModelIntegratedComponent:63 - No mode defined for component null
2024-06-19 11:22:56,317 [WARN] ModelIntegratedComponent:63 - No mode defined for component null
2024-06-19 11:22:56,317 [WARN] ModelIntegratedComponent:63 - No mode defined for component null
2024-06-19 11:22:56,317 [WARN] ModelIntegratedComponent:63 - No mode defined for component null
2024-06-19 11:22:56,317 [WARN] ModelIntegratedComponent:63 - No mode defined for component null
2024-06-19 11:22:56,317 [WARN] ModelIntegratedComponent:63 - No mode defined for component null
2024-06-19 11:22:56,317 [WARN] ModelIntegratedComponent:63 - No mode defined for component null
2024-06-19 11:22:56,317 [WARN] ModelIntegratedComponent:63 - No mode defined for component null
2024-06-19 11:22:56,317 [WARN] ModelIntegratedComponent:63 - No mode defined for component null
2024-06-19 11:22:56,318 [WARN] ModelIntegratedComponent:63 - No mode defined for component null
2024-06-19 11:22:56,318 [WARN] ModelIntegratedComponent:63 - No mode defined for component null
2024-06-19 11:22:56,318 [WARN] ModelIntegratedComponent:63 - No mode defined for component null
2024-06-19 11:22:56,318 [WARN] ModelIntegratedComponent:63 - No mode defined for component null
2024-06-19 11:22:56,318 [WARN] ModelIntegratedComponent:63 - No mode defined for component null
2024-06-19 11:22:56,318 [WARN] ModelIntegratedComponent:63 - No mode defined for component null
2024-06-19 11:22:56,318 [WARN] ModelIntegratedComponent:63 - No mode defined for component null
2024-06-19 11:22:56,318 [WARN] ModelIntegratedComponent:63 - No mode defined for component null
2024-06-19 11:22:56,318 [WARN] ModelIntegratedComponent:63 - No mode defined for component null
2024-06-19 11:22:56,319 [WARN] ModelIntegratedComponent:63 - No mode defined for component null
2024-06-19 11:22:56,319 [WARN] ModelIntegratedComponent:63 - No mode defined for component null
2024-06-19 11:22:56,319 [WARN] ModelIntegratedComponent:63 - No mode defined for component null
2024-06-19 11:22:56,319 [WARN] ModelIntegratedComponent:63 - No mode defined for component null
2024-06-19 11:22:56,319 [WARN] ModelIntegratedComponent:63 - No mode defined for component null
2024-06-19 11:22:56,319 [WARN] ModelIntegratedComponent:63 - No mode defined for component null
2024-06-19 11:22:56,319 [WARN] ModelIntegratedComponent:63 - No mode defined for component null
2024-06-19 11:22:56,319 [WARN] ModelIntegratedComponent:63 - No mode defined for component null
2024-06-19 11:22:56,319 [WARN] ModelIntegratedComponent:63 - No mode defined for component null
2024-06-19 11:22:56,319 [WARN] ModelIntegratedComponent:63 - No mode defined for component null
2024-06-19 11:22:56,320 [WARN] ModelIntegratedComponent:63 - No mode defined for component null
2024-06-19 11:22:56,320 [WARN] ModelIntegratedComponent:63 - No mode defined for component null
2024-06-19 11:22:56,320 [WARN] ModelIntegratedComponent:63 - No mode defined for component null
2024-06-19 11:22:57,427 [INFO] ThirdPartyModel:298 - Start build external matchings
2024-06-19 11:22:58,960 [INFO] ThirdPartyModel:316 - End build external matchings
2024-06-19 11:22:59,767 [INFO] UtilMem:75 - End LoadConfig() Used Memory: 325671664 Bytes (542113792)
2024-06-19 11:22:59,947 [INFO] ApiDb:581 - Connected to CubeFinder SQLite database (/home/dnk066/.stmcufinder/plugins/mcufinder/mcu/cube-finder-db.db)
2024-06-19 11:23:00,103 [INFO] ApiDb:668 - CubeFinder database Data Model version=2.1
2024-06-19 11:23:00,103 [INFO] ApiDb:669 - CubeFinder database Configuration version=3.0.39
2024-06-19 11:23:00,104 [INFO] ApiDb:670 - CubeFinder database generation date=2024-06-06 (1717689626)
2024-06-19 11:23:00,104 [INFO] ApiDb:671 - CubeFinder database FW Pack versions=[FP-ATR-ASTRA1_V2.0.0, FP-SNS-FLIGHT1_V5.0.2, FP-SNS-MOTENV1_V5.0.0, FP-SNS-MOTENVWB1_V1.4.0, FP-SNS-SMARTAG2_V1.2.0, STM32Cube_FW_C0_V1.2.0, STM32Cube_FW_F4_V1.28.0, STM32Cube_FW_F7_V1.17.2, STM32Cube_FW_G0_V1.6.2, STM32Cube_FW_G4_V1.6.0, STM32Cube_FW_H5_V1.3.0, STM32Cube_FW_H7RS_V1.1.0, STM32Cube_FW_H7_V1.11.2, STM32Cube_FW_L0_V1.12.2, STM32Cube_FW_L5_V1.5.1, STM32Cube_FW_U0_V1.1.0, STM32Cube_FW_U5_V1.6.0, STM32Cube_FW_WB0_V1.0.0, STM32Cube_FW_WBA_V1.4.0, STM32Cube_FW_WB_V1.20.0, STM32Cube_FW_WL_V1.3.0, X-CUBE-ALGOBUILD_V1.4.0, X-CUBE-ALS_V1.0.2, X-CUBE-AZRTOS-F4_V1.1.0, X-CUBE-AZRTOS-F7_V1.1.0, X-CUBE-AZRTOS-G0_V1.1.0, X-CUBE-AZRTOS-G4_V2.0.0, X-CUBE-AZRTOS-H7RS_V1.0.0, X-CUBE-AZRTOS-H7_V3.2.0, X-CUBE-AZRTOS-L4_V2.0.0, X-CUBE-AZRTOS-L5_V1.1.0, X-CUBE-AZRTOS-WB_V2.0.0, X-CUBE-AZRTOS-WL_V2.0.0, X-CUBE-BLE1_V7.0.0, X-CUBE-BLE2_V3.3.0, X-CUBE-BLEMGR_V3.1.0, X-CUBE-EEPRMA1_V5.1.0, X-CUBE-FREERTOS_V1.2.0, X-CUBE-GNSS1_V6.0.0, X-CUBE-MEMS1_V10.0.0, X-CUBE-NFC4_V3.0.0, X-CUBE-NFC7_V1.0.1, X-CUBE-SFXS2LP1_V4.0.0, X-CUBE-SUBG2_V5.0.0, X-CUBE-TOF1_V3.4.1]
2024-06-19 11:23:03,482 [INFO] ApiDb:240 - Found 297 in-development CPN: [B-G473E-ZEST1S, B-WB1M-WPAN1, B-WL5M-SUBG1, NUCLEO-C031C6, NUCLEO-H503RB, NUCLEO-H563ZI, NUCLEO-U545RE-Q, NUCLEO-U5A5ZJ-Q, NUCLEO-WBA52CG, STEVAL-PROTEUS1, STEVAL-STWINBX1, STM320518-EVAL, STM32C0116-DK, STM32C011D6Y3TR, STM32C011D6Y6TR, STM32C011F4P3, STM32C011F4P6, STM32C011F4U3, STM32C011F4U6TR, STM32C011F6P3, STM32C011F6P6, STM32C011F6U3, STM32C011F6U6TR, STM32C011J4M3, STM32C011J4M6, STM32C011J6M3, STM32C011J6M6, STM32C0316-DK, STM32C031C4T3, STM32C031C4T6, STM32C031C4U3, STM32C031C4U6, STM32C031C6T3, STM32C031C6T6, STM32C031C6U3, STM32C031C6U6, STM32C031F4P3, STM32C031F4P6, STM32C031F6P3, STM32C031F6P6, STM32C031G4U3, STM32C031G4U6, STM32C031G6U3, STM32C031G6U6, STM32C031K4T3, STM32C031K4T6, STM32C031K4U3, STM32C031K4U6, STM32C031K6T3, STM32C031K6T6, STM32C031K6U3, STM32C031K6U6, STM32G071K8TXN, STM32G071K8UXN, STM32G081GBU6N, STM32G081KBT6N, STM32G081KBUXN, STM32G0B1CCT6N, STM32G0B1KCT6, STM32G0B1NEY6TR, STM32G0B1RCT6N, STM32G0C1CCT6, STM32G0C1CCT6N, STM32G0C1CCU6N, STM32G0C1CET6N, STM32G0C1CEU6N, STM32G0C1KCT6, STM32G0C1NEY6TR, STM32G0C1RCI6N, STM32G0C1RCT6N, STM32G0C1REI6N, STM32G0C1RET6N, STM32G0C1VCI6, STM32G0C1VEI6, STM32G471CCT6, STM32G471CCU6, STM32G471CET3, STM32G471CET6, STM32G471CEU3, STM32G471CEU6, STM32G471MCT6, STM32G471MET3, STM32G471MET6, STM32G471MEY6TR, STM32G471QCT6, STM32G471QET3, STM32G471RCT6, STM32G471RET3, STM32G471RET6, STM32G471VCH6, STM32G471VCI6, STM32G471VCT6, STM32G471VEH3, STM32G471VEH6, STM32G471VEI3, STM32G471VEI6, STM32G471VET3, STM32G471VET6, STM32G474CCT6, STM32H503CBT6, STM32H503CBU6, STM32H503EBY6TR, STM32H503KBU6, STM32H503RBT6, STM32H562AGI6, STM32H562AII6, STM32H562IGK6, STM32H562IGT6, STM32H562IIK6, STM32H562IIT6, STM32H562RGT6, STM32H562RGV6, STM32H562RIT6, STM32H562RIV6, STM32H562VGT6, STM32H562VIT6, STM32H562ZGT6, STM32H562ZIT6, STM32H563AGI6, STM32H563AII3Q, STM32H563AII6, STM32H563IGK6, STM32H563IGT6, STM32H563IIK3Q, STM32H563IIK6, STM32H563IIT3Q, STM32H563IIT6, STM32H563MIY3QTR, STM32H563RGT6, STM32H563RGV6, STM32H563RIT6, STM32H563RIV6, STM32H563VGT6, STM32H563VIT3Q, STM32H563VIT6, STM32H563ZGT6, STM32H563ZIT3Q, STM32H563ZIT6, STM32H573AII3Q, STM32H573AII6, STM32H573I-DK, STM32H573IIK3Q, STM32H573IIK6, STM32H573IIT3Q, STM32H573IIT6, STM32H573MIY3QTR, STM32H573RIT6, STM32H573RIV6, STM32H573VIT3Q, STM32H573VIT6, STM32H573ZIT3Q, STM32H573ZIT6, STM32L4R5QGI6STR, STM32MP131AAE3, STM32MP131AAF3, STM32MP131AAG3, STM32MP131CAE3, STM32MP131CAF3, STM32MP131CAG3, STM32MP131DAE7, STM32MP131DAF7, STM32MP131DAG7, STM32MP131FAE7, STM32MP131FAF7, STM32MP131FAG7, STM32MP133AAE3, STM32MP133AAF3, STM32MP133AAG3, STM32MP133CAE3, STM32MP133CAF3, STM32MP133CAG3, STM32MP133DAE7, STM32MP133DAF7, STM32MP133DAG7, STM32MP133FAE7, STM32MP133FAF7, STM32MP133FAG7, STM32MP135AAE3, STM32MP135AAF3, STM32MP135AAG3, STM32MP135CAE3, STM32MP135CAF3, STM32MP135CAG3, STM32MP135DAE7, STM32MP135DAF7, STM32MP135DAG7, STM32MP135F-DK, STM32MP135FAE7, STM32MP135FAF7, STM32MP135FAF7T, STM32MP135FAF7U, STM32MP135FAG7, STM32U535CBT6, STM32U535CBT6Q, STM32U535CBU6, STM32U535CBU6Q, STM32U535CCT6, STM32U535CCT6Q, STM32U535CCU6, STM32U535CCU6Q, STM32U535CET6, STM32U535CET6Q, STM32U535CEU6, STM32U535CEU6Q, STM32U535JEY6QTR, STM32U535NCY6QTR, STM32U535NEY6QTR, STM32U535RBI6, STM32U535RBI6Q, STM32U535RBT6, STM32U535RBT6Q, STM32U535RCI6, STM32U535RCI6Q, STM32U535RCT6, STM32U535RCT6Q, STM32U535REI6, STM32U535REI6Q, STM32U535RET6, STM32U535RET6Q, STM32U535VCI6, STM32U535VCI6Q, STM32U535VCT6, STM32U535VCT6Q, STM32U535VEI6, STM32U535VEI6Q, STM32U535VET6, STM32U535VET6Q, STM32U545CET6, STM32U545CET6Q, STM32U545CEU6, STM32U545CEU6Q, STM32U545JEY6QTR, STM32U545NEY6QTR, STM32U545REI6, STM32U545REI6Q, STM32U545RET6, STM32U545RET6Q, STM32U545VEI6, STM32U545VEI6Q, STM32U545VET6, STM32U545VET6Q, STM32U595AIH6, STM32U595AIH6Q, STM32U595AJH6, STM32U595AJH6Q, STM32U595QII6, STM32U595QII6Q, STM32U595QJI6, STM32U595QJI6Q, STM32U595RIT6, STM32U595RIT6Q, STM32U595RJT6, STM32U595RJT6Q, STM32U595VIT6, STM32U595VIT6Q, STM32U595VJT6, STM32U595VJT6Q, STM32U595ZIT6, STM32U595ZIT6Q, STM32U595ZIY6QTR, STM32U595ZJT6, STM32U595ZJT6Q, STM32U595ZJY6QTR, STM32U599BJY6QTR, STM32U599NIH6Q, STM32U599NJH6Q, STM32U599VIT6Q, STM32U599VJT6, STM32U599VJT6Q, STM32U599ZIT6Q, STM32U599ZIY6QTR, STM32U599ZJT6Q, STM32U599ZJY6QTR, STM32U5A5AJH6, STM32U5A5AJH6Q, STM32U5A5QJI6, STM32U5A5QJI6Q, STM32U5A5RJT6, STM32U5A5RJT6Q, STM32U5A5VJT6, STM32U5A5VJT6Q, STM32U5A5ZJT6, STM32U5A5ZJT6Q, STM32U5A5ZJY6QTR, STM32U5A9BJY6QTR, STM32U5A9J-DK, STM32U5A9NJH6Q, STM32U5A9VJT6Q, STM32U5A9ZJT6Q, STM32U5A9ZJY6QTR, STM32WB1MMCH6, STM32WBA52CEU6, STM32WBA52CEU6T, STM32WBA52CGU6, STM32WBA52CGU6T, STM32WL5MOCH6, STM32WL5MOCH6TR]
2024-06-19 11:23:03,489 [INFO] DbMcus:216 - Found 4205 MCUs, 4205 are supported
2024-06-19 11:23:03,494 [INFO] ApiDb:423 - Load user favorites file /home/dnk066/.stm32cubeide/favorites.mcus.txt: 0 item(s)
2024-06-19 11:23:03,494 [INFO] ApiDb:427 - User favorites MCUs=[]
2024-06-19 11:23:03,494 [INFO] DbMcus:222 - Set 0 / 0 favorites MCUs
2024-06-19 11:23:04,553 [WARN] ThirdParty:833 - waiting for thirdparty lock release [change project]
2024-06-19 11:23:04,554 [INFO] ThirdParty:835 - entering critical section [change project]
2024-06-19 11:23:04,554 [INFO] ThirdParty:1030 - CMSIS Pack Vendor :STMicroelectronics X-CUBE-ISPU 1.1.0
2024-06-19 11:23:04,554 [INFO] ThirdParty:1030 - CMSIS Pack Vendor :STMicroelectronics X-CUBE-GNSS1 6.0.0
2024-06-19 11:23:04,554 [INFO] ThirdParty:1030 - CMSIS Pack Vendor :STMicroelectronics USB_HOST 2.0.0
2024-06-19 11:23:04,555 [INFO] ThirdParty:1030 - CMSIS Pack Vendor :STMicroelectronics FP-SNS-MOTENVWB1 1.4.0
2024-06-19 11:23:04,555 [INFO] ThirdParty:1030 - CMSIS Pack Vendor :STMicroelectronics X-CUBE-AZRTOS-F4 1.1.0
2024-06-19 11:23:04,555 [INFO] ThirdParty:1030 - CMSIS Pack Vendor :STMicroelectronics LIBJPEG 8.0.0
2024-06-19 11:23:04,555 [INFO] ThirdParty:1030 - CMSIS Pack Vendor :STMicroelectronics X-CUBE-SMBUS 2.1.0
2024-06-19 11:23:04,555 [INFO] ThirdParty:1030 - CMSIS Pack Vendor :wolfSSL I-CUBE-wolfSSL 5.6.0
2024-06-19 11:23:04,555 [INFO] ThirdParty:1030 - CMSIS Pack Vendor :STMicroelectronics USB_DEVICE 3.0.0
2024-06-19 11:23:04,556 [INFO] ThirdParty:1030 - CMSIS Pack Vendor :STMicroelectronics X-CUBE-TCPP 4.1.0
2024-06-19 11:23:04,556 [INFO] ThirdParty:1030 - CMSIS Pack Vendor :STMicroelectronics X-CUBE-FREERTOS 1.2.0
2024-06-19 11:23:04,556 [INFO] ThirdParty:1030 - CMSIS Pack Vendor :STMicroelectronics X-CUBE-AI 8.0.0
2024-06-19 11:23:04,556 [INFO] ThirdParty:1030 - CMSIS Pack Vendor :STMicroelectronics X-CUBE-AZRTOS-WB 2.0.0
2024-06-19 11:23:04,556 [INFO] ThirdParty:1030 - CMSIS Pack Vendor :STMicroelectronics X-CUBE-FREERTOS 1.0.1
2024-06-19 11:23:04,556 [INFO] ThirdParty:1030 - CMSIS Pack Vendor :STMicroelectronics X-CUBE-TOUCHGFX 4.21.3
2024-06-19 11:23:04,556 [INFO] ThirdParty:1030 - CMSIS Pack Vendor :STMicroelectronics X-CUBE-TOUCHGFX 4.23.2
2024-06-19 11:23:04,557 [INFO] ThirdParty:1030 - CMSIS Pack Vendor :STMicroelectronics X-CUBE-AZRTOS-F7 1.1.0
2024-06-19 11:23:04,557 [INFO] ThirdParty:1030 - CMSIS Pack Vendor :STMicroelectronics X-CUBE-TOUCHGFX 4.21.4
2024-06-19 11:23:04,557 [INFO] ThirdParty:1030 - CMSIS Pack Vendor :STMicroelectronics X-CUBE-AZRTOS-L5 2.0.0
2024-06-19 11:23:04,557 [INFO] ThirdParty:1030 - CMSIS Pack Vendor :STMicroelectronics USB_DEVICE 2.0.0
2024-06-19 11:23:04,557 [INFO] ThirdParty:1030 - CMSIS Pack Vendor :STMicroelectronics X-CUBE-MEMS1 9.6.0
2024-06-19 11:23:04,557 [INFO] ThirdParty:1030 - CMSIS Pack Vendor :STMicroelectronics X-CUBE-NFC6 3.1.0
2024-06-19 11:23:04,557 [INFO] ThirdParty:1030 - CMSIS Pack Vendor :ITTIA_DB I-CUBE-ITTIADB 8.8.0
2024-06-19 11:23:04,558 [INFO] ThirdParty:1030 - CMSIS Pack Vendor :STMicroelectronics FP-SNS-MOTENV1 4.3.0
2024-06-19 11:23:04,558 [INFO] ThirdParty:1030 - CMSIS Pack Vendor :STMicroelectronics FP-SNS-MOTENV1 4.3.2
2024-06-19 11:23:04,558 [INFO] ThirdParty:1030 - CMSIS Pack Vendor :STMicroelectronics FP-SNS-FLIGHT1 5.0.0
2024-06-19 11:23:04,558 [INFO] ThirdParty:1030 - CMSIS Pack Vendor :STMicroelectronics FP-SNS-MOTENV1 4.3.1
2024-06-19 11:23:04,558 [INFO] ThirdParty:1030 - CMSIS Pack Vendor :STMicroelectronics FP-SNS-FLIGHT1 5.0.1
2024-06-19 11:23:04,558 [INFO] ThirdParty:1030 - CMSIS Pack Vendor :STMicroelectronics X-CUBE-ALGOBUILD 1.3.0
2024-06-19 11:23:04,558 [INFO] ThirdParty:1030 - CMSIS Pack Vendor :STMicroelectronics X-CUBE-BLE1 6.2.4
2024-06-19 11:23:04,558 [INFO] ThirdParty:1030 - CMSIS Pack Vendor :STMicroelectronics X-CUBE-AZRTOS-L5 1.1.0
2024-06-19 11:23:04,559 [INFO] ThirdParty:1030 - CMSIS Pack Vendor :STMicroelectronics FreeRTOS 0.0.1
2024-06-19 11:23:04,559 [INFO] ThirdParty:1030 - CMSIS Pack Vendor :STMicroelectronics X-CUBE-AZRTOS-G0 1.1.0
2024-06-19 11:23:04,559 [INFO] ThirdParty:1030 - CMSIS Pack Vendor :emotas I-CUBE-CANOPEN 1.1.3
2024-06-19 11:23:04,559 [INFO] ThirdParty:1030 - CMSIS Pack Vendor :STMicroelectronics X-CUBE-BLEMGR 2.0.0
2024-06-19 11:23:04,559 [INFO] ThirdParty:1030 - CMSIS Pack Vendor :STMicroelectronics X-CUBE-AI 8.0.1
2024-06-19 11:23:04,559 [INFO] ThirdParty:1030 - CMSIS Pack Vendor :STMicroelectronics X-CUBE-SAFEA1 1.2.2
2024-06-19 11:23:04,560 [INFO] ThirdParty:1030 - CMSIS Pack Vendor :STMicroelectronics X-CUBE-NFC4 3.0.0
2024-06-19 11:23:04,560 [INFO] ThirdParty:1030 - CMSIS Pack Vendor :STMicroelectronics X-CUBE-SUBG2 5.0.0
2024-06-19 11:23:04,560 [INFO] ThirdParty:1030 - CMSIS Pack Vendor :STMicroelectronics STM32_WPAN 1.0.0
2024-06-19 11:23:04,560 [INFO] ThirdParty:1030 - CMSIS Pack Vendor :wolfSSL I-CUBE-wolfMQTT 1.18.0
2024-06-19 11:23:04,560 [INFO] ThirdParty:1030 - CMSIS Pack Vendor :STMicroelectronics lwIP 2.0.3
2024-06-19 11:23:04,560 [INFO] ThirdParty:1030 - CMSIS Pack Vendor :STMicroelectronics FP-SNS-FLIGHT1 5.0.2
2024-06-19 11:23:04,560 [INFO] ThirdParty:1030 - CMSIS Pack Vendor :STMicroelectronics USB_HOST 1.0.0
2024-06-19 11:23:04,560 [INFO] ThirdParty:1030 - CMSIS Pack Vendor :STMicroelectronics X-CUBE-TOF1 3.3.1
2024-06-19 11:23:04,561 [INFO] ThirdParty:1030 - CMSIS Pack Vendor :STMicroelectronics X-CUBE-AI 9.0.0
2024-06-19 11:23:04,561 [INFO] ThirdParty:1030 - CMSIS Pack Vendor :STMicroelectronics X-CUBE-AZRTOS-G4 2.0.0
2024-06-19 11:23:04,561 [INFO] ThirdParty:1030 - CMSIS Pack Vendor :STMicroelectronics PDM2PCM 3.1.0
2024-06-19 11:23:04,561 [INFO] ThirdParty:1030 - CMSIS Pack Vendor :STMicroelectronics X-CUBE-AZRTOS-H7 3.1.0
2024-06-19 11:23:04,561 [INFO] ThirdParty:1030 - CMSIS Pack Vendor :STMicroelectronics X-CUBE-TOF1 3.3.0
2024-06-19 11:23:04,561 [INFO] ThirdParty:1030 - CMSIS Pack Vendor :STMicroelectronics PDM2PCM 3.3.0
2024-06-19 11:23:04,561 [INFO] ThirdParty:1030 - CMSIS Pack Vendor :STMicroelectronics X-CUBE-DISPLAY 3.0.0
2024-06-19 11:23:04,562 [INFO] ThirdParty:1030 - CMSIS Pack Vendor :STMicroelectronics X-CUBE-BLE1 7.0.0
2024-06-19 11:23:04,562 [INFO] ThirdParty:1030 - CMSIS Pack Vendor :STMicroelectronics FP-ATR-SIGFOX1 3.2.0
2024-06-19 11:23:04,562 [INFO] ThirdParty:1030 - CMSIS Pack Vendor :STMicroelectronics X-CUBE-AZRTOS-L4 1.0.0
2024-06-19 11:23:04,562 [INFO] ThirdParty:1030 - CMSIS Pack Vendor :STMicroelectronics X-CUBE-ISPU 2.0.0
2024-06-19 11:23:04,562 [INFO] ThirdParty:1030 - CMSIS Pack Vendor :STMicroelectronics X-CUBE-EEPRMA1 5.1.0
2024-06-19 11:23:04,562 [INFO] ThirdParty:1030 - CMSIS Pack Vendor :STMicroelectronics HAL Drivers 0.0.0
2024-06-19 11:23:04,562 [INFO] ThirdParty:1030 - CMSIS Pack Vendor :STMicroelectronics MBEDTLS 2.16.2
2024-06-19 11:23:04,563 [INFO] ThirdParty:1030 - CMSIS Pack Vendor :STMicroelectronics X-CUBE-ALS 1.0.2
2024-06-19 11:23:04,563 [INFO] ThirdParty:1030 - CMSIS Pack Vendor :STMicroelectronics X-CUBE-MEMS1 10.0.0
2024-06-19 11:23:04,563 [INFO] ThirdParty:1030 - CMSIS Pack Vendor :STMicroelectronics X-CUBE-FREERTOS 1.1.0
2024-06-19 11:23:04,563 [INFO] ThirdParty:1030 - CMSIS Pack Vendor :STMicroelectronics X-CUBE-TOUCHGFX 4.22.0
2024-06-19 11:23:04,563 [INFO] ThirdParty:1030 - CMSIS Pack Vendor :STMicroelectronics X-CUBE-NFC7 1.0.1
2024-06-19 11:23:04,563 [INFO] ThirdParty:1030 - CMSIS Pack Vendor :STMicroelectronics MBEDTLS 2.14.1
2024-06-19 11:23:04,563 [INFO] ThirdParty:1030 - CMSIS Pack Vendor :STMicroelectronics X-CUBE-NFC7 1.0.0
2024-06-19 11:23:04,564 [INFO] ThirdParty:1030 - CMSIS Pack Vendor :STMicroelectronics X-CUBE-TOUCHGFX 4.22.1
2024-06-19 11:23:04,564 [INFO] ThirdParty:1030 - CMSIS Pack Vendor :STMicroelectronics X-CUBE-AZRTOS-WL 1.0.0
2024-06-19 11:23:04,564 [INFO] ThirdParty:1030 - CMSIS Pack Vendor :STMicroelectronics X-CUBE-NFC6 3.0.0
2024-06-19 11:23:04,564 [INFO] ThirdParty:1030 - CMSIS Pack Vendor :STMicroelectronics X-CUBE-EEPRMA1 4.1.0
2024-06-19 11:23:04,564 [INFO] ThirdParty:1030 - CMSIS Pack Vendor :portGmbH I-Cube-SoM-uGOAL 1.1.0
2024-06-19 11:23:04,564 [INFO] ThirdParty:1030 - CMSIS Pack Vendor :STMicroelectronics X-CUBE-ALS 1.0.1
2024-06-19 11:23:04,564 [INFO] ThirdParty:1030 - CMSIS Pack Vendor :STMicroelectronics X-CUBE-BLEMGR 3.1.0
2024-06-19 11:23:04,564 [INFO] ThirdParty:1030 - CMSIS Pack Vendor :STMicroelectronics ThreadX 1.0.0
2024-06-19 11:23:04,565 [INFO] ThirdParty:1030 - CMSIS Pack Vendor :STMicroelectronics FP-SNS-SMARTAG2 1.2.0
2024-06-19 11:23:04,565 [INFO] ThirdParty:1030 - CMSIS Pack Vendor :STMicroelectronics X-CUBE-AZRTOS-WB 1.1.0
2024-06-19 11:23:04,565 [INFO] ThirdParty:1030 - CMSIS Pack Vendor :STMicroelectronics X-CUBE-AZRTOS-WL 2.0.0
2024-06-19 11:23:04,565 [INFO] ThirdParty:1030 - CMSIS Pack Vendor :SEGGER I-CUBE-embOS 1.3.1
2024-06-19 11:23:04,565 [INFO] ThirdParty:1030 - CMSIS Pack Vendor :STMicroelectronics X-CUBE-ALGOBUILD 1.4.0
2024-06-19 11:23:04,565 [INFO] ThirdParty:1030 - CMSIS Pack Vendor :STMicroelectronics FP-SNS-MOTENV1 5.0.0
2024-06-19 11:23:04,565 [INFO] ThirdParty:1030 - CMSIS Pack Vendor :STMicroelectronics USB_DEVICE 1.0.0
2024-06-19 11:23:04,565 [INFO] ThirdParty:1030 - CMSIS Pack Vendor :STMicroelectronics X-CUBE-AI 8.1.0
2024-06-19 11:23:04,565 [INFO] ThirdParty:1030 - CMSIS Pack Vendor :STMicroelectronics X-CUBE-AZRTOS-H7RS 1.0.0
2024-06-19 11:23:04,565 [INFO] ThirdParty:1030 - CMSIS Pack Vendor :STMicroelectronics X-CUBE-AZRTOS-L4 2.0.0
2024-06-19 11:23:04,566 [INFO] ThirdParty:1030 - CMSIS Pack Vendor :STMicroelectronics ThreadX 0.0.2
2024-06-19 11:23:04,566 [INFO] ThirdParty:1030 - CMSIS Pack Vendor :WES I-CUBE-Cesium 1.3.0
2024-06-19 11:23:04,566 [INFO] ThirdParty:1030 - CMSIS Pack Vendor :STMicroelectronics FP-ATR-ASTRA1 2.0.0
2024-06-19 11:23:04,566 [INFO] ThirdParty:1030 - CMSIS Pack Vendor :STMicroelectronics lwIP 2.1.2
2024-06-19 11:23:04,566 [INFO] ThirdParty:1030 - CMSIS Pack Vendor :STMicroelectronics X-CUBE-SFXS2LP1 4.0.0
2024-06-19 11:23:04,566 [INFO] ThirdParty:1030 - CMSIS Pack Vendor :STMicroelectronics X-CUBE-BLE2 3.3.0
2024-06-19 11:23:04,566 [INFO] ThirdParty:1030 - CMSIS Pack Vendor :STMicroelectronics X-CUBE-TOF1 3.4.1
2024-06-19 11:23:04,566 [INFO] ThirdParty:1030 - CMSIS Pack Vendor :STMicroelectronics X-CUBE-AZRTOS-H7 3.2.0
2024-06-19 11:23:04,566 [INFO] ThirdParty:1030 - CMSIS Pack Vendor :Infineon AIROC-Wi-Fi-Bluetooth-STM32 1.6.0
2024-06-19 11:23:04,566 [INFO] ThirdParty:1030 - CMSIS Pack Vendor :STMicroelectronics PDM2PCM 3.2.0
2024-06-19 11:23:04,567 [INFO] ThirdParty:841 - exiting critical section [change project]
2024-06-19 11:23:06,186 [INFO] PinOutPanel:1499 - setPackage(No Configuration,No Configuration)
2024-06-19 11:23:06,188 [INFO] PinOutPanel:1499 - setPackage(STM32L4A6ZGTx,LQFP144)
2024-06-19 11:23:07,804 [INFO] UtilMem:75 - Before build in PCC Used Memory: 338058384 Bytes (542113792)
2024-06-19 11:23:09,540 [INFO] UtilMem:75 - After build in PCC Used Memory: 320240800 Bytes (542113792)
2024-06-19 11:23:09,727 [INFO] IPUIPlugin:80 - create IPUIPlugin
2024-06-19 11:23:09,728 [INFO] IPUIPlugin:80 - create IPUIPlugin
2024-06-19 11:23:09,728 [INFO] IPUIPlugin:80 - create IPUIPlugin
2024-06-19 11:23:09,729 [INFO] IPUIPlugin:80 - create IPUIPlugin
2024-06-19 11:23:09,729 [INFO] IPUIPlugin:80 - create IPUIPlugin
2024-06-19 11:23:09,730 [INFO] IPUIPlugin:80 - create IPUIPlugin
2024-06-19 11:23:09,730 [INFO] IPUIPlugin:80 - create IPUIPlugin
2024-06-19 11:23:09,730 [INFO] IPUIPlugin:80 - create IPUIPlugin
2024-06-19 11:23:09,731 [INFO] IPUIPlugin:80 - create IPUIPlugin
2024-06-19 11:23:09,731 [INFO] IPUIPlugin:80 - create IPUIPlugin
2024-06-19 11:23:09,732 [INFO] IPUIPlugin:80 - create IPUIPlugin
2024-06-19 11:23:09,732 [INFO] IPUIPlugin:80 - create IPUIPlugin
2024-06-19 11:23:09,732 [INFO] IPUIPlugin:80 - create IPUIPlugin
2024-06-19 11:23:09,733 [INFO] IPUIPlugin:80 - create IPUIPlugin
2024-06-19 11:23:09,734 [INFO] IPUIPlugin:80 - create IPUIPlugin
2024-06-19 11:23:09,734 [INFO] IPUIPlugin:80 - create IPUIPlugin
2024-06-19 11:23:09,734 [INFO] IPUIPlugin:80 - create IPUIPlugin
2024-06-19 11:23:09,735 [INFO] IPUIPlugin:80 - create IPUIPlugin
2024-06-19 11:23:09,735 [INFO] IPUIPlugin:80 - create IPUIPlugin
2024-06-19 11:23:09,735 [INFO] IPUIPlugin:80 - create IPUIPlugin
2024-06-19 11:23:09,735 [INFO] IPUIPlugin:80 - create IPUIPlugin
2024-06-19 11:23:09,736 [INFO] IPUIPlugin:80 - create IPUIPlugin
2024-06-19 11:23:09,737 [INFO] IPUIPlugin:80 - create IPUIPlugin
2024-06-19 11:23:09,738 [INFO] IPUIPlugin:80 - create IPUIPlugin
2024-06-19 11:23:09,739 [INFO] IPUIPlugin:80 - create IPUIPlugin
2024-06-19 11:23:09,740 [INFO] IPUIPlugin:80 - create IPUIPlugin
2024-06-19 11:23:09,741 [INFO] IPUIPlugin:80 - create IPUIPlugin
2024-06-19 11:23:09,741 [INFO] IPUIPlugin:80 - create IPUIPlugin
2024-06-19 11:23:09,742 [INFO] IPUIPlugin:80 - create IPUIPlugin
2024-06-19 11:23:09,742 [INFO] IPUIPlugin:80 - create IPUIPlugin
2024-06-19 11:23:09,743 [INFO] IPUIPlugin:80 - create IPUIPlugin
2024-06-19 11:23:09,743 [INFO] IPUIPlugin:80 - create IPUIPlugin
2024-06-19 11:23:09,744 [INFO] IPUIPlugin:80 - create IPUIPlugin
2024-06-19 11:23:09,744 [INFO] IPUIPlugin:80 - create IPUIPlugin
2024-06-19 11:23:09,745 [INFO] IPUIPlugin:80 - create IPUIPlugin
2024-06-19 11:23:09,746 [INFO] IPUIPlugin:80 - create IPUIPlugin
2024-06-19 11:23:09,747 [INFO] IPUIPlugin:80 - create IPUIPlugin
2024-06-19 11:23:09,747 [INFO] IPUIPlugin:80 - create IPUIPlugin
2024-06-19 11:23:09,748 [INFO] IPUIPlugin:80 - create IPUIPlugin
2024-06-19 11:23:09,749 [INFO] IPUIPlugin:80 - create IPUIPlugin
2024-06-19 11:23:09,749 [INFO] IPUIPlugin:80 - create IPUIPlugin
2024-06-19 11:23:09,750 [INFO] IPUIPlugin:80 - create IPUIPlugin
2024-06-19 11:23:09,751 [INFO] IPUIPlugin:80 - create IPUIPlugin
2024-06-19 11:23:09,753 [INFO] IPUIPlugin:80 - create IPUIPlugin
2024-06-19 11:23:09,753 [INFO] IPUIPlugin:80 - create IPUIPlugin
2024-06-19 11:23:09,753 [INFO] IPUIPlugin:80 - create IPUIPlugin
2024-06-19 11:23:09,754 [INFO] IPUIPlugin:80 - create IPUIPlugin
2024-06-19 11:23:09,755 [INFO] IPUIPlugin:80 - create IPUIPlugin
2024-06-19 11:23:09,755 [INFO] IPUIPlugin:80 - create IPUIPlugin
2024-06-19 11:23:09,756 [INFO] IPUIPlugin:80 - create IPUIPlugin
2024-06-19 11:23:09,756 [INFO] IPUIPlugin:80 - create IPUIPlugin
2024-06-19 11:23:09,756 [INFO] IPUIPlugin:80 - create IPUIPlugin
2024-06-19 11:23:09,756 [INFO] IPUIPlugin:80 - create IPUIPlugin
2024-06-19 11:23:09,757 [INFO] IPUIPlugin:80 - create IPUIPlugin
2024-06-19 11:23:09,757 [INFO] IPUIPlugin:80 - create IPUIPlugin
2024-06-19 11:23:09,757 [INFO] IPUIPlugin:80 - create IPUIPlugin
2024-06-19 11:23:09,758 [INFO] IPUIPlugin:80 - create IPUIPlugin
2024-06-19 11:23:09,758 [INFO] IPUIPlugin:80 - create IPUIPlugin
2024-06-19 11:23:09,758 [INFO] IPUIPlugin:80 - create IPUIPlugin
2024-06-19 11:23:09,758 [INFO] IPUIPlugin:80 - create IPUIPlugin
2024-06-19 11:23:09,759 [INFO] IPUIPlugin:80 - create IPUIPlugin
2024-06-19 11:23:09,759 [INFO] IPUIPlugin:80 - create IPUIPlugin
2024-06-19 11:23:09,760 [INFO] IPUIPlugin:80 - create IPUIPlugin
2024-06-19 11:23:09,761 [INFO] IPUIPlugin:80 - create IPUIPlugin
2024-06-19 11:23:09,762 [INFO] IPUIPlugin:80 - create IPUIPlugin
2024-06-19 11:23:09,765 [INFO] IPUIPlugin:80 - create IPUIPlugin
2024-06-19 11:23:10,478 [INFO] CADModel:165 - CPN selected for project levelSTM32L4A6ZGT6
2024-06-19 11:23:10,478 [INFO] CADModel:114 - Register for checkConnection events
2024-06-19 11:23:10,595 [INFO] OpenFileManager:328 - Restore cursor
2024-06-19 11:23:28,980 [INFO] Gpio:273 - dependency for GPIO [LPUART1]
2024-06-19 11:23:54,072 [INFO] UtilMem:75 - End SaveConfig() Used Memory: 412948824 Bytes (542113792)
2024-06-19 11:23:55,635 [INFO] UtilMem:75 - End SaveConfig() Used Memory: 272945296 Bytes (542113792)
2024-06-19 11:23:59,221 [INFO] UtilMem:75 - End SaveConfig() Used Memory: 455510144 Bytes (542113792)
2024-06-19 11:24:00,832 [INFO] BlockDiagram:2759 - set Specific Code input for plugin: SYS
2024-06-19 11:24:00,832 [INFO] BlockDiagram:2759 - set Specific Code input for plugin: RCC
2024-06-19 11:24:00,833 [INFO] BlockDiagram:2759 - set Specific Code input for plugin: LPUART
2024-06-19 11:24:00,833 [INFO] BlockDiagram:2759 - set Specific Code input for plugin: RTC
2024-06-19 11:24:00,833 [INFO] BlockDiagram:2759 - set Specific Code input for plugin: NVIC
2024-06-19 11:24:00,834 [INFO] BlockDiagram:2759 - set Specific Code input for plugin: GPIO
2024-06-19 11:24:00,838 [INFO] CodeGenerator:793 - code generatio: config db path: /opt/st/stm32cubeide_1.12.1/plugins/com.st.stm32cube.common.mx_6.8.1.202304191431//db/
2024-06-19 11:24:01,767 [INFO] CodeEngine:255 - oldGeneratedFile, /home/dnk066/Pratham/STM32_Training/Workspace/08_Power_Saving_Modes/05_New_Example/MXTmpFiles/license.tmp_save
2024-06-19 11:24:02,861 [INFO] CodeEngine:279 - Generated code: /home/dnk066/Pratham/STM32_Training/Workspace/08_Power_Saving_Modes/05_New_Example/MXTmpFiles/license.tmp
2024-06-19 11:24:03,032 [INFO] CodeEngine:255 - oldGeneratedFile, /home/dnk066/Pratham/STM32_Training/Workspace/08_Power_Saving_Modes/05_New_Example/MXTmpFiles/gpio.tmp_save
2024-06-19 11:24:03,304 [INFO] CodeEngine:279 - Generated code: /home/dnk066/Pratham/STM32_Training/Workspace/08_Power_Saving_Modes/05_New_Example/MXTmpFiles/gpio.tmp
2024-06-19 11:24:04,092 [INFO] CodeEngine:255 - oldGeneratedFile, /home/dnk066/Pratham/STM32_Training/Workspace/08_Power_Saving_Modes/05_New_Example/Core/Src/stm32l4xx_it.c_save
2024-06-19 11:24:04,364 [INFO] CodeEngine:279 - Generated code: /home/dnk066/Pratham/STM32_Training/Workspace/08_Power_Saving_Modes/05_New_Example/Core/Src/stm32l4xx_it.c
2024-06-19 11:24:04,368 [INFO] CodeEngine:255 - oldGeneratedFile, /home/dnk066/Pratham/STM32_Training/Workspace/08_Power_Saving_Modes/05_New_Example/Core/Inc/stm32l4xx_it.h_save
2024-06-19 11:24:04,556 [INFO] CodeEngine:279 - Generated code: /home/dnk066/Pratham/STM32_Training/Workspace/08_Power_Saving_Modes/05_New_Example/Core/Inc/stm32l4xx_it.h
2024-06-19 11:24:04,565 [INFO] CodeEngine:255 - oldGeneratedFile, /home/dnk066/Pratham/STM32_Training/Workspace/08_Power_Saving_Modes/05_New_Example/Core/Src/stm32l4xx_hal_msp.c_save
2024-06-19 11:24:04,925 [INFO] CodeEngine:279 - Generated code: /home/dnk066/Pratham/STM32_Training/Workspace/08_Power_Saving_Modes/05_New_Example/Core/Src/stm32l4xx_hal_msp.c
2024-06-19 11:24:04,929 [INFO] CodeEngine:255 - oldGeneratedFile, /home/dnk066/Pratham/STM32_Training/Workspace/08_Power_Saving_Modes/05_New_Example/MXTmpFiles/system.tmp_save
2024-06-19 11:24:05,215 [INFO] CodeEngine:279 - Generated code: /home/dnk066/Pratham/STM32_Training/Workspace/08_Power_Saving_Modes/05_New_Example/MXTmpFiles/system.tmp
2024-06-19 11:24:05,224 [INFO] CodeEngine:311 - oldGeneratedFile, /home/dnk066/Pratham/STM32_Training/Workspace/08_Power_Saving_Modes/05_New_Example/Core/Inc/stm32l4xx_hal_conf.h_save
2024-06-19 11:24:05,534 [INFO] CodeEngine:335 - Generated code: /home/dnk066/Pratham/STM32_Training/Workspace/08_Power_Saving_Modes/05_New_Example/Core/Inc/stm32l4xx_hal_conf.h
2024-06-19 11:24:05,694 [INFO] CodeEngine:255 - oldGeneratedFile, /home/dnk066/Pratham/STM32_Training/Workspace/08_Power_Saving_Modes/05_New_Example/Core/Inc/main.h_save
2024-06-19 11:24:06,052 [INFO] CodeEngine:279 - Generated code: /home/dnk066/Pratham/STM32_Training/Workspace/08_Power_Saving_Modes/05_New_Example/Core/Inc/main.h
2024-06-19 11:24:06,057 [INFO] CodeEngine:255 - oldGeneratedFile, /home/dnk066/Pratham/STM32_Training/Workspace/08_Power_Saving_Modes/05_New_Example/Core/Src/main.c_save
2024-06-19 11:24:06,434 [INFO] CodeEngine:279 - Generated code: /home/dnk066/Pratham/STM32_Training/Workspace/08_Power_Saving_Modes/05_New_Example/Core/Src/main.c
2024-06-19 11:24:08,484 [INFO] ProjectBuilder:2996 - Time for Copy HAL[1] : 366mS.
2024-06-19 11:24:08,643 [INFO] ProjectBuilder:4304 - Project Generator version: 3.19.2
2024-06-19 11:24:09,720 [INFO] ConfigFileManager:1483 - The Die is : DIE461
2024-06-19 11:24:09,757 [INFO] ApiDbMcu:507 - Load IP Config File for FATFS
2024-06-19 11:24:09,820 [INFO] ApiDbMcu:507 - Load IP Config File for FREERTOS
2024-06-19 11:24:10,152 [INFO] ApiDbMcu:507 - Load IP Config File for TOUCHSENSING
2024-06-19 11:24:10,203 [INFO] ApiDbMcu:507 - Load IP Config File for USB_DEVICE
2024-06-19 11:24:10,239 [INFO] ApiDbMcu:507 - Load IP Config File for USB_HOST
2024-06-19 11:24:15,626 [INFO] ProjectBuilder:4505 - Time for Generating toolchain IDE Files: 6983mS.
2024-06-19 11:24:15,628 [INFO] ProjectBuilder:2867 - Time for Copy CMSIS : 0mS.
2024-06-19 11:24:15,630 [INFO] ProjectBuilder:2867 - Time for Copy CMSIS : 0mS.
2024-06-19 11:26:22,507 [INFO] UtilMem:75 - End SaveConfig() Used Memory: 357477008 Bytes (804257792)
2024-06-19 11:26:24,000 [INFO] UtilMem:75 - End SaveConfig() Used Memory: 436642448 Bytes (804257792)
2024-06-19 11:26:26,473 [INFO] UtilMem:75 - End SaveConfig() Used Memory: 332833424 Bytes (804257792)
2024-06-19 11:26:27,117 [INFO] BlockDiagram:2759 - set Specific Code input for plugin: SYS
2024-06-19 11:26:27,118 [INFO] BlockDiagram:2759 - set Specific Code input for plugin: RCC
2024-06-19 11:26:27,118 [INFO] BlockDiagram:2759 - set Specific Code input for plugin: LPUART
2024-06-19 11:26:27,118 [INFO] BlockDiagram:2759 - set Specific Code input for plugin: RTC
2024-06-19 11:26:27,118 [INFO] BlockDiagram:2759 - set Specific Code input for plugin: NVIC
2024-06-19 11:26:27,119 [INFO] BlockDiagram:2759 - set Specific Code input for plugin: GPIO
2024-06-19 11:26:27,120 [INFO] CodeGenerator:793 - code generatio: config db path: /opt/st/stm32cubeide_1.12.1/plugins/com.st.stm32cube.common.mx_6.8.1.202304191431//db/
2024-06-19 11:26:27,583 [INFO] CodeEngine:255 - oldGeneratedFile, /home/dnk066/Pratham/STM32_Training/Workspace/08_Power_Saving_Modes/05_New_Example/MXTmpFiles/license.tmp_save
2024-06-19 11:26:27,762 [INFO] CodeEngine:279 - Generated code: /home/dnk066/Pratham/STM32_Training/Workspace/08_Power_Saving_Modes/05_New_Example/MXTmpFiles/license.tmp
2024-06-19 11:26:27,830 [INFO] CodeEngine:255 - oldGeneratedFile, /home/dnk066/Pratham/STM32_Training/Workspace/08_Power_Saving_Modes/05_New_Example/MXTmpFiles/gpio.tmp_save
2024-06-19 11:26:28,042 [INFO] CodeEngine:279 - Generated code: /home/dnk066/Pratham/STM32_Training/Workspace/08_Power_Saving_Modes/05_New_Example/MXTmpFiles/gpio.tmp
2024-06-19 11:26:28,204 [INFO] CodeEngine:255 - oldGeneratedFile, /home/dnk066/Pratham/STM32_Training/Workspace/08_Power_Saving_Modes/05_New_Example/Core/Src/stm32l4xx_it.c_save
2024-06-19 11:26:28,401 [INFO] CodeEngine:279 - Generated code: /home/dnk066/Pratham/STM32_Training/Workspace/08_Power_Saving_Modes/05_New_Example/Core/Src/stm32l4xx_it.c
2024-06-19 11:26:28,404 [INFO] CodeEngine:255 - oldGeneratedFile, /home/dnk066/Pratham/STM32_Training/Workspace/08_Power_Saving_Modes/05_New_Example/Core/Inc/stm32l4xx_it.h_save
2024-06-19 11:26:28,591 [INFO] CodeEngine:279 - Generated code: /home/dnk066/Pratham/STM32_Training/Workspace/08_Power_Saving_Modes/05_New_Example/Core/Inc/stm32l4xx_it.h
2024-06-19 11:26:28,599 [INFO] CodeEngine:255 - oldGeneratedFile, /home/dnk066/Pratham/STM32_Training/Workspace/08_Power_Saving_Modes/05_New_Example/Core/Src/stm32l4xx_hal_msp.c_save
2024-06-19 11:26:28,883 [INFO] CodeEngine:279 - Generated code: /home/dnk066/Pratham/STM32_Training/Workspace/08_Power_Saving_Modes/05_New_Example/Core/Src/stm32l4xx_hal_msp.c
2024-06-19 11:26:28,887 [INFO] CodeEngine:255 - oldGeneratedFile, /home/dnk066/Pratham/STM32_Training/Workspace/08_Power_Saving_Modes/05_New_Example/MXTmpFiles/system.tmp_save
2024-06-19 11:26:29,008 [INFO] CodeEngine:279 - Generated code: /home/dnk066/Pratham/STM32_Training/Workspace/08_Power_Saving_Modes/05_New_Example/MXTmpFiles/system.tmp
2024-06-19 11:26:29,013 [INFO] CodeEngine:311 - oldGeneratedFile, /home/dnk066/Pratham/STM32_Training/Workspace/08_Power_Saving_Modes/05_New_Example/Core/Inc/stm32l4xx_hal_conf.h_save
2024-06-19 11:26:29,174 [INFO] CodeEngine:335 - Generated code: /home/dnk066/Pratham/STM32_Training/Workspace/08_Power_Saving_Modes/05_New_Example/Core/Inc/stm32l4xx_hal_conf.h
2024-06-19 11:26:29,212 [INFO] CodeEngine:255 - oldGeneratedFile, /home/dnk066/Pratham/STM32_Training/Workspace/08_Power_Saving_Modes/05_New_Example/Core/Inc/main.h_save
2024-06-19 11:26:29,336 [INFO] CodeEngine:279 - Generated code: /home/dnk066/Pratham/STM32_Training/Workspace/08_Power_Saving_Modes/05_New_Example/Core/Inc/main.h
2024-06-19 11:26:29,340 [INFO] CodeEngine:255 - oldGeneratedFile, /home/dnk066/Pratham/STM32_Training/Workspace/08_Power_Saving_Modes/05_New_Example/Core/Src/main.c_save
2024-06-19 11:26:29,594 [INFO] CodeEngine:279 - Generated code: /home/dnk066/Pratham/STM32_Training/Workspace/08_Power_Saving_Modes/05_New_Example/Core/Src/main.c
2024-06-19 11:26:31,363 [INFO] ProjectBuilder:2996 - Time for Copy HAL[1] : 150mS.
2024-06-19 11:26:31,367 [INFO] ProjectBuilder:4304 - Project Generator version: 3.19.2
2024-06-19 11:26:31,861 [INFO] ConfigFileManager:1483 - The Die is : DIE461
2024-06-19 11:26:35,344 [INFO] ProjectBuilder:4505 - Time for Generating toolchain IDE Files: 3978mS.
2024-06-19 11:26:35,345 [INFO] ProjectBuilder:2867 - Time for Copy CMSIS : 1mS.
2024-06-19 11:26:35,346 [INFO] ProjectBuilder:2867 - Time for Copy CMSIS : 1mS.
