2024-06-21 18:22:37,868 [INFO] Activator:176 - 


2024-06-21 18:22:37,874 [INFO] Activator:177 - !SESSION log4j initialized
2024-06-21 18:22:39,679 [ERROR] LogOutputStream:75 - [STDERR_REDIRECT] [Fatal Error] :1:1: Premature end of file.
2024-06-21 18:22:39,680 [ERROR] LogOutputStream:75 - [STDERR_REDIRECT] 
2024-06-21 18:22:41,544 [INFO] LogOutputStream:77 - [STDOUT_REDIRECT] 
2024-06-21 18:23:03,025 [ERROR] LogOutputStream:75 - [STDERR_REDIRECT] SLF4J: Failed to load class "org.slf4j.impl.StaticLoggerBinder".
2024-06-21 18:23:03,025 [ERROR] LogOutputStream:75 - [STDERR_REDIRECT] SLF4J: Defaulting to no-operation (NOP) logger implementation
2024-06-21 18:23:03,026 [ERROR] LogOutputStream:75 - [STDERR_REDIRECT] SLF4J: See http://www.slf4j.org/codes.html#StaticLoggerBinder for further details.
2024-06-21 18:23:29,882 [INFO] Activator:176 - 


2024-06-21 18:23:29,887 [INFO] Activator:177 - !SESSION log4j initialized
2024-06-21 18:23:33,029 [INFO] LogOutputStream:77 - [STDOUT_REDIRECT] 
2024-06-21 18:23:54,469 [ERROR] LogOutputStream:75 - [STDERR_REDIRECT] SLF4J: Failed to load class "org.slf4j.impl.StaticLoggerBinder".
2024-06-21 18:23:54,470 [ERROR] LogOutputStream:75 - [STDERR_REDIRECT] SLF4J: Defaulting to no-operation (NOP) logger implementation
2024-06-21 18:23:54,470 [ERROR] LogOutputStream:75 - [STDERR_REDIRECT] SLF4J: See http://www.slf4j.org/codes.html#StaticLoggerBinder for further details.
2024-06-21 18:24:28,002 [INFO] Activator:176 - 


2024-06-21 18:24:28,006 [INFO] Activator:177 - !SESSION log4j initialized
2024-06-21 18:24:31,076 [INFO] LogOutputStream:77 - [STDOUT_REDIRECT] 
2024-06-21 18:24:36,763 [ERROR] LogOutputStream:75 - [STDERR_REDIRECT] [Fatal Error] :1:1: Premature end of file.
2024-06-21 18:24:36,763 [ERROR] LogOutputStream:75 - [STDERR_REDIRECT] 
2024-06-21 18:24:52,546 [ERROR] LogOutputStream:75 - [STDERR_REDIRECT] SLF4J: Failed to load class "org.slf4j.impl.StaticLoggerBinder".
2024-06-21 18:24:52,547 [ERROR] LogOutputStream:75 - [STDERR_REDIRECT] SLF4J: Defaulting to no-operation (NOP) logger implementation
2024-06-21 18:24:52,547 [ERROR] LogOutputStream:75 - [STDERR_REDIRECT] SLF4J: See http://www.slf4j.org/codes.html#StaticLoggerBinder for further details.
2024-06-21 18:29:56,350 [INFO] Activator:176 - 


2024-06-21 18:29:56,355 [INFO] Activator:177 - !SESSION log4j initialized
2024-06-21 18:29:59,786 [INFO] LogOutputStream:77 - [STDOUT_REDIRECT] 
2024-06-21 18:30:21,239 [ERROR] LogOutputStream:75 - [STDERR_REDIRECT] SLF4J: Failed to load class "org.slf4j.impl.StaticLoggerBinder".
2024-06-21 18:30:21,240 [ERROR] LogOutputStream:75 - [STDERR_REDIRECT] SLF4J: Defaulting to no-operation (NOP) logger implementation
2024-06-21 18:30:21,241 [ERROR] LogOutputStream:75 - [STDERR_REDIRECT] SLF4J: See http://www.slf4j.org/codes.html#StaticLoggerBinder for further details.
2024-06-21 18:30:52,829 [INFO] ApplicationProperties:184 - Using Application install path: /opt/st/stm32cubeide_1.12.1/plugins/com.st.stm32cube.common.mx_6.8.1.202304191431
2024-06-21 18:30:52,869 [INFO] DbMcusXml:78 - Set database path to: /opt/st/stm32cubeide_1.12.1/plugins/com.st.stm32cube.common.mx_6.8.1.202304191431//db//mcu/
2024-06-21 18:30:52,871 [INFO] ApiDb:274 - Set plugin database path to: /opt/st/stm32cubeide_1.12.1/plugins/com.st.stm32cube.common.mx_6.8.1.202304191431//db//plugins/boardmanager/
2024-06-21 18:30:52,881 [WARN] ApiDb:259 - Overriding images path with different value:  => /opt/st/stm32cubeide_1.12.1/plugins/com.st.stm32cube.common.mx_6.8.1.202304191431//db//plugins/mcufinder/images/
2024-06-21 18:30:52,921 [INFO] ApiDb:250 - Set database path to: /home/dnk066/.stmcufinder/plugins/mcufinder//mcu/
2024-06-21 18:30:52,925 [INFO] DbMcusAds:125 - Set database path to: /home/dnk066/.stmcufinder/plugins/mcufinder//mcu/
2024-06-21 18:30:52,961 [INFO] CrossReferenceDbSqlite:203 - Set database path to: /home/dnk066/.stmcufinder/plugins/mcufinder//mcu/cs/
2024-06-21 18:30:53,224 [INFO] RulesReader:64 - Compatibility file has been processed (293 Rules)
2024-06-21 18:30:53,378 [INFO] DbMcusXml:78 - Set database path to: /opt/st/stm32cubeide_1.12.1/plugins/com.st.stm32cube.common.mx_6.8.1.202304191431//db//mcu/
2024-06-21 18:30:53,378 [INFO] ApiDb:274 - Set plugin database path to: /opt/st/stm32cubeide_1.12.1/plugins/com.st.stm32cube.common.mx_6.8.1.202304191431//db//plugins/boardmanager/
2024-06-21 18:30:53,379 [INFO] ApiDb:261 - Set plugin images path to: /opt/st/stm32cubeide_1.12.1/plugins/com.st.stm32cube.common.mx_6.8.1.202304191431//db//plugins/mcufinder/images/
2024-06-21 18:30:53,380 [WARN] DbFile:41 - Overriding database path with different value: /home/dnk066/.stmcufinder/plugins/mcufinder/ => /home/dnk066/.stmcufinder/plugins/mcufinder
2024-06-21 18:30:53,380 [INFO] ApiDb:250 - Set database path to: /home/dnk066/.stmcufinder/plugins/mcufinder//mcu/
2024-06-21 18:30:53,380 [WARN] DbFile:41 - Overriding database path with different value: /home/dnk066/.stmcufinder/plugins/mcufinder/ => /home/dnk066/.stmcufinder/plugins/mcufinder
2024-06-21 18:30:53,380 [INFO] DbMcusAds:125 - Set database path to: /home/dnk066/.stmcufinder/plugins/mcufinder//mcu/
2024-06-21 18:30:53,382 [WARN] DbFile:41 - Overriding database path with different value: /home/dnk066/.stmcufinder/plugins/mcufinder/ => /home/dnk066/.stmcufinder/plugins/mcufinder
2024-06-21 18:30:53,383 [WARN] DbFile:41 - Overriding database path with different value: /home/dnk066/.stmcufinder/plugins/mcufinder/ => /home/dnk066/.stmcufinder/plugins/mcufinder
2024-06-21 18:30:53,383 [INFO] CrossReferenceDbSqlite:203 - Set database path to: /home/dnk066/.stmcufinder/plugins/mcufinder//mcu/cs/
2024-06-21 18:30:53,525 [INFO] MainPanel:253 - HeapMemory: 392167424
2024-06-21 18:30:53,818 [INFO] DbMcusXml:78 - Set database path to: /opt/st/stm32cubeide_1.12.1/plugins/com.st.stm32cube.common.mx_6.8.1.202304191431//db//mcu/
2024-06-21 18:30:53,819 [INFO] ApiDb:274 - Set plugin database path to: /opt/st/stm32cubeide_1.12.1/plugins/com.st.stm32cube.common.mx_6.8.1.202304191431//db//plugins/boardmanager/
2024-06-21 18:30:53,819 [INFO] ApiDb:261 - Set plugin images path to: /opt/st/stm32cubeide_1.12.1/plugins/com.st.stm32cube.common.mx_6.8.1.202304191431//db//plugins/mcufinder/images/
2024-06-21 18:30:53,820 [WARN] DbFile:41 - Overriding database path with different value: /home/dnk066/.stmcufinder/plugins/mcufinder/ => /home/dnk066/.stmcufinder/plugins/mcufinder
2024-06-21 18:30:53,820 [INFO] ApiDb:250 - Set database path to: /home/dnk066/.stmcufinder/plugins/mcufinder//mcu/
2024-06-21 18:30:53,820 [WARN] DbFile:41 - Overriding database path with different value: /home/dnk066/.stmcufinder/plugins/mcufinder/ => /home/dnk066/.stmcufinder/plugins/mcufinder
2024-06-21 18:30:53,820 [INFO] DbMcusAds:125 - Set database path to: /home/dnk066/.stmcufinder/plugins/mcufinder//mcu/
2024-06-21 18:30:53,820 [WARN] DbFile:41 - Overriding database path with different value: /home/dnk066/.stmcufinder/plugins/mcufinder/ => /home/dnk066/.stmcufinder/plugins/mcufinder
2024-06-21 18:30:53,821 [WARN] DbFile:41 - Overriding database path with different value: /home/dnk066/.stmcufinder/plugins/mcufinder/ => /home/dnk066/.stmcufinder/plugins/mcufinder
2024-06-21 18:30:53,821 [INFO] CrossReferenceDbSqlite:203 - Set database path to: /home/dnk066/.stmcufinder/plugins/mcufinder//mcu/cs/
2024-06-21 18:30:53,858 [INFO] ApplicationProperties:184 - Using Application install path: /opt/st/stm32cubeide_1.12.1/plugins/com.st.stm32cube.common.mx_6.8.1.202304191431
2024-06-21 18:30:53,862 [INFO] PluginManage:196 - Search for loadable plugins [exclusion list=, ]
2024-06-21 18:30:53,864 [INFO] PluginManage:310 - Check plugin analytics
2024-06-21 18:30:54,198 [INFO] AnalyticsPlugin:253 - Accepted Software Licenses: 
2024-06-21 18:30:54,199 [INFO] AnalyticsPlugin:255 - Accepted CMSIS Pack Licenses: 
2024-06-21 18:30:54,199 [INFO] AnalyticsPlugin:257 - Accepted Firmware Licenses: FW.WL.1.3.0
2024-06-21 18:30:54,212 [INFO] PluginManage:359 - Loaded plugin analytics (category:tool,tabindex:-1)
2024-06-21 18:30:54,212 [INFO] PluginManage:310 - Check plugin cadmodel
2024-06-21 18:30:54,279 [INFO] CADModel:105 - Init CAD model plugin
2024-06-21 18:30:54,279 [INFO] PluginManage:359 - Loaded plugin cadmodel (category:power,tabindex:5)
2024-06-21 18:30:54,280 [INFO] PluginManage:310 - Check plugin clock
2024-06-21 18:30:54,293 [INFO] PluginManage:359 - Loaded plugin clock (category:base,tabindex:2)
2024-06-21 18:30:54,293 [INFO] PluginManage:310 - Check plugin ddr
2024-06-21 18:30:54,296 [INFO] PluginManage:359 - Loaded plugin ddr (category:tool,tabindex:6)
2024-06-21 18:30:54,296 [INFO] PluginManage:310 - Check plugin filemanager
2024-06-21 18:30:54,484 [INFO] PluginManage:359 - Loaded plugin filemanager (category:base,tabindex:10)
2024-06-21 18:30:54,484 [INFO] PluginManage:310 - Check plugin ipmanager
2024-06-21 18:30:54,493 [INFO] PluginManage:359 - Loaded plugin ipmanager (category:base,tabindex:5)
2024-06-21 18:30:54,494 [INFO] PluginManage:310 - Check plugin lpbam
2024-06-21 18:30:54,507 [INFO] PluginManage:359 - Loaded plugin lpbam (category:base,tabindex:0)
2024-06-21 18:30:54,507 [INFO] PluginManage:310 - Check plugin pinoutandconfiguration
2024-06-21 18:30:54,518 [INFO] PluginManage:359 - Loaded plugin pinoutandconfiguration (category:base,tabindex:1)
2024-06-21 18:30:54,519 [INFO] PluginManage:310 - Check plugin pinoutconfig
2024-06-21 18:30:54,626 [WARN] SupportedApi:132 - Cannot load RTOS API schema: s4s-elt-must-match.1: The content of 'definitions' must match (annotation?, (simpleType | complexType)?, (unique | key | keyref)*)). A problem was found starting at: attribute.
2024-06-21 18:30:54,892 [INFO] PluginManage:359 - Loaded plugin pinoutconfig (category:base,tabindex:0)
2024-06-21 18:30:54,892 [INFO] PluginManage:310 - Check plugin power
2024-06-21 18:30:54,909 [INFO] PluginManage:359 - Loaded plugin power (category:power,tabindex:4)
2024-06-21 18:30:54,910 [INFO] PluginManage:310 - Check plugin projectmanager
2024-06-21 18:30:54,961 [INFO] PluginManage:359 - Loaded plugin projectmanager (category:projectmanager,tabindex:3)
2024-06-21 18:30:54,961 [INFO] PluginManage:310 - Check plugin thirdparty
2024-06-21 18:30:55,269 [INFO] PluginManage:359 - Loaded plugin thirdparty (category:base,tabindex:-1)
2024-06-21 18:30:55,270 [INFO] PluginManage:310 - Check plugin tools
2024-06-21 18:30:55,273 [INFO] PluginManage:359 - Loaded plugin tools (category:base,tabindex:7)
2024-06-21 18:30:55,274 [INFO] PluginManage:310 - Check plugin tutovideos
2024-06-21 18:30:55,277 [WARN] IntegrityCheckThread:84 - waiting for thirdparty lock release [integrity check]
2024-06-21 18:30:55,279 [INFO] IntegrityCheckThread:86 - entering critical section [integrity check]
2024-06-21 18:30:55,282 [INFO] ThirdPartyUpdaterWithRetryManager:70 - Updater plugin not ready yet. [1/15]
2024-06-21 18:30:55,668 [INFO] PluginManage:359 - Loaded plugin tutovideos (category:base,tabindex:-1)
2024-06-21 18:30:55,668 [INFO] PluginManage:310 - Check plugin updater
2024-06-21 18:30:55,724 [INFO] PluginManage:359 - Loaded plugin updater (category:base,tabindex:12)
2024-06-21 18:30:55,725 [INFO] PluginManage:283 - PluginManage : Loaded plugins [15]
2024-06-21 18:30:56,163 [INFO] PinOutPanel:1499 - setPackage(No Configuration,No Configuration)
2024-06-21 18:30:56,265 [INFO] CADModel:165 - CPN selected for project level
2024-06-21 18:30:56,266 [INFO] CADModel:114 - Register for checkConnection events
2024-06-21 18:30:56,286 [INFO] IPUIPlugin:80 - create IPUIPlugin
2024-06-21 18:30:56,287 [INFO] PluginManager:220 - loadIPPluginJar : add lorawan
2024-06-21 18:30:56,297 [INFO] IPUIPlugin:80 - create IPUIPlugin
2024-06-21 18:30:56,298 [INFO] PluginManager:220 - loadIPPluginJar : add mdma
2024-06-21 18:30:56,302 [INFO] IPUIPlugin:80 - create IPUIPlugin
2024-06-21 18:30:56,302 [INFO] PluginManager:220 - loadIPPluginJar : add usart
2024-06-21 18:30:56,306 [INFO] IPUIPlugin:80 - create IPUIPlugin
2024-06-21 18:30:56,306 [INFO] PluginManager:220 - loadIPPluginJar : add i2s
2024-06-21 18:30:56,311 [INFO] IPUIPlugin:80 - create IPUIPlugin
2024-06-21 18:30:56,311 [INFO] PluginManager:220 - loadIPPluginJar : add tim
2024-06-21 18:30:56,316 [INFO] IPUIPlugin:80 - create IPUIPlugin
2024-06-21 18:30:56,316 [INFO] PluginManager:220 - loadIPPluginJar : add gtzc
2024-06-21 18:30:56,327 [INFO] IPUIPlugin:80 - create IPUIPlugin
2024-06-21 18:30:56,327 [INFO] PluginManager:220 - loadIPPluginJar : add dma
2024-06-21 18:30:56,331 [INFO] IPUIPlugin:80 - create IPUIPlugin
2024-06-21 18:30:56,332 [INFO] PluginManager:220 - loadIPPluginJar : add gfxmmu
2024-06-21 18:30:56,338 [INFO] IPUIPlugin:80 - create IPUIPlugin
2024-06-21 18:30:56,338 [INFO] PluginManager:220 - loadIPPluginJar : add nvic
2024-06-21 18:30:56,342 [INFO] IPUIPlugin:80 - create IPUIPlugin
2024-06-21 18:30:56,342 [INFO] PluginManager:220 - loadIPPluginJar : add hash
2024-06-21 18:30:56,345 [INFO] IPUIPlugin:80 - create IPUIPlugin
2024-06-21 18:30:56,346 [INFO] PluginManager:220 - loadIPPluginJar : add tracer_emb
2024-06-21 18:30:56,384 [INFO] IPUIPlugin:80 - create IPUIPlugin
2024-06-21 18:30:56,385 [INFO] PluginManager:220 - loadIPPluginJar : add i2c
2024-06-21 18:30:56,397 [INFO] IPUIPlugin:80 - create IPUIPlugin
2024-06-21 18:30:56,397 [INFO] PluginManager:220 - loadIPPluginJar : add gpio
2024-06-21 18:30:56,403 [INFO] IPUIPlugin:80 - create IPUIPlugin
2024-06-21 18:30:56,403 [INFO] PluginManager:220 - loadIPPluginJar : add touchsensing
2024-06-21 18:30:56,414 [INFO] IPUIPlugin:80 - create IPUIPlugin
2024-06-21 18:30:56,414 [INFO] PluginManager:220 - loadIPPluginJar : add freertos
2024-06-21 18:30:56,417 [INFO] IPUIPlugin:80 - create IPUIPlugin
2024-06-21 18:30:56,418 [INFO] PluginManager:220 - loadIPPluginJar : add comp
2024-06-21 18:30:56,422 [INFO] IPUIPlugin:80 - create IPUIPlugin
2024-06-21 18:30:56,422 [INFO] PluginManager:220 - loadIPPluginJar : add cryp
2024-06-21 18:30:56,428 [INFO] IPUIPlugin:80 - create IPUIPlugin
2024-06-21 18:30:56,428 [INFO] PluginManager:220 - loadIPPluginJar : add ipddr
2024-06-21 18:30:56,443 [INFO] IPUIPlugin:80 - create IPUIPlugin
2024-06-21 18:30:56,443 [INFO] PluginManager:220 - loadIPPluginJar : add stm32_wpan
2024-06-21 18:30:56,447 [INFO] IPUIPlugin:80 - create IPUIPlugin
2024-06-21 18:30:56,447 [INFO] PluginManager:220 - loadIPPluginJar : add quadspi
2024-06-21 18:30:56,458 [INFO] IPUIPlugin:80 - create IPUIPlugin
2024-06-21 18:30:56,458 [INFO] PluginManager:220 - loadIPPluginJar : add adc
2024-06-21 18:30:56,461 [INFO] IPUIPlugin:80 - create IPUIPlugin
2024-06-21 18:30:56,461 [INFO] PluginManager:220 - loadIPPluginJar : add fatfs
2024-06-21 18:30:56,465 [INFO] IPUIPlugin:80 - create IPUIPlugin
2024-06-21 18:30:56,465 [INFO] PluginManager:220 - loadIPPluginJar : add ts
2024-06-21 18:30:56,509 [INFO] IPUIPlugin:80 - create IPUIPlugin
2024-06-21 18:30:56,510 [INFO] PluginManager:220 - loadIPPluginJar : add gic
2024-06-21 18:30:56,513 [INFO] IPUIPlugin:80 - create IPUIPlugin
2024-06-21 18:30:56,514 [INFO] PluginManager:220 - loadIPPluginJar : add genericplugin
2024-06-21 18:30:56,519 [INFO] IPUIPlugin:80 - create IPUIPlugin
2024-06-21 18:30:56,519 [INFO] PluginManager:220 - loadIPPluginJar : add usbx
2024-06-21 18:30:56,524 [INFO] IPUIPlugin:80 - create IPUIPlugin
2024-06-21 18:30:56,524 [INFO] PluginManager:220 - loadIPPluginJar : add pdm2pcm
2024-06-21 18:30:56,530 [INFO] IPUIPlugin:80 - create IPUIPlugin
2024-06-21 18:30:56,534 [INFO] PluginManager:220 - loadIPPluginJar : add dma3
2024-06-21 18:30:56,543 [INFO] IPUIPlugin:80 - create IPUIPlugin
2024-06-21 18:30:56,544 [INFO] PluginManager:220 - loadIPPluginJar : add fmc
2024-06-21 18:30:56,547 [INFO] IPUIPlugin:80 - create IPUIPlugin
2024-06-21 18:30:56,548 [INFO] PluginManager:220 - loadIPPluginJar : add dfsdm
2024-06-21 18:30:56,558 [INFO] IPUIPlugin:80 - create IPUIPlugin
2024-06-21 18:30:56,564 [INFO] PluginManager:220 - loadIPPluginJar : add plateformsettings
2024-06-21 18:30:56,568 [INFO] IPUIPlugin:80 - create IPUIPlugin
2024-06-21 18:30:56,569 [INFO] PluginManager:220 - loadIPPluginJar : add spi
2024-06-21 18:30:56,573 [INFO] IPUIPlugin:80 - create IPUIPlugin
2024-06-21 18:30:56,573 [INFO] PluginManager:220 - loadIPPluginJar : add i3c
2024-06-21 18:30:56,577 [INFO] IPUIPlugin:80 - create IPUIPlugin
2024-06-21 18:30:56,577 [INFO] PluginManager:220 - loadIPPluginJar : add aes
2024-06-21 18:30:56,582 [INFO] IPUIPlugin:80 - create IPUIPlugin
2024-06-21 18:30:56,582 [INFO] PluginManager:220 - loadIPPluginJar : add resmgrutility
2024-06-21 18:30:56,586 [INFO] IPUIPlugin:80 - create IPUIPlugin
2024-06-21 18:30:56,586 [INFO] PluginManager:220 - loadIPPluginJar : add openamp
2024-06-21 18:30:56,588 [INFO] IPUIPlugin:80 - create IPUIPlugin
2024-06-21 18:30:56,589 [INFO] PluginManager:220 - loadIPPluginJar : add ltdc
2024-06-21 18:30:56,596 [INFO] IPUIPlugin:80 - create IPUIPlugin
2024-06-21 18:30:56,598 [INFO] PluginManager:220 - loadIPPluginJar : add sai
2024-06-21 18:30:56,603 [INFO] IPUIPlugin:80 - create IPUIPlugin
2024-06-21 18:30:56,604 [INFO] PluginManager:220 - loadIPPluginJar : add opamp
2024-06-21 18:30:56,607 [INFO] IPUIPlugin:80 - create IPUIPlugin
2024-06-21 18:30:56,607 [INFO] PluginManager:220 - loadIPPluginJar : add tsc
2024-06-21 18:30:56,610 [INFO] IPUIPlugin:80 - create IPUIPlugin
2024-06-21 18:30:56,611 [INFO] PluginManager:220 - loadIPPluginJar : add ucpd
2024-06-21 18:30:56,617 [INFO] IPUIPlugin:80 - create IPUIPlugin
2024-06-21 18:30:56,617 [INFO] PluginManager:220 - loadIPPluginJar : add can
2024-06-21 18:30:56,629 [INFO] IPUIPlugin:80 - create IPUIPlugin
2024-06-21 18:30:56,630 [INFO] PluginManager:220 - loadIPPluginJar : add linkedlist
2024-06-21 18:30:56,779 [INFO] CADModel:165 - CPN selected for project level
2024-06-21 18:30:56,779 [INFO] CADModel:114 - Register for checkConnection events
2024-06-21 18:30:56,780 [FATAL] Updater:308 - Updater called before beeing initialized
2024-06-21 18:30:56,781 [ERROR] CADModel:125 - Updater not yet initialized, retry later 
2024-06-21 18:30:57,015 [INFO] CADModel:165 - CPN selected for project level
2024-06-21 18:30:57,016 [INFO] CADModel:114 - Register for checkConnection events
2024-06-21 18:30:57,016 [FATAL] Updater:308 - Updater called before beeing initialized
2024-06-21 18:30:57,016 [ERROR] CADModel:125 - Updater not yet initialized, retry later 
2024-06-21 18:30:57,022 [FATAL] Updater:308 - Updater called before beeing initialized
2024-06-21 18:30:57,202 [FATAL] Updater:308 - Updater called before beeing initialized
2024-06-21 18:30:57,216 [INFO] DbMcusAds:53 - JSON generation date=Thu May 16 14:52:00 IST 2024 (1715851320852)
2024-06-21 18:30:57,216 [FATAL] Updater:308 - Updater called before beeing initialized
2024-06-21 18:30:57,284 [WARN] DetailPanel:346 - Failed to get advertising image, set to default
2024-06-21 18:30:57,488 [FATAL] Updater:308 - Updater called before beeing initialized
2024-06-21 18:30:57,491 [FATAL] Updater:308 - Updater called before beeing initialized
2024-06-21 18:30:57,492 [FATAL] Updater:308 - Updater called before beeing initialized
2024-06-21 18:30:57,492 [WARN] DetailPanel:346 - Failed to get advertising image, set to default
2024-06-21 18:30:57,494 [FATAL] Updater:308 - Updater called before beeing initialized
2024-06-21 18:30:57,565 [ERROR] Updater:1120 - MainUpdater not yet initialized. External WinMGr cannot be set.
2024-06-21 18:30:57,569 [INFO] Updater:1056 - Updater Version found : 6.8.1
2024-06-21 18:30:57,603 [INFO] ApplicationProperties:184 - Using Application install path: /opt/st/stm32cubeide_1.12.1/plugins/com.st.stm32cube.common.mx_6.8.1.202304191431
2024-06-21 18:30:57,902 [INFO] MainUpdater:2854 - connection check result : 10
2024-06-21 18:30:57,904 [INFO] MainUpdater:283 - Updater Check For Update Now.
2024-06-21 18:30:57,904 [INFO] MicroXplorer:498 - Change Database Version : DB.6.0.81
2024-06-21 18:30:58,284 [WARN] MainUpdater:1187 - Updater busy. Cannot search thirdparties
2024-06-21 18:30:58,285 [INFO] ThirdPartyUpdaterWithRetryManager:96 - Updater plugin is busy. [1/15]
2024-06-21 18:30:58,308 [INFO] CheckServerUpdateThread:120 - End of CheckServer Thread
2024-06-21 18:30:58,332 [INFO] MainUpdater:2854 - connection check result : 10
2024-06-21 18:30:59,109 [INFO] ApiDb:581 - Connected to CubeFinder SQLite database (/home/dnk066/.stmcufinder/plugins/mcufinder/mcu/cube-finder-db.db)
2024-06-21 18:30:59,219 [INFO] ApiDb:668 - CubeFinder database Data Model version=2.1
2024-06-21 18:30:59,220 [INFO] ApiDb:669 - CubeFinder database Configuration version=3.0.39
2024-06-21 18:30:59,221 [INFO] ApiDb:670 - CubeFinder database generation date=2024-06-06 (1717689626)
2024-06-21 18:30:59,221 [INFO] ApiDb:671 - CubeFinder database FW Pack versions=[FP-ATR-ASTRA1_V2.0.0, FP-SNS-FLIGHT1_V5.0.2, FP-SNS-MOTENV1_V5.0.0, FP-SNS-MOTENVWB1_V1.4.0, FP-SNS-SMARTAG2_V1.2.0, STM32Cube_FW_C0_V1.2.0, STM32Cube_FW_F4_V1.28.0, STM32Cube_FW_F7_V1.17.2, STM32Cube_FW_G0_V1.6.2, STM32Cube_FW_G4_V1.6.0, STM32Cube_FW_H5_V1.3.0, STM32Cube_FW_H7RS_V1.1.0, STM32Cube_FW_H7_V1.11.2, STM32Cube_FW_L0_V1.12.2, STM32Cube_FW_L5_V1.5.1, STM32Cube_FW_U0_V1.1.0, STM32Cube_FW_U5_V1.6.0, STM32Cube_FW_WB0_V1.0.0, STM32Cube_FW_WBA_V1.4.0, STM32Cube_FW_WB_V1.20.0, STM32Cube_FW_WL_V1.3.0, X-CUBE-ALGOBUILD_V1.4.0, X-CUBE-ALS_V1.0.2, X-CUBE-AZRTOS-F4_V1.1.0, X-CUBE-AZRTOS-F7_V1.1.0, X-CUBE-AZRTOS-G0_V1.1.0, X-CUBE-AZRTOS-G4_V2.0.0, X-CUBE-AZRTOS-H7RS_V1.0.0, X-CUBE-AZRTOS-H7_V3.2.0, X-CUBE-AZRTOS-L4_V2.0.0, X-CUBE-AZRTOS-L5_V1.1.0, X-CUBE-AZRTOS-WB_V2.0.0, X-CUBE-AZRTOS-WL_V2.0.0, X-CUBE-BLE1_V7.0.0, X-CUBE-BLE2_V3.3.0, X-CUBE-BLEMGR_V3.1.0, X-CUBE-EEPRMA1_V5.1.0, X-CUBE-FREERTOS_V1.2.0, X-CUBE-GNSS1_V6.0.0, X-CUBE-MEMS1_V10.0.0, X-CUBE-NFC4_V3.0.0, X-CUBE-NFC7_V1.0.1, X-CUBE-SFXS2LP1_V4.0.0, X-CUBE-SUBG2_V5.0.0, X-CUBE-TOF1_V3.4.1]
2024-06-21 18:30:59,558 [INFO] DbBoardsSqlite:226 - include board P-NUCLEO-WB55-NUCLEO as a kit item of type 'Nucleo-64'
2024-06-21 18:30:59,559 [INFO] DbBoardsSqlite:226 - include board P-NUCLEO-WB55-USBDONGLE as a kit item of type 'Nucleo USB Dongle'
2024-06-21 18:30:59,561 [INFO] DbBoardsSqlite:226 - include board STEVAL-IDP005V1 as a kit item of type 'Evaluation Board'
2024-06-21 18:30:59,562 [INFO] DbBoardsSqlite:226 - include board STEVAL-IDP005V2 as a kit item of type 'Evaluation Board'
2024-06-21 18:30:59,896 [INFO] ApiDb:240 - Found 297 in-development CPN: [B-G473E-ZEST1S, B-WB1M-WPAN1, B-WL5M-SUBG1, NUCLEO-C031C6, NUCLEO-H503RB, NUCLEO-H563ZI, NUCLEO-U545RE-Q, NUCLEO-U5A5ZJ-Q, NUCLEO-WBA52CG, STEVAL-PROTEUS1, STEVAL-STWINBX1, STM320518-EVAL, STM32C0116-DK, STM32C011D6Y3TR, STM32C011D6Y6TR, STM32C011F4P3, STM32C011F4P6, STM32C011F4U3, STM32C011F4U6TR, STM32C011F6P3, STM32C011F6P6, STM32C011F6U3, STM32C011F6U6TR, STM32C011J4M3, STM32C011J4M6, STM32C011J6M3, STM32C011J6M6, STM32C0316-DK, STM32C031C4T3, STM32C031C4T6, STM32C031C4U3, STM32C031C4U6, STM32C031C6T3, STM32C031C6T6, STM32C031C6U3, STM32C031C6U6, STM32C031F4P3, STM32C031F4P6, STM32C031F6P3, STM32C031F6P6, STM32C031G4U3, STM32C031G4U6, STM32C031G6U3, STM32C031G6U6, STM32C031K4T3, STM32C031K4T6, STM32C031K4U3, STM32C031K4U6, STM32C031K6T3, STM32C031K6T6, STM32C031K6U3, STM32C031K6U6, STM32G071K8TXN, STM32G071K8UXN, STM32G081GBU6N, STM32G081KBT6N, STM32G081KBUXN, STM32G0B1CCT6N, STM32G0B1KCT6, STM32G0B1NEY6TR, STM32G0B1RCT6N, STM32G0C1CCT6, STM32G0C1CCT6N, STM32G0C1CCU6N, STM32G0C1CET6N, STM32G0C1CEU6N, STM32G0C1KCT6, STM32G0C1NEY6TR, STM32G0C1RCI6N, STM32G0C1RCT6N, STM32G0C1REI6N, STM32G0C1RET6N, STM32G0C1VCI6, STM32G0C1VEI6, STM32G471CCT6, STM32G471CCU6, STM32G471CET3, STM32G471CET6, STM32G471CEU3, STM32G471CEU6, STM32G471MCT6, STM32G471MET3, STM32G471MET6, STM32G471MEY6TR, STM32G471QCT6, STM32G471QET3, STM32G471RCT6, STM32G471RET3, STM32G471RET6, STM32G471VCH6, STM32G471VCI6, STM32G471VCT6, STM32G471VEH3, STM32G471VEH6, STM32G471VEI3, STM32G471VEI6, STM32G471VET3, STM32G471VET6, STM32G474CCT6, STM32H503CBT6, STM32H503CBU6, STM32H503EBY6TR, STM32H503KBU6, STM32H503RBT6, STM32H562AGI6, STM32H562AII6, STM32H562IGK6, STM32H562IGT6, STM32H562IIK6, STM32H562IIT6, STM32H562RGT6, STM32H562RGV6, STM32H562RIT6, STM32H562RIV6, STM32H562VGT6, STM32H562VIT6, STM32H562ZGT6, STM32H562ZIT6, STM32H563AGI6, STM32H563AII3Q, STM32H563AII6, STM32H563IGK6, STM32H563IGT6, STM32H563IIK3Q, STM32H563IIK6, STM32H563IIT3Q, STM32H563IIT6, STM32H563MIY3QTR, STM32H563RGT6, STM32H563RGV6, STM32H563RIT6, STM32H563RIV6, STM32H563VGT6, STM32H563VIT3Q, STM32H563VIT6, STM32H563ZGT6, STM32H563ZIT3Q, STM32H563ZIT6, STM32H573AII3Q, STM32H573AII6, STM32H573I-DK, STM32H573IIK3Q, STM32H573IIK6, STM32H573IIT3Q, STM32H573IIT6, STM32H573MIY3QTR, STM32H573RIT6, STM32H573RIV6, STM32H573VIT3Q, STM32H573VIT6, STM32H573ZIT3Q, STM32H573ZIT6, STM32L4R5QGI6STR, STM32MP131AAE3, STM32MP131AAF3, STM32MP131AAG3, STM32MP131CAE3, STM32MP131CAF3, STM32MP131CAG3, STM32MP131DAE7, STM32MP131DAF7, STM32MP131DAG7, STM32MP131FAE7, STM32MP131FAF7, STM32MP131FAG7, STM32MP133AAE3, STM32MP133AAF3, STM32MP133AAG3, STM32MP133CAE3, STM32MP133CAF3, STM32MP133CAG3, STM32MP133DAE7, STM32MP133DAF7, STM32MP133DAG7, STM32MP133FAE7, STM32MP133FAF7, STM32MP133FAG7, STM32MP135AAE3, STM32MP135AAF3, STM32MP135AAG3, STM32MP135CAE3, STM32MP135CAF3, STM32MP135CAG3, STM32MP135DAE7, STM32MP135DAF7, STM32MP135DAG7, STM32MP135F-DK, STM32MP135FAE7, STM32MP135FAF7, STM32MP135FAF7T, STM32MP135FAF7U, STM32MP135FAG7, STM32U535CBT6, STM32U535CBT6Q, STM32U535CBU6, STM32U535CBU6Q, STM32U535CCT6, STM32U535CCT6Q, STM32U535CCU6, STM32U535CCU6Q, STM32U535CET6, STM32U535CET6Q, STM32U535CEU6, STM32U535CEU6Q, STM32U535JEY6QTR, STM32U535NCY6QTR, STM32U535NEY6QTR, STM32U535RBI6, STM32U535RBI6Q, STM32U535RBT6, STM32U535RBT6Q, STM32U535RCI6, STM32U535RCI6Q, STM32U535RCT6, STM32U535RCT6Q, STM32U535REI6, STM32U535REI6Q, STM32U535RET6, STM32U535RET6Q, STM32U535VCI6, STM32U535VCI6Q, STM32U535VCT6, STM32U535VCT6Q, STM32U535VEI6, STM32U535VEI6Q, STM32U535VET6, STM32U535VET6Q, STM32U545CET6, STM32U545CET6Q, STM32U545CEU6, STM32U545CEU6Q, STM32U545JEY6QTR, STM32U545NEY6QTR, STM32U545REI6, STM32U545REI6Q, STM32U545RET6, STM32U545RET6Q, STM32U545VEI6, STM32U545VEI6Q, STM32U545VET6, STM32U545VET6Q, STM32U595AIH6, STM32U595AIH6Q, STM32U595AJH6, STM32U595AJH6Q, STM32U595QII6, STM32U595QII6Q, STM32U595QJI6, STM32U595QJI6Q, STM32U595RIT6, STM32U595RIT6Q, STM32U595RJT6, STM32U595RJT6Q, STM32U595VIT6, STM32U595VIT6Q, STM32U595VJT6, STM32U595VJT6Q, STM32U595ZIT6, STM32U595ZIT6Q, STM32U595ZIY6QTR, STM32U595ZJT6, STM32U595ZJT6Q, STM32U595ZJY6QTR, STM32U599BJY6QTR, STM32U599NIH6Q, STM32U599NJH6Q, STM32U599VIT6Q, STM32U599VJT6, STM32U599VJT6Q, STM32U599ZIT6Q, STM32U599ZIY6QTR, STM32U599ZJT6Q, STM32U599ZJY6QTR, STM32U5A5AJH6, STM32U5A5AJH6Q, STM32U5A5QJI6, STM32U5A5QJI6Q, STM32U5A5RJT6, STM32U5A5RJT6Q, STM32U5A5VJT6, STM32U5A5VJT6Q, STM32U5A5ZJT6, STM32U5A5ZJT6Q, STM32U5A5ZJY6QTR, STM32U5A9BJY6QTR, STM32U5A9J-DK, STM32U5A9NJH6Q, STM32U5A9VJT6Q, STM32U5A9ZJT6Q, STM32U5A9ZJY6QTR, STM32WB1MMCH6, STM32WBA52CEU6, STM32WBA52CEU6T, STM32WBA52CGU6, STM32WBA52CGU6T, STM32WL5MOCH6, STM32WL5MOCH6TR]
2024-06-21 18:30:59,906 [INFO] ApiDb:668 - CubeFinder database Data Model version=2.1
2024-06-21 18:30:59,907 [INFO] ApiDb:669 - CubeFinder database Configuration version=3.0.39
2024-06-21 18:30:59,907 [INFO] ApiDb:670 - CubeFinder database generation date=2024-06-06 (1717689626)
2024-06-21 18:30:59,907 [INFO] ApiDb:671 - CubeFinder database FW Pack versions=[FP-ATR-ASTRA1_V2.0.0, FP-SNS-FLIGHT1_V5.0.2, FP-SNS-MOTENV1_V5.0.0, FP-SNS-MOTENVWB1_V1.4.0, FP-SNS-SMARTAG2_V1.2.0, STM32Cube_FW_C0_V1.2.0, STM32Cube_FW_F4_V1.28.0, STM32Cube_FW_F7_V1.17.2, STM32Cube_FW_G0_V1.6.2, STM32Cube_FW_G4_V1.6.0, STM32Cube_FW_H5_V1.3.0, STM32Cube_FW_H7RS_V1.1.0, STM32Cube_FW_H7_V1.11.2, STM32Cube_FW_L0_V1.12.2, STM32Cube_FW_L5_V1.5.1, STM32Cube_FW_U0_V1.1.0, STM32Cube_FW_U5_V1.6.0, STM32Cube_FW_WB0_V1.0.0, STM32Cube_FW_WBA_V1.4.0, STM32Cube_FW_WB_V1.20.0, STM32Cube_FW_WL_V1.3.0, X-CUBE-ALGOBUILD_V1.4.0, X-CUBE-ALS_V1.0.2, X-CUBE-AZRTOS-F4_V1.1.0, X-CUBE-AZRTOS-F7_V1.1.0, X-CUBE-AZRTOS-G0_V1.1.0, X-CUBE-AZRTOS-G4_V2.0.0, X-CUBE-AZRTOS-H7RS_V1.0.0, X-CUBE-AZRTOS-H7_V3.2.0, X-CUBE-AZRTOS-L4_V2.0.0, X-CUBE-AZRTOS-L5_V1.1.0, X-CUBE-AZRTOS-WB_V2.0.0, X-CUBE-AZRTOS-WL_V2.0.0, X-CUBE-BLE1_V7.0.0, X-CUBE-BLE2_V3.3.0, X-CUBE-BLEMGR_V3.1.0, X-CUBE-EEPRMA1_V5.1.0, X-CUBE-FREERTOS_V1.2.0, X-CUBE-GNSS1_V6.0.0, X-CUBE-MEMS1_V10.0.0, X-CUBE-NFC4_V3.0.0, X-CUBE-NFC7_V1.0.1, X-CUBE-SFXS2LP1_V4.0.0, X-CUBE-SUBG2_V5.0.0, X-CUBE-TOF1_V3.4.1]
2024-06-21 18:31:01,645 [WARN] PackLoader:240 - Cannot read IP mode file for STMicroelectronics.FP-SNS-MOTENVWB1.1.4.0
2024-06-21 18:31:01,663 [WARN] PackLoader:240 - Cannot read IP mode file for STMicroelectronics.X-CUBE-SMBUS.2.1.0
2024-06-21 18:31:01,671 [WARN] PackLoader:240 - Cannot read IP mode file for STMicroelectronics.X-CUBE-TOUCHGFX.4.23.2
2024-06-21 18:31:01,747 [WARN] PackLoader:240 - Cannot read IP mode file for STMicroelectronics.X-CUBE-AZRTOS-F7.1.1.0
2024-06-21 18:31:01,769 [ERROR] RealEvaluatedCondition:428 - Found unsupported composite condition: GROUP='STM32_MetaDataManager' CLASS='Data Exchange'
2024-06-21 18:31:01,769 [ERROR] RealEvaluatedCondition:428 - Found unsupported composite condition: CLASS='Data Exchange' GROUP='STM32_MetaDataManager'
2024-06-21 18:31:01,775 [WARN] PackLoader:240 - Cannot read IP mode file for STMicroelectronics.FP-SNS-MOTENV1.4.3.0
2024-06-21 18:31:01,832 [WARN] PackLoader:240 - Cannot read IP mode file for STMicroelectronics.FP-SNS-MOTENV1.4.3.2
2024-06-21 18:31:01,845 [WARN] PackLoader:240 - Cannot read IP mode file for STMicroelectronics.FP-SNS-FLIGHT1.5.0.0
2024-06-21 18:31:01,852 [ERROR] RealEvaluatedCondition:428 - Found unsupported composite condition: GROUP='STM32_MetaDataManager' CLASS='Data Exchange'
2024-06-21 18:31:01,853 [ERROR] RealEvaluatedCondition:428 - Found unsupported composite condition: GROUP='STM32_MetaDataManager' CLASS='Data Exchange'
2024-06-21 18:31:01,859 [WARN] PackLoader:240 - Cannot read IP mode file for STMicroelectronics.FP-SNS-MOTENV1.4.3.1
2024-06-21 18:31:01,874 [WARN] PackLoader:240 - Cannot read IP mode file for STMicroelectronics.FP-SNS-FLIGHT1.5.0.1
2024-06-21 18:31:01,890 [WARN] PackLoader:240 - Cannot read IP mode file for STMicroelectronics.X-CUBE-BLE1.6.2.4
2024-06-21 18:31:01,901 [WARN] PackLoader:240 - Cannot read IP mode file for STMicroelectronics.FP-SNS-FLIGHT1.5.0.2
2024-06-21 18:31:01,923 [WARN] PackLoader:240 - Cannot read IP mode file for STMicroelectronics.X-CUBE-DISPLAY.3.0.0
2024-06-21 18:31:01,954 [WARN] PackLoader:240 - Cannot read IP mode file for STMicroelectronics.X-CUBE-BLE1.7.0.0
2024-06-21 18:31:01,981 [WARN] PackLoader:240 - Cannot read IP mode file for STMicroelectronics.X-CUBE-TOUCHGFX.4.22.0
2024-06-21 18:31:01,985 [WARN] PackLoader:240 - Cannot read IP mode file for STMicroelectronics.X-CUBE-TOUCHGFX.4.22.1
2024-06-21 18:31:02,094 [WARN] PackLoader:240 - Cannot read IP mode file for STMicroelectronics.X-CUBE-BLEMGR.3.1.0
2024-06-21 18:31:02,159 [WARN] PackLoader:240 - Cannot read IP mode file for STMicroelectronics.FP-SNS-SMARTAG2.1.2.0
2024-06-21 18:31:02,217 [INFO] LogOutputStream:77 - [STDOUT_REDIRECT] 1 : Invalid condition id : UX_CORESTACK_Condition cause : null
2024-06-21 18:31:02,218 [INFO] LogOutputStream:77 - [STDOUT_REDIRECT] 1 : Invalid condition id : UX_CORESTACK_Condition cause : null
2024-06-21 18:31:02,218 [INFO] LogOutputStream:77 - [STDOUT_REDIRECT] 1 : Invalid condition id : UX_CORESTACK_Condition cause : null
2024-06-21 18:31:02,218 [INFO] LogOutputStream:77 - [STDOUT_REDIRECT] 1 : Invalid condition id : UX_CORESTACK_Condition cause : null
2024-06-21 18:31:02,219 [INFO] LogOutputStream:77 - [STDOUT_REDIRECT] 1 : Invalid condition id : UX_CORESTACK_Condition cause : null
2024-06-21 18:31:02,232 [WARN] PackLoader:240 - Cannot read IP mode file for STMicroelectronics.X-CUBE-AZRTOS-WL.2.0.0
2024-06-21 18:31:02,251 [WARN] PackLoader:240 - Cannot read IP mode file for STMicroelectronics.FP-SNS-MOTENV1.5.0.0
2024-06-21 18:31:02,306 [WARN] PackLoader:240 - Cannot read IP mode file for WES.I-CUBE-Cesium.1.3.0
2024-06-21 18:31:02,320 [WARN] PackLoader:240 - Cannot read IP mode file for STMicroelectronics.X-CUBE-BLE2.3.3.0
2024-06-21 18:31:02,332 [WARN] PackLoader:240 - Cannot read IP mode file for STMicroelectronics.X-CUBE-TCPP.4.1.0
2024-06-21 18:31:02,347 [WARN] PackLoader:240 - Cannot read IP mode file for STMicroelectronics.X-CUBE-TOUCHGFX.4.21.3
2024-06-21 18:31:02,354 [WARN] PackLoader:240 - Cannot read IP mode file for STMicroelectronics.X-CUBE-TOUCHGFX.4.21.4
2024-06-21 18:31:02,380 [WARN] PackLoader:240 - Cannot read IP mode file for STMicroelectronics.X-CUBE-ALGOBUILD.1.3.0
2024-06-21 18:31:02,439 [WARN] PackLoader:240 - Cannot read IP mode file for STMicroelectronics.X-CUBE-AZRTOS-G0.1.1.0
2024-06-21 18:31:02,520 [WARN] PackLoader:240 - Cannot read IP mode file for STMicroelectronics.X-CUBE-SAFEA1.1.2.2
2024-06-21 18:31:02,534 [WARN] PackLoader:240 - Cannot read IP mode file for STMicroelectronics.X-CUBE-NFC4.3.0.0
2024-06-21 18:31:02,540 [WARN] PackLoader:240 - Cannot read IP mode file for wolfSSL.I-CUBE-wolfMQTT.1.18.0
2024-06-21 18:31:02,564 [WARN] PackLoader:240 - Cannot read IP mode file for STMicroelectronics.FP-ATR-SIGFOX1.3.2.0
2024-06-21 18:31:02,578 [WARN] PackLoader:240 - Cannot read IP mode file for STMicroelectronics.X-CUBE-EEPRMA1.5.1.0
2024-06-21 18:31:02,664 [WARN] PackLoader:240 - Cannot read IP mode file for SEGGER.I-CUBE-embOS.1.3.1
2024-06-21 18:31:02,804 [WARN] PackLoader:240 - Cannot read IP mode file for STMicroelectronics.X-CUBE-ALGOBUILD.1.4.0
2024-06-21 18:31:02,814 [WARN] PackLoader:240 - Cannot read IP mode file for STMicroelectronics.X-CUBE-GNSS1.6.0.0
2024-06-21 18:31:02,871 [WARN] PackLoader:240 - Cannot read IP mode file for STMicroelectronics.X-CUBE-AZRTOS-F4.1.1.0
2024-06-21 18:31:02,886 [WARN] PackLoader:240 - Cannot read IP mode file for wolfSSL.I-CUBE-wolfSSL.5.6.0
2024-06-21 18:31:02,894 [WARN] PackLoader:240 - Cannot read IP mode file for STMicroelectronics.X-CUBE-FREERTOS.1.2.0
2024-06-21 18:31:02,962 [WARN] PackLoader:240 - Cannot read IP mode file for STMicroelectronics.X-CUBE-AZRTOS-L5.2.0.0
2024-06-21 18:31:03,151 [WARN] PackLoader:240 - Cannot read IP mode file for STMicroelectronics.X-CUBE-MEMS1.9.6.0
2024-06-21 18:31:03,669 [WARN] PackLoader:240 - Cannot read IP mode file for STMicroelectronics.X-CUBE-NFC6.3.1.0
2024-06-21 18:31:03,681 [WARN] PackLoader:240 - Cannot read IP mode file for ITTIA_DB.I-CUBE-ITTIADB.8.8.0
2024-06-21 18:31:03,723 [WARN] PackLoader:240 - Cannot read IP mode file for emotas.I-CUBE-CANOPEN.1.1.3
2024-06-21 18:31:03,736 [WARN] PackLoader:240 - Cannot read IP mode file for STMicroelectronics.X-CUBE-BLEMGR.2.0.0
2024-06-21 18:31:03,743 [WARN] PackLoader:240 - Cannot read IP mode file for STMicroelectronics.X-CUBE-AI.9.0.0
2024-06-21 18:31:03,772 [WARN] ConditionMgr:438 - getConditionDescription Invalid condition id : UX DEVICE CLASS RTOS Condition cause : null
2024-06-21 18:31:03,773 [WARN] ConditionMgr:438 - getConditionDescription Invalid condition id : UX DEVICE CLASS RTOS Condition cause : null
2024-06-21 18:31:03,780 [WARN] PackLoader:240 - Cannot read IP mode file for STMicroelectronics.X-CUBE-AZRTOS-H7.3.1.0
2024-06-21 18:31:03,783 [WARN] ConditionMgr:1039 - genDependencies : Invalid condition id : UX DEVICE CLASS RTOS Condition cause : null
2024-06-21 18:31:03,784 [WARN] ConditionMgr:1039 - genDependencies : Invalid condition id : UX DEVICE CLASS RTOS Condition cause : null
2024-06-21 18:31:03,785 [WARN] ConditionMgr:1039 - genDependencies : Invalid condition id : UX DEVICE CLASS RTOS Condition cause : null
2024-06-21 18:31:03,786 [WARN] ConditionMgr:1039 - genDependencies : Invalid condition id : UX DEVICE CLASS RTOS Condition cause : null
2024-06-21 18:31:03,786 [WARN] ConditionMgr:1039 - genDependencies : Invalid condition id : UX DEVICE CLASS RTOS Condition cause : null
2024-06-21 18:31:03,794 [WARN] PackLoader:240 - Cannot read IP mode file for STMicroelectronics.X-CUBE-NFC7.1.0.1
2024-06-21 18:31:03,800 [WARN] PackLoader:240 - Cannot read IP mode file for STMicroelectronics.X-CUBE-NFC7.1.0.0
2024-06-21 18:31:03,810 [WARN] PackLoader:240 - Cannot read IP mode file for STMicroelectronics.X-CUBE-NFC6.3.0.0
2024-06-21 18:31:03,817 [WARN] PackLoader:240 - Cannot read IP mode file for STMicroelectronics.X-CUBE-EEPRMA1.4.1.0
2024-06-21 18:31:03,822 [WARN] PackLoader:240 - Cannot read IP mode file for STMicroelectronics.X-CUBE-AI.8.1.0
2024-06-21 18:31:03,845 [WARN] ConditionMgr:438 - getConditionDescription Invalid condition id : LAN8742 Phy interface Condition cause : null
2024-06-21 18:31:03,846 [WARN] PackLoader:240 - Cannot read IP mode file for STMicroelectronics.X-CUBE-AZRTOS-L4.2.0.0
2024-06-21 18:31:03,849 [WARN] ConditionMgr:1039 - genDependencies : Invalid condition id : LAN8742 Phy interface Condition cause : null
2024-06-21 18:31:03,850 [WARN] ConditionMgr:1039 - genDependencies : Invalid condition id : LAN8742 Phy interface Condition cause : null
2024-06-21 18:31:03,851 [WARN] ConditionMgr:1039 - genDependencies : Invalid condition id : LAN8742 Phy interface Condition cause : null
2024-06-21 18:31:03,862 [WARN] PackLoader:240 - Cannot read IP mode file for STMicroelectronics.X-CUBE-SFXS2LP1.4.0.0
2024-06-21 18:31:03,869 [WARN] PackLoader:240 - Cannot read IP mode file for STMicroelectronics.X-CUBE-ISPU.1.1.0
2024-06-21 18:31:03,874 [WARN] PackLoader:240 - Cannot read IP mode file for STMicroelectronics.X-CUBE-AI.8.0.0
2024-06-21 18:31:03,895 [WARN] ConditionMgr:438 - getConditionDescription Invalid condition id : UX DEVICE CLASS RTOS Condition cause : null
2024-06-21 18:31:03,896 [WARN] ConditionMgr:438 - getConditionDescription Invalid condition id : UX DEVICE CLASS RTOS Condition cause : null
2024-06-21 18:31:03,910 [WARN] PackLoader:240 - Cannot read IP mode file for STMicroelectronics.X-CUBE-AZRTOS-WB.2.0.0
2024-06-21 18:31:03,912 [WARN] ConditionMgr:1039 - genDependencies : Invalid condition id : UX DEVICE CLASS RTOS Condition cause : null
2024-06-21 18:31:03,912 [WARN] ConditionMgr:1039 - genDependencies : Invalid condition id : UX DEVICE CLASS RTOS Condition cause : null
2024-06-21 18:31:03,913 [WARN] ConditionMgr:1039 - genDependencies : Invalid condition id : UX DEVICE CLASS RTOS Condition cause : null
2024-06-21 18:31:03,914 [WARN] ConditionMgr:1039 - genDependencies : Invalid condition id : UX DEVICE CLASS RTOS Condition cause : null
2024-06-21 18:31:03,914 [WARN] ConditionMgr:1039 - genDependencies : Invalid condition id : UX DEVICE CLASS RTOS Condition cause : null
2024-06-21 18:31:03,921 [WARN] PackLoader:240 - Cannot read IP mode file for STMicroelectronics.X-CUBE-FREERTOS.1.0.1
2024-06-21 18:31:03,973 [WARN] PackLoader:240 - Cannot read IP mode file for STMicroelectronics.X-CUBE-AZRTOS-L5.1.1.0
2024-06-21 18:31:03,985 [WARN] PackLoader:240 - Cannot read IP mode file for STMicroelectronics.X-CUBE-AI.8.0.1
2024-06-21 18:31:04,003 [WARN] PackLoader:240 - Cannot read IP mode file for STMicroelectronics.X-CUBE-SUBG2.5.0.0
2024-06-21 18:31:04,029 [WARN] PackLoader:240 - Cannot read IP mode file for STMicroelectronics.X-CUBE-TOF1.3.3.1
2024-06-21 18:31:04,082 [WARN] PackLoader:240 - Cannot read IP mode file for STMicroelectronics.X-CUBE-AZRTOS-G4.2.0.0
2024-06-21 18:31:04,103 [WARN] PackLoader:240 - Cannot read IP mode file for STMicroelectronics.X-CUBE-TOF1.3.3.0
2024-06-21 18:31:04,159 [WARN] PackLoader:240 - Cannot read IP mode file for STMicroelectronics.X-CUBE-AZRTOS-L4.1.0.0
2024-06-21 18:31:04,199 [WARN] PackLoader:240 - Cannot read IP mode file for STMicroelectronics.X-CUBE-ISPU.2.0.0
2024-06-21 18:31:04,205 [WARN] PackLoader:240 - Cannot read IP mode file for STMicroelectronics.X-CUBE-ALS.1.0.2
2024-06-21 18:31:04,287 [WARN] PackLoader:240 - Cannot read IP mode file for STMicroelectronics.X-CUBE-MEMS1.10.0.0
2024-06-21 18:31:04,606 [WARN] PackLoader:240 - Cannot read IP mode file for STMicroelectronics.X-CUBE-FREERTOS.1.1.0
2024-06-21 18:31:04,625 [WARN] PackLoader:240 - Cannot read IP mode file for STMicroelectronics.X-CUBE-AZRTOS-WL.1.0.0
2024-06-21 18:31:04,633 [WARN] PackLoader:240 - Cannot read IP mode file for portGmbH.I-Cube-SoM-uGOAL.1.1.0
2024-06-21 18:31:04,671 [WARN] PackLoader:240 - Cannot read IP mode file for STMicroelectronics.X-CUBE-ALS.1.0.1
2024-06-21 18:31:04,694 [WARN] PackLoader:240 - Cannot read IP mode file for STMicroelectronics.X-CUBE-AZRTOS-WB.1.1.0
2024-06-21 18:31:04,733 [WARN] PackLoader:240 - Cannot read IP mode file for STMicroelectronics.X-CUBE-AZRTOS-H7RS.1.0.0
2024-06-21 18:31:04,751 [WARN] PackLoader:240 - Cannot read IP mode file for STMicroelectronics.FP-ATR-ASTRA1.2.0.0
2024-06-21 18:31:04,771 [WARN] PackLoader:240 - Cannot read IP mode file for STMicroelectronics.X-CUBE-TOF1.3.4.1
2024-06-21 18:31:04,833 [WARN] PackLoader:240 - Cannot read IP mode file for STMicroelectronics.X-CUBE-AZRTOS-H7.3.2.0
2024-06-21 18:31:04,888 [WARN] PackLoader:240 - Cannot read IP mode file for Infineon.AIROC-Wi-Fi-Bluetooth-STM32.1.6.0
2024-06-21 18:31:04,897 [INFO] ThirdParty:978 - Integrity check success = true
2024-06-21 18:31:04,897 [INFO] IntegrityCheckThread:100 - exiting critical section [integrity check]
2024-06-21 18:31:04,897 [INFO] IntegrityCheckThread:103 - End integrity checks thread
2024-06-21 18:31:05,308 [INFO] ApiDb:240 - Found 297 in-development CPN: [B-G473E-ZEST1S, B-WB1M-WPAN1, B-WL5M-SUBG1, NUCLEO-C031C6, NUCLEO-H503RB, NUCLEO-H563ZI, NUCLEO-U545RE-Q, NUCLEO-U5A5ZJ-Q, NUCLEO-WBA52CG, STEVAL-PROTEUS1, STEVAL-STWINBX1, STM320518-EVAL, STM32C0116-DK, STM32C011D6Y3TR, STM32C011D6Y6TR, STM32C011F4P3, STM32C011F4P6, STM32C011F4U3, STM32C011F4U6TR, STM32C011F6P3, STM32C011F6P6, STM32C011F6U3, STM32C011F6U6TR, STM32C011J4M3, STM32C011J4M6, STM32C011J6M3, STM32C011J6M6, STM32C0316-DK, STM32C031C4T3, STM32C031C4T6, STM32C031C4U3, STM32C031C4U6, STM32C031C6T3, STM32C031C6T6, STM32C031C6U3, STM32C031C6U6, STM32C031F4P3, STM32C031F4P6, STM32C031F6P3, STM32C031F6P6, STM32C031G4U3, STM32C031G4U6, STM32C031G6U3, STM32C031G6U6, STM32C031K4T3, STM32C031K4T6, STM32C031K4U3, STM32C031K4U6, STM32C031K6T3, STM32C031K6T6, STM32C031K6U3, STM32C031K6U6, STM32G071K8TXN, STM32G071K8UXN, STM32G081GBU6N, STM32G081KBT6N, STM32G081KBUXN, STM32G0B1CCT6N, STM32G0B1KCT6, STM32G0B1NEY6TR, STM32G0B1RCT6N, STM32G0C1CCT6, STM32G0C1CCT6N, STM32G0C1CCU6N, STM32G0C1CET6N, STM32G0C1CEU6N, STM32G0C1KCT6, STM32G0C1NEY6TR, STM32G0C1RCI6N, STM32G0C1RCT6N, STM32G0C1REI6N, STM32G0C1RET6N, STM32G0C1VCI6, STM32G0C1VEI6, STM32G471CCT6, STM32G471CCU6, STM32G471CET3, STM32G471CET6, STM32G471CEU3, STM32G471CEU6, STM32G471MCT6, STM32G471MET3, STM32G471MET6, STM32G471MEY6TR, STM32G471QCT6, STM32G471QET3, STM32G471RCT6, STM32G471RET3, STM32G471RET6, STM32G471VCH6, STM32G471VCI6, STM32G471VCT6, STM32G471VEH3, STM32G471VEH6, STM32G471VEI3, STM32G471VEI6, STM32G471VET3, STM32G471VET6, STM32G474CCT6, STM32H503CBT6, STM32H503CBU6, STM32H503EBY6TR, STM32H503KBU6, STM32H503RBT6, STM32H562AGI6, STM32H562AII6, STM32H562IGK6, STM32H562IGT6, STM32H562IIK6, STM32H562IIT6, STM32H562RGT6, STM32H562RGV6, STM32H562RIT6, STM32H562RIV6, STM32H562VGT6, STM32H562VIT6, STM32H562ZGT6, STM32H562ZIT6, STM32H563AGI6, STM32H563AII3Q, STM32H563AII6, STM32H563IGK6, STM32H563IGT6, STM32H563IIK3Q, STM32H563IIK6, STM32H563IIT3Q, STM32H563IIT6, STM32H563MIY3QTR, STM32H563RGT6, STM32H563RGV6, STM32H563RIT6, STM32H563RIV6, STM32H563VGT6, STM32H563VIT3Q, STM32H563VIT6, STM32H563ZGT6, STM32H563ZIT3Q, STM32H563ZIT6, STM32H573AII3Q, STM32H573AII6, STM32H573I-DK, STM32H573IIK3Q, STM32H573IIK6, STM32H573IIT3Q, STM32H573IIT6, STM32H573MIY3QTR, STM32H573RIT6, STM32H573RIV6, STM32H573VIT3Q, STM32H573VIT6, STM32H573ZIT3Q, STM32H573ZIT6, STM32L4R5QGI6STR, STM32MP131AAE3, STM32MP131AAF3, STM32MP131AAG3, STM32MP131CAE3, STM32MP131CAF3, STM32MP131CAG3, STM32MP131DAE7, STM32MP131DAF7, STM32MP131DAG7, STM32MP131FAE7, STM32MP131FAF7, STM32MP131FAG7, STM32MP133AAE3, STM32MP133AAF3, STM32MP133AAG3, STM32MP133CAE3, STM32MP133CAF3, STM32MP133CAG3, STM32MP133DAE7, STM32MP133DAF7, STM32MP133DAG7, STM32MP133FAE7, STM32MP133FAF7, STM32MP133FAG7, STM32MP135AAE3, STM32MP135AAF3, STM32MP135AAG3, STM32MP135CAE3, STM32MP135CAF3, STM32MP135CAG3, STM32MP135DAE7, STM32MP135DAF7, STM32MP135DAG7, STM32MP135F-DK, STM32MP135FAE7, STM32MP135FAF7, STM32MP135FAF7T, STM32MP135FAF7U, STM32MP135FAG7, STM32U535CBT6, STM32U535CBT6Q, STM32U535CBU6, STM32U535CBU6Q, STM32U535CCT6, STM32U535CCT6Q, STM32U535CCU6, STM32U535CCU6Q, STM32U535CET6, STM32U535CET6Q, STM32U535CEU6, STM32U535CEU6Q, STM32U535JEY6QTR, STM32U535NCY6QTR, STM32U535NEY6QTR, STM32U535RBI6, STM32U535RBI6Q, STM32U535RBT6, STM32U535RBT6Q, STM32U535RCI6, STM32U535RCI6Q, STM32U535RCT6, STM32U535RCT6Q, STM32U535REI6, STM32U535REI6Q, STM32U535RET6, STM32U535RET6Q, STM32U535VCI6, STM32U535VCI6Q, STM32U535VCT6, STM32U535VCT6Q, STM32U535VEI6, STM32U535VEI6Q, STM32U535VET6, STM32U535VET6Q, STM32U545CET6, STM32U545CET6Q, STM32U545CEU6, STM32U545CEU6Q, STM32U545JEY6QTR, STM32U545NEY6QTR, STM32U545REI6, STM32U545REI6Q, STM32U545RET6, STM32U545RET6Q, STM32U545VEI6, STM32U545VEI6Q, STM32U545VET6, STM32U545VET6Q, STM32U595AIH6, STM32U595AIH6Q, STM32U595AJH6, STM32U595AJH6Q, STM32U595QII6, STM32U595QII6Q, STM32U595QJI6, STM32U595QJI6Q, STM32U595RIT6, STM32U595RIT6Q, STM32U595RJT6, STM32U595RJT6Q, STM32U595VIT6, STM32U595VIT6Q, STM32U595VJT6, STM32U595VJT6Q, STM32U595ZIT6, STM32U595ZIT6Q, STM32U595ZIY6QTR, STM32U595ZJT6, STM32U595ZJT6Q, STM32U595ZJY6QTR, STM32U599BJY6QTR, STM32U599NIH6Q, STM32U599NJH6Q, STM32U599VIT6Q, STM32U599VJT6, STM32U599VJT6Q, STM32U599ZIT6Q, STM32U599ZIY6QTR, STM32U599ZJT6Q, STM32U599ZJY6QTR, STM32U5A5AJH6, STM32U5A5AJH6Q, STM32U5A5QJI6, STM32U5A5QJI6Q, STM32U5A5RJT6, STM32U5A5RJT6Q, STM32U5A5VJT6, STM32U5A5VJT6Q, STM32U5A5ZJT6, STM32U5A5ZJT6Q, STM32U5A5ZJY6QTR, STM32U5A9BJY6QTR, STM32U5A9J-DK, STM32U5A9NJH6Q, STM32U5A9VJT6Q, STM32U5A9ZJT6Q, STM32U5A9ZJY6QTR, STM32WB1MMCH6, STM32WBA52CEU6, STM32WBA52CEU6T, STM32WBA52CGU6, STM32WBA52CGU6T, STM32WL5MOCH6, STM32WL5MOCH6TR]
2024-06-21 18:31:05,318 [INFO] DbMcus:216 - Found 4205 MCUs, 4205 are supported
2024-06-21 18:31:05,323 [INFO] ApiDb:423 - Load user favorites file /home/dnk066/.stm32cubeide/favorites.mcus.txt: 0 item(s)
2024-06-21 18:31:05,323 [INFO] ApiDb:427 - User favorites MCUs=[]
2024-06-21 18:31:05,324 [INFO] DbMcus:222 - Set 0 / 0 favorites MCUs
2024-06-21 18:31:06,782 [INFO] BoardInfo:880 - No configuration file found for board NUCLEO-H533RE
2024-06-21 18:31:06,782 [INFO] DbBoards:157 - Board is not supported: NUCLEO-H533RE
2024-06-21 18:31:06,800 [INFO] BoardInfo:880 - No configuration file found for board NUCLEO-H7S3L8
2024-06-21 18:31:06,801 [INFO] DbBoards:157 - Board is not supported: NUCLEO-H7S3L8
2024-06-21 18:31:06,853 [INFO] BoardInfo:880 - No configuration file found for board NUCLEO-U031R8
2024-06-21 18:31:06,853 [INFO] DbBoards:157 - Board is not supported: NUCLEO-U031R8
2024-06-21 18:31:06,856 [INFO] BoardInfo:880 - No configuration file found for board NUCLEO-U083RC
2024-06-21 18:31:06,856 [INFO] DbBoards:157 - Board is not supported: NUCLEO-U083RC
2024-06-21 18:31:06,873 [INFO] BoardInfo:880 - No configuration file found for board NUCLEO-WBA55CG
2024-06-21 18:31:06,873 [INFO] DbBoards:157 - Board is not supported: NUCLEO-WBA55CG
2024-06-21 18:31:06,885 [INFO] BoardInfo:880 - No configuration file found for board P-NUCLEO-WB55
2024-06-21 18:31:06,885 [INFO] DbBoards:157 - Kit is not supported: P-NUCLEO-WB55
2024-06-21 18:31:06,896 [INFO] BoardInfo:880 - No configuration file found for board STEVAL-BFA001V1B
2024-06-21 18:31:06,896 [INFO] DbBoards:157 - Kit is not supported: STEVAL-BFA001V1B
2024-06-21 18:31:06,898 [INFO] BoardInfo:880 - No configuration file found for board STEVAL-BFA001V2B
2024-06-21 18:31:06,899 [INFO] DbBoards:157 - Kit is not supported: STEVAL-BFA001V2B
2024-06-21 18:31:06,905 [INFO] BoardInfo:880 - No configuration file found for board STEVAL-MKBOXPRO
2024-06-21 18:31:06,905 [INFO] DbBoards:157 - Board is not supported: STEVAL-MKBOXPRO
2024-06-21 18:31:06,910 [INFO] BoardInfo:880 - No configuration file found for board STEVAL-SMARTAG2
2024-06-21 18:31:06,910 [INFO] DbBoards:157 - Board is not supported: STEVAL-SMARTAG2
2024-06-21 18:31:07,087 [INFO] BoardInfo:880 - No configuration file found for board STM32H7S78-DK
2024-06-21 18:31:07,087 [INFO] DbBoards:157 - Board is not supported: STM32H7S78-DK
2024-06-21 18:31:07,126 [INFO] BoardInfo:880 - No configuration file found for board STM32U083C-DK
2024-06-21 18:31:07,126 [INFO] DbBoards:157 - Board is not supported: STM32U083C-DK
2024-06-21 18:31:07,132 [INFO] BoardInfo:880 - No configuration file found for board STM32U5G9J-DK1
2024-06-21 18:31:07,132 [INFO] DbBoards:157 - Board is not supported: STM32U5G9J-DK1
2024-06-21 18:31:07,136 [INFO] BoardInfo:880 - No configuration file found for board STM32U5G9J-DK2
2024-06-21 18:31:07,136 [INFO] DbBoards:157 - Board is not supported: STM32U5G9J-DK2
2024-06-21 18:31:07,141 [INFO] BoardInfo:880 - No configuration file found for board STM32WBA55G-DK1
2024-06-21 18:31:07,141 [INFO] DbBoards:157 - Board is not supported: STM32WBA55G-DK1
2024-06-21 18:31:07,141 [INFO] DbBoards:161 - Found 195 boards, 180 are supported
2024-06-21 18:31:07,148 [INFO] ApiDb:423 - Load user favorites file /home/dnk066/.stm32cubeide/favorites.boards.txt: 5 item(s)
2024-06-21 18:31:07,148 [INFO] ApiDb:427 - User favorites Boards=[NUCLEO-L496ZG-P, NUCLEO-L4A6ZG, NUCLEO-L4R5ZI, STM32L152C-DISCO, STM32L476G-DISCO]
2024-06-21 18:31:07,149 [INFO] DbBoards:190 - Set 5 / 5 favorites Boards
2024-06-21 18:31:07,150 [INFO] McuFinderGlobals:66 - Set McuFinderConnectedMode to true
2024-06-21 18:31:07,166 [INFO] MultiScanPanel:200 - Auto-refresh data requested => check proxy status ongoing
2024-06-21 18:31:07,175 [INFO] FinderPluginLoader:95 - Searching for filters in installed packs
2024-06-21 18:31:10,531 [INFO] LoadUrlFilesThread:185 - End of LoadServerUrlFiles without Thread
2024-06-21 18:31:10,562 [INFO] DetailPanel:341 - Set advertising image to /home/dnk066/STM32Cube/Repository//en.prom-stm32h7rs-mcu-finder.jpg
2024-06-21 18:31:27,168 [INFO] MultiScanPanel:200 - Auto-refresh data requested => check proxy status ongoing
2024-06-21 18:31:27,430 [INFO] LoadUrlFilesThread:185 - End of LoadServerUrlFiles without Thread
2024-06-21 18:31:27,431 [INFO] DetailPanel:341 - Set advertising image to /home/dnk066/STM32Cube/Repository//en.prom-stm32h7rs-mcu-finder.jpg
2024-06-21 18:31:53,387 [INFO] MainUpdater:2854 - connection check result : 10
2024-06-21 18:31:53,388 [INFO] MainUpdater:2854 - connection check result : 10
2024-06-21 18:31:53,410 [INFO] MicroXplorer:468 - Change Database Path : 
2024-06-21 18:31:53,411 [INFO] MicroXplorer:498 - Change Database Version : DB.6.0.81
2024-06-21 18:31:53,411 [WARN] ThirdParty:871 - waiting for thirdparty lock release [close project]
2024-06-21 18:31:53,411 [INFO] ThirdParty:873 - entering critical section [close project]
2024-06-21 18:31:53,413 [INFO] ThirdParty:883 - exiting critical section [close project]
2024-06-21 18:31:53,420 [INFO] PinOutPanel:1499 - setPackage(No Configuration,No Configuration)
2024-06-21 18:31:53,436 [INFO] UtilMem:75 - Begin LoadConfig() Used Memory: 616662296 Bytes (815792128)
2024-06-21 18:31:53,444 [INFO] OpenFileManager:308 - Change cursor
2024-06-21 18:31:53,529 [INFO] ProjectFactory:402 - No CPN specified for board NUCLEO-L4A6ZG => set CPN to STM32L4A6ZGT6
2024-06-21 18:31:53,533 [INFO] Mcu:1937 - Initializing MCU STM32L4A6ZGTx STM32L4A6ZGTx STM32L4A6ZGT6
2024-06-21 18:31:58,011 [INFO] Context:659 - Trying to add GPIOservice into a context  which must be forbidden
2024-06-21 18:31:59,406 [INFO] Rule:228 - rule 117617 - U5Cobra4M][GTZC] default value MPCBB3 and MPCBB5 - Not Secured memory - MPCBB1 is applicable
2024-06-21 18:31:59,406 [INFO] Rule:228 - rule 117617 - U5Cobra4M][GTZC] default value MPCBB3 and MPCBB5 - Not Secured memory - MPCBB1 is applicable
2024-06-21 18:31:59,406 [INFO] Rule:228 - rule 117617 - U5Cobra4M][GTZC] default value MPCBB3 and MPCBB5 - Not Secured memory - MPCBB2 is applicable
2024-06-21 18:31:59,406 [INFO] Rule:228 - rule 117617 - U5Cobra4M][GTZC] default value MPCBB3 and MPCBB5 - Not Secured memory - MPCBB2 is applicable
2024-06-21 18:31:59,406 [INFO] Rule:228 - rule 117617 - U5Cobra4M][GTZC] default value MPCBB3 and MPCBB5 - Not Secured memory - MPCBB3 is applicable
2024-06-21 18:31:59,407 [INFO] Rule:228 - rule 117617 - U5Cobra4M][GTZC] default value MPCBB3 and MPCBB5 - Not Secured memory - MPCBB3 is applicable
2024-06-21 18:31:59,407 [INFO] Rule:228 - rule 117617 - U5Cobra4M][GTZC] default value MPCBB3 and MPCBB5 - Not Secured memory - MPCBB4 is applicable
2024-06-21 18:31:59,407 [INFO] Rule:228 - rule 117617 - U5Cobra4M][GTZC] default value MPCBB3 and MPCBB5 - Not Secured memory - MPCBB4 is applicable
2024-06-21 18:31:59,407 [INFO] Rule:228 - rule 117617 - U5Cobra4M][GTZC] default value MPCBB3 and MPCBB5 - Secured memory - MPCBB1 is applicable
2024-06-21 18:31:59,407 [INFO] Rule:228 - rule 117617 - U5Cobra4M][GTZC] default value MPCBB3 and MPCBB5 - Secured memory - MPCBB2 is applicable
2024-06-21 18:31:59,407 [INFO] Rule:228 - rule 117617 - U5Cobra4M][GTZC] default value MPCBB3 and MPCBB5 - Secured memory - MPCBB3 is applicable
2024-06-21 18:31:59,407 [INFO] Rule:228 - rule 117617 - U5Cobra4M][GTZC] default value MPCBB3 and MPCBB5 - Secured memory - MPCBB4 is applicable
2024-06-21 18:31:59,408 [INFO] Rule:228 - rule 117617 - U5Cobra4M][GTZC] default value MPCBB3 and MPCBB5 - Privileged memory - MPCBB1 is applicable
2024-06-21 18:31:59,408 [INFO] Rule:228 - rule 117617 - U5Cobra4M][GTZC] default value MPCBB3 and MPCBB5 - Privileged memory - MPCBB2 is applicable
2024-06-21 18:31:59,408 [INFO] Rule:228 - rule 117617 - U5Cobra4M][GTZC] default value MPCBB3 and MPCBB5 - Privileged memory - MPCBB3 is applicable
2024-06-21 18:31:59,408 [INFO] Rule:228 - rule 117617 - U5Cobra4M][GTZC] default value MPCBB3 and MPCBB5 - Privileged memory - MPCBB4 is applicable
2024-06-21 18:31:59,408 [INFO] Rule:228 - rule 117617 - U5Cobra4M][GTZC] default value MPCBB3 and MPCBB5 - Not Privileged memory - MPCBB1 is applicable
2024-06-21 18:31:59,408 [INFO] Rule:228 - rule 117617 - U5Cobra4M][GTZC] default value MPCBB3 and MPCBB5 - Not Privileged memory - MPCBB2 is applicable
2024-06-21 18:31:59,408 [INFO] Rule:228 - rule 117617 - U5Cobra4M][GTZC] default value MPCBB3 and MPCBB5 - Not Privileged memory - MPCBB3 is applicable
2024-06-21 18:31:59,409 [INFO] Rule:228 - rule 117617 - U5Cobra4M][GTZC] default value MPCBB3 and MPCBB5 - Not Privileged memory - MPCBB4 is applicable
2024-06-21 18:31:59,409 [INFO] Rule:228 - rule 117617 - U5Cobra4M][GTZC] default value MPCBB3 and MPCBB5 - Privileged memory - MPCBB1 is applicable
2024-06-21 18:31:59,409 [INFO] Rule:228 - rule 117617 - U5Cobra4M][GTZC] default value MPCBB3 and MPCBB5 - Privileged memory - MPCBB2 is applicable
2024-06-21 18:31:59,409 [INFO] Rule:228 - rule 117617 - U5Cobra4M][GTZC] default value MPCBB3 and MPCBB5 - Privileged memory - MPCBB3 is applicable
2024-06-21 18:31:59,409 [INFO] Rule:228 - rule 117617 - U5Cobra4M][GTZC] default value MPCBB3 and MPCBB5 - Privileged memory - MPCBB4 is applicable
2024-06-21 18:31:59,409 [INFO] Rule:228 - rule 117617 - U5Cobra4M][GTZC] default value MPCBB3 and MPCBB5 - Privileged memory - MPCBB1 is applicable
2024-06-21 18:31:59,409 [INFO] Rule:228 - rule 117617 - U5Cobra4M][GTZC] default value MPCBB3 and MPCBB5 - Privileged memory - MPCBB2 is applicable
2024-06-21 18:31:59,410 [INFO] Rule:228 - rule 117617 - U5Cobra4M][GTZC] default value MPCBB3 and MPCBB5 - Privileged memory - MPCBB3 is applicable
2024-06-21 18:31:59,410 [INFO] Rule:228 - rule 117617 - U5Cobra4M][GTZC] default value MPCBB3 and MPCBB5 - Privileged memory - MPCBB4 is applicable
2024-06-21 18:31:59,410 [INFO] Rule:228 - rule 117617 - U5Cobra4M][GTZC] default value MPCBB3 and MPCBB5 - Not Privileged memory - MPCBB1 is applicable
2024-06-21 18:31:59,410 [INFO] Rule:228 - rule 117617 - U5Cobra4M][GTZC] default value MPCBB3 and MPCBB5 - Not Privileged memory - MPCBB2 is applicable
2024-06-21 18:31:59,410 [INFO] Rule:228 - rule 117617 - U5Cobra4M][GTZC] default value MPCBB3 and MPCBB5 - Not Privileged memory - MPCBB3 is applicable
2024-06-21 18:31:59,410 [INFO] Rule:228 - rule 117617 - U5Cobra4M][GTZC] default value MPCBB3 and MPCBB5 - Not Privileged memory - MPCBB4 is applicable
2024-06-21 18:31:59,410 [INFO] Rule:228 - rule 117617 - U5Cobra4M][GTZC] default value MPCBB3 and MPCBB5 - Privileged memory - MPCBB1 is applicable
2024-06-21 18:31:59,411 [INFO] Rule:228 - rule 117617 - U5Cobra4M][GTZC] default value MPCBB3 and MPCBB5 - Privileged memory - MPCBB2 is applicable
2024-06-21 18:31:59,411 [INFO] Rule:228 - rule 117617 - U5Cobra4M][GTZC] default value MPCBB3 and MPCBB5 - Privileged memory - MPCBB3 is applicable
2024-06-21 18:31:59,411 [INFO] Rule:228 - rule 117617 - U5Cobra4M][GTZC] default value MPCBB3 and MPCBB5 - Privileged memory - MPCBB4 is applicable
2024-06-21 18:31:59,411 [INFO] Rule:228 - rule Rename SubGHz_Phy SUBGHZ_APPLICATION SUBGHZ_PINGPONG to SUBGHZ_ADV_APPLICATION is applicable
2024-06-21 18:31:59,411 [INFO] Rule:228 - rule GTZC_S instance for project manager is applicable
2024-06-21 18:31:59,412 [INFO] Rule:228 - rule GTZC_S instance for context M33S is applicable
2024-06-21 18:31:59,412 [INFO] Rule:228 - rule GTZC_S instance value for IP GTZC is applicable
2024-06-21 18:31:59,412 [INFO] Rule:228 - rule GTZC_S instance for mcu.IP is applicable
2024-06-21 18:31:59,412 [INFO] Rule:228 - rule GTZC_S instance for VP is applicable
2024-06-21 18:31:59,412 [INFO] Rule:228 - rule GTZC_S instance for signal is applicable
2024-06-21 18:31:59,412 [INFO] Rule:228 - rule GTZC_S instance for VP is applicable
2024-06-21 18:31:59,413 [INFO] Rule:228 - rule GTZC_S instance for signal is applicable
2024-06-21 18:31:59,413 [INFO] Rule:228 - rule GTZC_S instance for mcu is applicable
2024-06-21 18:31:59,413 [INFO] Rule:228 - rule GTZC_S instance for mcu.Pin is applicable
2024-06-21 18:31:59,413 [INFO] Rule:228 - rule GTZC_S instance value for IP GTZC is applicable
2024-06-21 18:31:59,413 [INFO] Rule:228 - rule GTZC_S instance for project manager is applicable
2024-06-21 18:31:59,413 [INFO] Rule:228 - rule GTZC_S instance for context M33S is applicable
2024-06-21 18:31:59,413 [INFO] Rule:228 - rule GTZC_S instance for VP is applicable
2024-06-21 18:31:59,413 [INFO] Rule:228 - rule GTZC_S instance for signal is applicable
2024-06-21 18:31:59,414 [INFO] Rule:228 - rule WakeUp0 Mode is applicable
2024-06-21 18:31:59,414 [INFO] Rule:228 - rule WakeUp0 SIGNAL is applicable
2024-06-21 18:31:59,414 [INFO] Rule:228 - rule WakeUp1 Mode is applicable
2024-06-21 18:31:59,414 [INFO] Rule:228 - rule WakeUp1 SIGNAL is applicable
2024-06-21 18:31:59,414 [INFO] Rule:228 - rule WakeUp2 Mode is applicable
2024-06-21 18:31:59,414 [INFO] Rule:228 - rule WakeUp2 SIGNAL is applicable
2024-06-21 18:31:59,414 [INFO] Rule:228 - rule WakeUp4 Mode is applicable
2024-06-21 18:31:59,414 [INFO] Rule:228 - rule WakeUp4 SIGNAL is applicable
2024-06-21 18:31:59,414 [INFO] Rule:228 - rule WakeUp5 Mode is applicable
2024-06-21 18:31:59,414 [INFO] Rule:228 - rule WakeUp5 SIGNAL is applicable
2024-06-21 18:31:59,415 [INFO] Rule:228 - rule Change Default Value for LSE Drive Capability for WB family is applicable
2024-06-21 18:31:59,415 [INFO] Rule:228 - rule Change Default Value for ADC Clock Prescaler G0 family is applicable
2024-06-21 18:31:59,416 [INFO] Rule:228 - rule Change GPIO_Pu Default Value for I2C is applicable
2024-06-21 18:31:59,416 [INFO] Rule:228 - rule Change GPIO_Pu Default Value for SMBus is applicable
2024-06-21 18:31:59,416 [INFO] Rule:228 - rule change FDCAN default value is applicable
2024-06-21 18:31:59,422 [INFO] DbConfProperties:307 - Apply Compatibility (3/67 Rules)
2024-06-21 18:32:00,554 [INFO] RtosManager:555 - Registered RTOS mode: class=CMSIS, group=RTOS, mode=CMSIS_V1, owner=FREERTOS
2024-06-21 18:32:00,555 [INFO] RtosManager:555 - Registered RTOS mode: class=CMSIS, group=RTOS2, mode=CMSIS_V2, owner=FREERTOS
2024-06-21 18:32:00,555 [INFO] RtosManager:555 - Registered RTOS mode: class=RTOS, group=Core, mode=CMSIS_V1, owner=FREERTOS
2024-06-21 18:32:00,555 [INFO] RtosManager:555 - Registered RTOS mode: class=RTOS, group=Core, mode=CMSIS_V2, owner=FREERTOS
2024-06-21 18:32:00,556 [WARN] ModelIntegratedComponent:184 - Missing modes for component STMicroelectronics:FreeRTOS:0.0.1:STMicroelectronics:RTOS:FreeRTOS:Core:::10.2.0:
2024-06-21 18:32:00,629 [WARN] ModelIntegratedComponent:63 - No mode defined for component null
2024-06-21 18:32:00,629 [WARN] ModelIntegratedComponent:63 - No mode defined for component null
2024-06-21 18:32:00,629 [WARN] ModelIntegratedComponent:63 - No mode defined for component null
2024-06-21 18:32:00,630 [WARN] ModelIntegratedComponent:63 - No mode defined for component null
2024-06-21 18:32:00,630 [WARN] ModelIntegratedComponent:63 - No mode defined for component null
2024-06-21 18:32:00,630 [WARN] ModelIntegratedComponent:63 - No mode defined for component null
2024-06-21 18:32:00,630 [WARN] ModelIntegratedComponent:63 - No mode defined for component null
2024-06-21 18:32:00,630 [WARN] ModelIntegratedComponent:63 - No mode defined for component null
2024-06-21 18:32:00,630 [WARN] ModelIntegratedComponent:63 - No mode defined for component null
2024-06-21 18:32:00,630 [WARN] ModelIntegratedComponent:63 - No mode defined for component null
2024-06-21 18:32:00,630 [WARN] ModelIntegratedComponent:63 - No mode defined for component null
2024-06-21 18:32:00,630 [WARN] ModelIntegratedComponent:63 - No mode defined for component null
2024-06-21 18:32:00,631 [WARN] ModelIntegratedComponent:63 - No mode defined for component null
2024-06-21 18:32:00,631 [WARN] ModelIntegratedComponent:63 - No mode defined for component null
2024-06-21 18:32:00,631 [WARN] ModelIntegratedComponent:63 - No mode defined for component null
2024-06-21 18:32:00,631 [WARN] ModelIntegratedComponent:63 - No mode defined for component null
2024-06-21 18:32:00,631 [WARN] ModelIntegratedComponent:63 - No mode defined for component null
2024-06-21 18:32:00,631 [WARN] ModelIntegratedComponent:63 - No mode defined for component null
2024-06-21 18:32:00,631 [WARN] ModelIntegratedComponent:63 - No mode defined for component null
2024-06-21 18:32:00,631 [WARN] ModelIntegratedComponent:63 - No mode defined for component null
2024-06-21 18:32:00,631 [WARN] ModelIntegratedComponent:63 - No mode defined for component null
2024-06-21 18:32:00,632 [WARN] ModelIntegratedComponent:63 - No mode defined for component null
2024-06-21 18:32:00,632 [WARN] ModelIntegratedComponent:63 - No mode defined for component null
2024-06-21 18:32:00,632 [WARN] ModelIntegratedComponent:63 - No mode defined for component null
2024-06-21 18:32:00,632 [WARN] ModelIntegratedComponent:63 - No mode defined for component null
2024-06-21 18:32:00,632 [WARN] ModelIntegratedComponent:63 - No mode defined for component null
2024-06-21 18:32:00,632 [WARN] ModelIntegratedComponent:63 - No mode defined for component null
2024-06-21 18:32:00,632 [WARN] ModelIntegratedComponent:63 - No mode defined for component null
2024-06-21 18:32:00,632 [WARN] ModelIntegratedComponent:63 - No mode defined for component null
2024-06-21 18:32:00,633 [WARN] ModelIntegratedComponent:63 - No mode defined for component null
2024-06-21 18:32:00,633 [WARN] ModelIntegratedComponent:63 - No mode defined for component null
2024-06-21 18:32:00,633 [WARN] ModelIntegratedComponent:63 - No mode defined for component null
2024-06-21 18:32:00,633 [WARN] ModelIntegratedComponent:63 - No mode defined for component null
2024-06-21 18:32:00,986 [INFO] ThirdPartyModel:298 - Start build external matchings
2024-06-21 18:32:03,852 [INFO] ThirdPartyModel:316 - End build external matchings
2024-06-21 18:32:04,714 [INFO] UtilMem:75 - End LoadConfig() Used Memory: 726327288 Bytes (853540864)
2024-06-21 18:32:05,061 [WARN] ThirdParty:833 - waiting for thirdparty lock release [change project]
2024-06-21 18:32:05,062 [INFO] ThirdParty:835 - entering critical section [change project]
2024-06-21 18:32:05,062 [INFO] ThirdParty:1030 - CMSIS Pack Vendor :STMicroelectronics X-CUBE-ISPU 1.1.0
2024-06-21 18:32:05,062 [INFO] ThirdParty:1030 - CMSIS Pack Vendor :STMicroelectronics X-CUBE-GNSS1 6.0.0
2024-06-21 18:32:05,063 [INFO] ThirdParty:1030 - CMSIS Pack Vendor :STMicroelectronics USB_HOST 2.0.0
2024-06-21 18:32:05,063 [INFO] ThirdParty:1030 - CMSIS Pack Vendor :STMicroelectronics FP-SNS-MOTENVWB1 1.4.0
2024-06-21 18:32:05,063 [INFO] ThirdParty:1030 - CMSIS Pack Vendor :STMicroelectronics X-CUBE-AZRTOS-F4 1.1.0
2024-06-21 18:32:05,063 [INFO] ThirdParty:1030 - CMSIS Pack Vendor :STMicroelectronics LIBJPEG 8.0.0
2024-06-21 18:32:05,063 [INFO] ThirdParty:1030 - CMSIS Pack Vendor :STMicroelectronics X-CUBE-SMBUS 2.1.0
2024-06-21 18:32:05,063 [INFO] ThirdParty:1030 - CMSIS Pack Vendor :wolfSSL I-CUBE-wolfSSL 5.6.0
2024-06-21 18:32:05,063 [INFO] ThirdParty:1030 - CMSIS Pack Vendor :STMicroelectronics USB_DEVICE 3.0.0
2024-06-21 18:32:05,063 [INFO] ThirdParty:1030 - CMSIS Pack Vendor :STMicroelectronics X-CUBE-TCPP 4.1.0
2024-06-21 18:32:05,063 [INFO] ThirdParty:1030 - CMSIS Pack Vendor :STMicroelectronics X-CUBE-FREERTOS 1.2.0
2024-06-21 18:32:05,064 [INFO] ThirdParty:1030 - CMSIS Pack Vendor :STMicroelectronics X-CUBE-AI 8.0.0
2024-06-21 18:32:05,064 [INFO] ThirdParty:1030 - CMSIS Pack Vendor :STMicroelectronics X-CUBE-AZRTOS-WB 2.0.0
2024-06-21 18:32:05,064 [INFO] ThirdParty:1030 - CMSIS Pack Vendor :STMicroelectronics X-CUBE-FREERTOS 1.0.1
2024-06-21 18:32:05,064 [INFO] ThirdParty:1030 - CMSIS Pack Vendor :STMicroelectronics X-CUBE-TOUCHGFX 4.21.3
2024-06-21 18:32:05,064 [INFO] ThirdParty:1030 - CMSIS Pack Vendor :STMicroelectronics X-CUBE-TOUCHGFX 4.23.2
2024-06-21 18:32:05,064 [INFO] ThirdParty:1030 - CMSIS Pack Vendor :STMicroelectronics X-CUBE-AZRTOS-F7 1.1.0
2024-06-21 18:32:05,064 [INFO] ThirdParty:1030 - CMSIS Pack Vendor :STMicroelectronics X-CUBE-TOUCHGFX 4.21.4
2024-06-21 18:32:05,064 [INFO] ThirdParty:1030 - CMSIS Pack Vendor :STMicroelectronics X-CUBE-AZRTOS-L5 2.0.0
2024-06-21 18:32:05,065 [INFO] ThirdParty:1030 - CMSIS Pack Vendor :STMicroelectronics USB_DEVICE 2.0.0
2024-06-21 18:32:05,065 [INFO] ThirdParty:1030 - CMSIS Pack Vendor :STMicroelectronics X-CUBE-MEMS1 9.6.0
2024-06-21 18:32:05,065 [INFO] ThirdParty:1030 - CMSIS Pack Vendor :STMicroelectronics X-CUBE-NFC6 3.1.0
2024-06-21 18:32:05,065 [INFO] ThirdParty:1030 - CMSIS Pack Vendor :ITTIA_DB I-CUBE-ITTIADB 8.8.0
2024-06-21 18:32:05,065 [INFO] ThirdParty:1030 - CMSIS Pack Vendor :STMicroelectronics FP-SNS-MOTENV1 4.3.0
2024-06-21 18:32:05,065 [INFO] ThirdParty:1030 - CMSIS Pack Vendor :STMicroelectronics FP-SNS-MOTENV1 4.3.2
2024-06-21 18:32:05,065 [INFO] ThirdParty:1030 - CMSIS Pack Vendor :STMicroelectronics FP-SNS-FLIGHT1 5.0.0
2024-06-21 18:32:05,065 [INFO] ThirdParty:1030 - CMSIS Pack Vendor :STMicroelectronics FP-SNS-MOTENV1 4.3.1
2024-06-21 18:32:05,065 [INFO] ThirdParty:1030 - CMSIS Pack Vendor :STMicroelectronics FP-SNS-FLIGHT1 5.0.1
2024-06-21 18:32:05,066 [INFO] ThirdParty:1030 - CMSIS Pack Vendor :STMicroelectronics X-CUBE-ALGOBUILD 1.3.0
2024-06-21 18:32:05,066 [INFO] ThirdParty:1030 - CMSIS Pack Vendor :STMicroelectronics X-CUBE-BLE1 6.2.4
2024-06-21 18:32:05,066 [INFO] ThirdParty:1030 - CMSIS Pack Vendor :STMicroelectronics X-CUBE-AZRTOS-L5 1.1.0
2024-06-21 18:32:05,066 [INFO] ThirdParty:1030 - CMSIS Pack Vendor :STMicroelectronics FreeRTOS 0.0.1
2024-06-21 18:32:05,066 [INFO] ThirdParty:1030 - CMSIS Pack Vendor :STMicroelectronics X-CUBE-AZRTOS-G0 1.1.0
2024-06-21 18:32:05,066 [INFO] ThirdParty:1030 - CMSIS Pack Vendor :emotas I-CUBE-CANOPEN 1.1.3
2024-06-21 18:32:05,066 [INFO] ThirdParty:1030 - CMSIS Pack Vendor :STMicroelectronics X-CUBE-BLEMGR 2.0.0
2024-06-21 18:32:05,067 [INFO] ThirdParty:1030 - CMSIS Pack Vendor :STMicroelectronics X-CUBE-AI 8.0.1
2024-06-21 18:32:05,067 [INFO] ThirdParty:1030 - CMSIS Pack Vendor :STMicroelectronics X-CUBE-SAFEA1 1.2.2
2024-06-21 18:32:05,067 [INFO] ThirdParty:1030 - CMSIS Pack Vendor :STMicroelectronics X-CUBE-NFC4 3.0.0
2024-06-21 18:32:05,067 [INFO] ThirdParty:1030 - CMSIS Pack Vendor :STMicroelectronics X-CUBE-SUBG2 5.0.0
2024-06-21 18:32:05,068 [INFO] ThirdParty:1030 - CMSIS Pack Vendor :STMicroelectronics STM32_WPAN 1.0.0
2024-06-21 18:32:05,068 [INFO] ThirdParty:1030 - CMSIS Pack Vendor :wolfSSL I-CUBE-wolfMQTT 1.18.0
2024-06-21 18:32:05,068 [INFO] ThirdParty:1030 - CMSIS Pack Vendor :STMicroelectronics lwIP 2.0.3
2024-06-21 18:32:05,068 [INFO] ThirdParty:1030 - CMSIS Pack Vendor :STMicroelectronics FP-SNS-FLIGHT1 5.0.2
2024-06-21 18:32:05,068 [INFO] ThirdParty:1030 - CMSIS Pack Vendor :STMicroelectronics USB_HOST 1.0.0
2024-06-21 18:32:05,068 [INFO] ThirdParty:1030 - CMSIS Pack Vendor :STMicroelectronics X-CUBE-TOF1 3.3.1
2024-06-21 18:32:05,068 [INFO] ThirdParty:1030 - CMSIS Pack Vendor :STMicroelectronics X-CUBE-AI 9.0.0
2024-06-21 18:32:05,069 [INFO] ThirdParty:1030 - CMSIS Pack Vendor :STMicroelectronics X-CUBE-AZRTOS-G4 2.0.0
2024-06-21 18:32:05,069 [INFO] ThirdParty:1030 - CMSIS Pack Vendor :STMicroelectronics PDM2PCM 3.1.0
2024-06-21 18:32:05,069 [INFO] ThirdParty:1030 - CMSIS Pack Vendor :STMicroelectronics X-CUBE-AZRTOS-H7 3.1.0
2024-06-21 18:32:05,069 [INFO] ThirdParty:1030 - CMSIS Pack Vendor :STMicroelectronics X-CUBE-TOF1 3.3.0
2024-06-21 18:32:05,069 [INFO] ThirdParty:1030 - CMSIS Pack Vendor :STMicroelectronics PDM2PCM 3.3.0
2024-06-21 18:32:05,069 [INFO] ThirdParty:1030 - CMSIS Pack Vendor :STMicroelectronics X-CUBE-DISPLAY 3.0.0
2024-06-21 18:32:05,069 [INFO] ThirdParty:1030 - CMSIS Pack Vendor :STMicroelectronics X-CUBE-BLE1 7.0.0
2024-06-21 18:32:05,069 [INFO] ThirdParty:1030 - CMSIS Pack Vendor :STMicroelectronics FP-ATR-SIGFOX1 3.2.0
2024-06-21 18:32:05,070 [INFO] ThirdParty:1030 - CMSIS Pack Vendor :STMicroelectronics X-CUBE-AZRTOS-L4 1.0.0
2024-06-21 18:32:05,070 [INFO] ThirdParty:1030 - CMSIS Pack Vendor :STMicroelectronics X-CUBE-ISPU 2.0.0
2024-06-21 18:32:05,070 [INFO] ThirdParty:1030 - CMSIS Pack Vendor :STMicroelectronics X-CUBE-EEPRMA1 5.1.0
2024-06-21 18:32:05,070 [INFO] ThirdParty:1030 - CMSIS Pack Vendor :STMicroelectronics HAL Drivers 0.0.0
2024-06-21 18:32:05,070 [INFO] ThirdParty:1030 - CMSIS Pack Vendor :STMicroelectronics MBEDTLS 2.16.2
2024-06-21 18:32:05,070 [INFO] ThirdParty:1030 - CMSIS Pack Vendor :STMicroelectronics X-CUBE-ALS 1.0.2
2024-06-21 18:32:05,070 [INFO] ThirdParty:1030 - CMSIS Pack Vendor :STMicroelectronics X-CUBE-MEMS1 10.0.0
2024-06-21 18:32:05,070 [INFO] ThirdParty:1030 - CMSIS Pack Vendor :STMicroelectronics X-CUBE-FREERTOS 1.1.0
2024-06-21 18:32:05,071 [INFO] ThirdParty:1030 - CMSIS Pack Vendor :STMicroelectronics X-CUBE-TOUCHGFX 4.22.0
2024-06-21 18:32:05,071 [INFO] ThirdParty:1030 - CMSIS Pack Vendor :STMicroelectronics X-CUBE-NFC7 1.0.1
2024-06-21 18:32:05,071 [INFO] ThirdParty:1030 - CMSIS Pack Vendor :STMicroelectronics MBEDTLS 2.14.1
2024-06-21 18:32:05,071 [INFO] ThirdParty:1030 - CMSIS Pack Vendor :STMicroelectronics X-CUBE-NFC7 1.0.0
2024-06-21 18:32:05,071 [INFO] ThirdParty:1030 - CMSIS Pack Vendor :STMicroelectronics X-CUBE-TOUCHGFX 4.22.1
2024-06-21 18:32:05,071 [INFO] ThirdParty:1030 - CMSIS Pack Vendor :STMicroelectronics X-CUBE-AZRTOS-WL 1.0.0
2024-06-21 18:32:05,071 [INFO] ThirdParty:1030 - CMSIS Pack Vendor :STMicroelectronics X-CUBE-NFC6 3.0.0
2024-06-21 18:32:05,072 [INFO] ThirdParty:1030 - CMSIS Pack Vendor :STMicroelectronics X-CUBE-EEPRMA1 4.1.0
2024-06-21 18:32:05,072 [INFO] ThirdParty:1030 - CMSIS Pack Vendor :portGmbH I-Cube-SoM-uGOAL 1.1.0
2024-06-21 18:32:05,072 [INFO] ThirdParty:1030 - CMSIS Pack Vendor :STMicroelectronics X-CUBE-ALS 1.0.1
2024-06-21 18:32:05,072 [INFO] ThirdParty:1030 - CMSIS Pack Vendor :STMicroelectronics X-CUBE-BLEMGR 3.1.0
2024-06-21 18:32:05,072 [INFO] ThirdParty:1030 - CMSIS Pack Vendor :STMicroelectronics ThreadX 1.0.0
2024-06-21 18:32:05,072 [INFO] ThirdParty:1030 - CMSIS Pack Vendor :STMicroelectronics FP-SNS-SMARTAG2 1.2.0
2024-06-21 18:32:05,072 [INFO] ThirdParty:1030 - CMSIS Pack Vendor :STMicroelectronics X-CUBE-AZRTOS-WB 1.1.0
2024-06-21 18:32:05,072 [INFO] ThirdParty:1030 - CMSIS Pack Vendor :STMicroelectronics X-CUBE-AZRTOS-WL 2.0.0
2024-06-21 18:32:05,073 [INFO] ThirdParty:1030 - CMSIS Pack Vendor :SEGGER I-CUBE-embOS 1.3.1
2024-06-21 18:32:05,073 [INFO] ThirdParty:1030 - CMSIS Pack Vendor :STMicroelectronics X-CUBE-ALGOBUILD 1.4.0
2024-06-21 18:32:05,073 [INFO] ThirdParty:1030 - CMSIS Pack Vendor :STMicroelectronics FP-SNS-MOTENV1 5.0.0
2024-06-21 18:32:05,073 [INFO] ThirdParty:1030 - CMSIS Pack Vendor :STMicroelectronics USB_DEVICE 1.0.0
2024-06-21 18:32:05,073 [INFO] ThirdParty:1030 - CMSIS Pack Vendor :STMicroelectronics X-CUBE-AI 8.1.0
2024-06-21 18:32:05,073 [INFO] ThirdParty:1030 - CMSIS Pack Vendor :STMicroelectronics X-CUBE-AZRTOS-H7RS 1.0.0
2024-06-21 18:32:05,073 [INFO] ThirdParty:1030 - CMSIS Pack Vendor :STMicroelectronics X-CUBE-AZRTOS-L4 2.0.0
2024-06-21 18:32:05,074 [INFO] ThirdParty:1030 - CMSIS Pack Vendor :STMicroelectronics ThreadX 0.0.2
2024-06-21 18:32:05,074 [INFO] ThirdParty:1030 - CMSIS Pack Vendor :WES I-CUBE-Cesium 1.3.0
2024-06-21 18:32:05,074 [INFO] ThirdParty:1030 - CMSIS Pack Vendor :STMicroelectronics FP-ATR-ASTRA1 2.0.0
2024-06-21 18:32:05,074 [INFO] ThirdParty:1030 - CMSIS Pack Vendor :STMicroelectronics lwIP 2.1.2
2024-06-21 18:32:05,074 [INFO] ThirdParty:1030 - CMSIS Pack Vendor :STMicroelectronics X-CUBE-SFXS2LP1 4.0.0
2024-06-21 18:32:05,074 [INFO] ThirdParty:1030 - CMSIS Pack Vendor :STMicroelectronics X-CUBE-BLE2 3.3.0
2024-06-21 18:32:05,074 [INFO] ThirdParty:1030 - CMSIS Pack Vendor :STMicroelectronics X-CUBE-TOF1 3.4.1
2024-06-21 18:32:05,074 [INFO] ThirdParty:1030 - CMSIS Pack Vendor :STMicroelectronics X-CUBE-AZRTOS-H7 3.2.0
2024-06-21 18:32:05,075 [INFO] ThirdParty:1030 - CMSIS Pack Vendor :Infineon AIROC-Wi-Fi-Bluetooth-STM32 1.6.0
2024-06-21 18:32:05,075 [INFO] ThirdParty:1030 - CMSIS Pack Vendor :STMicroelectronics PDM2PCM 3.2.0
2024-06-21 18:32:05,075 [INFO] ThirdParty:841 - exiting critical section [change project]
2024-06-21 18:32:06,694 [INFO] PinOutPanel:1499 - setPackage(No Configuration,No Configuration)
2024-06-21 18:32:06,695 [INFO] PinOutPanel:1499 - setPackage(STM32L4A6ZGTx,LQFP144)
2024-06-21 18:32:07,868 [INFO] UtilMem:75 - Before build in PCC Used Memory: 744316720 Bytes (853540864)
2024-06-21 18:32:09,546 [INFO] UtilMem:75 - After build in PCC Used Memory: 699839072 Bytes (853540864)
2024-06-21 18:32:09,675 [INFO] IPUIPlugin:80 - create IPUIPlugin
2024-06-21 18:32:09,675 [INFO] IPUIPlugin:80 - create IPUIPlugin
2024-06-21 18:32:09,675 [INFO] IPUIPlugin:80 - create IPUIPlugin
2024-06-21 18:32:09,675 [INFO] IPUIPlugin:80 - create IPUIPlugin
2024-06-21 18:32:09,676 [INFO] IPUIPlugin:80 - create IPUIPlugin
2024-06-21 18:32:09,676 [INFO] IPUIPlugin:80 - create IPUIPlugin
2024-06-21 18:32:09,676 [INFO] IPUIPlugin:80 - create IPUIPlugin
2024-06-21 18:32:09,677 [INFO] IPUIPlugin:80 - create IPUIPlugin
2024-06-21 18:32:09,677 [INFO] IPUIPlugin:80 - create IPUIPlugin
2024-06-21 18:32:09,677 [INFO] IPUIPlugin:80 - create IPUIPlugin
2024-06-21 18:32:09,678 [INFO] IPUIPlugin:80 - create IPUIPlugin
2024-06-21 18:32:09,678 [INFO] IPUIPlugin:80 - create IPUIPlugin
2024-06-21 18:32:09,678 [INFO] IPUIPlugin:80 - create IPUIPlugin
2024-06-21 18:32:09,679 [INFO] IPUIPlugin:80 - create IPUIPlugin
2024-06-21 18:32:09,679 [INFO] IPUIPlugin:80 - create IPUIPlugin
2024-06-21 18:32:09,679 [INFO] IPUIPlugin:80 - create IPUIPlugin
2024-06-21 18:32:09,679 [INFO] IPUIPlugin:80 - create IPUIPlugin
2024-06-21 18:32:09,680 [INFO] IPUIPlugin:80 - create IPUIPlugin
2024-06-21 18:32:09,680 [INFO] IPUIPlugin:80 - create IPUIPlugin
2024-06-21 18:32:09,680 [INFO] IPUIPlugin:80 - create IPUIPlugin
2024-06-21 18:32:09,680 [INFO] IPUIPlugin:80 - create IPUIPlugin
2024-06-21 18:32:09,681 [INFO] IPUIPlugin:80 - create IPUIPlugin
2024-06-21 18:32:09,681 [INFO] IPUIPlugin:80 - create IPUIPlugin
2024-06-21 18:32:09,681 [INFO] IPUIPlugin:80 - create IPUIPlugin
2024-06-21 18:32:09,682 [INFO] IPUIPlugin:80 - create IPUIPlugin
2024-06-21 18:32:09,682 [INFO] IPUIPlugin:80 - create IPUIPlugin
2024-06-21 18:32:09,683 [INFO] IPUIPlugin:80 - create IPUIPlugin
2024-06-21 18:32:09,683 [INFO] IPUIPlugin:80 - create IPUIPlugin
2024-06-21 18:32:09,684 [INFO] IPUIPlugin:80 - create IPUIPlugin
2024-06-21 18:32:09,684 [INFO] IPUIPlugin:80 - create IPUIPlugin
2024-06-21 18:32:09,684 [INFO] IPUIPlugin:80 - create IPUIPlugin
2024-06-21 18:32:09,685 [INFO] IPUIPlugin:80 - create IPUIPlugin
2024-06-21 18:32:09,685 [INFO] IPUIPlugin:80 - create IPUIPlugin
2024-06-21 18:32:09,686 [INFO] IPUIPlugin:80 - create IPUIPlugin
2024-06-21 18:32:09,687 [INFO] IPUIPlugin:80 - create IPUIPlugin
2024-06-21 18:32:09,687 [INFO] IPUIPlugin:80 - create IPUIPlugin
2024-06-21 18:32:09,688 [INFO] IPUIPlugin:80 - create IPUIPlugin
2024-06-21 18:32:09,689 [INFO] IPUIPlugin:80 - create IPUIPlugin
2024-06-21 18:32:09,689 [INFO] IPUIPlugin:80 - create IPUIPlugin
2024-06-21 18:32:09,690 [INFO] IPUIPlugin:80 - create IPUIPlugin
2024-06-21 18:32:09,691 [INFO] IPUIPlugin:80 - create IPUIPlugin
2024-06-21 18:32:09,691 [INFO] IPUIPlugin:80 - create IPUIPlugin
2024-06-21 18:32:09,692 [INFO] IPUIPlugin:80 - create IPUIPlugin
2024-06-21 18:32:09,693 [INFO] IPUIPlugin:80 - create IPUIPlugin
2024-06-21 18:32:09,694 [INFO] IPUIPlugin:80 - create IPUIPlugin
2024-06-21 18:32:09,694 [INFO] IPUIPlugin:80 - create IPUIPlugin
2024-06-21 18:32:09,694 [INFO] IPUIPlugin:80 - create IPUIPlugin
2024-06-21 18:32:09,694 [INFO] IPUIPlugin:80 - create IPUIPlugin
2024-06-21 18:32:09,695 [INFO] IPUIPlugin:80 - create IPUIPlugin
2024-06-21 18:32:09,695 [INFO] IPUIPlugin:80 - create IPUIPlugin
2024-06-21 18:32:09,695 [INFO] IPUIPlugin:80 - create IPUIPlugin
2024-06-21 18:32:09,695 [INFO] IPUIPlugin:80 - create IPUIPlugin
2024-06-21 18:32:09,695 [INFO] IPUIPlugin:80 - create IPUIPlugin
2024-06-21 18:32:09,696 [INFO] IPUIPlugin:80 - create IPUIPlugin
2024-06-21 18:32:09,696 [INFO] IPUIPlugin:80 - create IPUIPlugin
2024-06-21 18:32:09,696 [INFO] IPUIPlugin:80 - create IPUIPlugin
2024-06-21 18:32:09,697 [INFO] IPUIPlugin:80 - create IPUIPlugin
2024-06-21 18:32:09,697 [INFO] IPUIPlugin:80 - create IPUIPlugin
2024-06-21 18:32:09,698 [INFO] IPUIPlugin:80 - create IPUIPlugin
2024-06-21 18:32:09,698 [INFO] IPUIPlugin:80 - create IPUIPlugin
2024-06-21 18:32:09,698 [INFO] IPUIPlugin:80 - create IPUIPlugin
2024-06-21 18:32:09,698 [INFO] IPUIPlugin:80 - create IPUIPlugin
2024-06-21 18:32:09,699 [INFO] IPUIPlugin:80 - create IPUIPlugin
2024-06-21 18:32:09,700 [INFO] IPUIPlugin:80 - create IPUIPlugin
2024-06-21 18:32:09,701 [INFO] IPUIPlugin:80 - create IPUIPlugin
2024-06-21 18:32:09,703 [INFO] IPUIPlugin:80 - create IPUIPlugin
2024-06-21 18:32:10,097 [INFO] CADModel:165 - CPN selected for project levelSTM32L4A6ZGT6
2024-06-21 18:32:10,097 [INFO] CADModel:114 - Register for checkConnection events
2024-06-21 18:32:10,188 [INFO] OpenFileManager:328 - Restore cursor
2024-06-21 18:32:11,965 [INFO] UtilMem:75 - End SaveConfig() Used Memory: 751725296 Bytes (853540864)
2024-06-21 18:32:12,209 [INFO] UtilMem:75 - End SaveConfig() Used Memory: 668052368 Bytes (853540864)
2024-06-21 18:32:13,453 [INFO] BlockDiagram:2759 - set Specific Code input for plugin: SYS
2024-06-21 18:32:13,453 [INFO] BlockDiagram:2759 - set Specific Code input for plugin: RCC
2024-06-21 18:32:13,453 [INFO] BlockDiagram:2759 - set Specific Code input for plugin: NVIC
2024-06-21 18:32:13,455 [INFO] BlockDiagram:2759 - set Specific Code input for plugin: GPIO
2024-06-21 18:32:13,456 [INFO] CodeGenerator:793 - code generatio: config db path: /opt/st/stm32cubeide_1.12.1/plugins/com.st.stm32cube.common.mx_6.8.1.202304191431//db/
2024-06-21 18:32:14,067 [INFO] CodeEngine:255 - oldGeneratedFile, /home/dnk066/Pratham/STM32_Training/Workspace/08_Power_Saving_Modes/abc/MXTmpFiles/license.tmp_save
2024-06-21 18:32:14,718 [INFO] CodeEngine:279 - Generated code: /home/dnk066/Pratham/STM32_Training/Workspace/08_Power_Saving_Modes/abc/MXTmpFiles/license.tmp
2024-06-21 18:32:15,017 [INFO] CodeEngine:255 - oldGeneratedFile, /home/dnk066/Pratham/STM32_Training/Workspace/08_Power_Saving_Modes/abc/MXTmpFiles/gpio.tmp_save
2024-06-21 18:32:15,209 [INFO] CodeEngine:279 - Generated code: /home/dnk066/Pratham/STM32_Training/Workspace/08_Power_Saving_Modes/abc/MXTmpFiles/gpio.tmp
2024-06-21 18:32:15,382 [INFO] CodeEngine:255 - oldGeneratedFile, /home/dnk066/Pratham/STM32_Training/Workspace/08_Power_Saving_Modes/abc/Core/Src/stm32l4xx_it.c_save
2024-06-21 18:32:15,587 [INFO] CodeEngine:279 - Generated code: /home/dnk066/Pratham/STM32_Training/Workspace/08_Power_Saving_Modes/abc/Core/Src/stm32l4xx_it.c
2024-06-21 18:32:15,589 [INFO] CodeEngine:255 - oldGeneratedFile, /home/dnk066/Pratham/STM32_Training/Workspace/08_Power_Saving_Modes/abc/Core/Inc/stm32l4xx_it.h_save
2024-06-21 18:32:15,767 [INFO] CodeEngine:279 - Generated code: /home/dnk066/Pratham/STM32_Training/Workspace/08_Power_Saving_Modes/abc/Core/Inc/stm32l4xx_it.h
2024-06-21 18:32:15,777 [INFO] CodeEngine:255 - oldGeneratedFile, /home/dnk066/Pratham/STM32_Training/Workspace/08_Power_Saving_Modes/abc/Core/Src/stm32l4xx_hal_msp.c_save
2024-06-21 18:32:16,062 [INFO] CodeEngine:279 - Generated code: /home/dnk066/Pratham/STM32_Training/Workspace/08_Power_Saving_Modes/abc/Core/Src/stm32l4xx_hal_msp.c
2024-06-21 18:32:16,065 [INFO] CodeEngine:255 - oldGeneratedFile, /home/dnk066/Pratham/STM32_Training/Workspace/08_Power_Saving_Modes/abc/MXTmpFiles/system.tmp_save
2024-06-21 18:32:16,245 [INFO] CodeEngine:279 - Generated code: /home/dnk066/Pratham/STM32_Training/Workspace/08_Power_Saving_Modes/abc/MXTmpFiles/system.tmp
2024-06-21 18:32:16,251 [INFO] CodeEngine:311 - oldGeneratedFile, /home/dnk066/Pratham/STM32_Training/Workspace/08_Power_Saving_Modes/abc/Core/Inc/stm32l4xx_hal_conf.h_save
2024-06-21 18:32:16,431 [INFO] CodeEngine:335 - Generated code: /home/dnk066/Pratham/STM32_Training/Workspace/08_Power_Saving_Modes/abc/Core/Inc/stm32l4xx_hal_conf.h
2024-06-21 18:32:16,547 [INFO] CodeEngine:255 - oldGeneratedFile, /home/dnk066/Pratham/STM32_Training/Workspace/08_Power_Saving_Modes/abc/Core/Inc/main.h_save
2024-06-21 18:32:16,792 [INFO] CodeEngine:279 - Generated code: /home/dnk066/Pratham/STM32_Training/Workspace/08_Power_Saving_Modes/abc/Core/Inc/main.h
2024-06-21 18:32:16,796 [INFO] CodeEngine:255 - oldGeneratedFile, /home/dnk066/Pratham/STM32_Training/Workspace/08_Power_Saving_Modes/abc/Core/Src/main.c_save
2024-06-21 18:32:17,094 [INFO] CodeEngine:279 - Generated code: /home/dnk066/Pratham/STM32_Training/Workspace/08_Power_Saving_Modes/abc/Core/Src/main.c
2024-06-21 18:32:19,242 [INFO] ProjectBuilder:2996 - Time for Copy HAL[1] : 173mS.
2024-06-21 18:32:19,276 [INFO] ProjectBuilder:4304 - Project Generator version: 3.19.2
2024-06-21 18:32:20,113 [INFO] ConfigFileManager:1483 - The Die is : DIE461
2024-06-21 18:32:20,138 [INFO] ApiDbMcu:507 - Load IP Config File for FATFS
2024-06-21 18:32:20,163 [INFO] ApiDbMcu:507 - Load IP Config File for FREERTOS
2024-06-21 18:32:20,331 [INFO] ApiDbMcu:507 - Load IP Config File for TOUCHSENSING
2024-06-21 18:32:20,353 [INFO] ApiDbMcu:507 - Load IP Config File for USB_DEVICE
2024-06-21 18:32:20,365 [INFO] ApiDbMcu:507 - Load IP Config File for USB_HOST
2024-06-21 18:32:22,357 [INFO] LogOutputStream:77 - [STDOUT_REDIRECT] 
2024-06-21 18:32:29,025 [INFO] ProjectBuilder:4505 - Time for Generating toolchain IDE Files: 9744mS.
2024-06-21 18:32:29,027 [INFO] ProjectBuilder:2867 - Time for Copy CMSIS : 1mS.
2024-06-21 18:32:29,029 [INFO] ProjectBuilder:2867 - Time for Copy CMSIS : 0mS.
2024-06-21 18:32:30,149 [INFO] McuFinderGlobals:66 - Set McuFinderConnectedMode to true
2024-06-21 18:32:30,178 [INFO] ApiDb:448 - Save user favorites file /home/dnk066/.stm32cubeide/favorites.mcus.txt: 0 item(s)
2024-06-21 18:32:30,179 [INFO] ApiDb:452 - User favorites MCUs=[]
2024-06-21 18:32:30,184 [INFO] ApiDb:448 - Save user favorites file /home/dnk066/.stm32cubeide/favorites.boards.txt: 5 item(s)
2024-06-21 18:32:30,185 [INFO] ApiDb:452 - User favorites Boards=[NUCLEO-L496ZG-P, NUCLEO-L4A6ZG, NUCLEO-L4R5ZI, STM32L152C-DISCO, STM32L476G-DISCO]
2024-06-21 18:32:40,807 [ERROR] LogOutputStream:75 - [STDERR_REDIRECT] [Fatal Error] :1:1: Premature end of file.
2024-06-21 18:32:40,807 [ERROR] LogOutputStream:75 - [STDERR_REDIRECT] 
2024-06-21 18:33:56,453 [INFO] Activator:176 - 


2024-06-21 18:33:56,457 [INFO] Activator:177 - !SESSION log4j initialized
2024-06-21 18:34:00,541 [INFO] LogOutputStream:77 - [STDOUT_REDIRECT] 
2024-06-21 18:34:22,183 [ERROR] LogOutputStream:75 - [STDERR_REDIRECT] SLF4J: Failed to load class "org.slf4j.impl.StaticLoggerBinder".
2024-06-21 18:34:22,184 [ERROR] LogOutputStream:75 - [STDERR_REDIRECT] SLF4J: Defaulting to no-operation (NOP) logger implementation
2024-06-21 18:34:22,185 [ERROR] LogOutputStream:75 - [STDERR_REDIRECT] SLF4J: See http://www.slf4j.org/codes.html#StaticLoggerBinder for further details.
2024-06-21 18:34:35,689 [ERROR] LogOutputStream:75 - [STDERR_REDIRECT] [Fatal Error] :1:1: Premature end of file.
2024-06-21 18:34:35,690 [ERROR] LogOutputStream:75 - [STDERR_REDIRECT] 
2024-06-21 18:39:57,987 [ERROR] LogOutputStream:75 - [STDERR_REDIRECT] [Fatal Error] :1:1: Premature end of file.
2024-06-21 18:39:57,988 [ERROR] LogOutputStream:75 - [STDERR_REDIRECT] 
2024-06-21 23:59:16,186 [ERROR] LogOutputStream:75 - [STDERR_REDIRECT] Jun 21, 2024 11:59:15 PM java.util.prefs.FileSystemPreferences syncWorld
2024-06-21 23:59:16,241 [ERROR] LogOutputStream:75 - [STDERR_REDIRECT] WARNING: Couldn't flush user prefs: java.util.prefs.BackingStoreException: Couldn't get file lock.
2024-06-21 23:59:16,242 [ERROR] LogOutputStream:75 - [STDERR_REDIRECT] 
