2024-05-03 17:56:48,460 [INFO] Activator:176 - 


2024-05-03 17:56:48,465 [INFO] Activator:177 - !SESSION log4j initialized
2024-05-03 17:56:52,547 [INFO] LogOutputStream:77 - [STDOUT_REDIRECT] 
2024-05-03 17:56:58,614 [INFO] ApplicationProperties:184 - Using Application install path: /opt/st/stm32cubeide_1.12.1/plugins/com.st.stm32cube.common.mx_6.8.1.202304191431
2024-05-03 17:56:58,646 [INFO] DbMcusXml:78 - Set database path to: /opt/st/stm32cubeide_1.12.1/plugins/com.st.stm32cube.common.mx_6.8.1.202304191431//db//mcu/
2024-05-03 17:56:58,647 [INFO] ApiDb:274 - Set plugin database path to: /opt/st/stm32cubeide_1.12.1/plugins/com.st.stm32cube.common.mx_6.8.1.202304191431//db//plugins/boardmanager/
2024-05-03 17:56:58,651 [WARN] ApiDb:259 - Overriding images path with different value:  => /opt/st/stm32cubeide_1.12.1/plugins/com.st.stm32cube.common.mx_6.8.1.202304191431//db//plugins/mcufinder/images/
2024-05-03 17:56:58,680 [INFO] ApiDb:250 - Set database path to: /home/dnk066/.stmcufinder/plugins/mcufinder//mcu/
2024-05-03 17:56:58,682 [INFO] DbMcusAds:125 - Set database path to: /home/dnk066/.stmcufinder/plugins/mcufinder//mcu/
2024-05-03 17:56:58,750 [INFO] CrossReferenceDbSqlite:203 - Set database path to: /home/dnk066/.stmcufinder/plugins/mcufinder//mcu/cs/
2024-05-03 17:56:58,941 [INFO] RulesReader:64 - Compatibility file has been processed (293 Rules)
2024-05-03 17:56:59,053 [INFO] DbMcusXml:78 - Set database path to: /opt/st/stm32cubeide_1.12.1/plugins/com.st.stm32cube.common.mx_6.8.1.202304191431//db//mcu/
2024-05-03 17:56:59,054 [INFO] ApiDb:274 - Set plugin database path to: /opt/st/stm32cubeide_1.12.1/plugins/com.st.stm32cube.common.mx_6.8.1.202304191431//db//plugins/boardmanager/
2024-05-03 17:56:59,054 [INFO] ApiDb:261 - Set plugin images path to: /opt/st/stm32cubeide_1.12.1/plugins/com.st.stm32cube.common.mx_6.8.1.202304191431//db//plugins/mcufinder/images/
2024-05-03 17:56:59,054 [WARN] DbFile:41 - Overriding database path with different value: /home/dnk066/.stmcufinder/plugins/mcufinder/ => /home/dnk066/.stmcufinder/plugins/mcufinder
2024-05-03 17:56:59,055 [INFO] ApiDb:250 - Set database path to: /home/dnk066/.stmcufinder/plugins/mcufinder//mcu/
2024-05-03 17:56:59,055 [WARN] DbFile:41 - Overriding database path with different value: /home/dnk066/.stmcufinder/plugins/mcufinder/ => /home/dnk066/.stmcufinder/plugins/mcufinder
2024-05-03 17:56:59,055 [INFO] DbMcusAds:125 - Set database path to: /home/dnk066/.stmcufinder/plugins/mcufinder//mcu/
2024-05-03 17:56:59,055 [WARN] DbFile:41 - Overriding database path with different value: /home/dnk066/.stmcufinder/plugins/mcufinder/ => /home/dnk066/.stmcufinder/plugins/mcufinder
2024-05-03 17:56:59,055 [WARN] DbFile:41 - Overriding database path with different value: /home/dnk066/.stmcufinder/plugins/mcufinder/ => /home/dnk066/.stmcufinder/plugins/mcufinder
2024-05-03 17:56:59,118 [INFO] CrossReferenceDbSqlite:203 - Set database path to: /home/dnk066/.stmcufinder/plugins/mcufinder//mcu/cs/
2024-05-03 17:56:59,242 [INFO] MainPanel:253 - HeapMemory: 268435456
2024-05-03 17:56:59,591 [INFO] DbMcusXml:78 - Set database path to: /opt/st/stm32cubeide_1.12.1/plugins/com.st.stm32cube.common.mx_6.8.1.202304191431//db//mcu/
2024-05-03 17:56:59,592 [INFO] ApiDb:274 - Set plugin database path to: /opt/st/stm32cubeide_1.12.1/plugins/com.st.stm32cube.common.mx_6.8.1.202304191431//db//plugins/boardmanager/
2024-05-03 17:56:59,592 [INFO] ApiDb:261 - Set plugin images path to: /opt/st/stm32cubeide_1.12.1/plugins/com.st.stm32cube.common.mx_6.8.1.202304191431//db//plugins/mcufinder/images/
2024-05-03 17:56:59,594 [WARN] DbFile:41 - Overriding database path with different value: /home/dnk066/.stmcufinder/plugins/mcufinder/ => /home/dnk066/.stmcufinder/plugins/mcufinder
2024-05-03 17:56:59,594 [INFO] ApiDb:250 - Set database path to: /home/dnk066/.stmcufinder/plugins/mcufinder//mcu/
2024-05-03 17:56:59,594 [WARN] DbFile:41 - Overriding database path with different value: /home/dnk066/.stmcufinder/plugins/mcufinder/ => /home/dnk066/.stmcufinder/plugins/mcufinder
2024-05-03 17:56:59,595 [INFO] DbMcusAds:125 - Set database path to: /home/dnk066/.stmcufinder/plugins/mcufinder//mcu/
2024-05-03 17:56:59,595 [WARN] DbFile:41 - Overriding database path with different value: /home/dnk066/.stmcufinder/plugins/mcufinder/ => /home/dnk066/.stmcufinder/plugins/mcufinder
2024-05-03 17:56:59,595 [WARN] DbFile:41 - Overriding database path with different value: /home/dnk066/.stmcufinder/plugins/mcufinder/ => /home/dnk066/.stmcufinder/plugins/mcufinder
2024-05-03 17:56:59,659 [INFO] CrossReferenceDbSqlite:203 - Set database path to: /home/dnk066/.stmcufinder/plugins/mcufinder//mcu/cs/
2024-05-03 17:56:59,695 [INFO] ApplicationProperties:184 - Using Application install path: /opt/st/stm32cubeide_1.12.1/plugins/com.st.stm32cube.common.mx_6.8.1.202304191431
2024-05-03 17:56:59,698 [INFO] PluginManage:196 - Search for loadable plugins [exclusion list=, ]
2024-05-03 17:56:59,701 [INFO] PluginManage:310 - Check plugin analytics
2024-05-03 17:57:00,030 [INFO] AnalyticsPlugin:253 - Accepted Software Licenses: 
2024-05-03 17:57:00,031 [INFO] AnalyticsPlugin:255 - Accepted CMSIS Pack Licenses: 
2024-05-03 17:57:00,031 [INFO] AnalyticsPlugin:257 - Accepted Firmware Licenses: FW.WL.1.3.0
2024-05-03 17:57:00,047 [INFO] PluginManage:359 - Loaded plugin analytics (category:tool,tabindex:-1)
2024-05-03 17:57:00,048 [INFO] PluginManage:310 - Check plugin cadmodel
2024-05-03 17:57:00,116 [INFO] CADModel:105 - Init CAD model plugin
2024-05-03 17:57:00,116 [INFO] PluginManage:359 - Loaded plugin cadmodel (category:power,tabindex:5)
2024-05-03 17:57:00,116 [INFO] PluginManage:310 - Check plugin clock
2024-05-03 17:57:00,133 [INFO] PluginManage:359 - Loaded plugin clock (category:base,tabindex:2)
2024-05-03 17:57:00,133 [INFO] PluginManage:310 - Check plugin ddr
2024-05-03 17:57:00,138 [INFO] PluginManage:359 - Loaded plugin ddr (category:tool,tabindex:6)
2024-05-03 17:57:00,138 [INFO] PluginManage:310 - Check plugin filemanager
2024-05-03 17:57:00,418 [INFO] PluginManage:359 - Loaded plugin filemanager (category:base,tabindex:10)
2024-05-03 17:57:00,419 [INFO] PluginManage:310 - Check plugin ipmanager
2024-05-03 17:57:00,430 [INFO] PluginManage:359 - Loaded plugin ipmanager (category:base,tabindex:5)
2024-05-03 17:57:00,431 [INFO] PluginManage:310 - Check plugin lpbam
2024-05-03 17:57:00,450 [INFO] PluginManage:359 - Loaded plugin lpbam (category:base,tabindex:0)
2024-05-03 17:57:00,451 [INFO] PluginManage:310 - Check plugin pinoutandconfiguration
2024-05-03 17:57:00,464 [INFO] PluginManage:359 - Loaded plugin pinoutandconfiguration (category:base,tabindex:1)
2024-05-03 17:57:00,464 [INFO] PluginManage:310 - Check plugin pinoutconfig
2024-05-03 17:57:00,599 [WARN] SupportedApi:132 - Cannot load RTOS API schema: s4s-elt-must-match.1: The content of 'definitions' must match (annotation?, (simpleType | complexType)?, (unique | key | keyref)*)). A problem was found starting at: attribute.
2024-05-03 17:57:00,845 [INFO] PluginManage:359 - Loaded plugin pinoutconfig (category:base,tabindex:0)
2024-05-03 17:57:00,846 [INFO] PluginManage:310 - Check plugin power
2024-05-03 17:57:00,865 [INFO] PluginManage:359 - Loaded plugin power (category:power,tabindex:4)
2024-05-03 17:57:00,866 [INFO] PluginManage:310 - Check plugin projectmanager
2024-05-03 17:57:00,890 [INFO] PluginManage:359 - Loaded plugin projectmanager (category:projectmanager,tabindex:3)
2024-05-03 17:57:00,891 [INFO] PluginManage:310 - Check plugin thirdparty
2024-05-03 17:57:01,109 [INFO] PluginManage:359 - Loaded plugin thirdparty (category:base,tabindex:-1)
2024-05-03 17:57:01,108 [WARN] IntegrityCheckThread:84 - waiting for thirdparty lock release [integrity check]
2024-05-03 17:57:01,109 [INFO] PluginManage:310 - Check plugin tools
2024-05-03 17:57:01,109 [INFO] IntegrityCheckThread:86 - entering critical section [integrity check]
2024-05-03 17:57:01,113 [INFO] ThirdPartyUpdaterWithRetryManager:70 - Updater plugin not ready yet. [1/15]
2024-05-03 17:57:01,113 [INFO] PluginManage:359 - Loaded plugin tools (category:base,tabindex:7)
2024-05-03 17:57:01,114 [INFO] PluginManage:310 - Check plugin tutovideos
2024-05-03 17:57:01,480 [INFO] PluginManage:359 - Loaded plugin tutovideos (category:base,tabindex:-1)
2024-05-03 17:57:01,480 [INFO] PluginManage:310 - Check plugin updater
2024-05-03 17:57:01,521 [INFO] PluginManage:359 - Loaded plugin updater (category:base,tabindex:12)
2024-05-03 17:57:01,522 [INFO] PluginManage:283 - PluginManage : Loaded plugins [15]
2024-05-03 17:57:01,889 [INFO] PinOutPanel:1499 - setPackage(No Configuration,No Configuration)
2024-05-03 17:57:01,977 [INFO] CADModel:165 - CPN selected for project level
2024-05-03 17:57:01,978 [INFO] CADModel:114 - Register for checkConnection events
2024-05-03 17:57:01,999 [INFO] IPUIPlugin:80 - create IPUIPlugin
2024-05-03 17:57:02,000 [INFO] PluginManager:220 - loadIPPluginJar : add lorawan
2024-05-03 17:57:02,011 [INFO] IPUIPlugin:80 - create IPUIPlugin
2024-05-03 17:57:02,011 [INFO] PluginManager:220 - loadIPPluginJar : add mdma
2024-05-03 17:57:02,016 [INFO] IPUIPlugin:80 - create IPUIPlugin
2024-05-03 17:57:02,017 [INFO] PluginManager:220 - loadIPPluginJar : add usart
2024-05-03 17:57:02,021 [INFO] IPUIPlugin:80 - create IPUIPlugin
2024-05-03 17:57:02,021 [INFO] PluginManager:220 - loadIPPluginJar : add i2s
2024-05-03 17:57:02,024 [INFO] IPUIPlugin:80 - create IPUIPlugin
2024-05-03 17:57:02,025 [INFO] PluginManager:220 - loadIPPluginJar : add tim
2024-05-03 17:57:02,029 [INFO] IPUIPlugin:80 - create IPUIPlugin
2024-05-03 17:57:02,030 [INFO] PluginManager:220 - loadIPPluginJar : add gtzc
2024-05-03 17:57:02,041 [INFO] IPUIPlugin:80 - create IPUIPlugin
2024-05-03 17:57:02,041 [INFO] PluginManager:220 - loadIPPluginJar : add dma
2024-05-03 17:57:02,046 [INFO] IPUIPlugin:80 - create IPUIPlugin
2024-05-03 17:57:02,046 [INFO] PluginManager:220 - loadIPPluginJar : add gfxmmu
2024-05-03 17:57:02,052 [INFO] IPUIPlugin:80 - create IPUIPlugin
2024-05-03 17:57:02,052 [INFO] PluginManager:220 - loadIPPluginJar : add nvic
2024-05-03 17:57:02,056 [INFO] IPUIPlugin:80 - create IPUIPlugin
2024-05-03 17:57:02,056 [INFO] PluginManager:220 - loadIPPluginJar : add hash
2024-05-03 17:57:02,059 [INFO] IPUIPlugin:80 - create IPUIPlugin
2024-05-03 17:57:02,060 [INFO] PluginManager:220 - loadIPPluginJar : add tracer_emb
2024-05-03 17:57:02,064 [INFO] IPUIPlugin:80 - create IPUIPlugin
2024-05-03 17:57:02,064 [INFO] PluginManager:220 - loadIPPluginJar : add i2c
2024-05-03 17:57:02,071 [INFO] IPUIPlugin:80 - create IPUIPlugin
2024-05-03 17:57:02,072 [INFO] PluginManager:220 - loadIPPluginJar : add gpio
2024-05-03 17:57:02,077 [INFO] IPUIPlugin:80 - create IPUIPlugin
2024-05-03 17:57:02,077 [INFO] PluginManager:220 - loadIPPluginJar : add touchsensing
2024-05-03 17:57:02,087 [INFO] IPUIPlugin:80 - create IPUIPlugin
2024-05-03 17:57:02,088 [INFO] PluginManager:220 - loadIPPluginJar : add freertos
2024-05-03 17:57:02,090 [INFO] IPUIPlugin:80 - create IPUIPlugin
2024-05-03 17:57:02,090 [INFO] PluginManager:220 - loadIPPluginJar : add comp
2024-05-03 17:57:02,094 [INFO] IPUIPlugin:80 - create IPUIPlugin
2024-05-03 17:57:02,094 [INFO] PluginManager:220 - loadIPPluginJar : add cryp
2024-05-03 17:57:02,100 [INFO] IPUIPlugin:80 - create IPUIPlugin
2024-05-03 17:57:02,100 [INFO] PluginManager:220 - loadIPPluginJar : add ipddr
2024-05-03 17:57:02,110 [INFO] IPUIPlugin:80 - create IPUIPlugin
2024-05-03 17:57:02,110 [INFO] PluginManager:220 - loadIPPluginJar : add stm32_wpan
2024-05-03 17:57:02,113 [INFO] IPUIPlugin:80 - create IPUIPlugin
2024-05-03 17:57:02,113 [INFO] PluginManager:220 - loadIPPluginJar : add quadspi
2024-05-03 17:57:02,124 [INFO] IPUIPlugin:80 - create IPUIPlugin
2024-05-03 17:57:02,124 [INFO] PluginManager:220 - loadIPPluginJar : add adc
2024-05-03 17:57:02,127 [INFO] IPUIPlugin:80 - create IPUIPlugin
2024-05-03 17:57:02,127 [INFO] PluginManager:220 - loadIPPluginJar : add fatfs
2024-05-03 17:57:02,131 [INFO] IPUIPlugin:80 - create IPUIPlugin
2024-05-03 17:57:02,131 [INFO] PluginManager:220 - loadIPPluginJar : add ts
2024-05-03 17:57:02,141 [INFO] IPUIPlugin:80 - create IPUIPlugin
2024-05-03 17:57:02,142 [INFO] PluginManager:220 - loadIPPluginJar : add gic
2024-05-03 17:57:02,145 [INFO] IPUIPlugin:80 - create IPUIPlugin
2024-05-03 17:57:02,145 [INFO] PluginManager:220 - loadIPPluginJar : add genericplugin
2024-05-03 17:57:02,150 [INFO] IPUIPlugin:80 - create IPUIPlugin
2024-05-03 17:57:02,151 [INFO] PluginManager:220 - loadIPPluginJar : add usbx
2024-05-03 17:57:02,156 [INFO] IPUIPlugin:80 - create IPUIPlugin
2024-05-03 17:57:02,156 [INFO] PluginManager:220 - loadIPPluginJar : add pdm2pcm
2024-05-03 17:57:02,160 [INFO] IPUIPlugin:80 - create IPUIPlugin
2024-05-03 17:57:02,161 [INFO] PluginManager:220 - loadIPPluginJar : add dma3
2024-05-03 17:57:02,170 [INFO] IPUIPlugin:80 - create IPUIPlugin
2024-05-03 17:57:02,170 [INFO] PluginManager:220 - loadIPPluginJar : add fmc
2024-05-03 17:57:02,178 [INFO] IPUIPlugin:80 - create IPUIPlugin
2024-05-03 17:57:02,178 [INFO] PluginManager:220 - loadIPPluginJar : add dfsdm
2024-05-03 17:57:02,189 [INFO] IPUIPlugin:80 - create IPUIPlugin
2024-05-03 17:57:02,194 [INFO] PluginManager:220 - loadIPPluginJar : add plateformsettings
2024-05-03 17:57:02,199 [INFO] IPUIPlugin:80 - create IPUIPlugin
2024-05-03 17:57:02,200 [INFO] PluginManager:220 - loadIPPluginJar : add spi
2024-05-03 17:57:02,205 [INFO] IPUIPlugin:80 - create IPUIPlugin
2024-05-03 17:57:02,205 [INFO] PluginManager:220 - loadIPPluginJar : add i3c
2024-05-03 17:57:02,210 [INFO] IPUIPlugin:80 - create IPUIPlugin
2024-05-03 17:57:02,210 [INFO] PluginManager:220 - loadIPPluginJar : add aes
2024-05-03 17:57:02,216 [INFO] IPUIPlugin:80 - create IPUIPlugin
2024-05-03 17:57:02,216 [INFO] PluginManager:220 - loadIPPluginJar : add resmgrutility
2024-05-03 17:57:02,222 [INFO] IPUIPlugin:80 - create IPUIPlugin
2024-05-03 17:57:02,222 [INFO] PluginManager:220 - loadIPPluginJar : add openamp
2024-05-03 17:57:02,224 [INFO] IPUIPlugin:80 - create IPUIPlugin
2024-05-03 17:57:02,225 [INFO] PluginManager:220 - loadIPPluginJar : add ltdc
2024-05-03 17:57:02,231 [INFO] IPUIPlugin:80 - create IPUIPlugin
2024-05-03 17:57:02,232 [INFO] PluginManager:220 - loadIPPluginJar : add sai
2024-05-03 17:57:02,237 [INFO] IPUIPlugin:80 - create IPUIPlugin
2024-05-03 17:57:02,238 [INFO] PluginManager:220 - loadIPPluginJar : add opamp
2024-05-03 17:57:02,241 [INFO] IPUIPlugin:80 - create IPUIPlugin
2024-05-03 17:57:02,241 [INFO] PluginManager:220 - loadIPPluginJar : add tsc
2024-05-03 17:57:02,244 [INFO] IPUIPlugin:80 - create IPUIPlugin
2024-05-03 17:57:02,245 [INFO] PluginManager:220 - loadIPPluginJar : add ucpd
2024-05-03 17:57:02,250 [INFO] IPUIPlugin:80 - create IPUIPlugin
2024-05-03 17:57:02,250 [INFO] PluginManager:220 - loadIPPluginJar : add can
2024-05-03 17:57:02,262 [INFO] IPUIPlugin:80 - create IPUIPlugin
2024-05-03 17:57:02,262 [INFO] PluginManager:220 - loadIPPluginJar : add linkedlist
2024-05-03 17:57:02,440 [INFO] CADModel:165 - CPN selected for project level
2024-05-03 17:57:02,440 [INFO] CADModel:114 - Register for checkConnection events
2024-05-03 17:57:02,441 [FATAL] Updater:308 - Updater called before beeing initialized
2024-05-03 17:57:02,441 [ERROR] CADModel:125 - Updater not yet initialized, retry later 
2024-05-03 17:57:02,683 [INFO] CADModel:165 - CPN selected for project level
2024-05-03 17:57:02,683 [INFO] CADModel:114 - Register for checkConnection events
2024-05-03 17:57:02,684 [FATAL] Updater:308 - Updater called before beeing initialized
2024-05-03 17:57:02,684 [ERROR] CADModel:125 - Updater not yet initialized, retry later 
2024-05-03 17:57:02,689 [FATAL] Updater:308 - Updater called before beeing initialized
2024-05-03 17:57:02,847 [FATAL] Updater:308 - Updater called before beeing initialized
2024-05-03 17:57:02,858 [INFO] DbMcusAds:53 - JSON generation date=Thu May 02 14:07:29 IST 2024 (1714639049318)
2024-05-03 17:57:02,858 [FATAL] Updater:308 - Updater called before beeing initialized
2024-05-03 17:57:02,921 [WARN] DetailPanel:346 - Failed to get advertising image, set to default
2024-05-03 17:57:03,085 [FATAL] Updater:308 - Updater called before beeing initialized
2024-05-03 17:57:03,088 [FATAL] Updater:308 - Updater called before beeing initialized
2024-05-03 17:57:03,089 [FATAL] Updater:308 - Updater called before beeing initialized
2024-05-03 17:57:03,089 [WARN] DetailPanel:346 - Failed to get advertising image, set to default
2024-05-03 17:57:03,090 [FATAL] Updater:308 - Updater called before beeing initialized
2024-05-03 17:57:03,164 [ERROR] Updater:1120 - MainUpdater not yet initialized. External WinMGr cannot be set.
2024-05-03 17:57:03,168 [INFO] Updater:1056 - Updater Version found : 6.8.1
2024-05-03 17:57:03,202 [INFO] ApplicationProperties:184 - Using Application install path: /opt/st/stm32cubeide_1.12.1/plugins/com.st.stm32cube.common.mx_6.8.1.202304191431
2024-05-03 17:57:03,442 [INFO] MainUpdater:2854 - connection check result : 10
2024-05-03 17:57:03,444 [INFO] MainUpdater:283 - Updater Check For Update Now.
2024-05-03 17:57:03,445 [INFO] MicroXplorer:498 - Change Database Version : DB.6.0.81
2024-05-03 17:57:03,753 [INFO] CheckServerUpdateThread:120 - End of CheckServer Thread
2024-05-03 17:57:03,889 [INFO] MainUpdater:2854 - connection check result : 10
2024-05-03 17:57:03,892 [INFO] McuFinderGlobals:66 - Set McuFinderConnectedMode to true
2024-05-03 17:57:04,114 [WARN] MainUpdater:1187 - Updater busy. Cannot search thirdparties
2024-05-03 17:57:04,115 [INFO] ThirdPartyUpdaterWithRetryManager:96 - Updater plugin is busy. [1/15]
2024-05-03 17:57:04,161 [INFO] ServerAccessManage:473 - Download File mcusAds.json._tmp_
2024-05-03 17:57:04,278 [INFO] LoadUrlFilesThread:156 - End of LoadUrlFiles Thread
2024-05-03 17:57:04,510 [INFO] ServerAccessManage:473 - Download File cube-finder-db.zip
2024-05-03 17:57:07,115 [WARN] MainUpdater:1187 - Updater busy. Cannot search thirdparties
2024-05-03 17:57:07,116 [INFO] ThirdPartyUpdaterWithRetryManager:96 - Updater plugin is busy. [2/15]
2024-05-03 17:57:10,116 [WARN] MainUpdater:1187 - Updater busy. Cannot search thirdparties
2024-05-03 17:57:10,117 [INFO] ThirdPartyUpdaterWithRetryManager:96 - Updater plugin is busy. [3/15]
2024-05-03 17:57:13,118 [WARN] MainUpdater:1187 - Updater busy. Cannot search thirdparties
2024-05-03 17:57:13,118 [INFO] ThirdPartyUpdaterWithRetryManager:96 - Updater plugin is busy. [4/15]
2024-05-03 17:57:16,119 [WARN] MainUpdater:1187 - Updater busy. Cannot search thirdparties
2024-05-03 17:57:16,119 [INFO] ThirdPartyUpdaterWithRetryManager:96 - Updater plugin is busy. [5/15]
2024-05-03 17:57:16,885 [ERROR] LogOutputStream:75 - [STDERR_REDIRECT] SLF4J: Failed to load class "org.slf4j.impl.StaticLoggerBinder".
2024-05-03 17:57:16,886 [ERROR] LogOutputStream:75 - [STDERR_REDIRECT] SLF4J: Defaulting to no-operation (NOP) logger implementation
2024-05-03 17:57:16,887 [ERROR] LogOutputStream:75 - [STDERR_REDIRECT] SLF4J: See http://www.slf4j.org/codes.html#StaticLoggerBinder for further details.
2024-05-03 17:57:19,120 [WARN] MainUpdater:1187 - Updater busy. Cannot search thirdparties
2024-05-03 17:57:19,120 [INFO] ThirdPartyUpdaterWithRetryManager:96 - Updater plugin is busy. [6/15]
2024-05-03 17:57:22,121 [WARN] MainUpdater:1187 - Updater busy. Cannot search thirdparties
2024-05-03 17:57:22,121 [INFO] ThirdPartyUpdaterWithRetryManager:96 - Updater plugin is busy. [7/15]
2024-05-03 17:57:25,122 [WARN] MainUpdater:1187 - Updater busy. Cannot search thirdparties
2024-05-03 17:57:25,122 [INFO] ThirdPartyUpdaterWithRetryManager:96 - Updater plugin is busy. [8/15]
2024-05-03 17:57:28,123 [WARN] MainUpdater:1187 - Updater busy. Cannot search thirdparties
2024-05-03 17:57:28,123 [INFO] ThirdPartyUpdaterWithRetryManager:96 - Updater plugin is busy. [9/15]
2024-05-03 17:57:31,124 [WARN] MainUpdater:1187 - Updater busy. Cannot search thirdparties
2024-05-03 17:57:31,124 [INFO] ThirdPartyUpdaterWithRetryManager:96 - Updater plugin is busy. [10/15]
2024-05-03 17:57:34,125 [WARN] MainUpdater:1187 - Updater busy. Cannot search thirdparties
2024-05-03 17:57:34,126 [INFO] ThirdPartyUpdaterWithRetryManager:96 - Updater plugin is busy. [11/15]
2024-05-03 17:57:37,126 [WARN] MainUpdater:1187 - Updater busy. Cannot search thirdparties
2024-05-03 17:57:37,127 [INFO] ThirdPartyUpdaterWithRetryManager:96 - Updater plugin is busy. [12/15]
2024-05-03 17:57:40,129 [WARN] MainUpdater:1187 - Updater busy. Cannot search thirdparties
2024-05-03 17:57:40,129 [INFO] ThirdPartyUpdaterWithRetryManager:96 - Updater plugin is busy. [13/15]
2024-05-03 17:57:43,130 [WARN] MainUpdater:1187 - Updater busy. Cannot search thirdparties
2024-05-03 17:57:43,130 [INFO] ThirdPartyUpdaterWithRetryManager:96 - Updater plugin is busy. [14/15]
2024-05-03 17:57:46,131 [WARN] MainUpdater:1187 - Updater busy. Cannot search thirdparties
2024-05-03 17:57:46,131 [INFO] ThirdPartyUpdaterWithRetryManager:96 - Updater plugin is busy. [15/15]
2024-05-03 17:57:46,133 [ERROR] IntegrityCheckThread:130 - Cannot retrieve database content from updater: error -1
2024-05-03 17:57:46,133 [INFO] ThirdParty:978 - Integrity check success = false
2024-05-03 17:57:46,134 [INFO] IntegrityCheckThread:100 - exiting critical section [integrity check]
2024-05-03 17:57:46,134 [INFO] IntegrityCheckThread:103 - End integrity checks thread
2024-05-03 17:58:14,936 [INFO] FileExtend:240 - Unzip File : cube-finder-db.zip
2024-05-03 17:58:14,937 [INFO] FileExtend:255 - Standard Zip Deflate
2024-05-03 17:58:16,440 [INFO] LoadUrlFilesThread:156 - End of LoadUrlFiles Thread
2024-05-03 17:58:29,354 [ERROR] ServerAccessManage:1172 - Problem during Server Connection :  IO error PKIX path building failed: sun.security.provider.certpath.SunCertPathBuilderException: unable to find valid certification path to requested target
2024-05-03 17:58:29,355 [ERROR] ServerAccessManage:651 - Problem during Server Connection :  : crdb_full.zip.
2024-05-03 17:58:52,844 [INFO] LoadUrlFilesThread:156 - End of LoadUrlFiles Thread
2024-05-03 17:58:54,289 [INFO] DbMcusAds:53 - JSON generation date=Thu May 02 14:07:29 IST 2024 (1714639049318)
2024-05-03 17:58:54,344 [ERROR] TargetSelectorAdapter:267 - Unable to refresh data
2024-05-03 17:58:54,826 [INFO] ApiDb:581 - Connected to CubeFinder SQLite database (/home/dnk066/.stmcufinder/plugins/mcufinder/mcu/cube-finder-db.db)
2024-05-03 17:58:54,952 [INFO] ApiDb:668 - CubeFinder database Data Model version=2.1
2024-05-03 17:58:54,953 [INFO] ApiDb:669 - CubeFinder database Configuration version=3.0.39
2024-05-03 17:58:54,954 [INFO] ApiDb:670 - CubeFinder database generation date=2024-04-15 (1713193726)
2024-05-03 17:58:54,955 [INFO] ApiDb:671 - CubeFinder database FW Pack versions=[FP-ATR-ASTRA1_V2.0.0, FP-SNS-FLIGHT1_V5.0.1, FP-SNS-FLIGHT1_V5.0.2, FP-SNS-MOTENV1_V4.3.1, FP-SNS-MOTENV1_V4.3.2, FP-SNS-MOTENVWB1_V1.3.1, FP-SNS-SMARTAG2_V1.2.0, STM32Cube_FW_C0_V1.1.0, STM32Cube_FW_F4_V1.28.0, STM32Cube_FW_F7_V1.17.0, STM32Cube_FW_G0_V1.6.2, STM32Cube_FW_G4_V1.5.2, STM32Cube_FW_H5_V0.5.1, STM32Cube_FW_H5_V1.1.1, STM32Cube_FW_H5_V1.2.0, STM32Cube_FW_H5_V1.2.0RC4, STM32Cube_FW_H7RS_V1.0.0, STM32Cube_FW_H7RS_V1.0.0RC4, STM32Cube_FW_H7_V1.11.0, STM32Cube_FW_L0_V1.12.2, STM32Cube_FW_L5_V1.5.1, STM32Cube_FW_U0_V1.0.0, STM32Cube_FW_U0_V1.0.0RC1, STM32Cube_FW_U5_V1.3.0RC4, STM32Cube_FW_U5_V1.5.0, STM32Cube_FW_U5_V1.5.0RC1, STM32Cube_FW_WBA_V1.0.0RC1, STM32Cube_FW_WBA_V1.2.0, STM32Cube_FW_WBA_V1.2.0RC2, STM32Cube_FW_WBA_V1.3.0, STM32Cube_FW_WBA_V1.3.0RC1, STM32Cube_FW_WB_V1.15.0RC1, STM32Cube_FW_WB_V1.16.0, STM32Cube_FW_WB_V1.16.0RC2, STM32Cube_FW_WB_V1.18.0, STM32Cube_FW_WB_V1.19.0, STM32Cube_FW_WL_V1.3.0, X-CUBE-ALGOBUILD_V1.3.0, X-CUBE-ALS_V1.0.1, X-CUBE-AZRTOS-F4_V1.1.0, X-CUBE-AZRTOS-F7_V1.1.0, X-CUBE-AZRTOS-G0_V1.1.0, X-CUBE-AZRTOS-G4_V2.0.0, X-CUBE-AZRTOS-H7_V3.2.0, X-CUBE-AZRTOS-L4_V1.0.0, X-CUBE-AZRTOS-L4_V2.0.0, X-CUBE-AZRTOS-L5_V1.1.0, X-CUBE-AZRTOS-WB_V2.0.0, X-CUBE-AZRTOS-WL_V2.0.0, X-CUBE-BLE1_V7.0.0, X-CUBE-BLE2_V3.3.0, X-CUBE-BLEMGR_V3.1.0, X-CUBE-EEPRMA1_V4.1.0, X-CUBE-EEPRMA1_V5.1.0, X-CUBE-FREERTOS_V1.1.0, X-CUBE-GNSS1_V6.0.0, X-CUBE-MEMS1_V10.0.0, X-CUBE-MEMS1_V9.1.0, X-CUBE-MEMS1_V9.4.0, X-CUBE-MEMS1_V9.6.0, X-CUBE-NFC4_V3.0.0, X-CUBE-NFC7_V1.0.1, X-CUBE-SFXS2LP1_V4.0.0, X-CUBE-SUBG2_V5.0.0, X-CUBE-TOF1_V3.4.0]
2024-05-03 17:58:55,175 [INFO] DbBoardsSqlite:226 - include board P-NUCLEO-WB55-NUCLEO as a kit item of type 'Nucleo-64'
2024-05-03 17:58:55,176 [INFO] DbBoardsSqlite:226 - include board P-NUCLEO-WB55-USBDONGLE as a kit item of type 'Nucleo USB Dongle'
2024-05-03 17:58:55,177 [INFO] DbBoardsSqlite:226 - include board STEVAL-IDP005V1 as a kit item of type 'Evaluation Board'
2024-05-03 17:58:55,178 [INFO] DbBoardsSqlite:226 - include board STEVAL-IDP005V2 as a kit item of type 'Evaluation Board'
2024-05-03 17:58:55,489 [INFO] ApiDb:240 - Found 297 in-development CPN: [B-G473E-ZEST1S, B-WB1M-WPAN1, B-WL5M-SUBG1, NUCLEO-C031C6, NUCLEO-H503RB, NUCLEO-H563ZI, NUCLEO-U545RE-Q, NUCLEO-U5A5ZJ-Q, NUCLEO-WBA52CG, STEVAL-PROTEUS1, STEVAL-STWINBX1, STM320518-EVAL, STM32C0116-DK, STM32C011D6Y3TR, STM32C011D6Y6TR, STM32C011F4P3, STM32C011F4P6, STM32C011F4U3, STM32C011F4U6TR, STM32C011F6P3, STM32C011F6P6, STM32C011F6U3, STM32C011F6U6TR, STM32C011J4M3, STM32C011J4M6, STM32C011J6M3, STM32C011J6M6, STM32C0316-DK, STM32C031C4T3, STM32C031C4T6, STM32C031C4U3, STM32C031C4U6, STM32C031C6T3, STM32C031C6T6, STM32C031C6U3, STM32C031C6U6, STM32C031F4P3, STM32C031F4P6, STM32C031F6P3, STM32C031F6P6, STM32C031G4U3, STM32C031G4U6, STM32C031G6U3, STM32C031G6U6, STM32C031K4T3, STM32C031K4T6, STM32C031K4U3, STM32C031K4U6, STM32C031K6T3, STM32C031K6T6, STM32C031K6U3, STM32C031K6U6, STM32G071K8TXN, STM32G071K8UXN, STM32G081GBU6N, STM32G081KBT6N, STM32G081KBUXN, STM32G0B1CCT6N, STM32G0B1KCT6, STM32G0B1NEY6TR, STM32G0B1RCT6N, STM32G0C1CCT6, STM32G0C1CCT6N, STM32G0C1CCU6N, STM32G0C1CET6N, STM32G0C1CEU6N, STM32G0C1KCT6, STM32G0C1NEY6TR, STM32G0C1RCI6N, STM32G0C1RCT6N, STM32G0C1REI6N, STM32G0C1RET6N, STM32G0C1VCI6, STM32G0C1VEI6, STM32G471CCT6, STM32G471CCU6, STM32G471CET3, STM32G471CET6, STM32G471CEU3, STM32G471CEU6, STM32G471MCT6, STM32G471MET3, STM32G471MET6, STM32G471MEY6TR, STM32G471QCT6, STM32G471QET3, STM32G471RCT6, STM32G471RET3, STM32G471RET6, STM32G471VCH6, STM32G471VCI6, STM32G471VCT6, STM32G471VEH3, STM32G471VEH6, STM32G471VEI3, STM32G471VEI6, STM32G471VET3, STM32G471VET6, STM32G474CCT6, STM32H503CBT6, STM32H503CBU6, STM32H503EBY6TR, STM32H503KBU6, STM32H503RBT6, STM32H562AGI6, STM32H562AII6, STM32H562IGK6, STM32H562IGT6, STM32H562IIK6, STM32H562IIT6, STM32H562RGT6, STM32H562RGV6, STM32H562RIT6, STM32H562RIV6, STM32H562VGT6, STM32H562VIT6, STM32H562ZGT6, STM32H562ZIT6, STM32H563AGI6, STM32H563AII3Q, STM32H563AII6, STM32H563IGK6, STM32H563IGT6, STM32H563IIK3Q, STM32H563IIK6, STM32H563IIT3Q, STM32H563IIT6, STM32H563MIY3QTR, STM32H563RGT6, STM32H563RGV6, STM32H563RIT6, STM32H563RIV6, STM32H563VGT6, STM32H563VIT3Q, STM32H563VIT6, STM32H563ZGT6, STM32H563ZIT3Q, STM32H563ZIT6, STM32H573AII3Q, STM32H573AII6, STM32H573I-DK, STM32H573IIK3Q, STM32H573IIK6, STM32H573IIT3Q, STM32H573IIT6, STM32H573MIY3QTR, STM32H573RIT6, STM32H573RIV6, STM32H573VIT3Q, STM32H573VIT6, STM32H573ZIT3Q, STM32H573ZIT6, STM32L4R5QGI6STR, STM32MP131AAE3, STM32MP131AAF3, STM32MP131AAG3, STM32MP131CAE3, STM32MP131CAF3, STM32MP131CAG3, STM32MP131DAE7, STM32MP131DAF7, STM32MP131DAG7, STM32MP131FAE7, STM32MP131FAF7, STM32MP131FAG7, STM32MP133AAE3, STM32MP133AAF3, STM32MP133AAG3, STM32MP133CAE3, STM32MP133CAF3, STM32MP133CAG3, STM32MP133DAE7, STM32MP133DAF7, STM32MP133DAG7, STM32MP133FAE7, STM32MP133FAF7, STM32MP133FAG7, STM32MP135AAE3, STM32MP135AAF3, STM32MP135AAG3, STM32MP135CAE3, STM32MP135CAF3, STM32MP135CAG3, STM32MP135DAE7, STM32MP135DAF7, STM32MP135DAG7, STM32MP135F-DK, STM32MP135FAE7, STM32MP135FAF7, STM32MP135FAF7T, STM32MP135FAF7U, STM32MP135FAG7, STM32U535CBT6, STM32U535CBT6Q, STM32U535CBU6, STM32U535CBU6Q, STM32U535CCT6, STM32U535CCT6Q, STM32U535CCU6, STM32U535CCU6Q, STM32U535CET6, STM32U535CET6Q, STM32U535CEU6, STM32U535CEU6Q, STM32U535JEY6QTR, STM32U535NCY6QTR, STM32U535NEY6QTR, STM32U535RBI6, STM32U535RBI6Q, STM32U535RBT6, STM32U535RBT6Q, STM32U535RCI6, STM32U535RCI6Q, STM32U535RCT6, STM32U535RCT6Q, STM32U535REI6, STM32U535REI6Q, STM32U535RET6, STM32U535RET6Q, STM32U535VCI6, STM32U535VCI6Q, STM32U535VCT6, STM32U535VCT6Q, STM32U535VEI6, STM32U535VEI6Q, STM32U535VET6, STM32U535VET6Q, STM32U545CET6, STM32U545CET6Q, STM32U545CEU6, STM32U545CEU6Q, STM32U545JEY6QTR, STM32U545NEY6QTR, STM32U545REI6, STM32U545REI6Q, STM32U545RET6, STM32U545RET6Q, STM32U545VEI6, STM32U545VEI6Q, STM32U545VET6, STM32U545VET6Q, STM32U595AIH6, STM32U595AIH6Q, STM32U595AJH6, STM32U595AJH6Q, STM32U595QII6, STM32U595QII6Q, STM32U595QJI6, STM32U595QJI6Q, STM32U595RIT6, STM32U595RIT6Q, STM32U595RJT6, STM32U595RJT6Q, STM32U595VIT6, STM32U595VIT6Q, STM32U595VJT6, STM32U595VJT6Q, STM32U595ZIT6, STM32U595ZIT6Q, STM32U595ZIY6QTR, STM32U595ZJT6, STM32U595ZJT6Q, STM32U595ZJY6QTR, STM32U599BJY6QTR, STM32U599NIH6Q, STM32U599NJH6Q, STM32U599VIT6Q, STM32U599VJT6, STM32U599VJT6Q, STM32U599ZIT6Q, STM32U599ZIY6QTR, STM32U599ZJT6Q, STM32U599ZJY6QTR, STM32U5A5AJH6, STM32U5A5AJH6Q, STM32U5A5QJI6, STM32U5A5QJI6Q, STM32U5A5RJT6, STM32U5A5RJT6Q, STM32U5A5VJT6, STM32U5A5VJT6Q, STM32U5A5ZJT6, STM32U5A5ZJT6Q, STM32U5A5ZJY6QTR, STM32U5A9BJY6QTR, STM32U5A9J-DK, STM32U5A9NJH6Q, STM32U5A9VJT6Q, STM32U5A9ZJT6Q, STM32U5A9ZJY6QTR, STM32WB1MMCH6, STM32WBA52CEU6, STM32WBA52CEU6T, STM32WBA52CGU6, STM32WBA52CGU6T, STM32WL5MOCH6, STM32WL5MOCH6TR]
2024-05-03 17:58:55,627 [INFO] BoardInfo:880 - No configuration file found for board NUCLEO-H533RE
2024-05-03 17:58:55,627 [INFO] DbBoards:157 - Board is not supported: NUCLEO-H533RE
2024-05-03 17:58:55,640 [INFO] BoardInfo:880 - No configuration file found for board NUCLEO-H7S3L8
2024-05-03 17:58:55,640 [INFO] DbBoards:157 - Board is not supported: NUCLEO-H7S3L8
2024-05-03 17:58:55,668 [INFO] BoardInfo:880 - No configuration file found for board NUCLEO-U031R8
2024-05-03 17:58:55,668 [INFO] DbBoards:157 - Board is not supported: NUCLEO-U031R8
2024-05-03 17:58:55,670 [INFO] BoardInfo:880 - No configuration file found for board NUCLEO-U083RC
2024-05-03 17:58:55,670 [INFO] DbBoards:157 - Board is not supported: NUCLEO-U083RC
2024-05-03 17:58:55,678 [INFO] BoardInfo:880 - No configuration file found for board NUCLEO-WBA55CG
2024-05-03 17:58:55,679 [INFO] DbBoards:157 - Board is not supported: NUCLEO-WBA55CG
2024-05-03 17:58:55,686 [INFO] BoardInfo:880 - No configuration file found for board P-NUCLEO-WB55
2024-05-03 17:58:55,686 [INFO] DbBoards:157 - Kit is not supported: P-NUCLEO-WB55
2024-05-03 17:58:55,691 [INFO] BoardInfo:880 - No configuration file found for board STEVAL-BFA001V1B
2024-05-03 17:58:55,691 [INFO] DbBoards:157 - Kit is not supported: STEVAL-BFA001V1B
2024-05-03 17:58:55,693 [INFO] BoardInfo:880 - No configuration file found for board STEVAL-BFA001V2B
2024-05-03 17:58:55,694 [INFO] DbBoards:157 - Kit is not supported: STEVAL-BFA001V2B
2024-05-03 17:58:55,700 [INFO] BoardInfo:880 - No configuration file found for board STEVAL-MKBOXPRO
2024-05-03 17:58:55,700 [INFO] DbBoards:157 - Board is not supported: STEVAL-MKBOXPRO
2024-05-03 17:58:55,705 [INFO] BoardInfo:880 - No configuration file found for board STEVAL-SMARTAG2
2024-05-03 17:58:55,705 [INFO] DbBoards:157 - Board is not supported: STEVAL-SMARTAG2
2024-05-03 17:58:55,808 [INFO] BoardInfo:880 - No configuration file found for board STM32H7S78-DK
2024-05-03 17:58:55,808 [INFO] DbBoards:157 - Board is not supported: STM32H7S78-DK
2024-05-03 17:58:55,839 [INFO] BoardInfo:880 - No configuration file found for board STM32U083C-DK
2024-05-03 17:58:55,839 [INFO] DbBoards:157 - Board is not supported: STM32U083C-DK
2024-05-03 17:58:55,843 [INFO] BoardInfo:880 - No configuration file found for board STM32U5G9J-DK1
2024-05-03 17:58:55,843 [INFO] DbBoards:157 - Board is not supported: STM32U5G9J-DK1
2024-05-03 17:58:55,844 [INFO] BoardInfo:880 - No configuration file found for board STM32U5G9J-DK2
2024-05-03 17:58:55,845 [INFO] DbBoards:157 - Board is not supported: STM32U5G9J-DK2
2024-05-03 17:58:55,849 [INFO] BoardInfo:880 - No configuration file found for board STM32WBA55G-DK1
2024-05-03 17:58:55,849 [INFO] DbBoards:157 - Board is not supported: STM32WBA55G-DK1
2024-05-03 17:58:55,850 [INFO] DbBoards:161 - Found 199 boards, 184 are supported
2024-05-03 17:58:55,856 [INFO] ApiDb:668 - CubeFinder database Data Model version=2.1
2024-05-03 17:58:55,856 [INFO] ApiDb:669 - CubeFinder database Configuration version=3.0.39
2024-05-03 17:58:55,857 [INFO] ApiDb:670 - CubeFinder database generation date=2024-04-15 (1713193726)
2024-05-03 17:58:55,857 [INFO] ApiDb:671 - CubeFinder database FW Pack versions=[FP-ATR-ASTRA1_V2.0.0, FP-SNS-FLIGHT1_V5.0.1, FP-SNS-FLIGHT1_V5.0.2, FP-SNS-MOTENV1_V4.3.1, FP-SNS-MOTENV1_V4.3.2, FP-SNS-MOTENVWB1_V1.3.1, FP-SNS-SMARTAG2_V1.2.0, STM32Cube_FW_C0_V1.1.0, STM32Cube_FW_F4_V1.28.0, STM32Cube_FW_F7_V1.17.0, STM32Cube_FW_G0_V1.6.2, STM32Cube_FW_G4_V1.5.2, STM32Cube_FW_H5_V0.5.1, STM32Cube_FW_H5_V1.1.1, STM32Cube_FW_H5_V1.2.0, STM32Cube_FW_H5_V1.2.0RC4, STM32Cube_FW_H7RS_V1.0.0, STM32Cube_FW_H7RS_V1.0.0RC4, STM32Cube_FW_H7_V1.11.0, STM32Cube_FW_L0_V1.12.2, STM32Cube_FW_L5_V1.5.1, STM32Cube_FW_U0_V1.0.0, STM32Cube_FW_U0_V1.0.0RC1, STM32Cube_FW_U5_V1.3.0RC4, STM32Cube_FW_U5_V1.5.0, STM32Cube_FW_U5_V1.5.0RC1, STM32Cube_FW_WBA_V1.0.0RC1, STM32Cube_FW_WBA_V1.2.0, STM32Cube_FW_WBA_V1.2.0RC2, STM32Cube_FW_WBA_V1.3.0, STM32Cube_FW_WBA_V1.3.0RC1, STM32Cube_FW_WB_V1.15.0RC1, STM32Cube_FW_WB_V1.16.0, STM32Cube_FW_WB_V1.16.0RC2, STM32Cube_FW_WB_V1.18.0, STM32Cube_FW_WB_V1.19.0, STM32Cube_FW_WL_V1.3.0, X-CUBE-ALGOBUILD_V1.3.0, X-CUBE-ALS_V1.0.1, X-CUBE-AZRTOS-F4_V1.1.0, X-CUBE-AZRTOS-F7_V1.1.0, X-CUBE-AZRTOS-G0_V1.1.0, X-CUBE-AZRTOS-G4_V2.0.0, X-CUBE-AZRTOS-H7_V3.2.0, X-CUBE-AZRTOS-L4_V1.0.0, X-CUBE-AZRTOS-L4_V2.0.0, X-CUBE-AZRTOS-L5_V1.1.0, X-CUBE-AZRTOS-WB_V2.0.0, X-CUBE-AZRTOS-WL_V2.0.0, X-CUBE-BLE1_V7.0.0, X-CUBE-BLE2_V3.3.0, X-CUBE-BLEMGR_V3.1.0, X-CUBE-EEPRMA1_V4.1.0, X-CUBE-EEPRMA1_V5.1.0, X-CUBE-FREERTOS_V1.1.0, X-CUBE-GNSS1_V6.0.0, X-CUBE-MEMS1_V10.0.0, X-CUBE-MEMS1_V9.1.0, X-CUBE-MEMS1_V9.4.0, X-CUBE-MEMS1_V9.6.0, X-CUBE-NFC4_V3.0.0, X-CUBE-NFC7_V1.0.1, X-CUBE-SFXS2LP1_V4.0.0, X-CUBE-SUBG2_V5.0.0, X-CUBE-TOF1_V3.4.0]
2024-05-03 17:58:59,626 [INFO] ApiDb:240 - Found 297 in-development CPN: [B-G473E-ZEST1S, B-WB1M-WPAN1, B-WL5M-SUBG1, NUCLEO-C031C6, NUCLEO-H503RB, NUCLEO-H563ZI, NUCLEO-U545RE-Q, NUCLEO-U5A5ZJ-Q, NUCLEO-WBA52CG, STEVAL-PROTEUS1, STEVAL-STWINBX1, STM320518-EVAL, STM32C0116-DK, STM32C011D6Y3TR, STM32C011D6Y6TR, STM32C011F4P3, STM32C011F4P6, STM32C011F4U3, STM32C011F4U6TR, STM32C011F6P3, STM32C011F6P6, STM32C011F6U3, STM32C011F6U6TR, STM32C011J4M3, STM32C011J4M6, STM32C011J6M3, STM32C011J6M6, STM32C0316-DK, STM32C031C4T3, STM32C031C4T6, STM32C031C4U3, STM32C031C4U6, STM32C031C6T3, STM32C031C6T6, STM32C031C6U3, STM32C031C6U6, STM32C031F4P3, STM32C031F4P6, STM32C031F6P3, STM32C031F6P6, STM32C031G4U3, STM32C031G4U6, STM32C031G6U3, STM32C031G6U6, STM32C031K4T3, STM32C031K4T6, STM32C031K4U3, STM32C031K4U6, STM32C031K6T3, STM32C031K6T6, STM32C031K6U3, STM32C031K6U6, STM32G071K8TXN, STM32G071K8UXN, STM32G081GBU6N, STM32G081KBT6N, STM32G081KBUXN, STM32G0B1CCT6N, STM32G0B1KCT6, STM32G0B1NEY6TR, STM32G0B1RCT6N, STM32G0C1CCT6, STM32G0C1CCT6N, STM32G0C1CCU6N, STM32G0C1CET6N, STM32G0C1CEU6N, STM32G0C1KCT6, STM32G0C1NEY6TR, STM32G0C1RCI6N, STM32G0C1RCT6N, STM32G0C1REI6N, STM32G0C1RET6N, STM32G0C1VCI6, STM32G0C1VEI6, STM32G471CCT6, STM32G471CCU6, STM32G471CET3, STM32G471CET6, STM32G471CEU3, STM32G471CEU6, STM32G471MCT6, STM32G471MET3, STM32G471MET6, STM32G471MEY6TR, STM32G471QCT6, STM32G471QET3, STM32G471RCT6, STM32G471RET3, STM32G471RET6, STM32G471VCH6, STM32G471VCI6, STM32G471VCT6, STM32G471VEH3, STM32G471VEH6, STM32G471VEI3, STM32G471VEI6, STM32G471VET3, STM32G471VET6, STM32G474CCT6, STM32H503CBT6, STM32H503CBU6, STM32H503EBY6TR, STM32H503KBU6, STM32H503RBT6, STM32H562AGI6, STM32H562AII6, STM32H562IGK6, STM32H562IGT6, STM32H562IIK6, STM32H562IIT6, STM32H562RGT6, STM32H562RGV6, STM32H562RIT6, STM32H562RIV6, STM32H562VGT6, STM32H562VIT6, STM32H562ZGT6, STM32H562ZIT6, STM32H563AGI6, STM32H563AII3Q, STM32H563AII6, STM32H563IGK6, STM32H563IGT6, STM32H563IIK3Q, STM32H563IIK6, STM32H563IIT3Q, STM32H563IIT6, STM32H563MIY3QTR, STM32H563RGT6, STM32H563RGV6, STM32H563RIT6, STM32H563RIV6, STM32H563VGT6, STM32H563VIT3Q, STM32H563VIT6, STM32H563ZGT6, STM32H563ZIT3Q, STM32H563ZIT6, STM32H573AII3Q, STM32H573AII6, STM32H573I-DK, STM32H573IIK3Q, STM32H573IIK6, STM32H573IIT3Q, STM32H573IIT6, STM32H573MIY3QTR, STM32H573RIT6, STM32H573RIV6, STM32H573VIT3Q, STM32H573VIT6, STM32H573ZIT3Q, STM32H573ZIT6, STM32L4R5QGI6STR, STM32MP131AAE3, STM32MP131AAF3, STM32MP131AAG3, STM32MP131CAE3, STM32MP131CAF3, STM32MP131CAG3, STM32MP131DAE7, STM32MP131DAF7, STM32MP131DAG7, STM32MP131FAE7, STM32MP131FAF7, STM32MP131FAG7, STM32MP133AAE3, STM32MP133AAF3, STM32MP133AAG3, STM32MP133CAE3, STM32MP133CAF3, STM32MP133CAG3, STM32MP133DAE7, STM32MP133DAF7, STM32MP133DAG7, STM32MP133FAE7, STM32MP133FAF7, STM32MP133FAG7, STM32MP135AAE3, STM32MP135AAF3, STM32MP135AAG3, STM32MP135CAE3, STM32MP135CAF3, STM32MP135CAG3, STM32MP135DAE7, STM32MP135DAF7, STM32MP135DAG7, STM32MP135F-DK, STM32MP135FAE7, STM32MP135FAF7, STM32MP135FAF7T, STM32MP135FAF7U, STM32MP135FAG7, STM32U535CBT6, STM32U535CBT6Q, STM32U535CBU6, STM32U535CBU6Q, STM32U535CCT6, STM32U535CCT6Q, STM32U535CCU6, STM32U535CCU6Q, STM32U535CET6, STM32U535CET6Q, STM32U535CEU6, STM32U535CEU6Q, STM32U535JEY6QTR, STM32U535NCY6QTR, STM32U535NEY6QTR, STM32U535RBI6, STM32U535RBI6Q, STM32U535RBT6, STM32U535RBT6Q, STM32U535RCI6, STM32U535RCI6Q, STM32U535RCT6, STM32U535RCT6Q, STM32U535REI6, STM32U535REI6Q, STM32U535RET6, STM32U535RET6Q, STM32U535VCI6, STM32U535VCI6Q, STM32U535VCT6, STM32U535VCT6Q, STM32U535VEI6, STM32U535VEI6Q, STM32U535VET6, STM32U535VET6Q, STM32U545CET6, STM32U545CET6Q, STM32U545CEU6, STM32U545CEU6Q, STM32U545JEY6QTR, STM32U545NEY6QTR, STM32U545REI6, STM32U545REI6Q, STM32U545RET6, STM32U545RET6Q, STM32U545VEI6, STM32U545VEI6Q, STM32U545VET6, STM32U545VET6Q, STM32U595AIH6, STM32U595AIH6Q, STM32U595AJH6, STM32U595AJH6Q, STM32U595QII6, STM32U595QII6Q, STM32U595QJI6, STM32U595QJI6Q, STM32U595RIT6, STM32U595RIT6Q, STM32U595RJT6, STM32U595RJT6Q, STM32U595VIT6, STM32U595VIT6Q, STM32U595VJT6, STM32U595VJT6Q, STM32U595ZIT6, STM32U595ZIT6Q, STM32U595ZIY6QTR, STM32U595ZJT6, STM32U595ZJT6Q, STM32U595ZJY6QTR, STM32U599BJY6QTR, STM32U599NIH6Q, STM32U599NJH6Q, STM32U599VIT6Q, STM32U599VJT6, STM32U599VJT6Q, STM32U599ZIT6Q, STM32U599ZIY6QTR, STM32U599ZJT6Q, STM32U599ZJY6QTR, STM32U5A5AJH6, STM32U5A5AJH6Q, STM32U5A5QJI6, STM32U5A5QJI6Q, STM32U5A5RJT6, STM32U5A5RJT6Q, STM32U5A5VJT6, STM32U5A5VJT6Q, STM32U5A5ZJT6, STM32U5A5ZJT6Q, STM32U5A5ZJY6QTR, STM32U5A9BJY6QTR, STM32U5A9J-DK, STM32U5A9NJH6Q, STM32U5A9VJT6Q, STM32U5A9ZJT6Q, STM32U5A9ZJY6QTR, STM32WB1MMCH6, STM32WBA52CEU6, STM32WBA52CEU6T, STM32WBA52CGU6, STM32WBA52CGU6T, STM32WL5MOCH6, STM32WL5MOCH6TR]
2024-05-03 17:58:59,665 [INFO] DbMcus:216 - Found 4066 MCUs, 4066 are supported
2024-05-03 17:58:59,671 [INFO] ApiDb:423 - Load user favorites file /home/dnk066/.stm32cubeide/favorites.mcus.txt: 0 item(s)
2024-05-03 17:58:59,672 [INFO] ApiDb:427 - User favorites MCUs=[]
2024-05-03 17:58:59,673 [INFO] DbMcus:222 - Set 0 / 0 favorites MCUs
2024-05-03 17:59:01,150 [INFO] ApiDb:423 - Load user favorites file /home/dnk066/.stm32cubeide/favorites.boards.txt: 3 item(s)
2024-05-03 17:59:01,150 [INFO] ApiDb:427 - User favorites Boards=[NUCLEO-L496ZG-P, NUCLEO-L4R5ZI, STM32L152C-DISCO]
2024-05-03 17:59:01,151 [INFO] DbBoards:190 - Set 3 / 3 favorites Boards
2024-05-03 17:59:01,151 [INFO] McuFinderGlobals:66 - Set McuFinderConnectedMode to true
2024-05-03 17:59:01,166 [INFO] MultiScanPanel:200 - Auto-refresh data requested => check proxy status ongoing
2024-05-03 17:59:01,172 [INFO] FinderPluginLoader:95 - Searching for filters in installed packs
2024-05-03 17:59:04,089 [INFO] LoadUrlFilesThread:185 - End of LoadServerUrlFiles without Thread
2024-05-03 17:59:04,189 [INFO] DetailPanel:341 - Set advertising image to /home/dnk066/STM32Cube/Repository//en.prom-stm32h7rs-mcu-finder.png
2024-05-03 17:59:18,551 [INFO] MultiScanPanel:200 - Auto-refresh data requested => check proxy status ongoing
2024-05-03 17:59:18,807 [INFO] LoadUrlFilesThread:185 - End of LoadServerUrlFiles without Thread
2024-05-03 17:59:18,807 [INFO] DetailPanel:341 - Set advertising image to /home/dnk066/STM32Cube/Repository//en.prom-stm32h7rs-mcu-finder.png
2024-05-03 17:59:45,365 [INFO] ServerAccessManage:473 - Download File DB3171.pdf
2024-05-03 17:59:47,924 [INFO] LoadUrlFilesThread:156 - End of LoadUrlFiles Thread
2024-05-03 17:59:48,115 [INFO] BoardAction:139 - Datasheet
2024-05-03 18:00:41,186 [INFO] ServerAccessManage:473 - Download File 
2024-05-03 18:00:41,314 [INFO] LoadUrlFilesThread:185 - End of LoadServerUrlFiles without Thread
2024-05-03 18:00:41,390 [INFO] BoardAction:170 - Large Picture
2024-05-03 18:01:49,530 [INFO] McuFinderGlobals:66 - Set McuFinderConnectedMode to true
2024-05-03 18:01:49,578 [INFO] ApiDb:448 - Save user favorites file /home/dnk066/.stm32cubeide/favorites.mcus.txt: 0 item(s)
2024-05-03 18:01:49,579 [INFO] ApiDb:452 - User favorites MCUs=[]
2024-05-03 18:01:49,603 [INFO] ApiDb:448 - Save user favorites file /home/dnk066/.stm32cubeide/favorites.boards.txt: 3 item(s)
2024-05-03 18:01:49,673 [INFO] ApiDb:452 - User favorites Boards=[NUCLEO-L496ZG-P, NUCLEO-L4R5ZI, STM32L152C-DISCO]
2024-05-03 18:10:49,565 [ERROR] LogOutputStream:75 - [STDERR_REDIRECT] Warning: NLS missing message: ExternalToolsPreferencePage_External_tool_project_builders_migration_2 in: org.eclipse.ui.externaltools.internal.ui.ExternalToolsUIMessages
2024-05-03 18:10:49,567 [ERROR] LogOutputStream:75 - [STDERR_REDIRECT] Warning: NLS missing message: ExternalToolsPreferencePage_Prompt_before_migrating_3 in: org.eclipse.ui.externaltools.internal.ui.ExternalToolsUIMessages
2024-05-03 18:10:49,568 [ERROR] LogOutputStream:75 - [STDERR_REDIRECT] Warning: NLS missing message: ExternalToolsPreferencePage_1 in: org.eclipse.ui.externaltools.internal.ui.ExternalToolsUIMessages
