2024-05-13 10:18:06,805 [INFO] MainUpdater:2854 - connection check result : 10
2024-05-13 10:18:06,833 [INFO] McuFinderGlobals:66 - Set McuFinderConnectedMode to true
2024-05-13 10:18:07,211 [INFO] ServerAccessManage:473 - Download File mcusAds.json._tmp_
2024-05-13 10:18:07,321 [INFO] LoadUrlFilesThread:156 - End of LoadUrlFiles Thread
2024-05-13 10:18:07,512 [INFO] ServerAccessManage:473 - Download File cube-finder-db.zip
2024-05-13 10:19:18,105 [INFO] FileExtend:240 - Unzip File : cube-finder-db.zip
2024-05-13 10:19:18,106 [INFO] FileExtend:255 - Standard Zip Deflate
2024-05-13 10:19:21,170 [INFO] LoadUrlFilesThread:156 - End of LoadUrlFiles Thread
2024-05-13 10:19:27,137 [ERROR] ServerAccessManage:1172 - Problem during Server Connection :  IO error PKIX path building failed: sun.security.provider.certpath.SunCertPathBuilderException: unable to find valid certification path to requested target
2024-05-13 10:19:27,140 [ERROR] ServerAccessManage:651 - Problem during Server Connection :  : crdb_full.zip.
2024-05-13 10:19:29,394 [INFO] LoadUrlFilesThread:156 - End of LoadUrlFiles Thread
2024-05-13 10:19:30,371 [INFO] DbMcusAds:53 - JSON generation date=Thu May 02 14:07:29 IST 2024 (1714639049318)
2024-05-13 10:19:30,387 [INFO] ApiDb:448 - Save user favorites file /home/dnk066/.stm32cubeide/favorites.mcus.txt: 0 item(s)
2024-05-13 10:19:30,397 [INFO] ApiDb:452 - User favorites MCUs=[]
2024-05-13 10:19:30,548 [INFO] ApiDb:581 - Connected to CubeFinder SQLite database (/home/dnk066/.stmcufinder/plugins/mcufinder/mcu/cube-finder-db.db)
2024-05-13 10:19:30,704 [INFO] ApiDb:668 - CubeFinder database Data Model version=2.1
2024-05-13 10:19:30,704 [INFO] ApiDb:669 - CubeFinder database Configuration version=3.0.39
2024-05-13 10:19:30,704 [INFO] ApiDb:670 - CubeFinder database generation date=2024-04-15 (1713193726)
2024-05-13 10:19:30,705 [INFO] ApiDb:671 - CubeFinder database FW Pack versions=[FP-ATR-ASTRA1_V2.0.0, FP-SNS-FLIGHT1_V5.0.1, FP-SNS-FLIGHT1_V5.0.2, FP-SNS-MOTENV1_V4.3.1, FP-SNS-MOTENV1_V4.3.2, FP-SNS-MOTENVWB1_V1.3.1, FP-SNS-SMARTAG2_V1.2.0, STM32Cube_FW_C0_V1.1.0, STM32Cube_FW_F4_V1.28.0, STM32Cube_FW_F7_V1.17.0, STM32Cube_FW_G0_V1.6.2, STM32Cube_FW_G4_V1.5.2, STM32Cube_FW_H5_V0.5.1, STM32Cube_FW_H5_V1.1.1, STM32Cube_FW_H5_V1.2.0, STM32Cube_FW_H5_V1.2.0RC4, STM32Cube_FW_H7RS_V1.0.0, STM32Cube_FW_H7RS_V1.0.0RC4, STM32Cube_FW_H7_V1.11.0, STM32Cube_FW_L0_V1.12.2, STM32Cube_FW_L5_V1.5.1, STM32Cube_FW_U0_V1.0.0, STM32Cube_FW_U0_V1.0.0RC1, STM32Cube_FW_U5_V1.3.0RC4, STM32Cube_FW_U5_V1.5.0, STM32Cube_FW_U5_V1.5.0RC1, STM32Cube_FW_WBA_V1.0.0RC1, STM32Cube_FW_WBA_V1.2.0, STM32Cube_FW_WBA_V1.2.0RC2, STM32Cube_FW_WBA_V1.3.0, STM32Cube_FW_WBA_V1.3.0RC1, STM32Cube_FW_WB_V1.15.0RC1, STM32Cube_FW_WB_V1.16.0, STM32Cube_FW_WB_V1.16.0RC2, STM32Cube_FW_WB_V1.18.0, STM32Cube_FW_WB_V1.19.0, STM32Cube_FW_WL_V1.3.0, X-CUBE-ALGOBUILD_V1.3.0, X-CUBE-ALS_V1.0.1, X-CUBE-AZRTOS-F4_V1.1.0, X-CUBE-AZRTOS-F7_V1.1.0, X-CUBE-AZRTOS-G0_V1.1.0, X-CUBE-AZRTOS-G4_V2.0.0, X-CUBE-AZRTOS-H7_V3.2.0, X-CUBE-AZRTOS-L4_V1.0.0, X-CUBE-AZRTOS-L4_V2.0.0, X-CUBE-AZRTOS-L5_V1.1.0, X-CUBE-AZRTOS-WB_V2.0.0, X-CUBE-AZRTOS-WL_V2.0.0, X-CUBE-BLE1_V7.0.0, X-CUBE-BLE2_V3.3.0, X-CUBE-BLEMGR_V3.1.0, X-CUBE-EEPRMA1_V4.1.0, X-CUBE-EEPRMA1_V5.1.0, X-CUBE-FREERTOS_V1.1.0, X-CUBE-GNSS1_V6.0.0, X-CUBE-MEMS1_V10.0.0, X-CUBE-MEMS1_V9.1.0, X-CUBE-MEMS1_V9.4.0, X-CUBE-MEMS1_V9.6.0, X-CUBE-NFC4_V3.0.0, X-CUBE-NFC7_V1.0.1, X-CUBE-SFXS2LP1_V4.0.0, X-CUBE-SUBG2_V5.0.0, X-CUBE-TOF1_V3.4.0]
2024-05-13 10:19:34,313 [INFO] ApiDb:240 - Found 297 in-development CPN: [B-G473E-ZEST1S, B-WB1M-WPAN1, B-WL5M-SUBG1, NUCLEO-C031C6, NUCLEO-H503RB, NUCLEO-H563ZI, NUCLEO-U545RE-Q, NUCLEO-U5A5ZJ-Q, NUCLEO-WBA52CG, STEVAL-PROTEUS1, STEVAL-STWINBX1, STM320518-EVAL, STM32C0116-DK, STM32C011D6Y3TR, STM32C011D6Y6TR, STM32C011F4P3, STM32C011F4P6, STM32C011F4U3, STM32C011F4U6TR, STM32C011F6P3, STM32C011F6P6, STM32C011F6U3, STM32C011F6U6TR, STM32C011J4M3, STM32C011J4M6, STM32C011J6M3, STM32C011J6M6, STM32C0316-DK, STM32C031C4T3, STM32C031C4T6, STM32C031C4U3, STM32C031C4U6, STM32C031C6T3, STM32C031C6T6, STM32C031C6U3, STM32C031C6U6, STM32C031F4P3, STM32C031F4P6, STM32C031F6P3, STM32C031F6P6, STM32C031G4U3, STM32C031G4U6, STM32C031G6U3, STM32C031G6U6, STM32C031K4T3, STM32C031K4T6, STM32C031K4U3, STM32C031K4U6, STM32C031K6T3, STM32C031K6T6, STM32C031K6U3, STM32C031K6U6, STM32G071K8TXN, STM32G071K8UXN, STM32G081GBU6N, STM32G081KBT6N, STM32G081KBUXN, STM32G0B1CCT6N, STM32G0B1KCT6, STM32G0B1NEY6TR, STM32G0B1RCT6N, STM32G0C1CCT6, STM32G0C1CCT6N, STM32G0C1CCU6N, STM32G0C1CET6N, STM32G0C1CEU6N, STM32G0C1KCT6, STM32G0C1NEY6TR, STM32G0C1RCI6N, STM32G0C1RCT6N, STM32G0C1REI6N, STM32G0C1RET6N, STM32G0C1VCI6, STM32G0C1VEI6, STM32G471CCT6, STM32G471CCU6, STM32G471CET3, STM32G471CET6, STM32G471CEU3, STM32G471CEU6, STM32G471MCT6, STM32G471MET3, STM32G471MET6, STM32G471MEY6TR, STM32G471QCT6, STM32G471QET3, STM32G471RCT6, STM32G471RET3, STM32G471RET6, STM32G471VCH6, STM32G471VCI6, STM32G471VCT6, STM32G471VEH3, STM32G471VEH6, STM32G471VEI3, STM32G471VEI6, STM32G471VET3, STM32G471VET6, STM32G474CCT6, STM32H503CBT6, STM32H503CBU6, STM32H503EBY6TR, STM32H503KBU6, STM32H503RBT6, STM32H562AGI6, STM32H562AII6, STM32H562IGK6, STM32H562IGT6, STM32H562IIK6, STM32H562IIT6, STM32H562RGT6, STM32H562RGV6, STM32H562RIT6, STM32H562RIV6, STM32H562VGT6, STM32H562VIT6, STM32H562ZGT6, STM32H562ZIT6, STM32H563AGI6, STM32H563AII3Q, STM32H563AII6, STM32H563IGK6, STM32H563IGT6, STM32H563IIK3Q, STM32H563IIK6, STM32H563IIT3Q, STM32H563IIT6, STM32H563MIY3QTR, STM32H563RGT6, STM32H563RGV6, STM32H563RIT6, STM32H563RIV6, STM32H563VGT6, STM32H563VIT3Q, STM32H563VIT6, STM32H563ZGT6, STM32H563ZIT3Q, STM32H563ZIT6, STM32H573AII3Q, STM32H573AII6, STM32H573I-DK, STM32H573IIK3Q, STM32H573IIK6, STM32H573IIT3Q, STM32H573IIT6, STM32H573MIY3QTR, STM32H573RIT6, STM32H573RIV6, STM32H573VIT3Q, STM32H573VIT6, STM32H573ZIT3Q, STM32H573ZIT6, STM32L4R5QGI6STR, STM32MP131AAE3, STM32MP131AAF3, STM32MP131AAG3, STM32MP131CAE3, STM32MP131CAF3, STM32MP131CAG3, STM32MP131DAE7, STM32MP131DAF7, STM32MP131DAG7, STM32MP131FAE7, STM32MP131FAF7, STM32MP131FAG7, STM32MP133AAE3, STM32MP133AAF3, STM32MP133AAG3, STM32MP133CAE3, STM32MP133CAF3, STM32MP133CAG3, STM32MP133DAE7, STM32MP133DAF7, STM32MP133DAG7, STM32MP133FAE7, STM32MP133FAF7, STM32MP133FAG7, STM32MP135AAE3, STM32MP135AAF3, STM32MP135AAG3, STM32MP135CAE3, STM32MP135CAF3, STM32MP135CAG3, STM32MP135DAE7, STM32MP135DAF7, STM32MP135DAG7, STM32MP135F-DK, STM32MP135FAE7, STM32MP135FAF7, STM32MP135FAF7T, STM32MP135FAF7U, STM32MP135FAG7, STM32U535CBT6, STM32U535CBT6Q, STM32U535CBU6, STM32U535CBU6Q, STM32U535CCT6, STM32U535CCT6Q, STM32U535CCU6, STM32U535CCU6Q, STM32U535CET6, STM32U535CET6Q, STM32U535CEU6, STM32U535CEU6Q, STM32U535JEY6QTR, STM32U535NCY6QTR, STM32U535NEY6QTR, STM32U535RBI6, STM32U535RBI6Q, STM32U535RBT6, STM32U535RBT6Q, STM32U535RCI6, STM32U535RCI6Q, STM32U535RCT6, STM32U535RCT6Q, STM32U535REI6, STM32U535REI6Q, STM32U535RET6, STM32U535RET6Q, STM32U535VCI6, STM32U535VCI6Q, STM32U535VCT6, STM32U535VCT6Q, STM32U535VEI6, STM32U535VEI6Q, STM32U535VET6, STM32U535VET6Q, STM32U545CET6, STM32U545CET6Q, STM32U545CEU6, STM32U545CEU6Q, STM32U545JEY6QTR, STM32U545NEY6QTR, STM32U545REI6, STM32U545REI6Q, STM32U545RET6, STM32U545RET6Q, STM32U545VEI6, STM32U545VEI6Q, STM32U545VET6, STM32U545VET6Q, STM32U595AIH6, STM32U595AIH6Q, STM32U595AJH6, STM32U595AJH6Q, STM32U595QII6, STM32U595QII6Q, STM32U595QJI6, STM32U595QJI6Q, STM32U595RIT6, STM32U595RIT6Q, STM32U595RJT6, STM32U595RJT6Q, STM32U595VIT6, STM32U595VIT6Q, STM32U595VJT6, STM32U595VJT6Q, STM32U595ZIT6, STM32U595ZIT6Q, STM32U595ZIY6QTR, STM32U595ZJT6, STM32U595ZJT6Q, STM32U595ZJY6QTR, STM32U599BJY6QTR, STM32U599NIH6Q, STM32U599NJH6Q, STM32U599VIT6Q, STM32U599VJT6, STM32U599VJT6Q, STM32U599ZIT6Q, STM32U599ZIY6QTR, STM32U599ZJT6Q, STM32U599ZJY6QTR, STM32U5A5AJH6, STM32U5A5AJH6Q, STM32U5A5QJI6, STM32U5A5QJI6Q, STM32U5A5RJT6, STM32U5A5RJT6Q, STM32U5A5VJT6, STM32U5A5VJT6Q, STM32U5A5ZJT6, STM32U5A5ZJT6Q, STM32U5A5ZJY6QTR, STM32U5A9BJY6QTR, STM32U5A9J-DK, STM32U5A9NJH6Q, STM32U5A9VJT6Q, STM32U5A9ZJT6Q, STM32U5A9ZJY6QTR, STM32WB1MMCH6, STM32WBA52CEU6, STM32WBA52CEU6T, STM32WBA52CGU6, STM32WBA52CGU6T, STM32WL5MOCH6, STM32WL5MOCH6TR]
2024-05-13 10:19:34,317 [INFO] DbMcus:216 - Found 4066 MCUs, 4066 are supported
2024-05-13 10:19:34,318 [INFO] ApiDb:423 - Load user favorites file /home/dnk066/.stm32cubeide/favorites.mcus.txt: 0 item(s)
2024-05-13 10:19:34,318 [INFO] ApiDb:427 - User favorites MCUs=[]
2024-05-13 10:19:34,319 [INFO] DbMcus:222 - Set 0 / 0 favorites MCUs
2024-05-13 10:19:35,731 [ERROR] TargetSelectorAdapter:267 - Unable to refresh data
2024-05-13 10:19:36,064 [INFO] ApiDb:668 - CubeFinder database Data Model version=2.1
2024-05-13 10:19:36,065 [INFO] ApiDb:669 - CubeFinder database Configuration version=3.0.39
2024-05-13 10:19:36,065 [INFO] ApiDb:670 - CubeFinder database generation date=2024-04-15 (1713193726)
2024-05-13 10:19:36,065 [INFO] ApiDb:671 - CubeFinder database FW Pack versions=[FP-ATR-ASTRA1_V2.0.0, FP-SNS-FLIGHT1_V5.0.1, FP-SNS-FLIGHT1_V5.0.2, FP-SNS-MOTENV1_V4.3.1, FP-SNS-MOTENV1_V4.3.2, FP-SNS-MOTENVWB1_V1.3.1, FP-SNS-SMARTAG2_V1.2.0, STM32Cube_FW_C0_V1.1.0, STM32Cube_FW_F4_V1.28.0, STM32Cube_FW_F7_V1.17.0, STM32Cube_FW_G0_V1.6.2, STM32Cube_FW_G4_V1.5.2, STM32Cube_FW_H5_V0.5.1, STM32Cube_FW_H5_V1.1.1, STM32Cube_FW_H5_V1.2.0, STM32Cube_FW_H5_V1.2.0RC4, STM32Cube_FW_H7RS_V1.0.0, STM32Cube_FW_H7RS_V1.0.0RC4, STM32Cube_FW_H7_V1.11.0, STM32Cube_FW_L0_V1.12.2, STM32Cube_FW_L5_V1.5.1, STM32Cube_FW_U0_V1.0.0, STM32Cube_FW_U0_V1.0.0RC1, STM32Cube_FW_U5_V1.3.0RC4, STM32Cube_FW_U5_V1.5.0, STM32Cube_FW_U5_V1.5.0RC1, STM32Cube_FW_WBA_V1.0.0RC1, STM32Cube_FW_WBA_V1.2.0, STM32Cube_FW_WBA_V1.2.0RC2, STM32Cube_FW_WBA_V1.3.0, STM32Cube_FW_WBA_V1.3.0RC1, STM32Cube_FW_WB_V1.15.0RC1, STM32Cube_FW_WB_V1.16.0, STM32Cube_FW_WB_V1.16.0RC2, STM32Cube_FW_WB_V1.18.0, STM32Cube_FW_WB_V1.19.0, STM32Cube_FW_WL_V1.3.0, X-CUBE-ALGOBUILD_V1.3.0, X-CUBE-ALS_V1.0.1, X-CUBE-AZRTOS-F4_V1.1.0, X-CUBE-AZRTOS-F7_V1.1.0, X-CUBE-AZRTOS-G0_V1.1.0, X-CUBE-AZRTOS-G4_V2.0.0, X-CUBE-AZRTOS-H7_V3.2.0, X-CUBE-AZRTOS-L4_V1.0.0, X-CUBE-AZRTOS-L4_V2.0.0, X-CUBE-AZRTOS-L5_V1.1.0, X-CUBE-AZRTOS-WB_V2.0.0, X-CUBE-AZRTOS-WL_V2.0.0, X-CUBE-BLE1_V7.0.0, X-CUBE-BLE2_V3.3.0, X-CUBE-BLEMGR_V3.1.0, X-CUBE-EEPRMA1_V4.1.0, X-CUBE-EEPRMA1_V5.1.0, X-CUBE-FREERTOS_V1.1.0, X-CUBE-GNSS1_V6.0.0, X-CUBE-MEMS1_V10.0.0, X-CUBE-MEMS1_V9.1.0, X-CUBE-MEMS1_V9.4.0, X-CUBE-MEMS1_V9.6.0, X-CUBE-NFC4_V3.0.0, X-CUBE-NFC7_V1.0.1, X-CUBE-SFXS2LP1_V4.0.0, X-CUBE-SUBG2_V5.0.0, X-CUBE-TOF1_V3.4.0]
2024-05-13 10:19:36,191 [INFO] DbBoardsSqlite:226 - include board P-NUCLEO-WB55-NUCLEO as a kit item of type 'Nucleo-64'
2024-05-13 10:19:36,192 [INFO] DbBoardsSqlite:226 - include board P-NUCLEO-WB55-USBDONGLE as a kit item of type 'Nucleo USB Dongle'
2024-05-13 10:19:36,193 [INFO] DbBoardsSqlite:226 - include board STEVAL-IDP005V1 as a kit item of type 'Evaluation Board'
2024-05-13 10:19:36,194 [INFO] DbBoardsSqlite:226 - include board STEVAL-IDP005V2 as a kit item of type 'Evaluation Board'
2024-05-13 10:19:36,282 [INFO] ApiDb:240 - Found 297 in-development CPN: [B-G473E-ZEST1S, B-WB1M-WPAN1, B-WL5M-SUBG1, NUCLEO-C031C6, NUCLEO-H503RB, NUCLEO-H563ZI, NUCLEO-U545RE-Q, NUCLEO-U5A5ZJ-Q, NUCLEO-WBA52CG, STEVAL-PROTEUS1, STEVAL-STWINBX1, STM320518-EVAL, STM32C0116-DK, STM32C011D6Y3TR, STM32C011D6Y6TR, STM32C011F4P3, STM32C011F4P6, STM32C011F4U3, STM32C011F4U6TR, STM32C011F6P3, STM32C011F6P6, STM32C011F6U3, STM32C011F6U6TR, STM32C011J4M3, STM32C011J4M6, STM32C011J6M3, STM32C011J6M6, STM32C0316-DK, STM32C031C4T3, STM32C031C4T6, STM32C031C4U3, STM32C031C4U6, STM32C031C6T3, STM32C031C6T6, STM32C031C6U3, STM32C031C6U6, STM32C031F4P3, STM32C031F4P6, STM32C031F6P3, STM32C031F6P6, STM32C031G4U3, STM32C031G4U6, STM32C031G6U3, STM32C031G6U6, STM32C031K4T3, STM32C031K4T6, STM32C031K4U3, STM32C031K4U6, STM32C031K6T3, STM32C031K6T6, STM32C031K6U3, STM32C031K6U6, STM32G071K8TXN, STM32G071K8UXN, STM32G081GBU6N, STM32G081KBT6N, STM32G081KBUXN, STM32G0B1CCT6N, STM32G0B1KCT6, STM32G0B1NEY6TR, STM32G0B1RCT6N, STM32G0C1CCT6, STM32G0C1CCT6N, STM32G0C1CCU6N, STM32G0C1CET6N, STM32G0C1CEU6N, STM32G0C1KCT6, STM32G0C1NEY6TR, STM32G0C1RCI6N, STM32G0C1RCT6N, STM32G0C1REI6N, STM32G0C1RET6N, STM32G0C1VCI6, STM32G0C1VEI6, STM32G471CCT6, STM32G471CCU6, STM32G471CET3, STM32G471CET6, STM32G471CEU3, STM32G471CEU6, STM32G471MCT6, STM32G471MET3, STM32G471MET6, STM32G471MEY6TR, STM32G471QCT6, STM32G471QET3, STM32G471RCT6, STM32G471RET3, STM32G471RET6, STM32G471VCH6, STM32G471VCI6, STM32G471VCT6, STM32G471VEH3, STM32G471VEH6, STM32G471VEI3, STM32G471VEI6, STM32G471VET3, STM32G471VET6, STM32G474CCT6, STM32H503CBT6, STM32H503CBU6, STM32H503EBY6TR, STM32H503KBU6, STM32H503RBT6, STM32H562AGI6, STM32H562AII6, STM32H562IGK6, STM32H562IGT6, STM32H562IIK6, STM32H562IIT6, STM32H562RGT6, STM32H562RGV6, STM32H562RIT6, STM32H562RIV6, STM32H562VGT6, STM32H562VIT6, STM32H562ZGT6, STM32H562ZIT6, STM32H563AGI6, STM32H563AII3Q, STM32H563AII6, STM32H563IGK6, STM32H563IGT6, STM32H563IIK3Q, STM32H563IIK6, STM32H563IIT3Q, STM32H563IIT6, STM32H563MIY3QTR, STM32H563RGT6, STM32H563RGV6, STM32H563RIT6, STM32H563RIV6, STM32H563VGT6, STM32H563VIT3Q, STM32H563VIT6, STM32H563ZGT6, STM32H563ZIT3Q, STM32H563ZIT6, STM32H573AII3Q, STM32H573AII6, STM32H573I-DK, STM32H573IIK3Q, STM32H573IIK6, STM32H573IIT3Q, STM32H573IIT6, STM32H573MIY3QTR, STM32H573RIT6, STM32H573RIV6, STM32H573VIT3Q, STM32H573VIT6, STM32H573ZIT3Q, STM32H573ZIT6, STM32L4R5QGI6STR, STM32MP131AAE3, STM32MP131AAF3, STM32MP131AAG3, STM32MP131CAE3, STM32MP131CAF3, STM32MP131CAG3, STM32MP131DAE7, STM32MP131DAF7, STM32MP131DAG7, STM32MP131FAE7, STM32MP131FAF7, STM32MP131FAG7, STM32MP133AAE3, STM32MP133AAF3, STM32MP133AAG3, STM32MP133CAE3, STM32MP133CAF3, STM32MP133CAG3, STM32MP133DAE7, STM32MP133DAF7, STM32MP133DAG7, STM32MP133FAE7, STM32MP133FAF7, STM32MP133FAG7, STM32MP135AAE3, STM32MP135AAF3, STM32MP135AAG3, STM32MP135CAE3, STM32MP135CAF3, STM32MP135CAG3, STM32MP135DAE7, STM32MP135DAF7, STM32MP135DAG7, STM32MP135F-DK, STM32MP135FAE7, STM32MP135FAF7, STM32MP135FAF7T, STM32MP135FAF7U, STM32MP135FAG7, STM32U535CBT6, STM32U535CBT6Q, STM32U535CBU6, STM32U535CBU6Q, STM32U535CCT6, STM32U535CCT6Q, STM32U535CCU6, STM32U535CCU6Q, STM32U535CET6, STM32U535CET6Q, STM32U535CEU6, STM32U535CEU6Q, STM32U535JEY6QTR, STM32U535NCY6QTR, STM32U535NEY6QTR, STM32U535RBI6, STM32U535RBI6Q, STM32U535RBT6, STM32U535RBT6Q, STM32U535RCI6, STM32U535RCI6Q, STM32U535RCT6, STM32U535RCT6Q, STM32U535REI6, STM32U535REI6Q, STM32U535RET6, STM32U535RET6Q, STM32U535VCI6, STM32U535VCI6Q, STM32U535VCT6, STM32U535VCT6Q, STM32U535VEI6, STM32U535VEI6Q, STM32U535VET6, STM32U535VET6Q, STM32U545CET6, STM32U545CET6Q, STM32U545CEU6, STM32U545CEU6Q, STM32U545JEY6QTR, STM32U545NEY6QTR, STM32U545REI6, STM32U545REI6Q, STM32U545RET6, STM32U545RET6Q, STM32U545VEI6, STM32U545VEI6Q, STM32U545VET6, STM32U545VET6Q, STM32U595AIH6, STM32U595AIH6Q, STM32U595AJH6, STM32U595AJH6Q, STM32U595QII6, STM32U595QII6Q, STM32U595QJI6, STM32U595QJI6Q, STM32U595RIT6, STM32U595RIT6Q, STM32U595RJT6, STM32U595RJT6Q, STM32U595VIT6, STM32U595VIT6Q, STM32U595VJT6, STM32U595VJT6Q, STM32U595ZIT6, STM32U595ZIT6Q, STM32U595ZIY6QTR, STM32U595ZJT6, STM32U595ZJT6Q, STM32U595ZJY6QTR, STM32U599BJY6QTR, STM32U599NIH6Q, STM32U599NJH6Q, STM32U599VIT6Q, STM32U599VJT6, STM32U599VJT6Q, STM32U599ZIT6Q, STM32U599ZIY6QTR, STM32U599ZJT6Q, STM32U599ZJY6QTR, STM32U5A5AJH6, STM32U5A5AJH6Q, STM32U5A5QJI6, STM32U5A5QJI6Q, STM32U5A5RJT6, STM32U5A5RJT6Q, STM32U5A5VJT6, STM32U5A5VJT6Q, STM32U5A5ZJT6, STM32U5A5ZJT6Q, STM32U5A5ZJY6QTR, STM32U5A9BJY6QTR, STM32U5A9J-DK, STM32U5A9NJH6Q, STM32U5A9VJT6Q, STM32U5A9ZJT6Q, STM32U5A9ZJY6QTR, STM32WB1MMCH6, STM32WBA52CEU6, STM32WBA52CEU6T, STM32WBA52CGU6, STM32WBA52CGU6T, STM32WL5MOCH6, STM32WL5MOCH6TR]
2024-05-13 10:19:36,424 [INFO] BoardInfo:880 - No configuration file found for board NUCLEO-H533RE
2024-05-13 10:19:36,425 [INFO] DbBoards:157 - Board is not supported: NUCLEO-H533RE
2024-05-13 10:19:36,446 [INFO] BoardInfo:880 - No configuration file found for board NUCLEO-H7S3L8
2024-05-13 10:19:36,446 [INFO] DbBoards:157 - Board is not supported: NUCLEO-H7S3L8
2024-05-13 10:19:36,494 [INFO] BoardInfo:880 - No configuration file found for board NUCLEO-U031R8
2024-05-13 10:19:36,494 [INFO] DbBoards:157 - Board is not supported: NUCLEO-U031R8
2024-05-13 10:19:36,496 [INFO] BoardInfo:880 - No configuration file found for board NUCLEO-U083RC
2024-05-13 10:19:36,497 [INFO] DbBoards:157 - Board is not supported: NUCLEO-U083RC
2024-05-13 10:19:36,513 [INFO] BoardInfo:880 - No configuration file found for board NUCLEO-WBA55CG
2024-05-13 10:19:36,513 [INFO] DbBoards:157 - Board is not supported: NUCLEO-WBA55CG
2024-05-13 10:19:36,525 [INFO] BoardInfo:880 - No configuration file found for board P-NUCLEO-WB55
2024-05-13 10:19:36,525 [INFO] DbBoards:157 - Kit is not supported: P-NUCLEO-WB55
2024-05-13 10:19:36,534 [INFO] BoardInfo:880 - No configuration file found for board STEVAL-BFA001V1B
2024-05-13 10:19:36,535 [INFO] DbBoards:157 - Kit is not supported: STEVAL-BFA001V1B
2024-05-13 10:19:36,538 [INFO] BoardInfo:880 - No configuration file found for board STEVAL-BFA001V2B
2024-05-13 10:19:36,539 [INFO] DbBoards:157 - Kit is not supported: STEVAL-BFA001V2B
2024-05-13 10:19:36,546 [INFO] BoardInfo:880 - No configuration file found for board STEVAL-MKBOXPRO
2024-05-13 10:19:36,547 [INFO] DbBoards:157 - Board is not supported: STEVAL-MKBOXPRO
2024-05-13 10:19:36,555 [INFO] BoardInfo:880 - No configuration file found for board STEVAL-SMARTAG2
2024-05-13 10:19:36,555 [INFO] DbBoards:157 - Board is not supported: STEVAL-SMARTAG2
2024-05-13 10:19:36,721 [INFO] BoardInfo:880 - No configuration file found for board STM32H7S78-DK
2024-05-13 10:19:36,721 [INFO] DbBoards:157 - Board is not supported: STM32H7S78-DK
2024-05-13 10:19:36,779 [INFO] BoardInfo:880 - No configuration file found for board STM32U083C-DK
2024-05-13 10:19:36,779 [INFO] DbBoards:157 - Board is not supported: STM32U083C-DK
2024-05-13 10:19:36,786 [INFO] BoardInfo:880 - No configuration file found for board STM32U5G9J-DK1
2024-05-13 10:19:36,786 [INFO] DbBoards:157 - Board is not supported: STM32U5G9J-DK1
2024-05-13 10:19:36,789 [INFO] BoardInfo:880 - No configuration file found for board STM32U5G9J-DK2
2024-05-13 10:19:36,789 [INFO] DbBoards:157 - Board is not supported: STM32U5G9J-DK2
2024-05-13 10:19:36,797 [INFO] BoardInfo:880 - No configuration file found for board STM32WBA55G-DK1
2024-05-13 10:19:36,797 [INFO] DbBoards:157 - Board is not supported: STM32WBA55G-DK1
2024-05-13 10:19:36,804 [INFO] DbBoards:161 - Found 199 boards, 184 are supported
2024-05-13 10:19:36,810 [INFO] ApiDb:423 - Load user favorites file /home/dnk066/.stm32cubeide/favorites.boards.txt: 3 item(s)
2024-05-13 10:19:36,810 [INFO] ApiDb:427 - User favorites Boards=[NUCLEO-L496ZG-P, NUCLEO-L4R5ZI, STM32L152C-DISCO]
2024-05-13 10:19:36,811 [INFO] DbBoards:190 - Set 3 / 3 favorites Boards
2024-05-13 10:19:36,811 [INFO] McuFinderGlobals:66 - Set McuFinderConnectedMode to true
2024-05-13 10:19:36,834 [INFO] MultiScanPanel:200 - Auto-refresh data requested => check proxy status ongoing
2024-05-13 10:19:36,842 [INFO] FinderPluginLoader:95 - Searching for filters in installed packs
2024-05-13 10:19:41,276 [INFO] LoadUrlFilesThread:185 - End of LoadServerUrlFiles without Thread
2024-05-13 10:19:41,428 [INFO] DetailPanel:341 - Set advertising image to /home/dnk066/STM32Cube/Repository//en.prom-stm32h7rs-mcu-finder.png
2024-05-13 10:19:54,038 [INFO] MultiScanPanel:200 - Auto-refresh data requested => check proxy status ongoing
2024-05-13 10:19:54,278 [INFO] LoadUrlFilesThread:185 - End of LoadServerUrlFiles without Thread
2024-05-13 10:19:54,278 [INFO] DetailPanel:341 - Set advertising image to /home/dnk066/STM32Cube/Repository//en.prom-stm32h7rs-mcu-finder.png
2024-05-13 10:20:25,859 [INFO] MainUpdater:2854 - connection check result : 10
2024-05-13 10:20:25,859 [INFO] MainUpdater:2854 - connection check result : 10
2024-05-13 10:20:25,989 [INFO] MicroXplorer:468 - Change Database Path : 
2024-05-13 10:20:25,989 [INFO] MicroXplorer:498 - Change Database Version : DB.6.0.81
2024-05-13 10:20:26,111 [WARN] ThirdParty:871 - waiting for thirdparty lock release [close project]
2024-05-13 10:20:26,111 [INFO] ThirdParty:873 - entering critical section [close project]
2024-05-13 10:20:26,111 [INFO] ThirdParty:883 - exiting critical section [close project]
2024-05-13 10:20:26,117 [INFO] PinOutPanel:1499 - setPackage(No Configuration,No Configuration)
2024-05-13 10:20:26,133 [INFO] UtilMem:75 - Begin LoadConfig() Used Memory: 519770760 Bytes (845152256)
2024-05-13 10:20:26,135 [INFO] OpenFileManager:308 - Change cursor
2024-05-13 10:20:26,175 [INFO] RulesReader:64 - Compatibility file has been processed (293 Rules)
2024-05-13 10:20:26,188 [INFO] ProjectFactory:402 - No CPN specified for board NUCLEO-L496ZG-P => set CPN to STM32L496ZGT6P
2024-05-13 10:20:26,188 [INFO] Mcu:1937 - Initializing MCU STM32L496ZGTxP STM32L496ZGTxP STM32L496ZGT6P
2024-05-13 10:20:30,916 [INFO] Context:659 - Trying to add GPIOservice into a context  which must be forbidden
2024-05-13 10:20:32,107 [INFO] Rule:228 - rule 117617 - U5Cobra4M][GTZC] default value MPCBB3 and MPCBB5 - Not Secured memory - MPCBB1 is applicable
2024-05-13 10:20:32,108 [INFO] Rule:228 - rule 117617 - U5Cobra4M][GTZC] default value MPCBB3 and MPCBB5 - Not Secured memory - MPCBB1 is applicable
2024-05-13 10:20:32,108 [INFO] Rule:228 - rule 117617 - U5Cobra4M][GTZC] default value MPCBB3 and MPCBB5 - Not Secured memory - MPCBB2 is applicable
2024-05-13 10:20:32,108 [INFO] Rule:228 - rule 117617 - U5Cobra4M][GTZC] default value MPCBB3 and MPCBB5 - Not Secured memory - MPCBB2 is applicable
2024-05-13 10:20:32,108 [INFO] Rule:228 - rule 117617 - U5Cobra4M][GTZC] default value MPCBB3 and MPCBB5 - Not Secured memory - MPCBB3 is applicable
2024-05-13 10:20:32,108 [INFO] Rule:228 - rule 117617 - U5Cobra4M][GTZC] default value MPCBB3 and MPCBB5 - Not Secured memory - MPCBB3 is applicable
2024-05-13 10:20:32,108 [INFO] Rule:228 - rule 117617 - U5Cobra4M][GTZC] default value MPCBB3 and MPCBB5 - Not Secured memory - MPCBB4 is applicable
2024-05-13 10:20:32,108 [INFO] Rule:228 - rule 117617 - U5Cobra4M][GTZC] default value MPCBB3 and MPCBB5 - Not Secured memory - MPCBB4 is applicable
2024-05-13 10:20:32,108 [INFO] Rule:228 - rule 117617 - U5Cobra4M][GTZC] default value MPCBB3 and MPCBB5 - Secured memory - MPCBB1 is applicable
2024-05-13 10:20:32,109 [INFO] Rule:228 - rule 117617 - U5Cobra4M][GTZC] default value MPCBB3 and MPCBB5 - Secured memory - MPCBB2 is applicable
2024-05-13 10:20:32,109 [INFO] Rule:228 - rule 117617 - U5Cobra4M][GTZC] default value MPCBB3 and MPCBB5 - Secured memory - MPCBB3 is applicable
2024-05-13 10:20:32,109 [INFO] Rule:228 - rule 117617 - U5Cobra4M][GTZC] default value MPCBB3 and MPCBB5 - Secured memory - MPCBB4 is applicable
2024-05-13 10:20:32,109 [INFO] Rule:228 - rule 117617 - U5Cobra4M][GTZC] default value MPCBB3 and MPCBB5 - Privileged memory - MPCBB1 is applicable
2024-05-13 10:20:32,109 [INFO] Rule:228 - rule 117617 - U5Cobra4M][GTZC] default value MPCBB3 and MPCBB5 - Privileged memory - MPCBB2 is applicable
2024-05-13 10:20:32,109 [INFO] Rule:228 - rule 117617 - U5Cobra4M][GTZC] default value MPCBB3 and MPCBB5 - Privileged memory - MPCBB3 is applicable
2024-05-13 10:20:32,109 [INFO] Rule:228 - rule 117617 - U5Cobra4M][GTZC] default value MPCBB3 and MPCBB5 - Privileged memory - MPCBB4 is applicable
2024-05-13 10:20:32,109 [INFO] Rule:228 - rule 117617 - U5Cobra4M][GTZC] default value MPCBB3 and MPCBB5 - Not Privileged memory - MPCBB1 is applicable
2024-05-13 10:20:32,110 [INFO] Rule:228 - rule 117617 - U5Cobra4M][GTZC] default value MPCBB3 and MPCBB5 - Not Privileged memory - MPCBB2 is applicable
2024-05-13 10:20:32,110 [INFO] Rule:228 - rule 117617 - U5Cobra4M][GTZC] default value MPCBB3 and MPCBB5 - Not Privileged memory - MPCBB3 is applicable
2024-05-13 10:20:32,110 [INFO] Rule:228 - rule 117617 - U5Cobra4M][GTZC] default value MPCBB3 and MPCBB5 - Not Privileged memory - MPCBB4 is applicable
2024-05-13 10:20:32,110 [INFO] Rule:228 - rule 117617 - U5Cobra4M][GTZC] default value MPCBB3 and MPCBB5 - Privileged memory - MPCBB1 is applicable
2024-05-13 10:20:32,110 [INFO] Rule:228 - rule 117617 - U5Cobra4M][GTZC] default value MPCBB3 and MPCBB5 - Privileged memory - MPCBB2 is applicable
2024-05-13 10:20:32,111 [INFO] Rule:228 - rule 117617 - U5Cobra4M][GTZC] default value MPCBB3 and MPCBB5 - Privileged memory - MPCBB3 is applicable
2024-05-13 10:20:32,111 [INFO] Rule:228 - rule 117617 - U5Cobra4M][GTZC] default value MPCBB3 and MPCBB5 - Privileged memory - MPCBB4 is applicable
2024-05-13 10:20:32,111 [INFO] Rule:228 - rule 117617 - U5Cobra4M][GTZC] default value MPCBB3 and MPCBB5 - Privileged memory - MPCBB1 is applicable
2024-05-13 10:20:32,111 [INFO] Rule:228 - rule 117617 - U5Cobra4M][GTZC] default value MPCBB3 and MPCBB5 - Privileged memory - MPCBB2 is applicable
2024-05-13 10:20:32,111 [INFO] Rule:228 - rule 117617 - U5Cobra4M][GTZC] default value MPCBB3 and MPCBB5 - Privileged memory - MPCBB3 is applicable
2024-05-13 10:20:32,112 [INFO] Rule:228 - rule 117617 - U5Cobra4M][GTZC] default value MPCBB3 and MPCBB5 - Privileged memory - MPCBB4 is applicable
2024-05-13 10:20:32,113 [INFO] Rule:228 - rule 117617 - U5Cobra4M][GTZC] default value MPCBB3 and MPCBB5 - Not Privileged memory - MPCBB1 is applicable
2024-05-13 10:20:32,113 [INFO] Rule:228 - rule 117617 - U5Cobra4M][GTZC] default value MPCBB3 and MPCBB5 - Not Privileged memory - MPCBB2 is applicable
2024-05-13 10:20:32,113 [INFO] Rule:228 - rule 117617 - U5Cobra4M][GTZC] default value MPCBB3 and MPCBB5 - Not Privileged memory - MPCBB3 is applicable
2024-05-13 10:20:32,113 [INFO] Rule:228 - rule 117617 - U5Cobra4M][GTZC] default value MPCBB3 and MPCBB5 - Not Privileged memory - MPCBB4 is applicable
2024-05-13 10:20:32,113 [INFO] Rule:228 - rule 117617 - U5Cobra4M][GTZC] default value MPCBB3 and MPCBB5 - Privileged memory - MPCBB1 is applicable
2024-05-13 10:20:32,113 [INFO] Rule:228 - rule 117617 - U5Cobra4M][GTZC] default value MPCBB3 and MPCBB5 - Privileged memory - MPCBB2 is applicable
2024-05-13 10:20:32,114 [INFO] Rule:228 - rule 117617 - U5Cobra4M][GTZC] default value MPCBB3 and MPCBB5 - Privileged memory - MPCBB3 is applicable
2024-05-13 10:20:32,114 [INFO] Rule:228 - rule 117617 - U5Cobra4M][GTZC] default value MPCBB3 and MPCBB5 - Privileged memory - MPCBB4 is applicable
2024-05-13 10:20:32,114 [INFO] Rule:228 - rule Rename SubGHz_Phy SUBGHZ_APPLICATION SUBGHZ_PINGPONG to SUBGHZ_ADV_APPLICATION is applicable
2024-05-13 10:20:32,114 [INFO] Rule:228 - rule Rename Enabled to IBEACON is applicable
2024-05-13 10:20:32,114 [INFO] Rule:228 - rule GTZC_S instance for project manager is applicable
2024-05-13 10:20:32,114 [INFO] Rule:228 - rule GTZC_S instance for context M33S is applicable
2024-05-13 10:20:32,114 [INFO] Rule:228 - rule GTZC_S instance value for IP GTZC is applicable
2024-05-13 10:20:32,115 [INFO] Rule:228 - rule GTZC_S instance for mcu.IP is applicable
2024-05-13 10:20:32,115 [INFO] Rule:228 - rule GTZC_S instance for VP is applicable
2024-05-13 10:20:32,115 [INFO] Rule:228 - rule GTZC_S instance for signal is applicable
2024-05-13 10:20:32,115 [INFO] Rule:228 - rule GTZC_S instance for mcu.Pin is applicable
2024-05-13 10:20:32,115 [INFO] Rule:228 - rule GTZC_S instance for VP is applicable
2024-05-13 10:20:32,115 [INFO] Rule:228 - rule GTZC_S instance for signal is applicable
2024-05-13 10:20:32,115 [INFO] Rule:228 - rule GTZC_S instance for mcu is applicable
2024-05-13 10:20:32,115 [INFO] Rule:228 - rule GTZC_S instance for mcu.Pin is applicable
2024-05-13 10:20:32,116 [INFO] Rule:228 - rule GTZC_S instance value for IP GTZC is applicable
2024-05-13 10:20:32,116 [INFO] Rule:228 - rule GTZC_S instance for project manager is applicable
2024-05-13 10:20:32,116 [INFO] Rule:228 - rule GTZC_S instance for context M33S is applicable
2024-05-13 10:20:32,116 [INFO] Rule:228 - rule GTZC_S instance for VP is applicable
2024-05-13 10:20:32,116 [INFO] Rule:228 - rule GTZC_S instance for signal is applicable
2024-05-13 10:20:32,116 [INFO] Rule:228 - rule SPDIFRX instance for mcu is applicable
2024-05-13 10:20:32,116 [INFO] Rule:228 - rule Rename Tracer Mode is applicable
2024-05-13 10:20:32,116 [INFO] Rule:228 - rule SPDIFRX instance value for IP SPDIFRX is applicable
2024-05-13 10:20:32,117 [INFO] Rule:228 - rule SPDIFRX instance for signal is applicable
2024-05-13 10:20:32,117 [INFO] Rule:228 - rule SPDIFRX instance for project manager is applicable
2024-05-13 10:20:32,117 [INFO] Rule:228 - rule SPDIFRX instance for project manager is applicable
2024-05-13 10:20:32,117 [INFO] Rule:228 - rule ADC Scan  fix with FW F7 is applicable
2024-05-13 10:20:32,117 [INFO] Rule:228 - rule ADC Scan  fix with FW F7 is applicable
2024-05-13 10:20:32,117 [INFO] Rule:228 - rule WakeUp0 Mode is applicable
2024-05-13 10:20:32,118 [INFO] Rule:228 - rule WakeUp0 SIGNAL is applicable
2024-05-13 10:20:32,118 [INFO] Rule:228 - rule WakeUp1 Mode is applicable
2024-05-13 10:20:32,118 [INFO] Rule:228 - rule WakeUp1 SIGNAL is applicable
2024-05-13 10:20:32,118 [INFO] Rule:228 - rule WakeUp2 Mode is applicable
2024-05-13 10:20:32,118 [INFO] Rule:228 - rule WakeUp2 SIGNAL is applicable
2024-05-13 10:20:32,118 [INFO] Rule:228 - rule WakeUp4 Mode is applicable
2024-05-13 10:20:32,118 [INFO] Rule:228 - rule WakeUp4 SIGNAL is applicable
2024-05-13 10:20:32,118 [INFO] Rule:228 - rule WakeUp5 Mode is applicable
2024-05-13 10:20:32,119 [INFO] Rule:228 - rule WakeUp5 SIGNAL is applicable
2024-05-13 10:20:32,119 [INFO] Rule:228 - rule Change Default Value for LSE Drive Capability for WB family is applicable
2024-05-13 10:20:32,119 [INFO] Rule:228 - rule Change Default Value for ADC Clock Prescaler G0 family is applicable
2024-05-13 10:20:32,119 [INFO] Rule:228 - rule Rename AES DataEncryptionTypesList to Algorithm is applicable
2024-05-13 10:20:32,120 [INFO] Rule:228 - rule Rename TDESECB to CRYP_TDES_ECB is applicable
2024-05-13 10:20:32,120 [INFO] Rule:228 - rule Rename TDESCBC to CRYP_TDES_CBC is applicable
2024-05-13 10:20:32,120 [INFO] Rule:228 - rule Rename DESECB to CRYP_DES_ECB is applicable
2024-05-13 10:20:32,120 [INFO] Rule:228 - rule Rename DESCBC to CRYP_DES_CBC is applicable
2024-05-13 10:20:32,120 [INFO] Rule:228 - rule Rename AESECB to CRYP_AES_ECB is applicable
2024-05-13 10:20:32,120 [INFO] Rule:228 - rule Rename AESCBC to CRYP_AES_CBC is applicable
2024-05-13 10:20:32,120 [INFO] Rule:228 - rule Rename AESCTR to CRYP_AES_CTR is applicable
2024-05-13 10:20:32,120 [INFO] Rule:228 - rule Rename AESGCM to CRYP_AES_GCM is applicable
2024-05-13 10:20:32,121 [INFO] Rule:228 - rule Rename AESCCM to CRYP_AES_CCM is applicable
2024-05-13 10:20:32,121 [INFO] Rule:228 - rule Rename CAN TimeSeg1 to BS1 is applicable
2024-05-13 10:20:32,121 [INFO] Rule:228 - rule Rename CAN TimeSeg2 to BS2 is applicable
2024-05-13 10:20:32,121 [INFO] Rule:228 - rule Rename CAN SyncJumpWidth to SJW is applicable
2024-05-13 10:20:32,121 [INFO] Rule:228 - rule TimeTriggeredMode to TTCM is applicable
2024-05-13 10:20:32,121 [INFO] Rule:228 - rule Rename CAN AutoBusOff to ABOM is applicable
2024-05-13 10:20:32,128 [INFO] Rule:228 - rule Rename CAN AutoWakeUp to AWUM is applicable
2024-05-13 10:20:32,128 [INFO] Rule:228 - rule Rename CAN AutoRetransmission to NART is applicable
2024-05-13 10:20:32,128 [INFO] Rule:228 - rule Rename CAN ReceiveFifoLocked to RFLM is applicable
2024-05-13 10:20:32,129 [INFO] Rule:228 - rule Rename CAN TransmitFifoPriority to TXFP is applicable
2024-05-13 10:20:32,129 [INFO] Rule:228 - rule FDCAN_R1 - Rename FDCAN mode Master into Classic is applicable
2024-05-13 10:20:32,129 [INFO] Rule:228 - rule FDCAN_R2 - Rename FDCAN mode Slave into Classic is applicable
2024-05-13 10:20:32,129 [INFO] Rule:228 - rule FDCAN1_R3 - if PA10.Mode=FullDuplex, add Pin PA12 is applicable
2024-05-13 10:20:32,129 [INFO] Rule:228 - rule FDCAN1_R3 - if PA9.Mode=FullDuplex, add Pin PA11 is applicable
2024-05-13 10:20:32,129 [INFO] Rule:228 - rule FDCAN1_R3 - Alternatepin_1 - if PE1.Mode=FullDuplex, add Pin PB9 is applicable
2024-05-13 10:20:32,130 [INFO] Rule:228 - rule FDCAN1_R3 - Alternatepin_1 - if PE0.Mode=FullDuplex, add Pin PB8 is applicable
2024-05-13 10:20:32,131 [INFO] Rule:228 - rule FDCAN1_R3 - Alternatepin_2 - if PD5.Mode=FullDuplex, add Pin PD1 is applicable
2024-05-13 10:20:32,131 [INFO] Rule:228 - rule FDCAN1_R3 - Alternatepin_2 - if PD4.Mode=FullDuplex, add Pin PD0 is applicable
2024-05-13 10:20:32,131 [INFO] Rule:228 - rule FDCAN1_R4 - Rename Mode FullDuplex into Enable FDCAN_TXFD for pin PA10 is applicable
2024-05-13 10:20:32,131 [INFO] Rule:228 - rule FDCAN1_R4 - Rename Mode FullDuplex into Enable FDCAN_TXFD for pin PA9 is applicable
2024-05-13 10:20:32,131 [INFO] Rule:228 - rule FDCAN1_R4 - Alternatepin_1 - Rename Mode FullDuplex into Enable FDCAN_TXFD for pin PE1 is applicable
2024-05-13 10:20:32,131 [INFO] Rule:228 - rule FDCAN1_R4 - Alternatepin_1 - Rename Mode FullDuplex into Enable FDCAN_TXFD for pin PE0 is applicable
2024-05-13 10:20:32,131 [INFO] Rule:228 - rule FDCAN1_R4 - Alternatepin_2 - Rename Mode FullDuplex into Enable FDCAN_TXFD for pin PD5 is applicable
2024-05-13 10:20:32,132 [INFO] Rule:228 - rule FDCAN1_R4 - Alternatepin_2 - Rename Mode FullDuplex into Enable FDCAN_TXFD for pin PD4 is applicable
2024-05-13 10:20:32,132 [INFO] Rule:228 - rule FDCAN2_R3 - if PD10.Mode=FullDuplex, add Pin PB13 is applicable
2024-05-13 10:20:32,132 [INFO] Rule:228 - rule FDCAN2_R3 - if PD9.Mode=FullDuplex, add Pin PB12 is applicable
2024-05-13 10:20:32,132 [INFO] Rule:228 - rule FDCAN2_R3 - Alternatepin_1 - if PB7.Mode=FullDuplex, add Pin PB6 is applicable
2024-05-13 10:20:32,132 [INFO] Rule:228 - rule FDCAN2_R3 - Alternatepin_1 - if PD9.Mode=FullDuplex, add Pin PB12 is applicable
2024-05-13 10:20:32,132 [INFO] Rule:228 - rule FDCAN2_R4 - Rename Mode FullDuplex into Enable FDCAN_TXFD for pin PD10 is applicable
2024-05-13 10:20:32,132 [INFO] Rule:228 - rule FDCAN2_R4 - Rename Mode FullDuplex into Enable FDCAN_TXFD for pin PD9 is applicable
2024-05-13 10:20:32,134 [INFO] Rule:228 - rule FDCAN2_R4 - Alternatepin_1 - Rename Mode FullDuplex into Enable FDCAN_TXFD for pin PB7 is applicable
2024-05-13 10:20:32,139 [INFO] Rule:228 - rule FDCAN2_R4 - Alternatepin_1 - Rename Mode FullDuplex into Enable FDCAN_TXFD for pin PD6 is applicable
2024-05-13 10:20:32,139 [INFO] Rule:228 - rule USART TxPinLevelInvertParam Mode is applicable
2024-05-13 10:20:32,139 [INFO] Rule:228 - rule USART RxPinLevelInvertParam Mode is applicable
2024-05-13 10:20:32,139 [INFO] Rule:228 - rule USART DataInvertParam Mode is applicable
2024-05-13 10:20:32,142 [INFO] Rule:228 - rule USART SwapParam Mode is applicable
2024-05-13 10:20:32,142 [INFO] Rule:228 - rule USART OverrunDisableParam Mode is applicable
2024-05-13 10:20:32,142 [INFO] Rule:228 - rule USART DMADisableonRxErrorParam Mode is applicable
2024-05-13 10:20:32,142 [INFO] Rule:228 - rule USART MSBFirstParam Mode is applicable
2024-05-13 10:20:32,142 [INFO] Rule:228 - rule Update MwName for USB_DEVICE is applicable
2024-05-13 10:20:32,142 [INFO] Rule:228 - rule Change PWR_Regulator_Voltage_Scale Default Value for RCC  H7 family is applicable
2024-05-13 10:20:32,142 [INFO] Rule:228 - rule UART/USART IPParameter rename Prescaler parameter to ClockPrescaler is applicable
2024-05-13 10:20:32,143 [INFO] Rule:228 - rule UART/USART Prescaler rename Prescaler parameter to ClockPrescaler is applicable
2024-05-13 10:20:32,143 [INFO] Rule:228 - rule TIM1CLockSelection is applicable
2024-05-13 10:20:32,143 [INFO] Rule:228 - rule TIM15CLockSelection is applicable
2024-05-13 10:20:32,143 [INFO] Rule:228 - rule align RCC SDMMC3CLockSelection default value on MP1 is applicable
2024-05-13 10:20:32,143 [INFO] Rule:228 - rule align RCC SDMMC12CLockSelection default value on MP1 is applicable
2024-05-13 10:20:32,143 [INFO] Rule:228 - rule align RCC QSPICLockSelection default value on MP1 is applicable
2024-05-13 10:20:32,143 [INFO] Rule:228 - rule align RCC QSPICLockSelection default value on MP1 is applicable
2024-05-13 10:20:32,145 [INFO] Rule:228 - rule align RCC SPI6CLockSelection default value on MP1 is applicable
2024-05-13 10:20:32,145 [INFO] Rule:228 - rule align RCC LPTIM23CLockSelection default value on MP1 is applicable
2024-05-13 10:20:32,145 [INFO] Rule:228 - rule align RCC LPTIM1CLockSelection default value on MP1 is applicable
2024-05-13 10:20:32,145 [INFO] Rule:228 - rule align RCC USART1CLockSelection default value on MP1 is applicable
2024-05-13 10:20:32,145 [INFO] Rule:228 - rule align RCC USART24CLockSelection default value on MP1 is applicable
2024-05-13 10:20:32,145 [INFO] Rule:228 - rule align RCC USART6CLockSelection default value on MP1 is applicable
2024-05-13 10:20:32,145 [INFO] Rule:228 - rule align RCC UART78CLockSelection default value on MP1 is applicable
2024-05-13 10:20:32,146 [INFO] Rule:228 - rule align RCC USART35CLockSelection default value on MP1 is applicable
2024-05-13 10:20:32,146 [INFO] Rule:228 - rule align RCC SPI45CLockSelection default value on MP1 is applicable
2024-05-13 10:20:32,146 [INFO] Rule:228 - rule align RCC I2C46CLockSelection BCLK value on MP1 is applicable
2024-05-13 10:20:32,146 [INFO] Rule:228 - rule align RCC SPI45CLockSelection default value on MP1 is applicable
2024-05-13 10:20:32,146 [INFO] Rule:228 - rule align RCC I2C12CLockSelection default value on MP1 is applicable
2024-05-13 10:20:32,146 [INFO] Rule:228 - rule align RCC I2C35CLockSelection default value on MP1 is applicable
2024-05-13 10:20:32,146 [INFO] Rule:228 - rule align RCC LPTIM45CLockSelection default value on MP1 is applicable
2024-05-13 10:20:32,146 [INFO] Rule:228 - rule Rename DCMI PIXCK signal is applicable
2024-05-13 10:20:32,146 [INFO] Rule:228 - rule Change Default Value for I2C46CLockSelection MP1 family is applicable
2024-05-13 10:20:32,146 [INFO] Rule:228 - rule Change Default Value for UART for G4, G0 and WB families is applicable
2024-05-13 10:20:32,147 [INFO] Rule:228 - rule Change Default Value for USART for G4, G0 and WB families is applicable
2024-05-13 10:20:32,147 [INFO] Rule:228 - rule Change Default Value for USART for G4 family is applicable
2024-05-13 10:20:32,147 [INFO] Rule:228 - rule Change USART1CLockSelection refparam name for MP1 is applicable
2024-05-13 10:20:32,150 [INFO] Rule:228 - rule Change USART2CLockSelection refparam name for MP1 is applicable
2024-05-13 10:20:32,150 [INFO] Rule:228 - rule Change USART3CLockSelection refparam name for MP1 is applicable
2024-05-13 10:20:32,150 [INFO] Rule:228 - rule Change UART4CLockSelection refparam name for MP1 is applicable
2024-05-13 10:20:32,150 [INFO] Rule:228 - rule Change UART5CLockSelection refparam name for MP1 is applicable
2024-05-13 10:20:32,151 [INFO] Rule:228 - rule Change LPUART1CLockSelection refparam name for MP1 is applicable
2024-05-13 10:20:32,151 [INFO] Rule:228 - rule Change LPTIM1CLockSelection refparam name for MP1 is applicable
2024-05-13 10:20:32,151 [INFO] Rule:228 - rule Change LPTIM2CLockSelection refparam name for MP1 is applicable
2024-05-13 10:20:32,152 [INFO] Rule:228 - rule Change RCC_MCO1Source refparam name for MP1 is applicable
2024-05-13 10:20:32,152 [INFO] Rule:228 - rule Change LSCOSource1 refparam name for MP1 is applicable
2024-05-13 10:20:32,152 [INFO] Rule:228 - rule Change SMPSCLockSelection refparam name for MP1 is applicable
2024-05-13 10:20:32,152 [INFO] Rule:228 - rule Change LPTIM3CLockSelection refparam name for MP1 is applicable
2024-05-13 10:20:32,152 [INFO] Rule:228 - rule Change MPCBB* Default Template Mode to Parameters is applicable
2024-05-13 10:20:32,152 [INFO] Rule:228 - rule Change MPCWM* or MPCBB* Secure Mode to Parameters is applicable
2024-05-13 10:20:32,152 [INFO] Rule:228 - rule Change MPCWM* or MPCBB* No Secure Mode to Parameters is applicable
2024-05-13 10:20:32,152 [INFO] Rule:228 - rule Change TZSC IP Secure Mode to Parameters is applicable
2024-05-13 10:20:32,153 [INFO] Rule:228 - rule Change TZSC IP No Secure Mode to Parameters is applicable
2024-05-13 10:20:32,153 [INFO] Rule:228 - rule Change TZSC IP Privilege Mode to Parameters is applicable
2024-05-13 10:20:32,153 [INFO] Rule:228 - rule Change TZSC IP No Privilege Mode to Parameters is applicable
2024-05-13 10:20:32,153 [INFO] Rule:228 - rule Change TZIC IT Secure Mode to Parameters is applicable
2024-05-13 10:20:32,153 [INFO] Rule:228 - rule Change TZIC IT No Secure Mode to Parameters is applicable
2024-05-13 10:20:32,153 [INFO] Rule:228 - rule Add MPCBB1_NonSecureArea_Start_Address value with referenced to MPCBB1_NonSecureArea_Start value is applicable
2024-05-13 10:20:32,153 [INFO] Rule:228 - rule Add MPCBB2_NonSecureArea_Start_Address value with referenced to MPCBB2_NonSecureArea_Start value is applicable
2024-05-13 10:20:32,153 [INFO] Rule:228 - rule Add MPCWM1_NonSecureArea*_Start_Address value with referenced to MPCWM1_NonSecureArea*_Start value is applicable
2024-05-13 10:20:32,153 [INFO] Rule:228 - rule Add MPCWM2_NonSecureArea*_Start_Address value with referenced to MPCWM2_NonSecureArea*_Start value is applicable
2024-05-13 10:20:32,153 [INFO] Rule:228 - rule Add MPCWM3_NonSecureArea_Start_Address value with referenced to MPCWM3_NonSecureArea_Start value is applicable
2024-05-13 10:20:32,153 [INFO] Rule:228 - rule Change Default Value for PLL1UserDefinedConfig is applicable
2024-05-13 10:20:32,154 [INFO] Rule:228 - rule Change GPIO_PuPd Default Value for USART in async mode is applicable
2024-05-13 10:20:32,154 [INFO] Rule:228 - rule Change SMPSDivider Default Value is applicable
2024-05-13 10:20:32,154 [INFO] Rule:228 - rule OPAMP is applicable
2024-05-13 10:20:32,154 [INFO] Rule:228 - rule LPUART IPParameter rename Prescaler parameter to ClockPrescaler for STM32H7 is applicable
2024-05-13 10:20:32,154 [INFO] Rule:228 - rule LPUART IPParameter rename Prescaler parameter to ClockPrescaler for STM32H7 is applicable
2024-05-13 10:20:32,154 [INFO] Rule:228 - rule LPUART IPParameter rename Prescaler parameter to ClockPrescaler for STM32WB is applicable
2024-05-13 10:20:32,154 [INFO] Rule:228 - rule LPUART IPParameter rename Prescaler parameter to ClockPrescaler for STM32WB is applicable
2024-05-13 10:20:32,154 [INFO] Rule:228 - rule LPUART IPParameter rename Prescaler parameter to ClockPrescaler for STM32G4 is applicable
2024-05-13 10:20:32,154 [INFO] Rule:228 - rule LPUART IPParameter rename Prescaler parameter to ClockPrescaler for STM32G4 is applicable
2024-05-13 10:20:32,154 [INFO] Rule:228 - rule LPUART IPParameter rename Prescaler parameter to ClockPrescaler for STM32L5 is applicable
2024-05-13 10:20:32,154 [INFO] Rule:228 - rule LPUART IPParameter rename Prescaler parameter to ClockPrescaler for STM32L5 is applicable
2024-05-13 10:20:32,154 [INFO] Rule:228 - rule LPUART IPParameter rename Prescaler parameter to ClockPrescaler for STM32G4 is applicable
2024-05-13 10:20:32,155 [INFO] Rule:228 - rule LPUART IPParameter rename Prescaler parameter to ClockPrescaler for STM32G4 is applicable
2024-05-13 10:20:32,155 [INFO] Rule:228 - rule USB device lib V2.5.3 for L0 rename USBD_SUPPORT_USER_STRING parameter to USBD_SUPPORT_USER_STRING_DESC4 is applicable
2024-05-13 10:20:32,155 [INFO] Rule:228 - rule I2SCLockSelection clock entry align is applicable
2024-05-13 10:20:32,155 [INFO] Rule:228 - rule Assign TIMx context if used as SYS timebase is applicable
2024-05-13 10:20:32,155 [INFO] Rule:228 - rule Change GPIO_Pu Default Value for I2C is applicable
2024-05-13 10:20:32,155 [INFO] Rule:228 - rule Change GPIO_Pu Default Value for SMBus is applicable
2024-05-13 10:20:32,155 [INFO] Rule:228 - rule change FDCAN default value is applicable
2024-05-13 10:20:32,155 [INFO] Rule:228 - rule Change mode sai is applicable
2024-05-13 10:20:32,155 [INFO] Rule:228 - rule **Change sai mode is applicable
2024-05-13 10:20:32,169 [INFO] DbConfProperties:307 - Apply Compatibility (20/199 Rules)
2024-05-13 10:20:32,196 [INFO] ImportTextPane:194 - (OptionalMessage_ERROR) Unable to find key (Mcu.ThirdPartyNb) in loaded IOC file
2024-05-13 10:20:32,502 [INFO] RtosManager:555 - Registered RTOS mode: class=CMSIS, group=RTOS, mode=CMSIS_V1, owner=FREERTOS
2024-05-13 10:20:32,503 [INFO] RtosManager:555 - Registered RTOS mode: class=CMSIS, group=RTOS2, mode=CMSIS_V2, owner=FREERTOS
2024-05-13 10:20:32,503 [INFO] RtosManager:555 - Registered RTOS mode: class=RTOS, group=Core, mode=CMSIS_V1, owner=FREERTOS
2024-05-13 10:20:32,503 [INFO] RtosManager:555 - Registered RTOS mode: class=RTOS, group=Core, mode=CMSIS_V2, owner=FREERTOS
2024-05-13 10:20:32,504 [WARN] ModelIntegratedComponent:184 - Missing modes for component STMicroelectronics:FreeRTOS:0.0.1:STMicroelectronics:RTOS:FreeRTOS:Core:::10.2.0:
2024-05-13 10:20:32,528 [WARN] ModelIntegratedComponent:63 - No mode defined for component null
2024-05-13 10:20:32,529 [WARN] ModelIntegratedComponent:63 - No mode defined for component null
2024-05-13 10:20:32,529 [WARN] ModelIntegratedComponent:63 - No mode defined for component null
2024-05-13 10:20:32,529 [WARN] ModelIntegratedComponent:63 - No mode defined for component null
2024-05-13 10:20:32,529 [WARN] ModelIntegratedComponent:63 - No mode defined for component null
2024-05-13 10:20:32,529 [WARN] ModelIntegratedComponent:63 - No mode defined for component null
2024-05-13 10:20:32,529 [WARN] ModelIntegratedComponent:63 - No mode defined for component null
2024-05-13 10:20:32,529 [WARN] ModelIntegratedComponent:63 - No mode defined for component null
2024-05-13 10:20:32,529 [WARN] ModelIntegratedComponent:63 - No mode defined for component null
2024-05-13 10:20:32,530 [WARN] ModelIntegratedComponent:63 - No mode defined for component null
2024-05-13 10:20:32,530 [WARN] ModelIntegratedComponent:63 - No mode defined for component null
2024-05-13 10:20:32,530 [WARN] ModelIntegratedComponent:63 - No mode defined for component null
2024-05-13 10:20:32,530 [WARN] ModelIntegratedComponent:63 - No mode defined for component null
2024-05-13 10:20:32,530 [WARN] ModelIntegratedComponent:63 - No mode defined for component null
2024-05-13 10:20:32,530 [WARN] ModelIntegratedComponent:63 - No mode defined for component null
2024-05-13 10:20:32,531 [WARN] ModelIntegratedComponent:63 - No mode defined for component null
2024-05-13 10:20:32,531 [WARN] ModelIntegratedComponent:63 - No mode defined for component null
2024-05-13 10:20:32,531 [WARN] ModelIntegratedComponent:63 - No mode defined for component null
2024-05-13 10:20:32,531 [WARN] ModelIntegratedComponent:63 - No mode defined for component null
2024-05-13 10:20:32,531 [WARN] ModelIntegratedComponent:63 - No mode defined for component null
2024-05-13 10:20:32,531 [WARN] ModelIntegratedComponent:63 - No mode defined for component null
2024-05-13 10:20:32,531 [WARN] ModelIntegratedComponent:63 - No mode defined for component null
2024-05-13 10:20:32,531 [WARN] ModelIntegratedComponent:63 - No mode defined for component null
2024-05-13 10:20:32,532 [WARN] ModelIntegratedComponent:63 - No mode defined for component null
2024-05-13 10:20:32,532 [WARN] ModelIntegratedComponent:63 - No mode defined for component null
2024-05-13 10:20:32,532 [WARN] ModelIntegratedComponent:63 - No mode defined for component null
2024-05-13 10:20:32,532 [WARN] ModelIntegratedComponent:63 - No mode defined for component null
2024-05-13 10:20:32,532 [WARN] ModelIntegratedComponent:63 - No mode defined for component null
2024-05-13 10:20:32,532 [WARN] ModelIntegratedComponent:63 - No mode defined for component null
2024-05-13 10:20:32,532 [WARN] ModelIntegratedComponent:63 - No mode defined for component null
2024-05-13 10:20:32,532 [WARN] ModelIntegratedComponent:63 - No mode defined for component null
2024-05-13 10:20:32,532 [WARN] ModelIntegratedComponent:63 - No mode defined for component null
2024-05-13 10:20:32,533 [WARN] ModelIntegratedComponent:63 - No mode defined for component null
2024-05-13 10:20:32,792 [INFO] ThirdPartyModel:298 - Start build external matchings
2024-05-13 10:20:34,445 [INFO] ThirdPartyModel:316 - End build external matchings
2024-05-13 10:20:35,004 [INFO] UtilMem:75 - End LoadConfig() Used Memory: 521964512 Bytes (845152256)
2024-05-13 10:20:35,310 [WARN] ThirdParty:833 - waiting for thirdparty lock release [change project]
2024-05-13 10:20:35,311 [INFO] ThirdParty:835 - entering critical section [change project]
2024-05-13 10:20:35,311 [INFO] ThirdParty:1030 - CMSIS Pack Vendor :STMicroelectronics X-CUBE-ISPU 1.1.0
2024-05-13 10:20:35,311 [INFO] ThirdParty:1030 - CMSIS Pack Vendor :STMicroelectronics X-CUBE-GNSS1 6.0.0
2024-05-13 10:20:35,312 [INFO] ThirdParty:1030 - CMSIS Pack Vendor :STMicroelectronics USB_HOST 2.0.0
2024-05-13 10:20:35,312 [INFO] ThirdParty:1030 - CMSIS Pack Vendor :STMicroelectronics FP-SNS-MOTENVWB1 1.4.0
2024-05-13 10:20:35,312 [INFO] ThirdParty:1030 - CMSIS Pack Vendor :STMicroelectronics X-CUBE-AZRTOS-F4 1.1.0
2024-05-13 10:20:35,312 [INFO] ThirdParty:1030 - CMSIS Pack Vendor :STMicroelectronics LIBJPEG 8.0.0
2024-05-13 10:20:35,312 [INFO] ThirdParty:1030 - CMSIS Pack Vendor :STMicroelectronics X-CUBE-SMBUS 2.1.0
2024-05-13 10:20:35,312 [INFO] ThirdParty:1030 - CMSIS Pack Vendor :wolfSSL I-CUBE-wolfSSL 5.6.0
2024-05-13 10:20:35,312 [INFO] ThirdParty:1030 - CMSIS Pack Vendor :STMicroelectronics USB_DEVICE 3.0.0
2024-05-13 10:20:35,312 [INFO] ThirdParty:1030 - CMSIS Pack Vendor :STMicroelectronics X-CUBE-TCPP 4.1.0
2024-05-13 10:20:35,312 [INFO] ThirdParty:1030 - CMSIS Pack Vendor :STMicroelectronics X-CUBE-FREERTOS 1.2.0
2024-05-13 10:20:35,313 [INFO] ThirdParty:1030 - CMSIS Pack Vendor :STMicroelectronics X-CUBE-AI 8.0.0
2024-05-13 10:20:35,313 [INFO] ThirdParty:1030 - CMSIS Pack Vendor :STMicroelectronics X-CUBE-AZRTOS-WB 2.0.0
2024-05-13 10:20:35,313 [INFO] ThirdParty:1030 - CMSIS Pack Vendor :STMicroelectronics X-CUBE-FREERTOS 1.0.1
2024-05-13 10:20:35,313 [INFO] ThirdParty:1030 - CMSIS Pack Vendor :STMicroelectronics X-CUBE-TOUCHGFX 4.21.3
2024-05-13 10:20:35,313 [INFO] ThirdParty:1030 - CMSIS Pack Vendor :STMicroelectronics X-CUBE-TOUCHGFX 4.23.2
2024-05-13 10:20:35,313 [INFO] ThirdParty:1030 - CMSIS Pack Vendor :STMicroelectronics X-CUBE-AZRTOS-F7 1.1.0
2024-05-13 10:20:35,313 [INFO] ThirdParty:1030 - CMSIS Pack Vendor :STMicroelectronics X-CUBE-TOUCHGFX 4.21.4
2024-05-13 10:20:35,313 [INFO] ThirdParty:1030 - CMSIS Pack Vendor :STMicroelectronics X-CUBE-AZRTOS-L5 2.0.0
2024-05-13 10:20:35,313 [INFO] ThirdParty:1030 - CMSIS Pack Vendor :STMicroelectronics USB_DEVICE 2.0.0
2024-05-13 10:20:35,313 [INFO] ThirdParty:1030 - CMSIS Pack Vendor :STMicroelectronics X-CUBE-MEMS1 9.6.0
2024-05-13 10:20:35,314 [INFO] ThirdParty:1030 - CMSIS Pack Vendor :STMicroelectronics X-CUBE-NFC6 3.1.0
2024-05-13 10:20:35,314 [INFO] ThirdParty:1030 - CMSIS Pack Vendor :ITTIA_DB I-CUBE-ITTIADB 8.8.0
2024-05-13 10:20:35,314 [INFO] ThirdParty:1030 - CMSIS Pack Vendor :STMicroelectronics FP-SNS-MOTENV1 4.3.0
2024-05-13 10:20:35,314 [INFO] ThirdParty:1030 - CMSIS Pack Vendor :STMicroelectronics FP-SNS-MOTENV1 4.3.2
2024-05-13 10:20:35,314 [INFO] ThirdParty:1030 - CMSIS Pack Vendor :STMicroelectronics FP-SNS-FLIGHT1 5.0.0
2024-05-13 10:20:35,314 [INFO] ThirdParty:1030 - CMSIS Pack Vendor :STMicroelectronics FP-SNS-MOTENV1 4.3.1
2024-05-13 10:20:35,314 [INFO] ThirdParty:1030 - CMSIS Pack Vendor :STMicroelectronics FP-SNS-FLIGHT1 5.0.1
2024-05-13 10:20:35,314 [INFO] ThirdParty:1030 - CMSIS Pack Vendor :STMicroelectronics X-CUBE-ALGOBUILD 1.3.0
2024-05-13 10:20:35,314 [INFO] ThirdParty:1030 - CMSIS Pack Vendor :STMicroelectronics X-CUBE-BLE1 6.2.4
2024-05-13 10:20:35,315 [INFO] ThirdParty:1030 - CMSIS Pack Vendor :STMicroelectronics X-CUBE-AZRTOS-L5 1.1.0
2024-05-13 10:20:35,315 [INFO] ThirdParty:1030 - CMSIS Pack Vendor :STMicroelectronics FreeRTOS 0.0.1
2024-05-13 10:20:35,315 [INFO] ThirdParty:1030 - CMSIS Pack Vendor :STMicroelectronics X-CUBE-AZRTOS-G0 1.1.0
2024-05-13 10:20:35,315 [INFO] ThirdParty:1030 - CMSIS Pack Vendor :emotas I-CUBE-CANOPEN 1.1.3
2024-05-13 10:20:35,315 [INFO] ThirdParty:1030 - CMSIS Pack Vendor :STMicroelectronics X-CUBE-BLEMGR 2.0.0
2024-05-13 10:20:35,315 [INFO] ThirdParty:1030 - CMSIS Pack Vendor :STMicroelectronics X-CUBE-AI 8.0.1
2024-05-13 10:20:35,315 [INFO] ThirdParty:1030 - CMSIS Pack Vendor :STMicroelectronics X-CUBE-SAFEA1 1.2.2
2024-05-13 10:20:35,315 [INFO] ThirdParty:1030 - CMSIS Pack Vendor :STMicroelectronics X-CUBE-NFC4 3.0.0
2024-05-13 10:20:35,315 [INFO] ThirdParty:1030 - CMSIS Pack Vendor :STMicroelectronics X-CUBE-SUBG2 5.0.0
2024-05-13 10:20:35,316 [INFO] ThirdParty:1030 - CMSIS Pack Vendor :STMicroelectronics STM32_WPAN 1.0.0
2024-05-13 10:20:35,316 [INFO] ThirdParty:1030 - CMSIS Pack Vendor :STMicroelectronics lwIP 2.0.3
2024-05-13 10:20:35,316 [INFO] ThirdParty:1030 - CMSIS Pack Vendor :STMicroelectronics FP-SNS-FLIGHT1 5.0.2
2024-05-13 10:20:35,316 [INFO] ThirdParty:1030 - CMSIS Pack Vendor :STMicroelectronics USB_HOST 1.0.0
2024-05-13 10:20:35,316 [INFO] ThirdParty:1030 - CMSIS Pack Vendor :STMicroelectronics X-CUBE-TOF1 3.3.1
2024-05-13 10:20:35,316 [INFO] ThirdParty:1030 - CMSIS Pack Vendor :STMicroelectronics X-CUBE-AI 9.0.0
2024-05-13 10:20:35,316 [INFO] ThirdParty:1030 - CMSIS Pack Vendor :STMicroelectronics X-CUBE-AZRTOS-G4 2.0.0
2024-05-13 10:20:35,316 [INFO] ThirdParty:1030 - CMSIS Pack Vendor :STMicroelectronics PDM2PCM 3.1.0
2024-05-13 10:20:35,316 [INFO] ThirdParty:1030 - CMSIS Pack Vendor :STMicroelectronics X-CUBE-AZRTOS-H7 3.1.0
2024-05-13 10:20:35,317 [INFO] ThirdParty:1030 - CMSIS Pack Vendor :STMicroelectronics X-CUBE-TOF1 3.3.0
2024-05-13 10:20:35,317 [INFO] ThirdParty:1030 - CMSIS Pack Vendor :STMicroelectronics PDM2PCM 3.3.0
2024-05-13 10:20:35,317 [INFO] ThirdParty:1030 - CMSIS Pack Vendor :STMicroelectronics X-CUBE-DISPLAY 3.0.0
2024-05-13 10:20:35,317 [INFO] ThirdParty:1030 - CMSIS Pack Vendor :STMicroelectronics X-CUBE-BLE1 7.0.0
2024-05-13 10:20:35,317 [INFO] ThirdParty:1030 - CMSIS Pack Vendor :STMicroelectronics FP-ATR-SIGFOX1 3.2.0
2024-05-13 10:20:35,317 [INFO] ThirdParty:1030 - CMSIS Pack Vendor :STMicroelectronics X-CUBE-AZRTOS-L4 1.0.0
2024-05-13 10:20:35,317 [INFO] ThirdParty:1030 - CMSIS Pack Vendor :STMicroelectronics X-CUBE-ISPU 2.0.0
2024-05-13 10:20:35,317 [INFO] ThirdParty:1030 - CMSIS Pack Vendor :STMicroelectronics X-CUBE-EEPRMA1 5.1.0
2024-05-13 10:20:35,317 [INFO] ThirdParty:1030 - CMSIS Pack Vendor :STMicroelectronics HAL Drivers 0.0.0
2024-05-13 10:20:35,317 [INFO] ThirdParty:1030 - CMSIS Pack Vendor :STMicroelectronics MBEDTLS 2.16.2
2024-05-13 10:20:35,318 [INFO] ThirdParty:1030 - CMSIS Pack Vendor :STMicroelectronics X-CUBE-MEMS1 10.0.0
2024-05-13 10:20:35,318 [INFO] ThirdParty:1030 - CMSIS Pack Vendor :STMicroelectronics X-CUBE-FREERTOS 1.1.0
2024-05-13 10:20:35,318 [INFO] ThirdParty:1030 - CMSIS Pack Vendor :STMicroelectronics X-CUBE-TOUCHGFX 4.22.0
2024-05-13 10:20:35,318 [INFO] ThirdParty:1030 - CMSIS Pack Vendor :STMicroelectronics X-CUBE-NFC7 1.0.1
2024-05-13 10:20:35,318 [INFO] ThirdParty:1030 - CMSIS Pack Vendor :STMicroelectronics MBEDTLS 2.14.1
2024-05-13 10:20:35,318 [INFO] ThirdParty:1030 - CMSIS Pack Vendor :STMicroelectronics X-CUBE-NFC7 1.0.0
2024-05-13 10:20:35,318 [INFO] ThirdParty:1030 - CMSIS Pack Vendor :STMicroelectronics X-CUBE-TOUCHGFX 4.22.1
2024-05-13 10:20:35,318 [INFO] ThirdParty:1030 - CMSIS Pack Vendor :STMicroelectronics X-CUBE-AZRTOS-WL 1.0.0
2024-05-13 10:20:35,318 [INFO] ThirdParty:1030 - CMSIS Pack Vendor :STMicroelectronics X-CUBE-NFC6 3.0.0
2024-05-13 10:20:35,319 [INFO] ThirdParty:1030 - CMSIS Pack Vendor :STMicroelectronics X-CUBE-EEPRMA1 4.1.0
2024-05-13 10:20:35,319 [INFO] ThirdParty:1030 - CMSIS Pack Vendor :portGmbH I-Cube-SoM-uGOAL 1.1.0
2024-05-13 10:20:35,319 [INFO] ThirdParty:1030 - CMSIS Pack Vendor :STMicroelectronics X-CUBE-ALS 1.0.1
2024-05-13 10:20:35,319 [INFO] ThirdParty:1030 - CMSIS Pack Vendor :STMicroelectronics X-CUBE-BLEMGR 3.1.0
2024-05-13 10:20:35,319 [INFO] ThirdParty:1030 - CMSIS Pack Vendor :STMicroelectronics ThreadX 1.0.0
2024-05-13 10:20:35,319 [INFO] ThirdParty:1030 - CMSIS Pack Vendor :STMicroelectronics FP-SNS-SMARTAG2 1.2.0
2024-05-13 10:20:35,319 [INFO] ThirdParty:1030 - CMSIS Pack Vendor :STMicroelectronics X-CUBE-AZRTOS-WB 1.1.0
2024-05-13 10:20:35,319 [INFO] ThirdParty:1030 - CMSIS Pack Vendor :STMicroelectronics X-CUBE-AZRTOS-WL 2.0.0
2024-05-13 10:20:35,319 [INFO] ThirdParty:1030 - CMSIS Pack Vendor :SEGGER I-CUBE-embOS 1.3.1
2024-05-13 10:20:35,319 [INFO] ThirdParty:1030 - CMSIS Pack Vendor :STMicroelectronics X-CUBE-ALGOBUILD 1.4.0
2024-05-13 10:20:35,320 [INFO] ThirdParty:1030 - CMSIS Pack Vendor :STMicroelectronics FP-SNS-MOTENV1 5.0.0
2024-05-13 10:20:35,320 [INFO] ThirdParty:1030 - CMSIS Pack Vendor :STMicroelectronics USB_DEVICE 1.0.0
2024-05-13 10:20:35,320 [INFO] ThirdParty:1030 - CMSIS Pack Vendor :STMicroelectronics X-CUBE-AI 8.1.0
2024-05-13 10:20:35,320 [INFO] ThirdParty:1030 - CMSIS Pack Vendor :STMicroelectronics X-CUBE-AZRTOS-H7RS 1.0.0
2024-05-13 10:20:35,320 [INFO] ThirdParty:1030 - CMSIS Pack Vendor :STMicroelectronics X-CUBE-AZRTOS-L4 2.0.0
2024-05-13 10:20:35,320 [INFO] ThirdParty:1030 - CMSIS Pack Vendor :STMicroelectronics ThreadX 0.0.2
2024-05-13 10:20:35,320 [INFO] ThirdParty:1030 - CMSIS Pack Vendor :WES I-CUBE-Cesium 1.3.0
2024-05-13 10:20:35,320 [INFO] ThirdParty:1030 - CMSIS Pack Vendor :STMicroelectronics FP-ATR-ASTRA1 2.0.0
2024-05-13 10:20:35,320 [INFO] ThirdParty:1030 - CMSIS Pack Vendor :STMicroelectronics lwIP 2.1.2
2024-05-13 10:20:35,321 [INFO] ThirdParty:1030 - CMSIS Pack Vendor :STMicroelectronics X-CUBE-SFXS2LP1 4.0.0
2024-05-13 10:20:35,321 [INFO] ThirdParty:1030 - CMSIS Pack Vendor :STMicroelectronics X-CUBE-BLE2 3.3.0
2024-05-13 10:20:35,321 [INFO] ThirdParty:1030 - CMSIS Pack Vendor :STMicroelectronics X-CUBE-TOF1 3.4.1
2024-05-13 10:20:35,321 [INFO] ThirdParty:1030 - CMSIS Pack Vendor :STMicroelectronics X-CUBE-AZRTOS-H7 3.2.0
2024-05-13 10:20:35,321 [INFO] ThirdParty:1030 - CMSIS Pack Vendor :Infineon AIROC-Wi-Fi-Bluetooth-STM32 1.6.0
2024-05-13 10:20:35,321 [INFO] ThirdParty:1030 - CMSIS Pack Vendor :STMicroelectronics PDM2PCM 3.2.0
2024-05-13 10:20:35,321 [INFO] ThirdParty:841 - exiting critical section [change project]
2024-05-13 10:20:36,189 [INFO] PinOutPanel:1499 - setPackage(No Configuration,No Configuration)
2024-05-13 10:20:36,191 [INFO] PinOutPanel:1499 - setPackage(STM32L496ZGTxP,LQFP144)
2024-05-13 10:20:37,012 [INFO] UtilMem:75 - Before build in PCC Used Memory: 482689864 Bytes (845152256)
2024-05-13 10:20:38,107 [INFO] UtilMem:75 - After build in PCC Used Memory: 581782344 Bytes (845152256)
2024-05-13 10:20:38,215 [INFO] IPUIPlugin:80 - create IPUIPlugin
2024-05-13 10:20:38,216 [INFO] IPUIPlugin:80 - create IPUIPlugin
2024-05-13 10:20:38,216 [INFO] IPUIPlugin:80 - create IPUIPlugin
2024-05-13 10:20:38,216 [INFO] IPUIPlugin:80 - create IPUIPlugin
2024-05-13 10:20:38,216 [INFO] IPUIPlugin:80 - create IPUIPlugin
2024-05-13 10:20:38,217 [INFO] IPUIPlugin:80 - create IPUIPlugin
2024-05-13 10:20:38,217 [INFO] IPUIPlugin:80 - create IPUIPlugin
2024-05-13 10:20:38,217 [INFO] IPUIPlugin:80 - create IPUIPlugin
2024-05-13 10:20:38,218 [INFO] IPUIPlugin:80 - create IPUIPlugin
2024-05-13 10:20:38,218 [INFO] IPUIPlugin:80 - create IPUIPlugin
2024-05-13 10:20:38,218 [INFO] IPUIPlugin:80 - create IPUIPlugin
2024-05-13 10:20:38,219 [INFO] IPUIPlugin:80 - create IPUIPlugin
2024-05-13 10:20:38,219 [INFO] IPUIPlugin:80 - create IPUIPlugin
2024-05-13 10:20:38,220 [INFO] IPUIPlugin:80 - create IPUIPlugin
2024-05-13 10:20:38,220 [INFO] IPUIPlugin:80 - create IPUIPlugin
2024-05-13 10:20:38,221 [INFO] IPUIPlugin:80 - create IPUIPlugin
2024-05-13 10:20:38,221 [INFO] IPUIPlugin:80 - create IPUIPlugin
2024-05-13 10:20:38,221 [INFO] IPUIPlugin:80 - create IPUIPlugin
2024-05-13 10:20:38,221 [INFO] IPUIPlugin:80 - create IPUIPlugin
2024-05-13 10:20:38,221 [INFO] IPUIPlugin:80 - create IPUIPlugin
2024-05-13 10:20:38,222 [INFO] IPUIPlugin:80 - create IPUIPlugin
2024-05-13 10:20:38,222 [INFO] IPUIPlugin:80 - create IPUIPlugin
2024-05-13 10:20:38,222 [INFO] IPUIPlugin:80 - create IPUIPlugin
2024-05-13 10:20:38,223 [INFO] IPUIPlugin:80 - create IPUIPlugin
2024-05-13 10:20:38,224 [INFO] IPUIPlugin:80 - create IPUIPlugin
2024-05-13 10:20:38,224 [INFO] IPUIPlugin:80 - create IPUIPlugin
2024-05-13 10:20:38,224 [INFO] IPUIPlugin:80 - create IPUIPlugin
2024-05-13 10:20:38,225 [INFO] IPUIPlugin:80 - create IPUIPlugin
2024-05-13 10:20:38,225 [INFO] IPUIPlugin:80 - create IPUIPlugin
2024-05-13 10:20:38,226 [INFO] IPUIPlugin:80 - create IPUIPlugin
2024-05-13 10:20:38,226 [INFO] IPUIPlugin:80 - create IPUIPlugin
2024-05-13 10:20:38,227 [INFO] IPUIPlugin:80 - create IPUIPlugin
2024-05-13 10:20:38,227 [INFO] IPUIPlugin:80 - create IPUIPlugin
2024-05-13 10:20:38,228 [INFO] IPUIPlugin:80 - create IPUIPlugin
2024-05-13 10:20:38,228 [INFO] IPUIPlugin:80 - create IPUIPlugin
2024-05-13 10:20:38,230 [INFO] IPUIPlugin:80 - create IPUIPlugin
2024-05-13 10:20:38,231 [INFO] IPUIPlugin:80 - create IPUIPlugin
2024-05-13 10:20:38,232 [INFO] IPUIPlugin:80 - create IPUIPlugin
2024-05-13 10:20:38,232 [INFO] IPUIPlugin:80 - create IPUIPlugin
2024-05-13 10:20:38,233 [INFO] IPUIPlugin:80 - create IPUIPlugin
2024-05-13 10:20:38,234 [INFO] IPUIPlugin:80 - create IPUIPlugin
2024-05-13 10:20:38,234 [INFO] IPUIPlugin:80 - create IPUIPlugin
2024-05-13 10:20:38,235 [INFO] IPUIPlugin:80 - create IPUIPlugin
2024-05-13 10:20:38,235 [INFO] IPUIPlugin:80 - create IPUIPlugin
2024-05-13 10:20:38,235 [INFO] IPUIPlugin:80 - create IPUIPlugin
2024-05-13 10:20:38,235 [INFO] IPUIPlugin:80 - create IPUIPlugin
2024-05-13 10:20:38,236 [INFO] IPUIPlugin:80 - create IPUIPlugin
2024-05-13 10:20:38,236 [INFO] IPUIPlugin:80 - create IPUIPlugin
2024-05-13 10:20:38,236 [INFO] IPUIPlugin:80 - create IPUIPlugin
2024-05-13 10:20:38,236 [INFO] IPUIPlugin:80 - create IPUIPlugin
2024-05-13 10:20:38,236 [INFO] IPUIPlugin:80 - create IPUIPlugin
2024-05-13 10:20:38,237 [INFO] IPUIPlugin:80 - create IPUIPlugin
2024-05-13 10:20:38,237 [INFO] IPUIPlugin:80 - create IPUIPlugin
2024-05-13 10:20:38,237 [INFO] IPUIPlugin:80 - create IPUIPlugin
2024-05-13 10:20:38,238 [INFO] IPUIPlugin:80 - create IPUIPlugin
2024-05-13 10:20:38,238 [INFO] IPUIPlugin:80 - create IPUIPlugin
2024-05-13 10:20:38,238 [INFO] IPUIPlugin:80 - create IPUIPlugin
2024-05-13 10:20:38,239 [INFO] IPUIPlugin:80 - create IPUIPlugin
2024-05-13 10:20:38,239 [INFO] IPUIPlugin:80 - create IPUIPlugin
2024-05-13 10:20:38,239 [INFO] IPUIPlugin:80 - create IPUIPlugin
2024-05-13 10:20:38,241 [INFO] IPUIPlugin:80 - create IPUIPlugin
2024-05-13 10:20:38,242 [INFO] IPUIPlugin:80 - create IPUIPlugin
2024-05-13 10:20:38,243 [INFO] IPUIPlugin:80 - create IPUIPlugin
2024-05-13 10:20:38,244 [INFO] IPUIPlugin:80 - create IPUIPlugin
2024-05-13 10:20:38,307 [INFO] CADModel:165 - CPN selected for project levelSTM32L496ZGT6P
2024-05-13 10:20:38,308 [INFO] CADModel:114 - Register for checkConnection events
2024-05-13 10:20:38,389 [INFO] OpenFileManager:328 - Restore cursor
2024-05-13 10:20:39,319 [INFO] UtilMem:75 - End SaveConfig() Used Memory: 410646712 Bytes (845152256)
2024-05-13 10:20:39,875 [INFO] UtilMem:75 - End SaveConfig() Used Memory: 403392816 Bytes (845152256)
2024-05-13 10:20:40,495 [INFO] BlockDiagram:2759 - set Specific Code input for plugin: SYS
2024-05-13 10:20:40,495 [INFO] BlockDiagram:2759 - set Specific Code input for plugin: RCC
2024-05-13 10:20:40,495 [INFO] BlockDiagram:2759 - set Specific Code input for plugin: NVIC
2024-05-13 10:20:40,496 [INFO] BlockDiagram:2759 - set Specific Code input for plugin: GPIO
2024-05-13 10:20:40,497 [INFO] CodeGenerator:793 - code generatio: config db path: /opt/st/stm32cubeide_1.12.1/plugins/com.st.stm32cube.common.mx_6.8.1.202304191431//db/
2024-05-13 10:20:41,093 [INFO] CodeEngine:255 - oldGeneratedFile, /home/dnk066/Pratham/STM32_Training/Workspace/02_UART/UART_Tx_DMA/MXTmpFiles/license.tmp_save
2024-05-13 10:20:41,414 [INFO] CodeEngine:279 - Generated code: /home/dnk066/Pratham/STM32_Training/Workspace/02_UART/UART_Tx_DMA/MXTmpFiles/license.tmp
2024-05-13 10:20:41,760 [INFO] CodeEngine:255 - oldGeneratedFile, /home/dnk066/Pratham/STM32_Training/Workspace/02_UART/UART_Tx_DMA/MXTmpFiles/gpio.tmp_save
2024-05-13 10:20:42,036 [INFO] CodeEngine:279 - Generated code: /home/dnk066/Pratham/STM32_Training/Workspace/02_UART/UART_Tx_DMA/MXTmpFiles/gpio.tmp
2024-05-13 10:20:42,245 [INFO] CodeEngine:255 - oldGeneratedFile, /home/dnk066/Pratham/STM32_Training/Workspace/02_UART/UART_Tx_DMA/Core/Src/stm32l4xx_it.c_save
2024-05-13 10:20:43,049 [INFO] CodeEngine:279 - Generated code: /home/dnk066/Pratham/STM32_Training/Workspace/02_UART/UART_Tx_DMA/Core/Src/stm32l4xx_it.c
2024-05-13 10:20:43,052 [INFO] CodeEngine:255 - oldGeneratedFile, /home/dnk066/Pratham/STM32_Training/Workspace/02_UART/UART_Tx_DMA/Core/Inc/stm32l4xx_it.h_save
2024-05-13 10:20:43,291 [INFO] CodeEngine:279 - Generated code: /home/dnk066/Pratham/STM32_Training/Workspace/02_UART/UART_Tx_DMA/Core/Inc/stm32l4xx_it.h
2024-05-13 10:20:43,300 [INFO] CodeEngine:255 - oldGeneratedFile, /home/dnk066/Pratham/STM32_Training/Workspace/02_UART/UART_Tx_DMA/Core/Src/stm32l4xx_hal_msp.c_save
2024-05-13 10:20:43,527 [INFO] CodeEngine:279 - Generated code: /home/dnk066/Pratham/STM32_Training/Workspace/02_UART/UART_Tx_DMA/Core/Src/stm32l4xx_hal_msp.c
2024-05-13 10:20:43,529 [INFO] CodeEngine:255 - oldGeneratedFile, /home/dnk066/Pratham/STM32_Training/Workspace/02_UART/UART_Tx_DMA/MXTmpFiles/system.tmp_save
2024-05-13 10:20:43,776 [INFO] CodeEngine:279 - Generated code: /home/dnk066/Pratham/STM32_Training/Workspace/02_UART/UART_Tx_DMA/MXTmpFiles/system.tmp
2024-05-13 10:20:43,782 [INFO] CodeEngine:311 - oldGeneratedFile, /home/dnk066/Pratham/STM32_Training/Workspace/02_UART/UART_Tx_DMA/Core/Inc/stm32l4xx_hal_conf.h_save
2024-05-13 10:20:43,970 [INFO] CodeEngine:335 - Generated code: /home/dnk066/Pratham/STM32_Training/Workspace/02_UART/UART_Tx_DMA/Core/Inc/stm32l4xx_hal_conf.h
2024-05-13 10:20:44,020 [INFO] CodeEngine:255 - oldGeneratedFile, /home/dnk066/Pratham/STM32_Training/Workspace/02_UART/UART_Tx_DMA/Core/Inc/main.h_save
2024-05-13 10:20:44,184 [INFO] CodeEngine:279 - Generated code: /home/dnk066/Pratham/STM32_Training/Workspace/02_UART/UART_Tx_DMA/Core/Inc/main.h
2024-05-13 10:20:44,186 [INFO] CodeEngine:255 - oldGeneratedFile, /home/dnk066/Pratham/STM32_Training/Workspace/02_UART/UART_Tx_DMA/Core/Src/main.c_save
2024-05-13 10:20:44,336 [INFO] CodeEngine:279 - Generated code: /home/dnk066/Pratham/STM32_Training/Workspace/02_UART/UART_Tx_DMA/Core/Src/main.c
2024-05-13 10:20:45,476 [INFO] ProjectBuilder:2996 - Time for Copy HAL[1] : 143mS.
2024-05-13 10:20:45,483 [INFO] ProjectBuilder:4304 - Project Generator version: 3.19.2
2024-05-13 10:20:46,276 [INFO] ConfigFileManager:1483 - The Die is : DIE461
2024-05-13 10:20:46,285 [INFO] ApiDbMcu:507 - Load IP Config File for FATFS
2024-05-13 10:20:46,294 [INFO] ApiDbMcu:507 - Load IP Config File for FREERTOS
2024-05-13 10:20:46,322 [INFO] ApiDbMcu:507 - Load IP Config File for TOUCHSENSING
2024-05-13 10:20:46,336 [INFO] ApiDbMcu:507 - Load IP Config File for USB_DEVICE
2024-05-13 10:20:46,342 [INFO] ApiDbMcu:507 - Load IP Config File for USB_HOST
2024-05-13 10:20:54,546 [INFO] ProjectBuilder:4505 - Time for Generating toolchain IDE Files: 9062mS.
2024-05-13 10:20:54,547 [INFO] ProjectBuilder:2867 - Time for Copy CMSIS : 1mS.
2024-05-13 10:20:54,548 [INFO] ProjectBuilder:2867 - Time for Copy CMSIS : 0mS.
2024-05-13 10:20:55,398 [INFO] McuFinderGlobals:66 - Set McuFinderConnectedMode to true
2024-05-13 10:20:55,405 [INFO] ApiDb:448 - Save user favorites file /home/dnk066/.stm32cubeide/favorites.mcus.txt: 0 item(s)
2024-05-13 10:20:55,406 [INFO] ApiDb:452 - User favorites MCUs=[]
2024-05-13 10:20:55,412 [INFO] ApiDb:448 - Save user favorites file /home/dnk066/.stm32cubeide/favorites.boards.txt: 3 item(s)
2024-05-13 10:20:55,412 [INFO] ApiDb:452 - User favorites Boards=[NUCLEO-L496ZG-P, NUCLEO-L4R5ZI, STM32L152C-DISCO]
2024-05-13 10:21:10,196 [INFO] NvicIntPanel:101 - NVIC parent = com.st.microxplorer.plugins.ip.nvic.MultiNvicIntPanel[,0,0,0x0,invalid,layout=javax.swing.BoxLayout,alignmentX=0.0,alignmentY=0.0,border=,flags=9,maximumSize=,minimumSize=,preferredSize=]
2024-05-13 10:24:19,709 [INFO] NvicIntPanel:101 - NVIC parent = com.st.microxplorer.plugins.ip.nvic.MultiNvicIntPanel[,0,0,0x0,invalid,layout=javax.swing.BoxLayout,alignmentX=0.0,alignmentY=0.0,border=,flags=9,maximumSize=,minimumSize=,preferredSize=]
2024-05-13 10:24:21,673 [INFO] NvicIntPanel:101 - NVIC parent = com.st.microxplorer.plugins.ip.nvic.MultiNvicIntPanel[,0,0,0x0,invalid,layout=javax.swing.BoxLayout,alignmentX=0.0,alignmentY=0.0,border=,flags=9,maximumSize=,minimumSize=,preferredSize=]
2024-05-13 10:24:37,503 [INFO] NvicIntPanel:101 - NVIC parent = com.st.microxplorer.plugins.ip.nvic.MultiNvicIntPanel[,0,0,521x280,layout=javax.swing.BoxLayout,alignmentX=0.0,alignmentY=0.0,border=,flags=9,maximumSize=,minimumSize=,preferredSize=]
