2024-05-28 15:30:31,773 [INFO] Activator:176 - 


2024-05-28 15:30:31,781 [INFO] Activator:177 - !SESSION log4j initialized
2024-05-28 15:30:40,853 [INFO] LogOutputStream:77 - [STDOUT_REDIRECT] 
2024-05-28 15:30:48,281 [INFO] ApplicationProperties:184 - Using Application install path: /opt/st/stm32cubeide_1.12.1/plugins/com.st.stm32cube.common.mx_6.8.1.202304191431
2024-05-28 15:30:48,329 [INFO] DbMcusXml:78 - Set database path to: /opt/st/stm32cubeide_1.12.1/plugins/com.st.stm32cube.common.mx_6.8.1.202304191431//db//mcu/
2024-05-28 15:30:48,330 [INFO] ApiDb:274 - Set plugin database path to: /opt/st/stm32cubeide_1.12.1/plugins/com.st.stm32cube.common.mx_6.8.1.202304191431//db//plugins/boardmanager/
2024-05-28 15:30:48,337 [WARN] ApiDb:259 - Overriding images path with different value:  => /opt/st/stm32cubeide_1.12.1/plugins/com.st.stm32cube.common.mx_6.8.1.202304191431//db//plugins/mcufinder/images/
2024-05-28 15:30:48,376 [INFO] ApiDb:250 - Set database path to: /home/dnk066/.stmcufinder/plugins/mcufinder//mcu/
2024-05-28 15:30:48,379 [INFO] DbMcusAds:125 - Set database path to: /home/dnk066/.stmcufinder/plugins/mcufinder//mcu/
2024-05-28 15:30:48,385 [INFO] CrossReferenceDbSqlite:203 - Set database path to: /home/dnk066/.stmcufinder/plugins/mcufinder//mcu/cs/
2024-05-28 15:30:48,629 [INFO] RulesReader:64 - Compatibility file has been processed (293 Rules)
2024-05-28 15:30:48,766 [INFO] DbMcusXml:78 - Set database path to: /opt/st/stm32cubeide_1.12.1/plugins/com.st.stm32cube.common.mx_6.8.1.202304191431//db//mcu/
2024-05-28 15:30:48,766 [INFO] ApiDb:274 - Set plugin database path to: /opt/st/stm32cubeide_1.12.1/plugins/com.st.stm32cube.common.mx_6.8.1.202304191431//db//plugins/boardmanager/
2024-05-28 15:30:48,767 [INFO] ApiDb:261 - Set plugin images path to: /opt/st/stm32cubeide_1.12.1/plugins/com.st.stm32cube.common.mx_6.8.1.202304191431//db//plugins/mcufinder/images/
2024-05-28 15:30:48,768 [WARN] DbFile:41 - Overriding database path with different value: /home/dnk066/.stmcufinder/plugins/mcufinder/ => /home/dnk066/.stmcufinder/plugins/mcufinder
2024-05-28 15:30:48,768 [INFO] ApiDb:250 - Set database path to: /home/dnk066/.stmcufinder/plugins/mcufinder//mcu/
2024-05-28 15:30:48,768 [WARN] DbFile:41 - Overriding database path with different value: /home/dnk066/.stmcufinder/plugins/mcufinder/ => /home/dnk066/.stmcufinder/plugins/mcufinder
2024-05-28 15:30:48,768 [INFO] DbMcusAds:125 - Set database path to: /home/dnk066/.stmcufinder/plugins/mcufinder//mcu/
2024-05-28 15:30:48,769 [WARN] DbFile:41 - Overriding database path with different value: /home/dnk066/.stmcufinder/plugins/mcufinder/ => /home/dnk066/.stmcufinder/plugins/mcufinder
2024-05-28 15:30:48,769 [WARN] DbFile:41 - Overriding database path with different value: /home/dnk066/.stmcufinder/plugins/mcufinder/ => /home/dnk066/.stmcufinder/plugins/mcufinder
2024-05-28 15:30:48,769 [INFO] CrossReferenceDbSqlite:203 - Set database path to: /home/dnk066/.stmcufinder/plugins/mcufinder//mcu/cs/
2024-05-28 15:30:48,914 [INFO] MainPanel:253 - HeapMemory: 268435456
2024-05-28 15:30:49,119 [INFO] DbMcusXml:78 - Set database path to: /opt/st/stm32cubeide_1.12.1/plugins/com.st.stm32cube.common.mx_6.8.1.202304191431//db//mcu/
2024-05-28 15:30:49,119 [INFO] ApiDb:274 - Set plugin database path to: /opt/st/stm32cubeide_1.12.1/plugins/com.st.stm32cube.common.mx_6.8.1.202304191431//db//plugins/boardmanager/
2024-05-28 15:30:49,119 [INFO] ApiDb:261 - Set plugin images path to: /opt/st/stm32cubeide_1.12.1/plugins/com.st.stm32cube.common.mx_6.8.1.202304191431//db//plugins/mcufinder/images/
2024-05-28 15:30:49,120 [WARN] DbFile:41 - Overriding database path with different value: /home/dnk066/.stmcufinder/plugins/mcufinder/ => /home/dnk066/.stmcufinder/plugins/mcufinder
2024-05-28 15:30:49,121 [INFO] ApiDb:250 - Set database path to: /home/dnk066/.stmcufinder/plugins/mcufinder//mcu/
2024-05-28 15:30:49,121 [WARN] DbFile:41 - Overriding database path with different value: /home/dnk066/.stmcufinder/plugins/mcufinder/ => /home/dnk066/.stmcufinder/plugins/mcufinder
2024-05-28 15:30:49,121 [INFO] DbMcusAds:125 - Set database path to: /home/dnk066/.stmcufinder/plugins/mcufinder//mcu/
2024-05-28 15:30:49,121 [WARN] DbFile:41 - Overriding database path with different value: /home/dnk066/.stmcufinder/plugins/mcufinder/ => /home/dnk066/.stmcufinder/plugins/mcufinder
2024-05-28 15:30:49,121 [WARN] DbFile:41 - Overriding database path with different value: /home/dnk066/.stmcufinder/plugins/mcufinder/ => /home/dnk066/.stmcufinder/plugins/mcufinder
2024-05-28 15:30:49,122 [INFO] CrossReferenceDbSqlite:203 - Set database path to: /home/dnk066/.stmcufinder/plugins/mcufinder//mcu/cs/
2024-05-28 15:30:49,159 [INFO] ApplicationProperties:184 - Using Application install path: /opt/st/stm32cubeide_1.12.1/plugins/com.st.stm32cube.common.mx_6.8.1.202304191431
2024-05-28 15:30:49,163 [INFO] PluginManage:196 - Search for loadable plugins [exclusion list=, ]
2024-05-28 15:30:49,166 [INFO] PluginManage:310 - Check plugin analytics
2024-05-28 15:30:49,514 [INFO] AnalyticsPlugin:253 - Accepted Software Licenses: 
2024-05-28 15:30:49,520 [INFO] AnalyticsPlugin:255 - Accepted CMSIS Pack Licenses: 
2024-05-28 15:30:49,521 [INFO] AnalyticsPlugin:257 - Accepted Firmware Licenses: FW.WL.1.3.0
2024-05-28 15:30:49,539 [INFO] PluginManage:359 - Loaded plugin analytics (category:tool,tabindex:-1)
2024-05-28 15:30:49,540 [INFO] PluginManage:310 - Check plugin cadmodel
2024-05-28 15:30:49,636 [INFO] CADModel:105 - Init CAD model plugin
2024-05-28 15:30:49,637 [INFO] PluginManage:359 - Loaded plugin cadmodel (category:power,tabindex:5)
2024-05-28 15:30:49,637 [INFO] PluginManage:310 - Check plugin clock
2024-05-28 15:30:49,661 [INFO] PluginManage:359 - Loaded plugin clock (category:base,tabindex:2)
2024-05-28 15:30:49,661 [INFO] PluginManage:310 - Check plugin ddr
2024-05-28 15:30:49,670 [INFO] PluginManage:359 - Loaded plugin ddr (category:tool,tabindex:6)
2024-05-28 15:30:49,671 [INFO] PluginManage:310 - Check plugin filemanager
2024-05-28 15:30:49,976 [INFO] PluginManage:359 - Loaded plugin filemanager (category:base,tabindex:10)
2024-05-28 15:30:49,976 [INFO] PluginManage:310 - Check plugin ipmanager
2024-05-28 15:30:50,042 [INFO] PluginManage:359 - Loaded plugin ipmanager (category:base,tabindex:5)
2024-05-28 15:30:50,042 [INFO] PluginManage:310 - Check plugin lpbam
2024-05-28 15:30:50,064 [INFO] PluginManage:359 - Loaded plugin lpbam (category:base,tabindex:0)
2024-05-28 15:30:50,065 [INFO] PluginManage:310 - Check plugin pinoutandconfiguration
2024-05-28 15:30:50,084 [INFO] PluginManage:359 - Loaded plugin pinoutandconfiguration (category:base,tabindex:1)
2024-05-28 15:30:50,084 [INFO] PluginManage:310 - Check plugin pinoutconfig
2024-05-28 15:30:50,257 [WARN] SupportedApi:132 - Cannot load RTOS API schema: s4s-elt-must-match.1: The content of 'definitions' must match (annotation?, (simpleType | complexType)?, (unique | key | keyref)*)). A problem was found starting at: attribute.
2024-05-28 15:30:50,517 [INFO] PluginManage:359 - Loaded plugin pinoutconfig (category:base,tabindex:0)
2024-05-28 15:30:50,518 [INFO] PluginManage:310 - Check plugin power
2024-05-28 15:30:50,546 [INFO] PluginManage:359 - Loaded plugin power (category:power,tabindex:4)
2024-05-28 15:30:50,547 [INFO] PluginManage:310 - Check plugin projectmanager
2024-05-28 15:30:50,583 [INFO] PluginManage:359 - Loaded plugin projectmanager (category:projectmanager,tabindex:3)
2024-05-28 15:30:50,584 [INFO] PluginManage:310 - Check plugin thirdparty
2024-05-28 15:30:50,853 [INFO] PluginManage:359 - Loaded plugin thirdparty (category:base,tabindex:-1)
2024-05-28 15:30:50,852 [WARN] IntegrityCheckThread:84 - waiting for thirdparty lock release [integrity check]
2024-05-28 15:30:50,854 [INFO] PluginManage:310 - Check plugin tools
2024-05-28 15:30:50,854 [INFO] IntegrityCheckThread:86 - entering critical section [integrity check]
2024-05-28 15:30:50,858 [INFO] ThirdPartyUpdaterWithRetryManager:70 - Updater plugin not ready yet. [1/15]
2024-05-28 15:30:50,859 [INFO] PluginManage:359 - Loaded plugin tools (category:base,tabindex:7)
2024-05-28 15:30:50,859 [INFO] PluginManage:310 - Check plugin tutovideos
2024-05-28 15:30:51,275 [INFO] PluginManage:359 - Loaded plugin tutovideos (category:base,tabindex:-1)
2024-05-28 15:30:51,276 [INFO] PluginManage:310 - Check plugin updater
2024-05-28 15:30:51,340 [INFO] PluginManage:359 - Loaded plugin updater (category:base,tabindex:12)
2024-05-28 15:30:51,342 [INFO] PluginManage:283 - PluginManage : Loaded plugins [15]
2024-05-28 15:30:51,919 [INFO] PinOutPanel:1499 - setPackage(No Configuration,No Configuration)
2024-05-28 15:30:52,039 [INFO] CADModel:165 - CPN selected for project level
2024-05-28 15:30:52,040 [INFO] CADModel:114 - Register for checkConnection events
2024-05-28 15:30:52,073 [INFO] IPUIPlugin:80 - create IPUIPlugin
2024-05-28 15:30:52,074 [INFO] PluginManager:220 - loadIPPluginJar : add lorawan
2024-05-28 15:30:52,089 [INFO] IPUIPlugin:80 - create IPUIPlugin
2024-05-28 15:30:52,090 [INFO] PluginManager:220 - loadIPPluginJar : add mdma
2024-05-28 15:30:52,097 [INFO] IPUIPlugin:80 - create IPUIPlugin
2024-05-28 15:30:52,097 [INFO] PluginManager:220 - loadIPPluginJar : add usart
2024-05-28 15:30:52,104 [INFO] IPUIPlugin:80 - create IPUIPlugin
2024-05-28 15:30:52,105 [INFO] PluginManager:220 - loadIPPluginJar : add i2s
2024-05-28 15:30:52,109 [INFO] IPUIPlugin:80 - create IPUIPlugin
2024-05-28 15:30:52,110 [INFO] PluginManager:220 - loadIPPluginJar : add tim
2024-05-28 15:30:52,116 [INFO] IPUIPlugin:80 - create IPUIPlugin
2024-05-28 15:30:52,116 [INFO] PluginManager:220 - loadIPPluginJar : add gtzc
2024-05-28 15:30:52,133 [INFO] IPUIPlugin:80 - create IPUIPlugin
2024-05-28 15:30:52,134 [INFO] PluginManager:220 - loadIPPluginJar : add dma
2024-05-28 15:30:52,141 [INFO] IPUIPlugin:80 - create IPUIPlugin
2024-05-28 15:30:52,141 [INFO] PluginManager:220 - loadIPPluginJar : add gfxmmu
2024-05-28 15:30:52,153 [INFO] IPUIPlugin:80 - create IPUIPlugin
2024-05-28 15:30:52,154 [INFO] PluginManager:220 - loadIPPluginJar : add nvic
2024-05-28 15:30:52,159 [INFO] IPUIPlugin:80 - create IPUIPlugin
2024-05-28 15:30:52,160 [INFO] PluginManager:220 - loadIPPluginJar : add hash
2024-05-28 15:30:52,164 [INFO] IPUIPlugin:80 - create IPUIPlugin
2024-05-28 15:30:52,165 [INFO] PluginManager:220 - loadIPPluginJar : add tracer_emb
2024-05-28 15:30:52,172 [INFO] IPUIPlugin:80 - create IPUIPlugin
2024-05-28 15:30:52,173 [INFO] PluginManager:220 - loadIPPluginJar : add i2c
2024-05-28 15:30:52,183 [INFO] IPUIPlugin:80 - create IPUIPlugin
2024-05-28 15:30:52,184 [INFO] PluginManager:220 - loadIPPluginJar : add gpio
2024-05-28 15:30:52,192 [INFO] IPUIPlugin:80 - create IPUIPlugin
2024-05-28 15:30:52,193 [INFO] PluginManager:220 - loadIPPluginJar : add touchsensing
2024-05-28 15:30:52,206 [INFO] IPUIPlugin:80 - create IPUIPlugin
2024-05-28 15:30:52,207 [INFO] PluginManager:220 - loadIPPluginJar : add freertos
2024-05-28 15:30:52,211 [INFO] IPUIPlugin:80 - create IPUIPlugin
2024-05-28 15:30:52,212 [INFO] PluginManager:220 - loadIPPluginJar : add comp
2024-05-28 15:30:52,217 [INFO] IPUIPlugin:80 - create IPUIPlugin
2024-05-28 15:30:52,218 [INFO] PluginManager:220 - loadIPPluginJar : add cryp
2024-05-28 15:30:52,225 [INFO] IPUIPlugin:80 - create IPUIPlugin
2024-05-28 15:30:52,225 [INFO] PluginManager:220 - loadIPPluginJar : add ipddr
2024-05-28 15:30:52,237 [INFO] IPUIPlugin:80 - create IPUIPlugin
2024-05-28 15:30:52,237 [INFO] PluginManager:220 - loadIPPluginJar : add stm32_wpan
2024-05-28 15:30:52,240 [INFO] IPUIPlugin:80 - create IPUIPlugin
2024-05-28 15:30:52,240 [INFO] PluginManager:220 - loadIPPluginJar : add quadspi
2024-05-28 15:30:52,249 [INFO] IPUIPlugin:80 - create IPUIPlugin
2024-05-28 15:30:52,249 [INFO] PluginManager:220 - loadIPPluginJar : add adc
2024-05-28 15:30:52,251 [INFO] IPUIPlugin:80 - create IPUIPlugin
2024-05-28 15:30:52,251 [INFO] PluginManager:220 - loadIPPluginJar : add fatfs
2024-05-28 15:30:52,254 [INFO] IPUIPlugin:80 - create IPUIPlugin
2024-05-28 15:30:52,255 [INFO] PluginManager:220 - loadIPPluginJar : add ts
2024-05-28 15:30:52,264 [INFO] IPUIPlugin:80 - create IPUIPlugin
2024-05-28 15:30:52,265 [INFO] PluginManager:220 - loadIPPluginJar : add gic
2024-05-28 15:30:52,268 [INFO] IPUIPlugin:80 - create IPUIPlugin
2024-05-28 15:30:52,268 [INFO] PluginManager:220 - loadIPPluginJar : add genericplugin
2024-05-28 15:30:52,274 [INFO] IPUIPlugin:80 - create IPUIPlugin
2024-05-28 15:30:52,274 [INFO] PluginManager:220 - loadIPPluginJar : add usbx
2024-05-28 15:30:52,279 [INFO] IPUIPlugin:80 - create IPUIPlugin
2024-05-28 15:30:52,279 [INFO] PluginManager:220 - loadIPPluginJar : add pdm2pcm
2024-05-28 15:30:52,284 [INFO] IPUIPlugin:80 - create IPUIPlugin
2024-05-28 15:30:52,284 [INFO] PluginManager:220 - loadIPPluginJar : add dma3
2024-05-28 15:30:52,293 [INFO] IPUIPlugin:80 - create IPUIPlugin
2024-05-28 15:30:52,293 [INFO] PluginManager:220 - loadIPPluginJar : add fmc
2024-05-28 15:30:52,297 [INFO] IPUIPlugin:80 - create IPUIPlugin
2024-05-28 15:30:52,298 [INFO] PluginManager:220 - loadIPPluginJar : add dfsdm
2024-05-28 15:30:52,310 [INFO] IPUIPlugin:80 - create IPUIPlugin
2024-05-28 15:30:52,316 [INFO] PluginManager:220 - loadIPPluginJar : add plateformsettings
2024-05-28 15:30:52,321 [INFO] IPUIPlugin:80 - create IPUIPlugin
2024-05-28 15:30:52,321 [INFO] PluginManager:220 - loadIPPluginJar : add spi
2024-05-28 15:30:52,326 [INFO] IPUIPlugin:80 - create IPUIPlugin
2024-05-28 15:30:52,326 [INFO] PluginManager:220 - loadIPPluginJar : add i3c
2024-05-28 15:30:52,331 [INFO] IPUIPlugin:80 - create IPUIPlugin
2024-05-28 15:30:52,331 [INFO] PluginManager:220 - loadIPPluginJar : add aes
2024-05-28 15:30:52,338 [INFO] IPUIPlugin:80 - create IPUIPlugin
2024-05-28 15:30:52,338 [INFO] PluginManager:220 - loadIPPluginJar : add resmgrutility
2024-05-28 15:30:52,343 [INFO] IPUIPlugin:80 - create IPUIPlugin
2024-05-28 15:30:52,344 [INFO] PluginManager:220 - loadIPPluginJar : add openamp
2024-05-28 15:30:52,346 [INFO] IPUIPlugin:80 - create IPUIPlugin
2024-05-28 15:30:52,346 [INFO] PluginManager:220 - loadIPPluginJar : add ltdc
2024-05-28 15:30:52,354 [INFO] IPUIPlugin:80 - create IPUIPlugin
2024-05-28 15:30:52,354 [INFO] PluginManager:220 - loadIPPluginJar : add sai
2024-05-28 15:30:52,360 [INFO] IPUIPlugin:80 - create IPUIPlugin
2024-05-28 15:30:52,360 [INFO] PluginManager:220 - loadIPPluginJar : add opamp
2024-05-28 15:30:52,363 [INFO] IPUIPlugin:80 - create IPUIPlugin
2024-05-28 15:30:52,363 [INFO] PluginManager:220 - loadIPPluginJar : add tsc
2024-05-28 15:30:52,367 [INFO] IPUIPlugin:80 - create IPUIPlugin
2024-05-28 15:30:52,367 [INFO] PluginManager:220 - loadIPPluginJar : add ucpd
2024-05-28 15:30:52,372 [INFO] IPUIPlugin:80 - create IPUIPlugin
2024-05-28 15:30:52,372 [INFO] PluginManager:220 - loadIPPluginJar : add can
2024-05-28 15:30:52,384 [INFO] IPUIPlugin:80 - create IPUIPlugin
2024-05-28 15:30:52,384 [INFO] PluginManager:220 - loadIPPluginJar : add linkedlist
2024-05-28 15:30:52,538 [INFO] CADModel:165 - CPN selected for project level
2024-05-28 15:30:52,538 [INFO] CADModel:114 - Register for checkConnection events
2024-05-28 15:30:52,539 [FATAL] Updater:308 - Updater called before beeing initialized
2024-05-28 15:30:52,539 [ERROR] CADModel:125 - Updater not yet initialized, retry later 
2024-05-28 15:30:52,804 [INFO] CADModel:165 - CPN selected for project level
2024-05-28 15:30:52,805 [INFO] CADModel:114 - Register for checkConnection events
2024-05-28 15:30:52,805 [FATAL] Updater:308 - Updater called before beeing initialized
2024-05-28 15:30:52,805 [ERROR] CADModel:125 - Updater not yet initialized, retry later 
2024-05-28 15:30:52,811 [FATAL] Updater:308 - Updater called before beeing initialized
2024-05-28 15:30:52,997 [FATAL] Updater:308 - Updater called before beeing initialized
2024-05-28 15:30:53,013 [INFO] DbMcusAds:53 - JSON generation date=Thu May 16 14:52:00 IST 2024 (1715851320852)
2024-05-28 15:30:53,014 [FATAL] Updater:308 - Updater called before beeing initialized
2024-05-28 15:30:53,090 [WARN] DetailPanel:346 - Failed to get advertising image, set to default
2024-05-28 15:30:53,260 [FATAL] Updater:308 - Updater called before beeing initialized
2024-05-28 15:30:53,262 [FATAL] Updater:308 - Updater called before beeing initialized
2024-05-28 15:30:53,263 [FATAL] Updater:308 - Updater called before beeing initialized
2024-05-28 15:30:53,263 [WARN] DetailPanel:346 - Failed to get advertising image, set to default
2024-05-28 15:30:53,264 [FATAL] Updater:308 - Updater called before beeing initialized
2024-05-28 15:30:53,333 [ERROR] Updater:1120 - MainUpdater not yet initialized. External WinMGr cannot be set.
2024-05-28 15:30:53,337 [INFO] Updater:1056 - Updater Version found : 6.8.1
2024-05-28 15:30:53,368 [INFO] ApplicationProperties:184 - Using Application install path: /opt/st/stm32cubeide_1.12.1/plugins/com.st.stm32cube.common.mx_6.8.1.202304191431
2024-05-28 15:30:53,637 [INFO] MainUpdater:2854 - connection check result : 10
2024-05-28 15:30:53,638 [INFO] MainUpdater:3548 - Updater definition file requires update
2024-05-28 15:30:53,639 [INFO] MainUpdater:283 - Updater Check For Update Now.
2024-05-28 15:30:53,640 [INFO] MicroXplorer:498 - Change Database Version : DB.6.0.81
2024-05-28 15:30:53,707 [INFO] ServerAccessManage:473 - Download File updaters.zip
2024-05-28 15:30:53,860 [WARN] MainUpdater:1187 - Updater busy. Cannot search thirdparties
2024-05-28 15:30:53,861 [INFO] ThirdPartyUpdaterWithRetryManager:96 - Updater plugin is busy. [1/15]
2024-05-28 15:30:54,218 [INFO] FileExtend:240 - Unzip File : updaters.zip
2024-05-28 15:30:54,219 [INFO] FileExtend:255 - Standard Zip Deflate
2024-05-28 15:30:54,513 [INFO] ServerAccessManage:473 - Download File PacksControlFlags.xml
2024-05-28 15:30:54,656 [INFO] ServerAccessManage:473 - Download File cubemx.pidx
2024-05-28 15:30:54,828 [INFO] LoadServerUpdatesThread:373 - End of LoadServerUpdate Thread
2024-05-28 15:30:55,104 [INFO] CheckServerUpdateThread:120 - End of CheckServer Thread
2024-05-28 15:30:55,267 [INFO] MainUpdater:2854 - connection check result : 10
2024-05-28 15:30:55,269 [INFO] MainUpdater:2854 - connection check result : 10
2024-05-28 15:30:55,366 [INFO] MicroXplorer:468 - Change Database Path : 
2024-05-28 15:30:55,367 [INFO] MicroXplorer:498 - Change Database Version : DB.6.0.81
2024-05-28 15:30:55,368 [WARN] ThirdParty:871 - waiting for thirdparty lock release [close project]
2024-05-28 15:30:57,359 [WARN] PackLoader:240 - Cannot read IP mode file for STMicroelectronics.FP-SNS-MOTENVWB1.1.4.0
2024-05-28 15:30:57,415 [WARN] PackLoader:240 - Cannot read IP mode file for STMicroelectronics.X-CUBE-SMBUS.2.1.0
2024-05-28 15:30:57,433 [WARN] PackLoader:240 - Cannot read IP mode file for STMicroelectronics.X-CUBE-TOUCHGFX.4.23.2
2024-05-28 15:30:57,575 [WARN] PackLoader:240 - Cannot read IP mode file for STMicroelectronics.X-CUBE-AZRTOS-F7.1.1.0
2024-05-28 15:30:57,612 [ERROR] RealEvaluatedCondition:428 - Found unsupported composite condition: CLASS='Data Exchange' GROUP='STM32_MetaDataManager'
2024-05-28 15:30:57,615 [ERROR] RealEvaluatedCondition:428 - Found unsupported composite condition: CLASS='Data Exchange' GROUP='STM32_MetaDataManager'
2024-05-28 15:30:57,624 [WARN] PackLoader:240 - Cannot read IP mode file for STMicroelectronics.FP-SNS-MOTENV1.4.3.0
2024-05-28 15:30:57,657 [WARN] PackLoader:240 - Cannot read IP mode file for STMicroelectronics.FP-SNS-MOTENV1.4.3.2
2024-05-28 15:30:57,697 [WARN] PackLoader:240 - Cannot read IP mode file for STMicroelectronics.FP-SNS-FLIGHT1.5.0.0
2024-05-28 15:30:57,719 [ERROR] RealEvaluatedCondition:428 - Found unsupported composite condition: GROUP='STM32_MetaDataManager' CLASS='Data Exchange'
2024-05-28 15:30:57,721 [ERROR] RealEvaluatedCondition:428 - Found unsupported composite condition: GROUP='STM32_MetaDataManager' CLASS='Data Exchange'
2024-05-28 15:30:57,733 [WARN] PackLoader:240 - Cannot read IP mode file for STMicroelectronics.FP-SNS-MOTENV1.4.3.1
2024-05-28 15:30:57,771 [WARN] PackLoader:240 - Cannot read IP mode file for STMicroelectronics.FP-SNS-FLIGHT1.5.0.1
2024-05-28 15:30:57,826 [WARN] PackLoader:240 - Cannot read IP mode file for STMicroelectronics.X-CUBE-BLE1.6.2.4
2024-05-28 15:30:57,866 [WARN] PackLoader:240 - Cannot read IP mode file for STMicroelectronics.FP-SNS-FLIGHT1.5.0.2
2024-05-28 15:30:57,932 [WARN] PackLoader:240 - Cannot read IP mode file for STMicroelectronics.X-CUBE-DISPLAY.3.0.0
2024-05-28 15:30:57,982 [WARN] PackLoader:240 - Cannot read IP mode file for STMicroelectronics.X-CUBE-BLE1.7.0.0
2024-05-28 15:30:57,993 [WARN] PackLoader:240 - Cannot read IP mode file for STMicroelectronics.X-CUBE-TOUCHGFX.4.22.0
2024-05-28 15:30:58,004 [WARN] PackLoader:240 - Cannot read IP mode file for STMicroelectronics.X-CUBE-TOUCHGFX.4.22.1
2024-05-28 15:30:58,038 [WARN] PackLoader:240 - Cannot read IP mode file for STMicroelectronics.X-CUBE-BLEMGR.3.1.0
2024-05-28 15:30:58,055 [WARN] PackLoader:240 - Cannot read IP mode file for STMicroelectronics.FP-SNS-SMARTAG2.1.2.0
2024-05-28 15:30:58,075 [INFO] LogOutputStream:77 - [STDOUT_REDIRECT] 1 : Invalid condition id : UX_CORESTACK_Condition cause : null
2024-05-28 15:30:58,076 [INFO] LogOutputStream:77 - [STDOUT_REDIRECT] 1 : Invalid condition id : UX_CORESTACK_Condition cause : null
2024-05-28 15:30:58,077 [INFO] LogOutputStream:77 - [STDOUT_REDIRECT] 1 : Invalid condition id : UX_CORESTACK_Condition cause : null
2024-05-28 15:30:58,077 [INFO] LogOutputStream:77 - [STDOUT_REDIRECT] 1 : Invalid condition id : UX_CORESTACK_Condition cause : null
2024-05-28 15:30:58,077 [INFO] LogOutputStream:77 - [STDOUT_REDIRECT] 1 : Invalid condition id : UX_CORESTACK_Condition cause : null
2024-05-28 15:30:58,088 [WARN] PackLoader:240 - Cannot read IP mode file for STMicroelectronics.X-CUBE-AZRTOS-WL.2.0.0
2024-05-28 15:30:58,101 [WARN] PackLoader:240 - Cannot read IP mode file for STMicroelectronics.FP-SNS-MOTENV1.5.0.0
2024-05-28 15:30:58,119 [WARN] PackLoader:240 - Cannot read IP mode file for WES.I-CUBE-Cesium.1.3.0
2024-05-28 15:30:58,128 [WARN] PackLoader:240 - Cannot read IP mode file for STMicroelectronics.X-CUBE-BLE2.3.3.0
2024-05-28 15:30:58,140 [WARN] PackLoader:240 - Cannot read IP mode file for STMicroelectronics.X-CUBE-TCPP.4.1.0
2024-05-28 15:30:58,150 [WARN] PackLoader:240 - Cannot read IP mode file for STMicroelectronics.X-CUBE-TOUCHGFX.4.21.3
2024-05-28 15:30:58,155 [WARN] PackLoader:240 - Cannot read IP mode file for STMicroelectronics.X-CUBE-TOUCHGFX.4.21.4
2024-05-28 15:30:58,167 [WARN] PackLoader:240 - Cannot read IP mode file for STMicroelectronics.X-CUBE-ALGOBUILD.1.3.0
2024-05-28 15:30:58,208 [WARN] PackLoader:240 - Cannot read IP mode file for STMicroelectronics.X-CUBE-AZRTOS-G0.1.1.0
2024-05-28 15:30:58,230 [WARN] PackLoader:240 - Cannot read IP mode file for STMicroelectronics.X-CUBE-SAFEA1.1.2.2
2024-05-28 15:30:58,243 [WARN] PackLoader:240 - Cannot read IP mode file for STMicroelectronics.X-CUBE-NFC4.3.0.0
2024-05-28 15:30:58,262 [WARN] PackLoader:240 - Cannot read IP mode file for STMicroelectronics.FP-ATR-SIGFOX1.3.2.0
2024-05-28 15:30:58,285 [WARN] PackLoader:240 - Cannot read IP mode file for STMicroelectronics.X-CUBE-EEPRMA1.5.1.0
2024-05-28 15:30:58,388 [WARN] PackLoader:240 - Cannot read IP mode file for SEGGER.I-CUBE-embOS.1.3.1
2024-05-28 15:30:58,515 [WARN] PackLoader:240 - Cannot read IP mode file for STMicroelectronics.X-CUBE-ALGOBUILD.1.4.0
2024-05-28 15:30:58,526 [WARN] PackLoader:240 - Cannot read IP mode file for STMicroelectronics.X-CUBE-GNSS1.6.0.0
2024-05-28 15:30:58,567 [WARN] PackLoader:240 - Cannot read IP mode file for STMicroelectronics.X-CUBE-AZRTOS-F4.1.1.0
2024-05-28 15:30:58,582 [WARN] PackLoader:240 - Cannot read IP mode file for wolfSSL.I-CUBE-wolfSSL.5.6.0
2024-05-28 15:30:58,591 [WARN] PackLoader:240 - Cannot read IP mode file for STMicroelectronics.X-CUBE-FREERTOS.1.2.0
2024-05-28 15:30:58,630 [WARN] PackLoader:240 - Cannot read IP mode file for STMicroelectronics.X-CUBE-AZRTOS-L5.2.0.0
2024-05-28 15:30:58,745 [WARN] PackLoader:240 - Cannot read IP mode file for STMicroelectronics.X-CUBE-MEMS1.9.6.0
2024-05-28 15:30:59,386 [WARN] PackLoader:240 - Cannot read IP mode file for STMicroelectronics.X-CUBE-NFC6.3.1.0
2024-05-28 15:30:59,420 [WARN] PackLoader:240 - Cannot read IP mode file for ITTIA_DB.I-CUBE-ITTIADB.8.8.0
2024-05-28 15:30:59,451 [WARN] PackLoader:240 - Cannot read IP mode file for emotas.I-CUBE-CANOPEN.1.1.3
2024-05-28 15:30:59,551 [WARN] PackLoader:240 - Cannot read IP mode file for STMicroelectronics.X-CUBE-BLEMGR.2.0.0
2024-05-28 15:30:59,571 [WARN] PackLoader:240 - Cannot read IP mode file for STMicroelectronics.X-CUBE-AI.9.0.0
2024-05-28 15:30:59,624 [WARN] ConditionMgr:438 - getConditionDescription Invalid condition id : UX DEVICE CLASS RTOS Condition cause : null
2024-05-28 15:30:59,626 [WARN] ConditionMgr:438 - getConditionDescription Invalid condition id : UX DEVICE CLASS RTOS Condition cause : null
2024-05-28 15:30:59,636 [WARN] PackLoader:240 - Cannot read IP mode file for STMicroelectronics.X-CUBE-AZRTOS-H7.3.1.0
2024-05-28 15:30:59,639 [WARN] ConditionMgr:1039 - genDependencies : Invalid condition id : UX DEVICE CLASS RTOS Condition cause : null
2024-05-28 15:30:59,640 [WARN] ConditionMgr:1039 - genDependencies : Invalid condition id : UX DEVICE CLASS RTOS Condition cause : null
2024-05-28 15:30:59,642 [WARN] ConditionMgr:1039 - genDependencies : Invalid condition id : UX DEVICE CLASS RTOS Condition cause : null
2024-05-28 15:30:59,644 [WARN] ConditionMgr:1039 - genDependencies : Invalid condition id : UX DEVICE CLASS RTOS Condition cause : null
2024-05-28 15:30:59,644 [WARN] ConditionMgr:1039 - genDependencies : Invalid condition id : UX DEVICE CLASS RTOS Condition cause : null
2024-05-28 15:30:59,662 [WARN] PackLoader:240 - Cannot read IP mode file for STMicroelectronics.X-CUBE-NFC7.1.0.1
2024-05-28 15:30:59,679 [WARN] PackLoader:240 - Cannot read IP mode file for STMicroelectronics.X-CUBE-NFC7.1.0.0
2024-05-28 15:30:59,717 [WARN] PackLoader:240 - Cannot read IP mode file for STMicroelectronics.X-CUBE-NFC6.3.0.0
2024-05-28 15:30:59,747 [WARN] PackLoader:240 - Cannot read IP mode file for STMicroelectronics.X-CUBE-EEPRMA1.4.1.0
2024-05-28 15:30:59,776 [WARN] PackLoader:240 - Cannot read IP mode file for STMicroelectronics.X-CUBE-AI.8.1.0
2024-05-28 15:30:59,834 [WARN] ConditionMgr:438 - getConditionDescription Invalid condition id : LAN8742 Phy interface Condition cause : null
2024-05-28 15:30:59,836 [WARN] PackLoader:240 - Cannot read IP mode file for STMicroelectronics.X-CUBE-AZRTOS-L4.2.0.0
2024-05-28 15:30:59,838 [WARN] ConditionMgr:1039 - genDependencies : Invalid condition id : LAN8742 Phy interface Condition cause : null
2024-05-28 15:30:59,839 [WARN] ConditionMgr:1039 - genDependencies : Invalid condition id : LAN8742 Phy interface Condition cause : null
2024-05-28 15:30:59,841 [WARN] ConditionMgr:1039 - genDependencies : Invalid condition id : LAN8742 Phy interface Condition cause : null
2024-05-28 15:30:59,864 [WARN] PackLoader:240 - Cannot read IP mode file for STMicroelectronics.X-CUBE-SFXS2LP1.4.0.0
2024-05-28 15:30:59,880 [WARN] PackLoader:240 - Cannot read IP mode file for STMicroelectronics.X-CUBE-ISPU.1.1.0
2024-05-28 15:30:59,892 [WARN] PackLoader:240 - Cannot read IP mode file for STMicroelectronics.X-CUBE-AI.8.0.0
2024-05-28 15:30:59,924 [WARN] ConditionMgr:438 - getConditionDescription Invalid condition id : UX DEVICE CLASS RTOS Condition cause : null
2024-05-28 15:30:59,926 [WARN] ConditionMgr:438 - getConditionDescription Invalid condition id : UX DEVICE CLASS RTOS Condition cause : null
2024-05-28 15:30:59,933 [WARN] PackLoader:240 - Cannot read IP mode file for STMicroelectronics.X-CUBE-AZRTOS-WB.2.0.0
2024-05-28 15:30:59,942 [WARN] ConditionMgr:1039 - genDependencies : Invalid condition id : UX DEVICE CLASS RTOS Condition cause : null
2024-05-28 15:30:59,943 [WARN] ConditionMgr:1039 - genDependencies : Invalid condition id : UX DEVICE CLASS RTOS Condition cause : null
2024-05-28 15:30:59,946 [WARN] ConditionMgr:1039 - genDependencies : Invalid condition id : UX DEVICE CLASS RTOS Condition cause : null
2024-05-28 15:30:59,948 [WARN] ConditionMgr:1039 - genDependencies : Invalid condition id : UX DEVICE CLASS RTOS Condition cause : null
2024-05-28 15:30:59,949 [WARN] ConditionMgr:1039 - genDependencies : Invalid condition id : UX DEVICE CLASS RTOS Condition cause : null
2024-05-28 15:30:59,965 [WARN] PackLoader:240 - Cannot read IP mode file for STMicroelectronics.X-CUBE-FREERTOS.1.0.1
2024-05-28 15:31:00,011 [WARN] PackLoader:240 - Cannot read IP mode file for STMicroelectronics.X-CUBE-AZRTOS-L5.1.1.0
2024-05-28 15:31:00,025 [WARN] PackLoader:240 - Cannot read IP mode file for STMicroelectronics.X-CUBE-AI.8.0.1
2024-05-28 15:31:00,079 [WARN] PackLoader:240 - Cannot read IP mode file for STMicroelectronics.X-CUBE-SUBG2.5.0.0
2024-05-28 15:31:00,136 [WARN] PackLoader:240 - Cannot read IP mode file for STMicroelectronics.X-CUBE-TOF1.3.3.1
2024-05-28 15:31:00,214 [WARN] PackLoader:240 - Cannot read IP mode file for STMicroelectronics.X-CUBE-AZRTOS-G4.2.0.0
2024-05-28 15:31:00,242 [WARN] PackLoader:240 - Cannot read IP mode file for STMicroelectronics.X-CUBE-TOF1.3.3.0
2024-05-28 15:31:00,312 [WARN] PackLoader:240 - Cannot read IP mode file for STMicroelectronics.X-CUBE-AZRTOS-L4.1.0.0
2024-05-28 15:31:00,330 [WARN] PackLoader:240 - Cannot read IP mode file for STMicroelectronics.X-CUBE-ISPU.2.0.0
2024-05-28 15:31:00,338 [WARN] PackLoader:240 - Cannot read IP mode file for STMicroelectronics.X-CUBE-ALS.1.0.2
2024-05-28 15:31:00,486 [WARN] PackLoader:240 - Cannot read IP mode file for STMicroelectronics.X-CUBE-MEMS1.10.0.0
2024-05-28 15:31:00,860 [WARN] PackLoader:240 - Cannot read IP mode file for STMicroelectronics.X-CUBE-FREERTOS.1.1.0
2024-05-28 15:31:00,873 [WARN] PackLoader:240 - Cannot read IP mode file for STMicroelectronics.X-CUBE-AZRTOS-WL.1.0.0
2024-05-28 15:31:00,880 [WARN] PackLoader:240 - Cannot read IP mode file for portGmbH.I-Cube-SoM-uGOAL.1.1.0
2024-05-28 15:31:00,885 [WARN] PackLoader:240 - Cannot read IP mode file for STMicroelectronics.X-CUBE-ALS.1.0.1
2024-05-28 15:31:00,901 [WARN] PackLoader:240 - Cannot read IP mode file for STMicroelectronics.X-CUBE-AZRTOS-WB.1.1.0
2024-05-28 15:31:00,933 [WARN] PackLoader:240 - Cannot read IP mode file for STMicroelectronics.X-CUBE-AZRTOS-H7RS.1.0.0
2024-05-28 15:31:00,941 [WARN] PackLoader:240 - Cannot read IP mode file for STMicroelectronics.FP-ATR-ASTRA1.2.0.0
2024-05-28 15:31:00,957 [WARN] PackLoader:240 - Cannot read IP mode file for STMicroelectronics.X-CUBE-TOF1.3.4.1
2024-05-28 15:31:00,995 [WARN] PackLoader:240 - Cannot read IP mode file for STMicroelectronics.X-CUBE-AZRTOS-H7.3.2.0
2024-05-28 15:31:01,025 [WARN] PackLoader:240 - Cannot read IP mode file for Infineon.AIROC-Wi-Fi-Bluetooth-STM32.1.6.0
2024-05-28 15:31:01,031 [INFO] ThirdParty:978 - Integrity check success = true
2024-05-28 15:31:01,031 [INFO] IntegrityCheckThread:100 - exiting critical section [integrity check]
2024-05-28 15:31:01,031 [INFO] IntegrityCheckThread:103 - End integrity checks thread
2024-05-28 15:31:01,032 [INFO] ThirdParty:873 - entering critical section [close project]
2024-05-28 15:31:01,033 [INFO] ThirdParty:883 - exiting critical section [close project]
2024-05-28 15:31:01,038 [INFO] PinOutPanel:1499 - setPackage(No Configuration,No Configuration)
2024-05-28 15:31:01,049 [INFO] UtilMem:75 - Begin LoadConfig() Used Memory: 247204880 Bytes (493879296)
2024-05-28 15:31:01,051 [INFO] MicroXplorer:468 - Change Database Path : 
2024-05-28 15:31:01,051 [INFO] MicroXplorer:498 - Change Database Version : DB.6.0.81
2024-05-28 15:31:01,051 [INFO] OpenFileManager:308 - Change cursor
2024-05-28 15:31:01,146 [INFO] Mcu:1937 - Initializing MCU STM32L4A6ZGTx STM32L4A6ZGTx STM32L4A6ZGT6
2024-05-28 15:31:03,488 [ERROR] LogOutputStream:75 - [STDERR_REDIRECT] SLF4J: Failed to load class "org.slf4j.impl.StaticLoggerBinder".
2024-05-28 15:31:03,493 [ERROR] LogOutputStream:75 - [STDERR_REDIRECT] SLF4J: Defaulting to no-operation (NOP) logger implementation
2024-05-28 15:31:03,493 [ERROR] LogOutputStream:75 - [STDERR_REDIRECT] SLF4J: See http://www.slf4j.org/codes.html#StaticLoggerBinder for further details.
2024-05-28 15:31:07,911 [INFO] Context:659 - Trying to add GPIOservice into a context  which must be forbidden
2024-05-28 15:31:10,424 [INFO] RtosManager:555 - Registered RTOS mode: class=CMSIS, group=RTOS, mode=CMSIS_V1, owner=FREERTOS
2024-05-28 15:31:10,425 [INFO] RtosManager:555 - Registered RTOS mode: class=CMSIS, group=RTOS2, mode=CMSIS_V2, owner=FREERTOS
2024-05-28 15:31:10,425 [INFO] RtosManager:555 - Registered RTOS mode: class=RTOS, group=Core, mode=CMSIS_V1, owner=FREERTOS
2024-05-28 15:31:10,425 [INFO] RtosManager:555 - Registered RTOS mode: class=RTOS, group=Core, mode=CMSIS_V2, owner=FREERTOS
2024-05-28 15:31:10,426 [WARN] ModelIntegratedComponent:184 - Missing modes for component STMicroelectronics:FreeRTOS:0.0.1:STMicroelectronics:RTOS:FreeRTOS:Core:::10.2.0:
2024-05-28 15:31:10,467 [WARN] ModelIntegratedComponent:63 - No mode defined for component null
2024-05-28 15:31:10,467 [WARN] ModelIntegratedComponent:63 - No mode defined for component null
2024-05-28 15:31:10,468 [WARN] ModelIntegratedComponent:63 - No mode defined for component null
2024-05-28 15:31:10,468 [WARN] ModelIntegratedComponent:63 - No mode defined for component null
2024-05-28 15:31:10,468 [WARN] ModelIntegratedComponent:63 - No mode defined for component null
2024-05-28 15:31:10,469 [WARN] ModelIntegratedComponent:63 - No mode defined for component null
2024-05-28 15:31:10,469 [WARN] ModelIntegratedComponent:63 - No mode defined for component null
2024-05-28 15:31:10,469 [WARN] ModelIntegratedComponent:63 - No mode defined for component null
2024-05-28 15:31:10,470 [WARN] ModelIntegratedComponent:63 - No mode defined for component null
2024-05-28 15:31:10,470 [WARN] ModelIntegratedComponent:63 - No mode defined for component null
2024-05-28 15:31:10,471 [WARN] ModelIntegratedComponent:63 - No mode defined for component null
2024-05-28 15:31:10,471 [WARN] ModelIntegratedComponent:63 - No mode defined for component null
2024-05-28 15:31:10,471 [WARN] ModelIntegratedComponent:63 - No mode defined for component null
2024-05-28 15:31:10,472 [WARN] ModelIntegratedComponent:63 - No mode defined for component null
2024-05-28 15:31:10,472 [WARN] ModelIntegratedComponent:63 - No mode defined for component null
2024-05-28 15:31:10,472 [WARN] ModelIntegratedComponent:63 - No mode defined for component null
2024-05-28 15:31:10,473 [WARN] ModelIntegratedComponent:63 - No mode defined for component null
2024-05-28 15:31:10,473 [WARN] ModelIntegratedComponent:63 - No mode defined for component null
2024-05-28 15:31:10,473 [WARN] ModelIntegratedComponent:63 - No mode defined for component null
2024-05-28 15:31:10,474 [WARN] ModelIntegratedComponent:63 - No mode defined for component null
2024-05-28 15:31:10,474 [WARN] ModelIntegratedComponent:63 - No mode defined for component null
2024-05-28 15:31:10,474 [WARN] ModelIntegratedComponent:63 - No mode defined for component null
2024-05-28 15:31:10,475 [WARN] ModelIntegratedComponent:63 - No mode defined for component null
2024-05-28 15:31:10,475 [WARN] ModelIntegratedComponent:63 - No mode defined for component null
2024-05-28 15:31:10,475 [WARN] ModelIntegratedComponent:63 - No mode defined for component null
2024-05-28 15:31:10,476 [WARN] ModelIntegratedComponent:63 - No mode defined for component null
2024-05-28 15:31:10,476 [WARN] ModelIntegratedComponent:63 - No mode defined for component null
2024-05-28 15:31:10,476 [WARN] ModelIntegratedComponent:63 - No mode defined for component null
2024-05-28 15:31:10,477 [WARN] ModelIntegratedComponent:63 - No mode defined for component null
2024-05-28 15:31:10,477 [WARN] ModelIntegratedComponent:63 - No mode defined for component null
2024-05-28 15:31:10,477 [WARN] ModelIntegratedComponent:63 - No mode defined for component null
2024-05-28 15:31:10,478 [WARN] ModelIntegratedComponent:63 - No mode defined for component null
2024-05-28 15:31:10,478 [WARN] ModelIntegratedComponent:63 - No mode defined for component null
2024-05-28 15:31:10,693 [INFO] ThirdPartyModel:298 - Start build external matchings
2024-05-28 15:31:12,910 [INFO] ThirdPartyModel:316 - End build external matchings
2024-05-28 15:31:13,904 [INFO] UtilMem:75 - End LoadConfig() Used Memory: 384488136 Bytes (493879296)
2024-05-28 15:31:14,444 [INFO] ApiDb:581 - Connected to CubeFinder SQLite database (/home/dnk066/.stmcufinder/plugins/mcufinder/mcu/cube-finder-db.db)
2024-05-28 15:31:14,641 [INFO] ApiDb:668 - CubeFinder database Data Model version=2.1
2024-05-28 15:31:14,641 [INFO] ApiDb:669 - CubeFinder database Configuration version=3.0.39
2024-05-28 15:31:14,642 [INFO] ApiDb:670 - CubeFinder database generation date=2024-04-15 (1713193726)
2024-05-28 15:31:14,643 [INFO] ApiDb:671 - CubeFinder database FW Pack versions=[FP-ATR-ASTRA1_V2.0.0, FP-SNS-FLIGHT1_V5.0.1, FP-SNS-FLIGHT1_V5.0.2, FP-SNS-MOTENV1_V4.3.1, FP-SNS-MOTENV1_V4.3.2, FP-SNS-MOTENVWB1_V1.3.1, FP-SNS-SMARTAG2_V1.2.0, STM32Cube_FW_C0_V1.1.0, STM32Cube_FW_F4_V1.28.0, STM32Cube_FW_F7_V1.17.0, STM32Cube_FW_G0_V1.6.2, STM32Cube_FW_G4_V1.5.2, STM32Cube_FW_H5_V0.5.1, STM32Cube_FW_H5_V1.1.1, STM32Cube_FW_H5_V1.2.0, STM32Cube_FW_H5_V1.2.0RC4, STM32Cube_FW_H7RS_V1.0.0, STM32Cube_FW_H7RS_V1.0.0RC4, STM32Cube_FW_H7_V1.11.0, STM32Cube_FW_L0_V1.12.2, STM32Cube_FW_L5_V1.5.1, STM32Cube_FW_U0_V1.0.0, STM32Cube_FW_U0_V1.0.0RC1, STM32Cube_FW_U5_V1.3.0RC4, STM32Cube_FW_U5_V1.5.0, STM32Cube_FW_U5_V1.5.0RC1, STM32Cube_FW_WBA_V1.0.0RC1, STM32Cube_FW_WBA_V1.2.0, STM32Cube_FW_WBA_V1.2.0RC2, STM32Cube_FW_WBA_V1.3.0, STM32Cube_FW_WBA_V1.3.0RC1, STM32Cube_FW_WB_V1.15.0RC1, STM32Cube_FW_WB_V1.16.0, STM32Cube_FW_WB_V1.16.0RC2, STM32Cube_FW_WB_V1.18.0, STM32Cube_FW_WB_V1.19.0, STM32Cube_FW_WL_V1.3.0, X-CUBE-ALGOBUILD_V1.3.0, X-CUBE-ALS_V1.0.1, X-CUBE-AZRTOS-F4_V1.1.0, X-CUBE-AZRTOS-F7_V1.1.0, X-CUBE-AZRTOS-G0_V1.1.0, X-CUBE-AZRTOS-G4_V2.0.0, X-CUBE-AZRTOS-H7_V3.2.0, X-CUBE-AZRTOS-L4_V1.0.0, X-CUBE-AZRTOS-L4_V2.0.0, X-CUBE-AZRTOS-L5_V1.1.0, X-CUBE-AZRTOS-WB_V2.0.0, X-CUBE-AZRTOS-WL_V2.0.0, X-CUBE-BLE1_V7.0.0, X-CUBE-BLE2_V3.3.0, X-CUBE-BLEMGR_V3.1.0, X-CUBE-EEPRMA1_V4.1.0, X-CUBE-EEPRMA1_V5.1.0, X-CUBE-FREERTOS_V1.1.0, X-CUBE-GNSS1_V6.0.0, X-CUBE-MEMS1_V10.0.0, X-CUBE-MEMS1_V9.1.0, X-CUBE-MEMS1_V9.4.0, X-CUBE-MEMS1_V9.6.0, X-CUBE-NFC4_V3.0.0, X-CUBE-NFC7_V1.0.1, X-CUBE-SFXS2LP1_V4.0.0, X-CUBE-SUBG2_V5.0.0, X-CUBE-TOF1_V3.4.0]
2024-05-28 15:31:19,178 [INFO] ApiDb:240 - Found 297 in-development CPN: [B-G473E-ZEST1S, B-WB1M-WPAN1, B-WL5M-SUBG1, NUCLEO-C031C6, NUCLEO-H503RB, NUCLEO-H563ZI, NUCLEO-U545RE-Q, NUCLEO-U5A5ZJ-Q, NUCLEO-WBA52CG, STEVAL-PROTEUS1, STEVAL-STWINBX1, STM320518-EVAL, STM32C0116-DK, STM32C011D6Y3TR, STM32C011D6Y6TR, STM32C011F4P3, STM32C011F4P6, STM32C011F4U3, STM32C011F4U6TR, STM32C011F6P3, STM32C011F6P6, STM32C011F6U3, STM32C011F6U6TR, STM32C011J4M3, STM32C011J4M6, STM32C011J6M3, STM32C011J6M6, STM32C0316-DK, STM32C031C4T3, STM32C031C4T6, STM32C031C4U3, STM32C031C4U6, STM32C031C6T3, STM32C031C6T6, STM32C031C6U3, STM32C031C6U6, STM32C031F4P3, STM32C031F4P6, STM32C031F6P3, STM32C031F6P6, STM32C031G4U3, STM32C031G4U6, STM32C031G6U3, STM32C031G6U6, STM32C031K4T3, STM32C031K4T6, STM32C031K4U3, STM32C031K4U6, STM32C031K6T3, STM32C031K6T6, STM32C031K6U3, STM32C031K6U6, STM32G071K8TXN, STM32G071K8UXN, STM32G081GBU6N, STM32G081KBT6N, STM32G081KBUXN, STM32G0B1CCT6N, STM32G0B1KCT6, STM32G0B1NEY6TR, STM32G0B1RCT6N, STM32G0C1CCT6, STM32G0C1CCT6N, STM32G0C1CCU6N, STM32G0C1CET6N, STM32G0C1CEU6N, STM32G0C1KCT6, STM32G0C1NEY6TR, STM32G0C1RCI6N, STM32G0C1RCT6N, STM32G0C1REI6N, STM32G0C1RET6N, STM32G0C1VCI6, STM32G0C1VEI6, STM32G471CCT6, STM32G471CCU6, STM32G471CET3, STM32G471CET6, STM32G471CEU3, STM32G471CEU6, STM32G471MCT6, STM32G471MET3, STM32G471MET6, STM32G471MEY6TR, STM32G471QCT6, STM32G471QET3, STM32G471RCT6, STM32G471RET3, STM32G471RET6, STM32G471VCH6, STM32G471VCI6, STM32G471VCT6, STM32G471VEH3, STM32G471VEH6, STM32G471VEI3, STM32G471VEI6, STM32G471VET3, STM32G471VET6, STM32G474CCT6, STM32H503CBT6, STM32H503CBU6, STM32H503EBY6TR, STM32H503KBU6, STM32H503RBT6, STM32H562AGI6, STM32H562AII6, STM32H562IGK6, STM32H562IGT6, STM32H562IIK6, STM32H562IIT6, STM32H562RGT6, STM32H562RGV6, STM32H562RIT6, STM32H562RIV6, STM32H562VGT6, STM32H562VIT6, STM32H562ZGT6, STM32H562ZIT6, STM32H563AGI6, STM32H563AII3Q, STM32H563AII6, STM32H563IGK6, STM32H563IGT6, STM32H563IIK3Q, STM32H563IIK6, STM32H563IIT3Q, STM32H563IIT6, STM32H563MIY3QTR, STM32H563RGT6, STM32H563RGV6, STM32H563RIT6, STM32H563RIV6, STM32H563VGT6, STM32H563VIT3Q, STM32H563VIT6, STM32H563ZGT6, STM32H563ZIT3Q, STM32H563ZIT6, STM32H573AII3Q, STM32H573AII6, STM32H573I-DK, STM32H573IIK3Q, STM32H573IIK6, STM32H573IIT3Q, STM32H573IIT6, STM32H573MIY3QTR, STM32H573RIT6, STM32H573RIV6, STM32H573VIT3Q, STM32H573VIT6, STM32H573ZIT3Q, STM32H573ZIT6, STM32L4R5QGI6STR, STM32MP131AAE3, STM32MP131AAF3, STM32MP131AAG3, STM32MP131CAE3, STM32MP131CAF3, STM32MP131CAG3, STM32MP131DAE7, STM32MP131DAF7, STM32MP131DAG7, STM32MP131FAE7, STM32MP131FAF7, STM32MP131FAG7, STM32MP133AAE3, STM32MP133AAF3, STM32MP133AAG3, STM32MP133CAE3, STM32MP133CAF3, STM32MP133CAG3, STM32MP133DAE7, STM32MP133DAF7, STM32MP133DAG7, STM32MP133FAE7, STM32MP133FAF7, STM32MP133FAG7, STM32MP135AAE3, STM32MP135AAF3, STM32MP135AAG3, STM32MP135CAE3, STM32MP135CAF3, STM32MP135CAG3, STM32MP135DAE7, STM32MP135DAF7, STM32MP135DAG7, STM32MP135F-DK, STM32MP135FAE7, STM32MP135FAF7, STM32MP135FAF7T, STM32MP135FAF7U, STM32MP135FAG7, STM32U535CBT6, STM32U535CBT6Q, STM32U535CBU6, STM32U535CBU6Q, STM32U535CCT6, STM32U535CCT6Q, STM32U535CCU6, STM32U535CCU6Q, STM32U535CET6, STM32U535CET6Q, STM32U535CEU6, STM32U535CEU6Q, STM32U535JEY6QTR, STM32U535NCY6QTR, STM32U535NEY6QTR, STM32U535RBI6, STM32U535RBI6Q, STM32U535RBT6, STM32U535RBT6Q, STM32U535RCI6, STM32U535RCI6Q, STM32U535RCT6, STM32U535RCT6Q, STM32U535REI6, STM32U535REI6Q, STM32U535RET6, STM32U535RET6Q, STM32U535VCI6, STM32U535VCI6Q, STM32U535VCT6, STM32U535VCT6Q, STM32U535VEI6, STM32U535VEI6Q, STM32U535VET6, STM32U535VET6Q, STM32U545CET6, STM32U545CET6Q, STM32U545CEU6, STM32U545CEU6Q, STM32U545JEY6QTR, STM32U545NEY6QTR, STM32U545REI6, STM32U545REI6Q, STM32U545RET6, STM32U545RET6Q, STM32U545VEI6, STM32U545VEI6Q, STM32U545VET6, STM32U545VET6Q, STM32U595AIH6, STM32U595AIH6Q, STM32U595AJH6, STM32U595AJH6Q, STM32U595QII6, STM32U595QII6Q, STM32U595QJI6, STM32U595QJI6Q, STM32U595RIT6, STM32U595RIT6Q, STM32U595RJT6, STM32U595RJT6Q, STM32U595VIT6, STM32U595VIT6Q, STM32U595VJT6, STM32U595VJT6Q, STM32U595ZIT6, STM32U595ZIT6Q, STM32U595ZIY6QTR, STM32U595ZJT6, STM32U595ZJT6Q, STM32U595ZJY6QTR, STM32U599BJY6QTR, STM32U599NIH6Q, STM32U599NJH6Q, STM32U599VIT6Q, STM32U599VJT6, STM32U599VJT6Q, STM32U599ZIT6Q, STM32U599ZIY6QTR, STM32U599ZJT6Q, STM32U599ZJY6QTR, STM32U5A5AJH6, STM32U5A5AJH6Q, STM32U5A5QJI6, STM32U5A5QJI6Q, STM32U5A5RJT6, STM32U5A5RJT6Q, STM32U5A5VJT6, STM32U5A5VJT6Q, STM32U5A5ZJT6, STM32U5A5ZJT6Q, STM32U5A5ZJY6QTR, STM32U5A9BJY6QTR, STM32U5A9J-DK, STM32U5A9NJH6Q, STM32U5A9VJT6Q, STM32U5A9ZJT6Q, STM32U5A9ZJY6QTR, STM32WB1MMCH6, STM32WBA52CEU6, STM32WBA52CEU6T, STM32WBA52CGU6, STM32WBA52CGU6T, STM32WL5MOCH6, STM32WL5MOCH6TR]
2024-05-28 15:31:19,187 [INFO] DbMcus:216 - Found 4066 MCUs, 4066 are supported
2024-05-28 15:31:19,193 [INFO] ApiDb:423 - Load user favorites file /home/dnk066/.stm32cubeide/favorites.mcus.txt: 0 item(s)
2024-05-28 15:31:19,194 [INFO] ApiDb:427 - User favorites MCUs=[]
2024-05-28 15:31:19,194 [INFO] DbMcus:222 - Set 0 / 0 favorites MCUs
2024-05-28 15:31:20,605 [WARN] ThirdParty:833 - waiting for thirdparty lock release [change project]
2024-05-28 15:31:20,605 [INFO] ThirdParty:835 - entering critical section [change project]
2024-05-28 15:31:20,606 [INFO] ThirdParty:1030 - CMSIS Pack Vendor :STMicroelectronics X-CUBE-ISPU 1.1.0
2024-05-28 15:31:20,606 [INFO] ThirdParty:1030 - CMSIS Pack Vendor :STMicroelectronics X-CUBE-GNSS1 6.0.0
2024-05-28 15:31:20,606 [INFO] ThirdParty:1030 - CMSIS Pack Vendor :STMicroelectronics USB_HOST 2.0.0
2024-05-28 15:31:20,606 [INFO] ThirdParty:1030 - CMSIS Pack Vendor :STMicroelectronics FP-SNS-MOTENVWB1 1.4.0
2024-05-28 15:31:20,606 [INFO] ThirdParty:1030 - CMSIS Pack Vendor :STMicroelectronics X-CUBE-AZRTOS-F4 1.1.0
2024-05-28 15:31:20,606 [INFO] ThirdParty:1030 - CMSIS Pack Vendor :STMicroelectronics LIBJPEG 8.0.0
2024-05-28 15:31:20,606 [INFO] ThirdParty:1030 - CMSIS Pack Vendor :STMicroelectronics X-CUBE-SMBUS 2.1.0
2024-05-28 15:31:20,607 [INFO] ThirdParty:1030 - CMSIS Pack Vendor :wolfSSL I-CUBE-wolfSSL 5.6.0
2024-05-28 15:31:20,607 [INFO] ThirdParty:1030 - CMSIS Pack Vendor :STMicroelectronics USB_DEVICE 3.0.0
2024-05-28 15:31:20,607 [INFO] ThirdParty:1030 - CMSIS Pack Vendor :STMicroelectronics X-CUBE-TCPP 4.1.0
2024-05-28 15:31:20,607 [INFO] ThirdParty:1030 - CMSIS Pack Vendor :STMicroelectronics X-CUBE-FREERTOS 1.2.0
2024-05-28 15:31:20,607 [INFO] ThirdParty:1030 - CMSIS Pack Vendor :STMicroelectronics X-CUBE-AI 8.0.0
2024-05-28 15:31:20,607 [INFO] ThirdParty:1030 - CMSIS Pack Vendor :STMicroelectronics X-CUBE-AZRTOS-WB 2.0.0
2024-05-28 15:31:20,607 [INFO] ThirdParty:1030 - CMSIS Pack Vendor :STMicroelectronics X-CUBE-FREERTOS 1.0.1
2024-05-28 15:31:20,607 [INFO] ThirdParty:1030 - CMSIS Pack Vendor :STMicroelectronics X-CUBE-TOUCHGFX 4.21.3
2024-05-28 15:31:20,607 [INFO] ThirdParty:1030 - CMSIS Pack Vendor :STMicroelectronics X-CUBE-TOUCHGFX 4.23.2
2024-05-28 15:31:20,608 [INFO] ThirdParty:1030 - CMSIS Pack Vendor :STMicroelectronics X-CUBE-AZRTOS-F7 1.1.0
2024-05-28 15:31:20,608 [INFO] ThirdParty:1030 - CMSIS Pack Vendor :STMicroelectronics X-CUBE-TOUCHGFX 4.21.4
2024-05-28 15:31:20,608 [INFO] ThirdParty:1030 - CMSIS Pack Vendor :STMicroelectronics X-CUBE-AZRTOS-L5 2.0.0
2024-05-28 15:31:20,608 [INFO] ThirdParty:1030 - CMSIS Pack Vendor :STMicroelectronics USB_DEVICE 2.0.0
2024-05-28 15:31:20,608 [INFO] ThirdParty:1030 - CMSIS Pack Vendor :STMicroelectronics X-CUBE-MEMS1 9.6.0
2024-05-28 15:31:20,608 [INFO] ThirdParty:1030 - CMSIS Pack Vendor :STMicroelectronics X-CUBE-NFC6 3.1.0
2024-05-28 15:31:20,608 [INFO] ThirdParty:1030 - CMSIS Pack Vendor :ITTIA_DB I-CUBE-ITTIADB 8.8.0
2024-05-28 15:31:20,608 [INFO] ThirdParty:1030 - CMSIS Pack Vendor :STMicroelectronics FP-SNS-MOTENV1 4.3.0
2024-05-28 15:31:20,609 [INFO] ThirdParty:1030 - CMSIS Pack Vendor :STMicroelectronics FP-SNS-MOTENV1 4.3.2
2024-05-28 15:31:20,609 [INFO] ThirdParty:1030 - CMSIS Pack Vendor :STMicroelectronics FP-SNS-FLIGHT1 5.0.0
2024-05-28 15:31:20,609 [INFO] ThirdParty:1030 - CMSIS Pack Vendor :STMicroelectronics FP-SNS-MOTENV1 4.3.1
2024-05-28 15:31:20,609 [INFO] ThirdParty:1030 - CMSIS Pack Vendor :STMicroelectronics FP-SNS-FLIGHT1 5.0.1
2024-05-28 15:31:20,609 [INFO] ThirdParty:1030 - CMSIS Pack Vendor :STMicroelectronics X-CUBE-ALGOBUILD 1.3.0
2024-05-28 15:31:20,609 [INFO] ThirdParty:1030 - CMSIS Pack Vendor :STMicroelectronics X-CUBE-BLE1 6.2.4
2024-05-28 15:31:20,609 [INFO] ThirdParty:1030 - CMSIS Pack Vendor :STMicroelectronics X-CUBE-AZRTOS-L5 1.1.0
2024-05-28 15:31:20,609 [INFO] ThirdParty:1030 - CMSIS Pack Vendor :STMicroelectronics FreeRTOS 0.0.1
2024-05-28 15:31:20,610 [INFO] ThirdParty:1030 - CMSIS Pack Vendor :STMicroelectronics X-CUBE-AZRTOS-G0 1.1.0
2024-05-28 15:31:20,610 [INFO] ThirdParty:1030 - CMSIS Pack Vendor :emotas I-CUBE-CANOPEN 1.1.3
2024-05-28 15:31:20,610 [INFO] ThirdParty:1030 - CMSIS Pack Vendor :STMicroelectronics X-CUBE-BLEMGR 2.0.0
2024-05-28 15:31:20,610 [INFO] ThirdParty:1030 - CMSIS Pack Vendor :STMicroelectronics X-CUBE-AI 8.0.1
2024-05-28 15:31:20,610 [INFO] ThirdParty:1030 - CMSIS Pack Vendor :STMicroelectronics X-CUBE-SAFEA1 1.2.2
2024-05-28 15:31:20,610 [INFO] ThirdParty:1030 - CMSIS Pack Vendor :STMicroelectronics X-CUBE-NFC4 3.0.0
2024-05-28 15:31:20,610 [INFO] ThirdParty:1030 - CMSIS Pack Vendor :STMicroelectronics X-CUBE-SUBG2 5.0.0
2024-05-28 15:31:20,610 [INFO] ThirdParty:1030 - CMSIS Pack Vendor :STMicroelectronics STM32_WPAN 1.0.0
2024-05-28 15:31:20,610 [INFO] ThirdParty:1030 - CMSIS Pack Vendor :STMicroelectronics lwIP 2.0.3
2024-05-28 15:31:20,611 [INFO] ThirdParty:1030 - CMSIS Pack Vendor :STMicroelectronics FP-SNS-FLIGHT1 5.0.2
2024-05-28 15:31:20,611 [INFO] ThirdParty:1030 - CMSIS Pack Vendor :STMicroelectronics USB_HOST 1.0.0
2024-05-28 15:31:20,611 [INFO] ThirdParty:1030 - CMSIS Pack Vendor :STMicroelectronics X-CUBE-TOF1 3.3.1
2024-05-28 15:31:20,611 [INFO] ThirdParty:1030 - CMSIS Pack Vendor :STMicroelectronics X-CUBE-AI 9.0.0
2024-05-28 15:31:20,611 [INFO] ThirdParty:1030 - CMSIS Pack Vendor :STMicroelectronics X-CUBE-AZRTOS-G4 2.0.0
2024-05-28 15:31:20,611 [INFO] ThirdParty:1030 - CMSIS Pack Vendor :STMicroelectronics PDM2PCM 3.1.0
2024-05-28 15:31:20,611 [INFO] ThirdParty:1030 - CMSIS Pack Vendor :STMicroelectronics X-CUBE-AZRTOS-H7 3.1.0
2024-05-28 15:31:20,611 [INFO] ThirdParty:1030 - CMSIS Pack Vendor :STMicroelectronics X-CUBE-TOF1 3.3.0
2024-05-28 15:31:20,612 [INFO] ThirdParty:1030 - CMSIS Pack Vendor :STMicroelectronics PDM2PCM 3.3.0
2024-05-28 15:31:20,612 [INFO] ThirdParty:1030 - CMSIS Pack Vendor :STMicroelectronics X-CUBE-DISPLAY 3.0.0
2024-05-28 15:31:20,612 [INFO] ThirdParty:1030 - CMSIS Pack Vendor :STMicroelectronics X-CUBE-BLE1 7.0.0
2024-05-28 15:31:20,612 [INFO] ThirdParty:1030 - CMSIS Pack Vendor :STMicroelectronics FP-ATR-SIGFOX1 3.2.0
2024-05-28 15:31:20,612 [INFO] ThirdParty:1030 - CMSIS Pack Vendor :STMicroelectronics X-CUBE-AZRTOS-L4 1.0.0
2024-05-28 15:31:20,612 [INFO] ThirdParty:1030 - CMSIS Pack Vendor :STMicroelectronics X-CUBE-ISPU 2.0.0
2024-05-28 15:31:20,612 [INFO] ThirdParty:1030 - CMSIS Pack Vendor :STMicroelectronics X-CUBE-EEPRMA1 5.1.0
2024-05-28 15:31:20,612 [INFO] ThirdParty:1030 - CMSIS Pack Vendor :STMicroelectronics HAL Drivers 0.0.0
2024-05-28 15:31:20,612 [INFO] ThirdParty:1030 - CMSIS Pack Vendor :STMicroelectronics MBEDTLS 2.16.2
2024-05-28 15:31:20,613 [INFO] ThirdParty:1030 - CMSIS Pack Vendor :STMicroelectronics X-CUBE-ALS 1.0.2
2024-05-28 15:31:20,613 [INFO] ThirdParty:1030 - CMSIS Pack Vendor :STMicroelectronics X-CUBE-MEMS1 10.0.0
2024-05-28 15:31:20,613 [INFO] ThirdParty:1030 - CMSIS Pack Vendor :STMicroelectronics X-CUBE-FREERTOS 1.1.0
2024-05-28 15:31:20,613 [INFO] ThirdParty:1030 - CMSIS Pack Vendor :STMicroelectronics X-CUBE-TOUCHGFX 4.22.0
2024-05-28 15:31:20,613 [INFO] ThirdParty:1030 - CMSIS Pack Vendor :STMicroelectronics X-CUBE-NFC7 1.0.1
2024-05-28 15:31:20,613 [INFO] ThirdParty:1030 - CMSIS Pack Vendor :STMicroelectronics MBEDTLS 2.14.1
2024-05-28 15:31:20,613 [INFO] ThirdParty:1030 - CMSIS Pack Vendor :STMicroelectronics X-CUBE-NFC7 1.0.0
2024-05-28 15:31:20,613 [INFO] ThirdParty:1030 - CMSIS Pack Vendor :STMicroelectronics X-CUBE-TOUCHGFX 4.22.1
2024-05-28 15:31:20,614 [INFO] ThirdParty:1030 - CMSIS Pack Vendor :STMicroelectronics X-CUBE-AZRTOS-WL 1.0.0
2024-05-28 15:31:20,614 [INFO] ThirdParty:1030 - CMSIS Pack Vendor :STMicroelectronics X-CUBE-NFC6 3.0.0
2024-05-28 15:31:20,614 [INFO] ThirdParty:1030 - CMSIS Pack Vendor :STMicroelectronics X-CUBE-EEPRMA1 4.1.0
2024-05-28 15:31:20,614 [INFO] ThirdParty:1030 - CMSIS Pack Vendor :portGmbH I-Cube-SoM-uGOAL 1.1.0
2024-05-28 15:31:20,614 [INFO] ThirdParty:1030 - CMSIS Pack Vendor :STMicroelectronics X-CUBE-ALS 1.0.1
2024-05-28 15:31:20,614 [INFO] ThirdParty:1030 - CMSIS Pack Vendor :STMicroelectronics X-CUBE-BLEMGR 3.1.0
2024-05-28 15:31:20,614 [INFO] ThirdParty:1030 - CMSIS Pack Vendor :STMicroelectronics ThreadX 1.0.0
2024-05-28 15:31:20,614 [INFO] ThirdParty:1030 - CMSIS Pack Vendor :STMicroelectronics FP-SNS-SMARTAG2 1.2.0
2024-05-28 15:31:20,614 [INFO] ThirdParty:1030 - CMSIS Pack Vendor :STMicroelectronics X-CUBE-AZRTOS-WB 1.1.0
2024-05-28 15:31:20,615 [INFO] ThirdParty:1030 - CMSIS Pack Vendor :STMicroelectronics X-CUBE-AZRTOS-WL 2.0.0
2024-05-28 15:31:20,615 [INFO] ThirdParty:1030 - CMSIS Pack Vendor :SEGGER I-CUBE-embOS 1.3.1
2024-05-28 15:31:20,615 [INFO] ThirdParty:1030 - CMSIS Pack Vendor :STMicroelectronics X-CUBE-ALGOBUILD 1.4.0
2024-05-28 15:31:20,615 [INFO] ThirdParty:1030 - CMSIS Pack Vendor :STMicroelectronics FP-SNS-MOTENV1 5.0.0
2024-05-28 15:31:20,615 [INFO] ThirdParty:1030 - CMSIS Pack Vendor :STMicroelectronics USB_DEVICE 1.0.0
2024-05-28 15:31:20,615 [INFO] ThirdParty:1030 - CMSIS Pack Vendor :STMicroelectronics X-CUBE-AI 8.1.0
2024-05-28 15:31:20,615 [INFO] ThirdParty:1030 - CMSIS Pack Vendor :STMicroelectronics X-CUBE-AZRTOS-H7RS 1.0.0
2024-05-28 15:31:20,615 [INFO] ThirdParty:1030 - CMSIS Pack Vendor :STMicroelectronics X-CUBE-AZRTOS-L4 2.0.0
2024-05-28 15:31:20,615 [INFO] ThirdParty:1030 - CMSIS Pack Vendor :STMicroelectronics ThreadX 0.0.2
2024-05-28 15:31:20,616 [INFO] ThirdParty:1030 - CMSIS Pack Vendor :WES I-CUBE-Cesium 1.3.0
2024-05-28 15:31:20,616 [INFO] ThirdParty:1030 - CMSIS Pack Vendor :STMicroelectronics FP-ATR-ASTRA1 2.0.0
2024-05-28 15:31:20,616 [INFO] ThirdParty:1030 - CMSIS Pack Vendor :STMicroelectronics lwIP 2.1.2
2024-05-28 15:31:20,616 [INFO] ThirdParty:1030 - CMSIS Pack Vendor :STMicroelectronics X-CUBE-SFXS2LP1 4.0.0
2024-05-28 15:31:20,616 [INFO] ThirdParty:1030 - CMSIS Pack Vendor :STMicroelectronics X-CUBE-BLE2 3.3.0
2024-05-28 15:31:20,616 [INFO] ThirdParty:1030 - CMSIS Pack Vendor :STMicroelectronics X-CUBE-TOF1 3.4.1
2024-05-28 15:31:20,616 [INFO] ThirdParty:1030 - CMSIS Pack Vendor :STMicroelectronics X-CUBE-AZRTOS-H7 3.2.0
2024-05-28 15:31:20,616 [INFO] ThirdParty:1030 - CMSIS Pack Vendor :Infineon AIROC-Wi-Fi-Bluetooth-STM32 1.6.0
2024-05-28 15:31:20,617 [INFO] ThirdParty:1030 - CMSIS Pack Vendor :STMicroelectronics PDM2PCM 3.2.0
2024-05-28 15:31:20,617 [INFO] ThirdParty:841 - exiting critical section [change project]
2024-05-28 15:31:23,384 [INFO] PinOutPanel:1499 - setPackage(No Configuration,No Configuration)
2024-05-28 15:31:23,387 [INFO] PinOutPanel:1499 - setPackage(STM32L4A6ZGTx,LQFP144)
2024-05-28 15:31:26,001 [INFO] UtilMem:75 - Before build in PCC Used Memory: 490833736 Bytes (569376768)
2024-05-28 15:31:29,311 [INFO] UtilMem:75 - After build in PCC Used Memory: 341167104 Bytes (569376768)
2024-05-28 15:31:29,414 [INFO] IPUIPlugin:80 - create IPUIPlugin
2024-05-28 15:31:29,415 [INFO] IPUIPlugin:80 - create IPUIPlugin
2024-05-28 15:31:29,416 [INFO] IPUIPlugin:80 - create IPUIPlugin
2024-05-28 15:31:29,416 [INFO] IPUIPlugin:80 - create IPUIPlugin
2024-05-28 15:31:29,417 [INFO] IPUIPlugin:80 - create IPUIPlugin
2024-05-28 15:31:29,418 [INFO] IPUIPlugin:80 - create IPUIPlugin
2024-05-28 15:31:29,418 [INFO] IPUIPlugin:80 - create IPUIPlugin
2024-05-28 15:31:29,419 [INFO] IPUIPlugin:80 - create IPUIPlugin
2024-05-28 15:31:29,419 [INFO] IPUIPlugin:80 - create IPUIPlugin
2024-05-28 15:31:29,420 [INFO] IPUIPlugin:80 - create IPUIPlugin
2024-05-28 15:31:29,421 [INFO] IPUIPlugin:80 - create IPUIPlugin
2024-05-28 15:31:29,422 [INFO] IPUIPlugin:80 - create IPUIPlugin
2024-05-28 15:31:29,422 [INFO] IPUIPlugin:80 - create IPUIPlugin
2024-05-28 15:31:29,423 [INFO] IPUIPlugin:80 - create IPUIPlugin
2024-05-28 15:31:29,423 [INFO] IPUIPlugin:80 - create IPUIPlugin
2024-05-28 15:31:29,424 [INFO] IPUIPlugin:80 - create IPUIPlugin
2024-05-28 15:31:29,424 [INFO] IPUIPlugin:80 - create IPUIPlugin
2024-05-28 15:31:29,425 [INFO] IPUIPlugin:80 - create IPUIPlugin
2024-05-28 15:31:29,425 [INFO] IPUIPlugin:80 - create IPUIPlugin
2024-05-28 15:31:29,426 [INFO] IPUIPlugin:80 - create IPUIPlugin
2024-05-28 15:31:29,426 [INFO] IPUIPlugin:80 - create IPUIPlugin
2024-05-28 15:31:29,427 [INFO] IPUIPlugin:80 - create IPUIPlugin
2024-05-28 15:31:29,427 [INFO] IPUIPlugin:80 - create IPUIPlugin
2024-05-28 15:31:29,428 [INFO] IPUIPlugin:80 - create IPUIPlugin
2024-05-28 15:31:29,428 [INFO] IPUIPlugin:80 - create IPUIPlugin
2024-05-28 15:31:29,430 [INFO] IPUIPlugin:80 - create IPUIPlugin
2024-05-28 15:31:29,430 [INFO] IPUIPlugin:80 - create IPUIPlugin
2024-05-28 15:31:29,431 [INFO] IPUIPlugin:80 - create IPUIPlugin
2024-05-28 15:31:29,432 [INFO] IPUIPlugin:80 - create IPUIPlugin
2024-05-28 15:31:29,432 [INFO] IPUIPlugin:80 - create IPUIPlugin
2024-05-28 15:31:29,433 [INFO] IPUIPlugin:80 - create IPUIPlugin
2024-05-28 15:31:29,434 [INFO] IPUIPlugin:80 - create IPUIPlugin
2024-05-28 15:31:29,434 [INFO] IPUIPlugin:80 - create IPUIPlugin
2024-05-28 15:31:29,435 [INFO] IPUIPlugin:80 - create IPUIPlugin
2024-05-28 15:31:29,436 [INFO] IPUIPlugin:80 - create IPUIPlugin
2024-05-28 15:31:29,437 [INFO] IPUIPlugin:80 - create IPUIPlugin
2024-05-28 15:31:29,437 [INFO] IPUIPlugin:80 - create IPUIPlugin
2024-05-28 15:31:29,438 [INFO] IPUIPlugin:80 - create IPUIPlugin
2024-05-28 15:31:29,439 [INFO] IPUIPlugin:80 - create IPUIPlugin
2024-05-28 15:31:29,440 [INFO] IPUIPlugin:80 - create IPUIPlugin
2024-05-28 15:31:29,440 [INFO] IPUIPlugin:80 - create IPUIPlugin
2024-05-28 15:31:29,441 [INFO] IPUIPlugin:80 - create IPUIPlugin
2024-05-28 15:31:29,442 [INFO] IPUIPlugin:80 - create IPUIPlugin
2024-05-28 15:31:29,444 [INFO] IPUIPlugin:80 - create IPUIPlugin
2024-05-28 15:31:29,444 [INFO] IPUIPlugin:80 - create IPUIPlugin
2024-05-28 15:31:29,445 [INFO] IPUIPlugin:80 - create IPUIPlugin
2024-05-28 15:31:29,445 [INFO] IPUIPlugin:80 - create IPUIPlugin
2024-05-28 15:31:29,445 [INFO] IPUIPlugin:80 - create IPUIPlugin
2024-05-28 15:31:29,446 [INFO] IPUIPlugin:80 - create IPUIPlugin
2024-05-28 15:31:29,447 [INFO] IPUIPlugin:80 - create IPUIPlugin
2024-05-28 15:31:29,447 [INFO] IPUIPlugin:80 - create IPUIPlugin
2024-05-28 15:31:29,448 [INFO] IPUIPlugin:80 - create IPUIPlugin
2024-05-28 15:31:29,448 [INFO] IPUIPlugin:80 - create IPUIPlugin
2024-05-28 15:31:29,448 [INFO] IPUIPlugin:80 - create IPUIPlugin
2024-05-28 15:31:29,449 [INFO] IPUIPlugin:80 - create IPUIPlugin
2024-05-28 15:31:29,449 [INFO] IPUIPlugin:80 - create IPUIPlugin
2024-05-28 15:31:29,450 [INFO] IPUIPlugin:80 - create IPUIPlugin
2024-05-28 15:31:29,451 [INFO] IPUIPlugin:80 - create IPUIPlugin
2024-05-28 15:31:29,451 [INFO] IPUIPlugin:80 - create IPUIPlugin
2024-05-28 15:31:29,452 [INFO] IPUIPlugin:80 - create IPUIPlugin
2024-05-28 15:31:29,452 [INFO] IPUIPlugin:80 - create IPUIPlugin
2024-05-28 15:31:29,453 [INFO] IPUIPlugin:80 - create IPUIPlugin
2024-05-28 15:31:29,454 [INFO] IPUIPlugin:80 - create IPUIPlugin
2024-05-28 15:31:29,455 [INFO] IPUIPlugin:80 - create IPUIPlugin
2024-05-28 15:31:29,456 [INFO] IPUIPlugin:80 - create IPUIPlugin
2024-05-28 15:31:29,457 [INFO] IPUIPlugin:80 - create IPUIPlugin
2024-05-28 15:31:29,928 [INFO] CADModel:165 - CPN selected for project levelSTM32L4A6ZGT6
2024-05-28 15:31:29,932 [INFO] CADModel:114 - Register for checkConnection events
2024-05-28 15:31:30,017 [INFO] OpenFileManager:328 - Restore cursor
2024-05-28 15:32:12,483 [INFO] Can:71 - Can Add PropertyChangeListener com.st.microxplorer.plugins.ip.can.Can@4dd7a11c
2024-05-28 15:32:47,369 [ERROR] LogOutputStream:75 - [STDERR_REDIRECT] Exception in thread "AWT-EventQueue-0" java.awt.IllegalComponentStateException: component must be showing on the screen to determine its location
2024-05-28 15:32:47,370 [ERROR] LogOutputStream:75 - [STDERR_REDIRECT] 	at java.desktop/java.awt.Component.getLocationOnScreen_NoTreeLock(Component.java:2101)
2024-05-28 15:32:47,370 [ERROR] LogOutputStream:75 - [STDERR_REDIRECT] 	at java.desktop/java.awt.Component.getLocationOnScreen(Component.java:2075)
2024-05-28 15:32:47,371 [ERROR] LogOutputStream:75 - [STDERR_REDIRECT] 	at java.desktop/javax.swing.JPopupMenu.show(JPopupMenu.java:940)
2024-05-28 15:32:47,371 [ERROR] LogOutputStream:75 - [STDERR_REDIRECT] 	at java.desktop/javax.swing.plaf.basic.BasicComboPopup.show(BasicComboPopup.java:235)
2024-05-28 15:32:47,371 [ERROR] LogOutputStream:75 - [STDERR_REDIRECT] 	at java.desktop/javax.swing.plaf.basic.BasicComboPopup.togglePopup(BasicComboPopup.java:1218)
2024-05-28 15:32:47,371 [ERROR] LogOutputStream:75 - [STDERR_REDIRECT] 	at java.desktop/javax.swing.plaf.basic.BasicComboPopup$Handler.mousePressed(BasicComboPopup.java:897)
2024-05-28 15:32:47,372 [ERROR] LogOutputStream:75 - [STDERR_REDIRECT] 	at java.desktop/java.awt.Component.processMouseEvent(Component.java:6632)
2024-05-28 15:32:47,372 [ERROR] LogOutputStream:75 - [STDERR_REDIRECT] 	at java.desktop/javax.swing.JComponent.processMouseEvent(JComponent.java:3342)
2024-05-28 15:32:47,372 [ERROR] LogOutputStream:75 - [STDERR_REDIRECT] 	at java.desktop/java.awt.Component.processEvent(Component.java:6400)
2024-05-28 15:32:47,372 [ERROR] LogOutputStream:75 - [STDERR_REDIRECT] 	at java.desktop/java.awt.Container.processEvent(Container.java:2263)
2024-05-28 15:32:47,373 [ERROR] LogOutputStream:75 - [STDERR_REDIRECT] 	at java.desktop/java.awt.Component.dispatchEventImpl(Component.java:5011)
2024-05-28 15:32:47,373 [ERROR] LogOutputStream:75 - [STDERR_REDIRECT] 	at java.desktop/java.awt.Container.dispatchEventImpl(Container.java:2321)
2024-05-28 15:32:47,373 [ERROR] LogOutputStream:75 - [STDERR_REDIRECT] 	at java.desktop/java.awt.Component.dispatchEvent(Component.java:4843)
2024-05-28 15:32:47,373 [ERROR] LogOutputStream:75 - [STDERR_REDIRECT] 	at java.desktop/javax.swing.plaf.basic.BasicTableUI$Handler.repostEvent(BasicTableUI.java:967)
2024-05-28 15:32:47,374 [ERROR] LogOutputStream:75 - [STDERR_REDIRECT] 	at java.desktop/javax.swing.plaf.basic.BasicTableUI$Handler.adjustSelection(BasicTableUI.java:1129)
2024-05-28 15:32:47,374 [ERROR] LogOutputStream:75 - [STDERR_REDIRECT] 	at java.desktop/javax.swing.plaf.basic.BasicTableUI$Handler.mousePressed(BasicTableUI.java:1057)
2024-05-28 15:32:47,374 [ERROR] LogOutputStream:75 - [STDERR_REDIRECT] 	at java.desktop/java.awt.AWTEventMulticaster.mousePressed(AWTEventMulticaster.java:288)
2024-05-28 15:32:47,374 [ERROR] LogOutputStream:75 - [STDERR_REDIRECT] 	at java.desktop/java.awt.AWTEventMulticaster.mousePressed(AWTEventMulticaster.java:287)
2024-05-28 15:32:47,375 [ERROR] LogOutputStream:75 - [STDERR_REDIRECT] 	at java.desktop/java.awt.AWTEventMulticaster.mousePressed(AWTEventMulticaster.java:287)
2024-05-28 15:32:47,375 [ERROR] LogOutputStream:75 - [STDERR_REDIRECT] 	at java.desktop/java.awt.AWTEventMulticaster.mousePressed(AWTEventMulticaster.java:287)
2024-05-28 15:32:47,375 [ERROR] LogOutputStream:75 - [STDERR_REDIRECT] 	at java.desktop/java.awt.Component.processMouseEvent(Component.java:6632)
2024-05-28 15:32:47,375 [ERROR] LogOutputStream:75 - [STDERR_REDIRECT] 	at java.desktop/javax.swing.JComponent.processMouseEvent(JComponent.java:3342)
2024-05-28 15:32:47,376 [ERROR] LogOutputStream:75 - [STDERR_REDIRECT] 	at java.desktop/java.awt.Component.processEvent(Component.java:6400)
2024-05-28 15:32:47,376 [ERROR] LogOutputStream:75 - [STDERR_REDIRECT] 	at java.desktop/java.awt.Container.processEvent(Container.java:2263)
2024-05-28 15:32:47,376 [ERROR] LogOutputStream:75 - [STDERR_REDIRECT] 	at java.desktop/java.awt.Component.dispatchEventImpl(Component.java:5011)
2024-05-28 15:32:47,376 [ERROR] LogOutputStream:75 - [STDERR_REDIRECT] 	at java.desktop/java.awt.Container.dispatchEventImpl(Container.java:2321)
2024-05-28 15:32:47,377 [ERROR] LogOutputStream:75 - [STDERR_REDIRECT] 	at java.desktop/java.awt.Component.dispatchEvent(Component.java:4843)
2024-05-28 15:32:47,377 [ERROR] LogOutputStream:75 - [STDERR_REDIRECT] 	at java.desktop/java.awt.LightweightDispatcher.retargetMouseEvent(Container.java:4918)
2024-05-28 15:32:47,377 [ERROR] LogOutputStream:75 - [STDERR_REDIRECT] 	at java.desktop/java.awt.LightweightDispatcher.processMouseEvent(Container.java:4544)
2024-05-28 15:32:47,377 [ERROR] LogOutputStream:75 - [STDERR_REDIRECT] 	at java.desktop/java.awt.LightweightDispatcher.dispatchEvent(Container.java:4488)
2024-05-28 15:32:47,378 [ERROR] LogOutputStream:75 - [STDERR_REDIRECT] 	at java.desktop/java.awt.Container.dispatchEventImpl(Container.java:2307)
2024-05-28 15:32:47,378 [ERROR] LogOutputStream:75 - [STDERR_REDIRECT] 	at java.desktop/java.awt.Component.dispatchEvent(Component.java:4843)
2024-05-28 15:32:47,378 [ERROR] LogOutputStream:75 - [STDERR_REDIRECT] 	at java.desktop/java.awt.EventQueue.dispatchEventImpl(EventQueue.java:772)
2024-05-28 15:32:47,378 [ERROR] LogOutputStream:75 - [STDERR_REDIRECT] 	at java.desktop/java.awt.EventQueue$4.run(EventQueue.java:721)
2024-05-28 15:32:47,379 [ERROR] LogOutputStream:75 - [STDERR_REDIRECT] 	at java.desktop/java.awt.EventQueue$4.run(EventQueue.java:715)
2024-05-28 15:32:47,379 [ERROR] LogOutputStream:75 - [STDERR_REDIRECT] 	at java.base/java.security.AccessController.doPrivileged(Native Method)
2024-05-28 15:32:47,379 [ERROR] LogOutputStream:75 - [STDERR_REDIRECT] 	at java.base/java.security.ProtectionDomain$JavaSecurityAccessImpl.doIntersectionPrivilege(ProtectionDomain.java:85)
2024-05-28 15:32:47,379 [ERROR] LogOutputStream:75 - [STDERR_REDIRECT] 	at java.base/java.security.ProtectionDomain$JavaSecurityAccessImpl.doIntersectionPrivilege(ProtectionDomain.java:95)
2024-05-28 15:32:47,380 [ERROR] LogOutputStream:75 - [STDERR_REDIRECT] 	at java.desktop/java.awt.EventQueue$5.run(EventQueue.java:745)
2024-05-28 15:32:47,380 [ERROR] LogOutputStream:75 - [STDERR_REDIRECT] 	at java.desktop/java.awt.EventQueue$5.run(EventQueue.java:743)
2024-05-28 15:32:47,380 [ERROR] LogOutputStream:75 - [STDERR_REDIRECT] 	at java.base/java.security.AccessController.doPrivileged(Native Method)
2024-05-28 15:32:47,380 [ERROR] LogOutputStream:75 - [STDERR_REDIRECT] 	at java.base/java.security.ProtectionDomain$JavaSecurityAccessImpl.doIntersectionPrivilege(ProtectionDomain.java:85)
2024-05-28 15:32:47,381 [ERROR] LogOutputStream:75 - [STDERR_REDIRECT] 	at java.desktop/java.awt.EventQueue.dispatchEvent(EventQueue.java:742)
2024-05-28 15:32:47,381 [ERROR] LogOutputStream:75 - [STDERR_REDIRECT] 	at java.desktop/java.awt.EventDispatchThread.pumpOneEventForFilters(EventDispatchThread.java:203)
2024-05-28 15:32:47,381 [ERROR] LogOutputStream:75 - [STDERR_REDIRECT] 	at java.desktop/java.awt.EventDispatchThread.pumpEventsForFilter(EventDispatchThread.java:124)
2024-05-28 15:32:47,381 [ERROR] LogOutputStream:75 - [STDERR_REDIRECT] 	at java.desktop/java.awt.EventDispatchThread.pumpEventsForHierarchy(EventDispatchThread.java:113)
2024-05-28 15:32:47,382 [ERROR] LogOutputStream:75 - [STDERR_REDIRECT] 	at java.desktop/java.awt.EventDispatchThread.pumpEvents(EventDispatchThread.java:109)
2024-05-28 15:32:47,382 [ERROR] LogOutputStream:75 - [STDERR_REDIRECT] 	at java.desktop/java.awt.EventDispatchThread.pumpEvents(EventDispatchThread.java:101)
2024-05-28 15:32:47,382 [ERROR] LogOutputStream:75 - [STDERR_REDIRECT] 	at java.desktop/java.awt.EventDispatchThread.run(EventDispatchThread.java:90)
2024-05-28 15:32:48,740 [INFO] NvicIntPanel:101 - NVIC parent = com.st.microxplorer.plugins.ip.nvic.MultiNvicIntPanel[,0,0,0x0,invalid,layout=javax.swing.BoxLayout,alignmentX=0.0,alignmentY=0.0,border=,flags=9,maximumSize=,minimumSize=,preferredSize=]
2024-05-28 15:39:55,531 [INFO] ApiDbMcu:507 - Load IP Config File for FATFS
2024-05-28 15:52:22,778 [INFO] UtilMem:75 - End SaveConfig() Used Memory: 715809544 Bytes (847249408)
2024-05-28 15:52:25,151 [INFO] UtilMem:75 - End SaveConfig() Used Memory: 638078664 Bytes (847249408)
2024-05-28 15:52:28,543 [INFO] UtilMem:75 - End SaveConfig() Used Memory: 652784824 Bytes (847249408)
2024-05-28 15:52:29,673 [INFO] BlockDiagram:2759 - set Specific Code input for plugin: SPI
2024-05-28 15:52:29,673 [INFO] BlockDiagram:2759 - set Specific Code input for plugin: SYS
2024-05-28 15:52:29,674 [INFO] BlockDiagram:2759 - set Specific Code input for plugin: RCC
2024-05-28 15:52:29,674 [INFO] BlockDiagram:2759 - set Specific Code input for plugin: LPUART
2024-05-28 15:52:29,674 [INFO] BlockDiagram:2759 - set Specific Code input for plugin: NVIC
2024-05-28 15:52:29,675 [INFO] BlockDiagram:2759 - set Specific Code input for plugin: GPIO
2024-05-28 15:52:29,675 [INFO] BlockDiagram:2759 - set Specific Code input for plugin: FATFS
2024-05-28 15:52:29,676 [INFO] CodeGenerator:793 - code generatio: config db path: /opt/st/stm32cubeide_1.12.1/plugins/com.st.stm32cube.common.mx_6.8.1.202304191431//db/
2024-05-28 15:52:30,564 [INFO] CodeEngine:255 - oldGeneratedFile, /home/dnk066/Pratham/STM32_Training/Workspace/05_SPI/04_SPI_SD_Card/MXTmpFiles/license.tmp_save
2024-05-28 15:52:31,548 [INFO] CodeEngine:279 - Generated code: /home/dnk066/Pratham/STM32_Training/Workspace/05_SPI/04_SPI_SD_Card/MXTmpFiles/license.tmp
2024-05-28 15:52:31,694 [INFO] CodeEngine:255 - oldGeneratedFile, /home/dnk066/Pratham/STM32_Training/Workspace/05_SPI/04_SPI_SD_Card/MXTmpFiles/gpio.tmp_save
2024-05-28 15:52:32,008 [INFO] CodeEngine:279 - Generated code: /home/dnk066/Pratham/STM32_Training/Workspace/05_SPI/04_SPI_SD_Card/MXTmpFiles/gpio.tmp
2024-05-28 15:52:32,636 [INFO] Middleware:1439 - No code input for Bsp Dependency
2024-05-28 15:52:32,641 [INFO] CodeEngine:255 - oldGeneratedFile, /home/dnk066/Pratham/STM32_Training/Workspace/05_SPI/04_SPI_SD_Card/MXTmpFiles/fatfs_HalInit.tmp_save
2024-05-28 15:52:32,912 [INFO] CodeEngine:279 - Generated code: /home/dnk066/Pratham/STM32_Training/Workspace/05_SPI/04_SPI_SD_Card/MXTmpFiles/fatfs_HalInit.tmp
2024-05-28 15:52:32,914 [INFO] CodeEngine:255 - oldGeneratedFile, /home/dnk066/Pratham/STM32_Training/Workspace/05_SPI/04_SPI_SD_Card/MXTmpFiles/fatfs_vars.tmp_save
2024-05-28 15:52:33,334 [INFO] CodeEngine:279 - Generated code: /home/dnk066/Pratham/STM32_Training/Workspace/05_SPI/04_SPI_SD_Card/MXTmpFiles/fatfs_vars.tmp
2024-05-28 15:52:33,338 [INFO] CodeEngine:255 - oldGeneratedFile, /home/dnk066/Pratham/STM32_Training/Workspace/05_SPI/04_SPI_SD_Card/MXTmpFiles/fatfs_ext_vars.tmp_save
2024-05-28 15:52:33,612 [INFO] CodeEngine:279 - Generated code: /home/dnk066/Pratham/STM32_Training/Workspace/05_SPI/04_SPI_SD_Card/MXTmpFiles/fatfs_ext_vars.tmp
2024-05-28 15:52:33,617 [INFO] CodeEngine:255 - oldGeneratedFile, /home/dnk066/Pratham/STM32_Training/Workspace/05_SPI/04_SPI_SD_Card/MXTmpFiles/fatfs_inc.tmp_save
2024-05-28 15:52:33,844 [INFO] CodeEngine:279 - Generated code: /home/dnk066/Pratham/STM32_Training/Workspace/05_SPI/04_SPI_SD_Card/MXTmpFiles/fatfs_inc.tmp
2024-05-28 15:52:33,853 [INFO] Middleware:1439 - No code input for Bsp Dependency
2024-05-28 15:52:33,858 [INFO] CodeEngine:255 - oldGeneratedFile, /home/dnk066/Pratham/STM32_Training/Workspace/05_SPI/04_SPI_SD_Card/MXTmpFiles/fatfs_HalInit.tmp_save
2024-05-28 15:52:34,046 [INFO] CodeEngine:279 - Generated code: /home/dnk066/Pratham/STM32_Training/Workspace/05_SPI/04_SPI_SD_Card/MXTmpFiles/fatfs_HalInit.tmp
2024-05-28 15:52:34,048 [INFO] CodeEngine:255 - oldGeneratedFile, /home/dnk066/Pratham/STM32_Training/Workspace/05_SPI/04_SPI_SD_Card/MXTmpFiles/fatfs_vars.tmp_save
2024-05-28 15:52:34,288 [INFO] CodeEngine:279 - Generated code: /home/dnk066/Pratham/STM32_Training/Workspace/05_SPI/04_SPI_SD_Card/MXTmpFiles/fatfs_vars.tmp
2024-05-28 15:52:34,290 [INFO] CodeEngine:255 - oldGeneratedFile, /home/dnk066/Pratham/STM32_Training/Workspace/05_SPI/04_SPI_SD_Card/MXTmpFiles/fatfs_ext_vars.tmp_save
2024-05-28 15:52:34,479 [INFO] CodeEngine:279 - Generated code: /home/dnk066/Pratham/STM32_Training/Workspace/05_SPI/04_SPI_SD_Card/MXTmpFiles/fatfs_ext_vars.tmp
2024-05-28 15:52:34,482 [INFO] CodeEngine:255 - oldGeneratedFile, /home/dnk066/Pratham/STM32_Training/Workspace/05_SPI/04_SPI_SD_Card/MXTmpFiles/fatfs_inc.tmp_save
2024-05-28 15:52:34,703 [INFO] CodeEngine:279 - Generated code: /home/dnk066/Pratham/STM32_Training/Workspace/05_SPI/04_SPI_SD_Card/MXTmpFiles/fatfs_inc.tmp
2024-05-28 15:52:34,706 [INFO] CodeEngine:255 - oldGeneratedFile, /home/dnk066/Pratham/STM32_Training/Workspace/05_SPI/04_SPI_SD_Card/FATFS/Target/ffconf.h_save
2024-05-28 15:52:34,958 [INFO] CodeEngine:279 - Generated code: /home/dnk066/Pratham/STM32_Training/Workspace/05_SPI/04_SPI_SD_Card/FATFS/Target/ffconf.h
2024-05-28 15:52:34,961 [INFO] CodeEngine:255 - oldGeneratedFile, /home/dnk066/Pratham/STM32_Training/Workspace/05_SPI/04_SPI_SD_Card/FATFS/Target/user_diskio.c_save
2024-05-28 15:52:35,201 [INFO] CodeEngine:279 - Generated code: /home/dnk066/Pratham/STM32_Training/Workspace/05_SPI/04_SPI_SD_Card/FATFS/Target/user_diskio.c
2024-05-28 15:52:35,203 [INFO] CodeEngine:255 - oldGeneratedFile, /home/dnk066/Pratham/STM32_Training/Workspace/05_SPI/04_SPI_SD_Card/FATFS/Target/user_diskio.h_save
2024-05-28 15:52:35,383 [INFO] CodeEngine:279 - Generated code: /home/dnk066/Pratham/STM32_Training/Workspace/05_SPI/04_SPI_SD_Card/FATFS/Target/user_diskio.h
2024-05-28 15:52:35,386 [INFO] CodeEngine:255 - oldGeneratedFile, /home/dnk066/Pratham/STM32_Training/Workspace/05_SPI/04_SPI_SD_Card/FATFS/App/fatfs.c_save
2024-05-28 15:52:35,548 [INFO] CodeEngine:279 - Generated code: /home/dnk066/Pratham/STM32_Training/Workspace/05_SPI/04_SPI_SD_Card/FATFS/App/fatfs.c
2024-05-28 15:52:35,550 [INFO] CodeEngine:255 - oldGeneratedFile, /home/dnk066/Pratham/STM32_Training/Workspace/05_SPI/04_SPI_SD_Card/FATFS/App/fatfs.h_save
2024-05-28 15:52:35,733 [INFO] CodeEngine:279 - Generated code: /home/dnk066/Pratham/STM32_Training/Workspace/05_SPI/04_SPI_SD_Card/FATFS/App/fatfs.h
2024-05-28 15:52:35,746 [INFO] CodeEngine:255 - oldGeneratedFile, /home/dnk066/Pratham/STM32_Training/Workspace/05_SPI/04_SPI_SD_Card/Core/Src/stm32l4xx_it.c_save
2024-05-28 15:52:36,053 [INFO] CodeEngine:279 - Generated code: /home/dnk066/Pratham/STM32_Training/Workspace/05_SPI/04_SPI_SD_Card/Core/Src/stm32l4xx_it.c
2024-05-28 15:52:36,058 [INFO] CodeEngine:255 - oldGeneratedFile, /home/dnk066/Pratham/STM32_Training/Workspace/05_SPI/04_SPI_SD_Card/Core/Inc/stm32l4xx_it.h_save
2024-05-28 15:52:36,251 [INFO] CodeEngine:279 - Generated code: /home/dnk066/Pratham/STM32_Training/Workspace/05_SPI/04_SPI_SD_Card/Core/Inc/stm32l4xx_it.h
2024-05-28 15:52:36,282 [INFO] CodeEngine:255 - oldGeneratedFile, /home/dnk066/Pratham/STM32_Training/Workspace/05_SPI/04_SPI_SD_Card/Core/Src/stm32l4xx_hal_msp.c_save
2024-05-28 15:52:36,717 [INFO] CodeEngine:279 - Generated code: /home/dnk066/Pratham/STM32_Training/Workspace/05_SPI/04_SPI_SD_Card/Core/Src/stm32l4xx_hal_msp.c
2024-05-28 15:52:36,723 [INFO] CodeEngine:255 - oldGeneratedFile, /home/dnk066/Pratham/STM32_Training/Workspace/05_SPI/04_SPI_SD_Card/MXTmpFiles/system.tmp_save
2024-05-28 15:52:37,045 [INFO] CodeEngine:279 - Generated code: /home/dnk066/Pratham/STM32_Training/Workspace/05_SPI/04_SPI_SD_Card/MXTmpFiles/system.tmp
2024-05-28 15:52:37,053 [INFO] CodeEngine:311 - oldGeneratedFile, /home/dnk066/Pratham/STM32_Training/Workspace/05_SPI/04_SPI_SD_Card/Core/Inc/stm32l4xx_hal_conf.h_save
2024-05-28 15:52:37,241 [INFO] CodeEngine:335 - Generated code: /home/dnk066/Pratham/STM32_Training/Workspace/05_SPI/04_SPI_SD_Card/Core/Inc/stm32l4xx_hal_conf.h
2024-05-28 15:52:37,344 [INFO] CodeEngine:255 - oldGeneratedFile, /home/dnk066/Pratham/STM32_Training/Workspace/05_SPI/04_SPI_SD_Card/Core/Inc/main.h_save
2024-05-28 15:52:37,617 [INFO] CodeEngine:279 - Generated code: /home/dnk066/Pratham/STM32_Training/Workspace/05_SPI/04_SPI_SD_Card/Core/Inc/main.h
2024-05-28 15:52:37,625 [INFO] CodeEngine:255 - oldGeneratedFile, /home/dnk066/Pratham/STM32_Training/Workspace/05_SPI/04_SPI_SD_Card/Core/Src/main.c_save
2024-05-28 15:52:38,129 [INFO] CodeEngine:279 - Generated code: /home/dnk066/Pratham/STM32_Training/Workspace/05_SPI/04_SPI_SD_Card/Core/Src/main.c
2024-05-28 15:52:40,276 [INFO] ProjectBuilder:2996 - Time for Copy HAL[1] : 307mS.
2024-05-28 15:52:40,330 [INFO] ProjectBuilder:4304 - Project Generator version: 3.19.2
2024-05-28 15:52:42,031 [INFO] ConfigFileManager:1483 - The Die is : DIE461
2024-05-28 15:52:42,052 [INFO] ApiDbMcu:507 - Load IP Config File for FREERTOS
2024-05-28 15:52:42,095 [INFO] ApiDbMcu:507 - Load IP Config File for TOUCHSENSING
2024-05-28 15:52:42,127 [INFO] ApiDbMcu:507 - Load IP Config File for USB_DEVICE
2024-05-28 15:52:42,154 [INFO] ApiDbMcu:507 - Load IP Config File for USB_HOST
2024-05-28 15:52:45,150 [INFO] LogOutputStream:77 - [STDOUT_REDIRECT] 
2024-05-28 15:52:49,351 [INFO] ProjectBuilder:4505 - Time for Generating toolchain IDE Files: 9016mS.
2024-05-28 15:52:49,353 [INFO] ProjectBuilder:2867 - Time for Copy CMSIS : 0mS.
2024-05-28 15:52:49,354 [INFO] ProjectBuilder:2867 - Time for Copy CMSIS : 0mS.
2024-05-28 17:49:34,702 [INFO] MainUpdater:2854 - connection check result : 10
2024-05-28 17:49:34,704 [INFO] MainUpdater:2854 - connection check result : 10
2024-05-28 17:49:34,868 [INFO] MicroXplorer:468 - Change Database Path : 
2024-05-28 17:49:34,869 [INFO] MicroXplorer:498 - Change Database Version : DB.6.0.81
2024-05-28 17:49:35,242 [WARN] ThirdParty:871 - waiting for thirdparty lock release [close project]
2024-05-28 17:49:35,242 [INFO] ThirdParty:873 - entering critical section [close project]
2024-05-28 17:49:35,242 [INFO] ThirdParty:883 - exiting critical section [close project]
2024-05-28 17:49:35,248 [INFO] PinOutPanel:1499 - setPackage(No Configuration,No Configuration)
2024-05-28 17:49:35,279 [INFO] UtilMem:75 - Begin LoadConfig() Used Memory: 328501760 Bytes (891289600)
2024-05-28 17:49:35,280 [INFO] MicroXplorer:468 - Change Database Path : 
2024-05-28 17:49:35,280 [INFO] MicroXplorer:498 - Change Database Version : DB.6.0.81
2024-05-28 17:49:35,281 [INFO] OpenFileManager:308 - Change cursor
2024-05-28 17:49:35,318 [INFO] RulesReader:64 - Compatibility file has been processed (293 Rules)
2024-05-28 17:49:35,330 [INFO] Mcu:1937 - Initializing MCU STM32L4A6ZGTx STM32L4A6ZGTx STM32L4A6ZGT6
2024-05-28 17:49:39,521 [INFO] Context:659 - Trying to add GPIOservice into a context  which must be forbidden
2024-05-28 17:49:40,766 [INFO] RtosManager:555 - Registered RTOS mode: class=CMSIS, group=RTOS, mode=CMSIS_V1, owner=FREERTOS
2024-05-28 17:49:40,766 [INFO] RtosManager:555 - Registered RTOS mode: class=CMSIS, group=RTOS2, mode=CMSIS_V2, owner=FREERTOS
2024-05-28 17:49:40,767 [INFO] RtosManager:555 - Registered RTOS mode: class=RTOS, group=Core, mode=CMSIS_V1, owner=FREERTOS
2024-05-28 17:49:40,767 [INFO] RtosManager:555 - Registered RTOS mode: class=RTOS, group=Core, mode=CMSIS_V2, owner=FREERTOS
2024-05-28 17:49:40,768 [WARN] ModelIntegratedComponent:184 - Missing modes for component STMicroelectronics:FreeRTOS:0.0.1:STMicroelectronics:RTOS:FreeRTOS:Core:::10.2.0:
2024-05-28 17:49:40,786 [WARN] ModelIntegratedComponent:63 - No mode defined for component null
2024-05-28 17:49:40,786 [WARN] ModelIntegratedComponent:63 - No mode defined for component null
2024-05-28 17:49:40,786 [WARN] ModelIntegratedComponent:63 - No mode defined for component null
2024-05-28 17:49:40,786 [WARN] ModelIntegratedComponent:63 - No mode defined for component null
2024-05-28 17:49:40,786 [WARN] ModelIntegratedComponent:63 - No mode defined for component null
2024-05-28 17:49:40,786 [WARN] ModelIntegratedComponent:63 - No mode defined for component null
2024-05-28 17:49:40,787 [WARN] ModelIntegratedComponent:63 - No mode defined for component null
2024-05-28 17:49:40,787 [WARN] ModelIntegratedComponent:63 - No mode defined for component null
2024-05-28 17:49:40,787 [WARN] ModelIntegratedComponent:63 - No mode defined for component null
2024-05-28 17:49:40,787 [WARN] ModelIntegratedComponent:63 - No mode defined for component null
2024-05-28 17:49:40,787 [WARN] ModelIntegratedComponent:63 - No mode defined for component null
2024-05-28 17:49:40,787 [WARN] ModelIntegratedComponent:63 - No mode defined for component null
2024-05-28 17:49:40,787 [WARN] ModelIntegratedComponent:63 - No mode defined for component null
2024-05-28 17:49:40,787 [WARN] ModelIntegratedComponent:63 - No mode defined for component null
2024-05-28 17:49:40,787 [WARN] ModelIntegratedComponent:63 - No mode defined for component null
2024-05-28 17:49:40,788 [WARN] ModelIntegratedComponent:63 - No mode defined for component null
2024-05-28 17:49:40,788 [WARN] ModelIntegratedComponent:63 - No mode defined for component null
2024-05-28 17:49:40,788 [WARN] ModelIntegratedComponent:63 - No mode defined for component null
2024-05-28 17:49:40,788 [WARN] ModelIntegratedComponent:63 - No mode defined for component null
2024-05-28 17:49:40,788 [WARN] ModelIntegratedComponent:63 - No mode defined for component null
2024-05-28 17:49:40,788 [WARN] ModelIntegratedComponent:63 - No mode defined for component null
2024-05-28 17:49:40,788 [WARN] ModelIntegratedComponent:63 - No mode defined for component null
2024-05-28 17:49:40,788 [WARN] ModelIntegratedComponent:63 - No mode defined for component null
2024-05-28 17:49:40,788 [WARN] ModelIntegratedComponent:63 - No mode defined for component null
2024-05-28 17:49:40,789 [WARN] ModelIntegratedComponent:63 - No mode defined for component null
2024-05-28 17:49:40,789 [WARN] ModelIntegratedComponent:63 - No mode defined for component null
2024-05-28 17:49:40,789 [WARN] ModelIntegratedComponent:63 - No mode defined for component null
2024-05-28 17:49:40,789 [WARN] ModelIntegratedComponent:63 - No mode defined for component null
2024-05-28 17:49:40,789 [WARN] ModelIntegratedComponent:63 - No mode defined for component null
2024-05-28 17:49:40,789 [WARN] ModelIntegratedComponent:63 - No mode defined for component null
2024-05-28 17:49:40,789 [WARN] ModelIntegratedComponent:63 - No mode defined for component null
2024-05-28 17:49:40,789 [WARN] ModelIntegratedComponent:63 - No mode defined for component null
2024-05-28 17:49:40,790 [WARN] ModelIntegratedComponent:63 - No mode defined for component null
2024-05-28 17:49:40,951 [INFO] ThirdPartyModel:298 - Start build external matchings
2024-05-28 17:49:42,912 [INFO] ThirdPartyModel:316 - End build external matchings
2024-05-28 17:49:43,503 [INFO] UtilMem:75 - End LoadConfig() Used Memory: 711845784 Bytes (891289600)
2024-05-28 17:49:43,527 [WARN] ThirdParty:833 - waiting for thirdparty lock release [change project]
2024-05-28 17:49:43,528 [INFO] ThirdParty:835 - entering critical section [change project]
2024-05-28 17:49:43,528 [INFO] ThirdParty:1030 - CMSIS Pack Vendor :STMicroelectronics X-CUBE-ISPU 1.1.0
2024-05-28 17:49:43,528 [INFO] ThirdParty:1030 - CMSIS Pack Vendor :STMicroelectronics X-CUBE-GNSS1 6.0.0
2024-05-28 17:49:43,528 [INFO] ThirdParty:1030 - CMSIS Pack Vendor :STMicroelectronics USB_HOST 2.0.0
2024-05-28 17:49:43,528 [INFO] ThirdParty:1030 - CMSIS Pack Vendor :STMicroelectronics FP-SNS-MOTENVWB1 1.4.0
2024-05-28 17:49:43,528 [INFO] ThirdParty:1030 - CMSIS Pack Vendor :STMicroelectronics X-CUBE-AZRTOS-F4 1.1.0
2024-05-28 17:49:43,529 [INFO] ThirdParty:1030 - CMSIS Pack Vendor :STMicroelectronics LIBJPEG 8.0.0
2024-05-28 17:49:43,529 [INFO] ThirdParty:1030 - CMSIS Pack Vendor :STMicroelectronics X-CUBE-SMBUS 2.1.0
2024-05-28 17:49:43,529 [INFO] ThirdParty:1030 - CMSIS Pack Vendor :wolfSSL I-CUBE-wolfSSL 5.6.0
2024-05-28 17:49:43,529 [INFO] ThirdParty:1030 - CMSIS Pack Vendor :STMicroelectronics USB_DEVICE 3.0.0
2024-05-28 17:49:43,529 [INFO] ThirdParty:1030 - CMSIS Pack Vendor :STMicroelectronics X-CUBE-TCPP 4.1.0
2024-05-28 17:49:43,529 [INFO] ThirdParty:1030 - CMSIS Pack Vendor :STMicroelectronics X-CUBE-FREERTOS 1.2.0
2024-05-28 17:49:43,529 [INFO] ThirdParty:1030 - CMSIS Pack Vendor :STMicroelectronics X-CUBE-AI 8.0.0
2024-05-28 17:49:43,529 [INFO] ThirdParty:1030 - CMSIS Pack Vendor :STMicroelectronics X-CUBE-AZRTOS-WB 2.0.0
2024-05-28 17:49:43,529 [INFO] ThirdParty:1030 - CMSIS Pack Vendor :STMicroelectronics X-CUBE-FREERTOS 1.0.1
2024-05-28 17:49:43,529 [INFO] ThirdParty:1030 - CMSIS Pack Vendor :STMicroelectronics X-CUBE-TOUCHGFX 4.21.3
2024-05-28 17:49:43,529 [INFO] ThirdParty:1030 - CMSIS Pack Vendor :STMicroelectronics X-CUBE-TOUCHGFX 4.23.2
2024-05-28 17:49:43,530 [INFO] ThirdParty:1030 - CMSIS Pack Vendor :STMicroelectronics X-CUBE-AZRTOS-F7 1.1.0
2024-05-28 17:49:43,530 [INFO] ThirdParty:1030 - CMSIS Pack Vendor :STMicroelectronics X-CUBE-TOUCHGFX 4.21.4
2024-05-28 17:49:43,530 [INFO] ThirdParty:1030 - CMSIS Pack Vendor :STMicroelectronics X-CUBE-AZRTOS-L5 2.0.0
2024-05-28 17:49:43,530 [INFO] ThirdParty:1030 - CMSIS Pack Vendor :STMicroelectronics USB_DEVICE 2.0.0
2024-05-28 17:49:43,530 [INFO] ThirdParty:1030 - CMSIS Pack Vendor :STMicroelectronics X-CUBE-MEMS1 9.6.0
2024-05-28 17:49:43,530 [INFO] ThirdParty:1030 - CMSIS Pack Vendor :STMicroelectronics X-CUBE-NFC6 3.1.0
2024-05-28 17:49:43,530 [INFO] ThirdParty:1030 - CMSIS Pack Vendor :ITTIA_DB I-CUBE-ITTIADB 8.8.0
2024-05-28 17:49:43,530 [INFO] ThirdParty:1030 - CMSIS Pack Vendor :STMicroelectronics FP-SNS-MOTENV1 4.3.0
2024-05-28 17:49:43,531 [INFO] ThirdParty:1030 - CMSIS Pack Vendor :STMicroelectronics FP-SNS-MOTENV1 4.3.2
2024-05-28 17:49:43,531 [INFO] ThirdParty:1030 - CMSIS Pack Vendor :STMicroelectronics FP-SNS-FLIGHT1 5.0.0
2024-05-28 17:49:43,531 [INFO] ThirdParty:1030 - CMSIS Pack Vendor :STMicroelectronics FP-SNS-MOTENV1 4.3.1
2024-05-28 17:49:43,531 [INFO] ThirdParty:1030 - CMSIS Pack Vendor :STMicroelectronics FP-SNS-FLIGHT1 5.0.1
2024-05-28 17:49:43,531 [INFO] ThirdParty:1030 - CMSIS Pack Vendor :STMicroelectronics X-CUBE-ALGOBUILD 1.3.0
2024-05-28 17:49:43,531 [INFO] ThirdParty:1030 - CMSIS Pack Vendor :STMicroelectronics X-CUBE-BLE1 6.2.4
2024-05-28 17:49:43,531 [INFO] ThirdParty:1030 - CMSIS Pack Vendor :STMicroelectronics X-CUBE-AZRTOS-L5 1.1.0
2024-05-28 17:49:43,531 [INFO] ThirdParty:1030 - CMSIS Pack Vendor :STMicroelectronics FreeRTOS 0.0.1
2024-05-28 17:49:43,531 [INFO] ThirdParty:1030 - CMSIS Pack Vendor :STMicroelectronics X-CUBE-AZRTOS-G0 1.1.0
2024-05-28 17:49:43,531 [INFO] ThirdParty:1030 - CMSIS Pack Vendor :emotas I-CUBE-CANOPEN 1.1.3
2024-05-28 17:49:43,531 [INFO] ThirdParty:1030 - CMSIS Pack Vendor :STMicroelectronics X-CUBE-BLEMGR 2.0.0
2024-05-28 17:49:43,532 [INFO] ThirdParty:1030 - CMSIS Pack Vendor :STMicroelectronics X-CUBE-AI 8.0.1
2024-05-28 17:49:43,532 [INFO] ThirdParty:1030 - CMSIS Pack Vendor :STMicroelectronics X-CUBE-SAFEA1 1.2.2
2024-05-28 17:49:43,532 [INFO] ThirdParty:1030 - CMSIS Pack Vendor :STMicroelectronics X-CUBE-NFC4 3.0.0
2024-05-28 17:49:43,532 [INFO] ThirdParty:1030 - CMSIS Pack Vendor :STMicroelectronics X-CUBE-SUBG2 5.0.0
2024-05-28 17:49:43,532 [INFO] ThirdParty:1030 - CMSIS Pack Vendor :STMicroelectronics STM32_WPAN 1.0.0
2024-05-28 17:49:43,532 [INFO] ThirdParty:1030 - CMSIS Pack Vendor :STMicroelectronics lwIP 2.0.3
2024-05-28 17:49:43,532 [INFO] ThirdParty:1030 - CMSIS Pack Vendor :STMicroelectronics FP-SNS-FLIGHT1 5.0.2
2024-05-28 17:49:43,532 [INFO] ThirdParty:1030 - CMSIS Pack Vendor :STMicroelectronics USB_HOST 1.0.0
2024-05-28 17:49:43,534 [INFO] ThirdParty:1030 - CMSIS Pack Vendor :STMicroelectronics X-CUBE-TOF1 3.3.1
2024-05-28 17:49:43,535 [INFO] ThirdParty:1030 - CMSIS Pack Vendor :STMicroelectronics X-CUBE-AI 9.0.0
2024-05-28 17:49:43,535 [INFO] ThirdParty:1030 - CMSIS Pack Vendor :STMicroelectronics X-CUBE-AZRTOS-G4 2.0.0
2024-05-28 17:49:43,535 [INFO] ThirdParty:1030 - CMSIS Pack Vendor :STMicroelectronics PDM2PCM 3.1.0
2024-05-28 17:49:43,536 [INFO] ThirdParty:1030 - CMSIS Pack Vendor :STMicroelectronics X-CUBE-AZRTOS-H7 3.1.0
2024-05-28 17:49:43,536 [INFO] ThirdParty:1030 - CMSIS Pack Vendor :STMicroelectronics X-CUBE-TOF1 3.3.0
2024-05-28 17:49:43,536 [INFO] ThirdParty:1030 - CMSIS Pack Vendor :STMicroelectronics PDM2PCM 3.3.0
2024-05-28 17:49:43,537 [INFO] ThirdParty:1030 - CMSIS Pack Vendor :STMicroelectronics X-CUBE-DISPLAY 3.0.0
2024-05-28 17:49:43,537 [INFO] ThirdParty:1030 - CMSIS Pack Vendor :STMicroelectronics X-CUBE-BLE1 7.0.0
2024-05-28 17:49:43,537 [INFO] ThirdParty:1030 - CMSIS Pack Vendor :STMicroelectronics FP-ATR-SIGFOX1 3.2.0
2024-05-28 17:49:43,538 [INFO] ThirdParty:1030 - CMSIS Pack Vendor :STMicroelectronics X-CUBE-AZRTOS-L4 1.0.0
2024-05-28 17:49:43,538 [INFO] ThirdParty:1030 - CMSIS Pack Vendor :STMicroelectronics X-CUBE-ISPU 2.0.0
2024-05-28 17:49:43,538 [INFO] ThirdParty:1030 - CMSIS Pack Vendor :STMicroelectronics X-CUBE-EEPRMA1 5.1.0
2024-05-28 17:49:43,539 [INFO] ThirdParty:1030 - CMSIS Pack Vendor :STMicroelectronics HAL Drivers 0.0.0
2024-05-28 17:49:43,539 [INFO] ThirdParty:1030 - CMSIS Pack Vendor :STMicroelectronics MBEDTLS 2.16.2
2024-05-28 17:49:43,539 [INFO] ThirdParty:1030 - CMSIS Pack Vendor :STMicroelectronics X-CUBE-ALS 1.0.2
2024-05-28 17:49:43,540 [INFO] ThirdParty:1030 - CMSIS Pack Vendor :STMicroelectronics X-CUBE-MEMS1 10.0.0
2024-05-28 17:49:43,540 [INFO] ThirdParty:1030 - CMSIS Pack Vendor :STMicroelectronics X-CUBE-FREERTOS 1.1.0
2024-05-28 17:49:43,540 [INFO] ThirdParty:1030 - CMSIS Pack Vendor :STMicroelectronics X-CUBE-TOUCHGFX 4.22.0
2024-05-28 17:49:43,541 [INFO] ThirdParty:1030 - CMSIS Pack Vendor :STMicroelectronics X-CUBE-NFC7 1.0.1
2024-05-28 17:49:43,541 [INFO] ThirdParty:1030 - CMSIS Pack Vendor :STMicroelectronics MBEDTLS 2.14.1
2024-05-28 17:49:43,541 [INFO] ThirdParty:1030 - CMSIS Pack Vendor :STMicroelectronics X-CUBE-NFC7 1.0.0
2024-05-28 17:49:43,542 [INFO] ThirdParty:1030 - CMSIS Pack Vendor :STMicroelectronics X-CUBE-TOUCHGFX 4.22.1
2024-05-28 17:49:43,542 [INFO] ThirdParty:1030 - CMSIS Pack Vendor :STMicroelectronics X-CUBE-AZRTOS-WL 1.0.0
2024-05-28 17:49:43,543 [INFO] ThirdParty:1030 - CMSIS Pack Vendor :STMicroelectronics X-CUBE-NFC6 3.0.0
2024-05-28 17:49:43,543 [INFO] ThirdParty:1030 - CMSIS Pack Vendor :STMicroelectronics X-CUBE-EEPRMA1 4.1.0
2024-05-28 17:49:43,543 [INFO] ThirdParty:1030 - CMSIS Pack Vendor :portGmbH I-Cube-SoM-uGOAL 1.1.0
2024-05-28 17:49:43,544 [INFO] ThirdParty:1030 - CMSIS Pack Vendor :STMicroelectronics X-CUBE-ALS 1.0.1
2024-05-28 17:49:43,544 [INFO] ThirdParty:1030 - CMSIS Pack Vendor :STMicroelectronics X-CUBE-BLEMGR 3.1.0
2024-05-28 17:49:43,544 [INFO] ThirdParty:1030 - CMSIS Pack Vendor :STMicroelectronics ThreadX 1.0.0
2024-05-28 17:49:43,545 [INFO] ThirdParty:1030 - CMSIS Pack Vendor :STMicroelectronics FP-SNS-SMARTAG2 1.2.0
2024-05-28 17:49:43,545 [INFO] ThirdParty:1030 - CMSIS Pack Vendor :STMicroelectronics X-CUBE-AZRTOS-WB 1.1.0
2024-05-28 17:49:43,545 [INFO] ThirdParty:1030 - CMSIS Pack Vendor :STMicroelectronics X-CUBE-AZRTOS-WL 2.0.0
2024-05-28 17:49:43,546 [INFO] ThirdParty:1030 - CMSIS Pack Vendor :SEGGER I-CUBE-embOS 1.3.1
2024-05-28 17:49:43,546 [INFO] ThirdParty:1030 - CMSIS Pack Vendor :STMicroelectronics X-CUBE-ALGOBUILD 1.4.0
2024-05-28 17:49:43,546 [INFO] ThirdParty:1030 - CMSIS Pack Vendor :STMicroelectronics FP-SNS-MOTENV1 5.0.0
2024-05-28 17:49:43,547 [INFO] ThirdParty:1030 - CMSIS Pack Vendor :STMicroelectronics USB_DEVICE 1.0.0
2024-05-28 17:49:43,547 [INFO] ThirdParty:1030 - CMSIS Pack Vendor :STMicroelectronics X-CUBE-AI 8.1.0
2024-05-28 17:49:43,547 [INFO] ThirdParty:1030 - CMSIS Pack Vendor :STMicroelectronics X-CUBE-AZRTOS-H7RS 1.0.0
2024-05-28 17:49:43,547 [INFO] ThirdParty:1030 - CMSIS Pack Vendor :STMicroelectronics X-CUBE-AZRTOS-L4 2.0.0
2024-05-28 17:49:43,548 [INFO] ThirdParty:1030 - CMSIS Pack Vendor :STMicroelectronics ThreadX 0.0.2
2024-05-28 17:49:43,548 [INFO] ThirdParty:1030 - CMSIS Pack Vendor :WES I-CUBE-Cesium 1.3.0
2024-05-28 17:49:43,548 [INFO] ThirdParty:1030 - CMSIS Pack Vendor :STMicroelectronics FP-ATR-ASTRA1 2.0.0
2024-05-28 17:49:43,549 [INFO] ThirdParty:1030 - CMSIS Pack Vendor :STMicroelectronics lwIP 2.1.2
2024-05-28 17:49:43,549 [INFO] ThirdParty:1030 - CMSIS Pack Vendor :STMicroelectronics X-CUBE-SFXS2LP1 4.0.0
2024-05-28 17:49:43,549 [INFO] ThirdParty:1030 - CMSIS Pack Vendor :STMicroelectronics X-CUBE-BLE2 3.3.0
2024-05-28 17:49:43,550 [INFO] ThirdParty:1030 - CMSIS Pack Vendor :STMicroelectronics X-CUBE-TOF1 3.4.1
2024-05-28 17:49:43,550 [INFO] ThirdParty:1030 - CMSIS Pack Vendor :STMicroelectronics X-CUBE-AZRTOS-H7 3.2.0
2024-05-28 17:49:43,550 [INFO] ThirdParty:1030 - CMSIS Pack Vendor :Infineon AIROC-Wi-Fi-Bluetooth-STM32 1.6.0
2024-05-28 17:49:43,551 [INFO] ThirdParty:1030 - CMSIS Pack Vendor :STMicroelectronics PDM2PCM 3.2.0
2024-05-28 17:49:43,551 [INFO] ThirdParty:841 - exiting critical section [change project]
2024-05-28 17:49:44,403 [INFO] PinOutPanel:1499 - setPackage(No Configuration,No Configuration)
2024-05-28 17:49:44,408 [INFO] PinOutPanel:1499 - setPackage(STM32L4A6ZGTx,LQFP144)
2024-05-28 17:49:45,124 [INFO] UtilMem:75 - Before build in PCC Used Memory: 535588928 Bytes (891289600)
2024-05-28 17:49:45,697 [INFO] UtilMem:75 - After build in PCC Used Memory: 640446784 Bytes (891289600)
2024-05-28 17:49:45,752 [INFO] IPUIPlugin:80 - create IPUIPlugin
2024-05-28 17:49:45,753 [INFO] IPUIPlugin:80 - create IPUIPlugin
2024-05-28 17:49:45,753 [INFO] IPUIPlugin:80 - create IPUIPlugin
2024-05-28 17:49:45,753 [INFO] IPUIPlugin:80 - create IPUIPlugin
2024-05-28 17:49:45,754 [INFO] IPUIPlugin:80 - create IPUIPlugin
2024-05-28 17:49:45,754 [INFO] IPUIPlugin:80 - create IPUIPlugin
2024-05-28 17:49:45,754 [INFO] IPUIPlugin:80 - create IPUIPlugin
2024-05-28 17:49:45,755 [INFO] IPUIPlugin:80 - create IPUIPlugin
2024-05-28 17:49:45,756 [INFO] IPUIPlugin:80 - create IPUIPlugin
2024-05-28 17:49:45,756 [INFO] IPUIPlugin:80 - create IPUIPlugin
2024-05-28 17:49:45,756 [INFO] IPUIPlugin:80 - create IPUIPlugin
2024-05-28 17:49:45,757 [INFO] IPUIPlugin:80 - create IPUIPlugin
2024-05-28 17:49:45,757 [INFO] IPUIPlugin:80 - create IPUIPlugin
2024-05-28 17:49:45,758 [INFO] IPUIPlugin:80 - create IPUIPlugin
2024-05-28 17:49:45,758 [INFO] IPUIPlugin:80 - create IPUIPlugin
2024-05-28 17:49:45,761 [INFO] IPUIPlugin:80 - create IPUIPlugin
2024-05-28 17:49:45,762 [INFO] IPUIPlugin:80 - create IPUIPlugin
2024-05-28 17:49:45,762 [INFO] IPUIPlugin:80 - create IPUIPlugin
2024-05-28 17:49:45,762 [INFO] IPUIPlugin:80 - create IPUIPlugin
2024-05-28 17:49:45,763 [INFO] IPUIPlugin:80 - create IPUIPlugin
2024-05-28 17:49:45,763 [INFO] IPUIPlugin:80 - create IPUIPlugin
2024-05-28 17:49:45,763 [INFO] IPUIPlugin:80 - create IPUIPlugin
2024-05-28 17:49:45,763 [INFO] IPUIPlugin:80 - create IPUIPlugin
2024-05-28 17:49:45,764 [INFO] IPUIPlugin:80 - create IPUIPlugin
2024-05-28 17:49:45,764 [INFO] IPUIPlugin:80 - create IPUIPlugin
2024-05-28 17:49:45,765 [INFO] IPUIPlugin:80 - create IPUIPlugin
2024-05-28 17:49:45,766 [INFO] IPUIPlugin:80 - create IPUIPlugin
2024-05-28 17:49:45,766 [INFO] IPUIPlugin:80 - create IPUIPlugin
2024-05-28 17:49:45,767 [INFO] IPUIPlugin:80 - create IPUIPlugin
2024-05-28 17:49:45,767 [INFO] IPUIPlugin:80 - create IPUIPlugin
2024-05-28 17:49:45,767 [INFO] IPUIPlugin:80 - create IPUIPlugin
2024-05-28 17:49:45,768 [INFO] IPUIPlugin:80 - create IPUIPlugin
2024-05-28 17:49:45,768 [INFO] IPUIPlugin:80 - create IPUIPlugin
2024-05-28 17:49:45,769 [INFO] IPUIPlugin:80 - create IPUIPlugin
2024-05-28 17:49:45,770 [INFO] IPUIPlugin:80 - create IPUIPlugin
2024-05-28 17:49:45,770 [INFO] IPUIPlugin:80 - create IPUIPlugin
2024-05-28 17:49:45,771 [INFO] IPUIPlugin:80 - create IPUIPlugin
2024-05-28 17:49:45,771 [INFO] IPUIPlugin:80 - create IPUIPlugin
2024-05-28 17:49:45,772 [INFO] IPUIPlugin:80 - create IPUIPlugin
2024-05-28 17:49:45,772 [INFO] IPUIPlugin:80 - create IPUIPlugin
2024-05-28 17:49:45,773 [INFO] IPUIPlugin:80 - create IPUIPlugin
2024-05-28 17:49:45,774 [INFO] IPUIPlugin:80 - create IPUIPlugin
2024-05-28 17:49:45,774 [INFO] IPUIPlugin:80 - create IPUIPlugin
2024-05-28 17:49:45,775 [INFO] IPUIPlugin:80 - create IPUIPlugin
2024-05-28 17:49:45,775 [INFO] IPUIPlugin:80 - create IPUIPlugin
2024-05-28 17:49:45,775 [INFO] IPUIPlugin:80 - create IPUIPlugin
2024-05-28 17:49:45,776 [INFO] IPUIPlugin:80 - create IPUIPlugin
2024-05-28 17:49:45,776 [INFO] IPUIPlugin:80 - create IPUIPlugin
2024-05-28 17:49:45,776 [INFO] IPUIPlugin:80 - create IPUIPlugin
2024-05-28 17:49:45,776 [INFO] IPUIPlugin:80 - create IPUIPlugin
2024-05-28 17:49:45,776 [INFO] IPUIPlugin:80 - create IPUIPlugin
2024-05-28 17:49:45,777 [INFO] IPUIPlugin:80 - create IPUIPlugin
2024-05-28 17:49:45,777 [INFO] IPUIPlugin:80 - create IPUIPlugin
2024-05-28 17:49:45,777 [INFO] IPUIPlugin:80 - create IPUIPlugin
2024-05-28 17:49:45,777 [INFO] IPUIPlugin:80 - create IPUIPlugin
2024-05-28 17:49:45,778 [INFO] IPUIPlugin:80 - create IPUIPlugin
2024-05-28 17:49:45,778 [INFO] IPUIPlugin:80 - create IPUIPlugin
2024-05-28 17:49:45,778 [INFO] IPUIPlugin:80 - create IPUIPlugin
2024-05-28 17:49:45,779 [INFO] IPUIPlugin:80 - create IPUIPlugin
2024-05-28 17:49:45,779 [INFO] IPUIPlugin:80 - create IPUIPlugin
2024-05-28 17:49:45,779 [INFO] IPUIPlugin:80 - create IPUIPlugin
2024-05-28 17:49:45,779 [INFO] IPUIPlugin:80 - create IPUIPlugin
2024-05-28 17:49:45,781 [INFO] IPUIPlugin:80 - create IPUIPlugin
2024-05-28 17:49:45,782 [INFO] IPUIPlugin:80 - create IPUIPlugin
2024-05-28 17:49:45,783 [INFO] IPUIPlugin:80 - create IPUIPlugin
2024-05-28 17:49:45,784 [INFO] IPUIPlugin:80 - create IPUIPlugin
2024-05-28 17:49:45,953 [INFO] CADModel:165 - CPN selected for project levelSTM32L4A6ZGT6
2024-05-28 17:49:45,953 [INFO] CADModel:114 - Register for checkConnection events
2024-05-28 17:49:46,030 [INFO] OpenFileManager:328 - Restore cursor
