10:47:20 **** Build of configuration Debug for project 05_QSPI_Flash ****
make -j4 all 
arm-none-eabi-gcc "../Drivers/STM32L4xx_HAL_Driver/Src/stm32l4xx_hal.c" -mcpu=cortex-m4 -std=gnu11 -g3 -DDEBUG -DUSE_HAL_DRIVER -DSTM32L4A6xx -DCUSTOM_DEBUG=0 -c -I../Core/Inc -I../Drivers/STM32L4xx_HAL_Driver/Inc -I../Drivers/STM32L4xx_HAL_Driver/Inc/Legacy -I../Drivers/CMSIS/Device/ST/STM32L4xx/Include -I../Drivers/CMSIS/Include -I"/home/dnk066/Pratham/STM32_Training/Workspace/05_SPI/05_QSPI_Flash/Drivers/BSP/Component/Flash" -I"/home/dnk066/Pratham/STM32_Training/Workspace/05_SPI/05_QSPI_Flash/Drivers/BSP/Component/Reference_Driver" -O0 -ffunction-sections -fdata-sections -Wall -fstack-usage -fcyclomatic-complexity -MMD -MP -MF"Drivers/STM32L4xx_HAL_Driver/Src/stm32l4xx_hal.d" -MT"Drivers/STM32L4xx_HAL_Driver/Src/stm32l4xx_hal.o" --specs=nano.specs -mfpu=fpv4-sp-d16 -mfloat-abi=hard -mthumb -o "Drivers/STM32L4xx_HAL_Driver/Src/stm32l4xx_hal.o"
arm-none-eabi-gcc "../Drivers/STM32L4xx_HAL_Driver/Src/stm32l4xx_hal_cortex.c" -mcpu=cortex-m4 -std=gnu11 -g3 -DDEBUG -DUSE_HAL_DRIVER -DSTM32L4A6xx -DCUSTOM_DEBUG=0 -c -I../Core/Inc -I../Drivers/STM32L4xx_HAL_Driver/Inc -I../Drivers/STM32L4xx_HAL_Driver/Inc/Legacy -I../Drivers/CMSIS/Device/ST/STM32L4xx/Include -I../Drivers/CMSIS/Include -I"/home/dnk066/Pratham/STM32_Training/Workspace/05_SPI/05_QSPI_Flash/Drivers/BSP/Component/Flash" -I"/home/dnk066/Pratham/STM32_Training/Workspace/05_SPI/05_QSPI_Flash/Drivers/BSP/Component/Reference_Driver" -O0 -ffunction-sections -fdata-sections -Wall -fstack-usage -fcyclomatic-complexity -MMD -MP -MF"Drivers/STM32L4xx_HAL_Driver/Src/stm32l4xx_hal_cortex.d" -MT"Drivers/STM32L4xx_HAL_Driver/Src/stm32l4xx_hal_cortex.o" --specs=nano.specs -mfpu=fpv4-sp-d16 -mfloat-abi=hard -mthumb -o "Drivers/STM32L4xx_HAL_Driver/Src/stm32l4xx_hal_cortex.o"
arm-none-eabi-gcc "../Drivers/STM32L4xx_HAL_Driver/Src/stm32l4xx_hal_dma.c" -mcpu=cortex-m4 -std=gnu11 -g3 -DDEBUG -DUSE_HAL_DRIVER -DSTM32L4A6xx -DCUSTOM_DEBUG=0 -c -I../Core/Inc -I../Drivers/STM32L4xx_HAL_Driver/Inc -I../Drivers/STM32L4xx_HAL_Driver/Inc/Legacy -I../Drivers/CMSIS/Device/ST/STM32L4xx/Include -I../Drivers/CMSIS/Include -I"/home/dnk066/Pratham/STM32_Training/Workspace/05_SPI/05_QSPI_Flash/Drivers/BSP/Component/Flash" -I"/home/dnk066/Pratham/STM32_Training/Workspace/05_SPI/05_QSPI_Flash/Drivers/BSP/Component/Reference_Driver" -O0 -ffunction-sections -fdata-sections -Wall -fstack-usage -fcyclomatic-complexity -MMD -MP -MF"Drivers/STM32L4xx_HAL_Driver/Src/stm32l4xx_hal_dma.d" -MT"Drivers/STM32L4xx_HAL_Driver/Src/stm32l4xx_hal_dma.o" --specs=nano.specs -mfpu=fpv4-sp-d16 -mfloat-abi=hard -mthumb -o "Drivers/STM32L4xx_HAL_Driver/Src/stm32l4xx_hal_dma.o"
arm-none-eabi-gcc "../Drivers/STM32L4xx_HAL_Driver/Src/stm32l4xx_hal_dma_ex.c" -mcpu=cortex-m4 -std=gnu11 -g3 -DDEBUG -DUSE_HAL_DRIVER -DSTM32L4A6xx -DCUSTOM_DEBUG=0 -c -I../Core/Inc -I../Drivers/STM32L4xx_HAL_Driver/Inc -I../Drivers/STM32L4xx_HAL_Driver/Inc/Legacy -I../Drivers/CMSIS/Device/ST/STM32L4xx/Include -I../Drivers/CMSIS/Include -I"/home/dnk066/Pratham/STM32_Training/Workspace/05_SPI/05_QSPI_Flash/Drivers/BSP/Component/Flash" -I"/home/dnk066/Pratham/STM32_Training/Workspace/05_SPI/05_QSPI_Flash/Drivers/BSP/Component/Reference_Driver" -O0 -ffunction-sections -fdata-sections -Wall -fstack-usage -fcyclomatic-complexity -MMD -MP -MF"Drivers/STM32L4xx_HAL_Driver/Src/stm32l4xx_hal_dma_ex.d" -MT"Drivers/STM32L4xx_HAL_Driver/Src/stm32l4xx_hal_dma_ex.o" --specs=nano.specs -mfpu=fpv4-sp-d16 -mfloat-abi=hard -mthumb -o "Drivers/STM32L4xx_HAL_Driver/Src/stm32l4xx_hal_dma_ex.o"
arm-none-eabi-gcc "../Drivers/STM32L4xx_HAL_Driver/Src/stm32l4xx_hal_exti.c" -mcpu=cortex-m4 -std=gnu11 -g3 -DDEBUG -DUSE_HAL_DRIVER -DSTM32L4A6xx -DCUSTOM_DEBUG=0 -c -I../Core/Inc -I../Drivers/STM32L4xx_HAL_Driver/Inc -I../Drivers/STM32L4xx_HAL_Driver/Inc/Legacy -I../Drivers/CMSIS/Device/ST/STM32L4xx/Include -I../Drivers/CMSIS/Include -I"/home/dnk066/Pratham/STM32_Training/Workspace/05_SPI/05_QSPI_Flash/Drivers/BSP/Component/Flash" -I"/home/dnk066/Pratham/STM32_Training/Workspace/05_SPI/05_QSPI_Flash/Drivers/BSP/Component/Reference_Driver" -O0 -ffunction-sections -fdata-sections -Wall -fstack-usage -fcyclomatic-complexity -MMD -MP -MF"Drivers/STM32L4xx_HAL_Driver/Src/stm32l4xx_hal_exti.d" -MT"Drivers/STM32L4xx_HAL_Driver/Src/stm32l4xx_hal_exti.o" --specs=nano.specs -mfpu=fpv4-sp-d16 -mfloat-abi=hard -mthumb -o "Drivers/STM32L4xx_HAL_Driver/Src/stm32l4xx_hal_exti.o"
arm-none-eabi-gcc "../Drivers/STM32L4xx_HAL_Driver/Src/stm32l4xx_hal_flash.c" -mcpu=cortex-m4 -std=gnu11 -g3 -DDEBUG -DUSE_HAL_DRIVER -DSTM32L4A6xx -DCUSTOM_DEBUG=0 -c -I../Core/Inc -I../Drivers/STM32L4xx_HAL_Driver/Inc -I../Drivers/STM32L4xx_HAL_Driver/Inc/Legacy -I../Drivers/CMSIS/Device/ST/STM32L4xx/Include -I../Drivers/CMSIS/Include -I"/home/dnk066/Pratham/STM32_Training/Workspace/05_SPI/05_QSPI_Flash/Drivers/BSP/Component/Flash" -I"/home/dnk066/Pratham/STM32_Training/Workspace/05_SPI/05_QSPI_Flash/Drivers/BSP/Component/Reference_Driver" -O0 -ffunction-sections -fdata-sections -Wall -fstack-usage -fcyclomatic-complexity -MMD -MP -MF"Drivers/STM32L4xx_HAL_Driver/Src/stm32l4xx_hal_flash.d" -MT"Drivers/STM32L4xx_HAL_Driver/Src/stm32l4xx_hal_flash.o" --specs=nano.specs -mfpu=fpv4-sp-d16 -mfloat-abi=hard -mthumb -o "Drivers/STM32L4xx_HAL_Driver/Src/stm32l4xx_hal_flash.o"
arm-none-eabi-gcc "../Drivers/STM32L4xx_HAL_Driver/Src/stm32l4xx_hal_flash_ex.c" -mcpu=cortex-m4 -std=gnu11 -g3 -DDEBUG -DUSE_HAL_DRIVER -DSTM32L4A6xx -DCUSTOM_DEBUG=0 -c -I../Core/Inc -I../Drivers/STM32L4xx_HAL_Driver/Inc -I../Drivers/STM32L4xx_HAL_Driver/Inc/Legacy -I../Drivers/CMSIS/Device/ST/STM32L4xx/Include -I../Drivers/CMSIS/Include -I"/home/dnk066/Pratham/STM32_Training/Workspace/05_SPI/05_QSPI_Flash/Drivers/BSP/Component/Flash" -I"/home/dnk066/Pratham/STM32_Training/Workspace/05_SPI/05_QSPI_Flash/Drivers/BSP/Component/Reference_Driver" -O0 -ffunction-sections -fdata-sections -Wall -fstack-usage -fcyclomatic-complexity -MMD -MP -MF"Drivers/STM32L4xx_HAL_Driver/Src/stm32l4xx_hal_flash_ex.d" -MT"Drivers/STM32L4xx_HAL_Driver/Src/stm32l4xx_hal_flash_ex.o" --specs=nano.specs -mfpu=fpv4-sp-d16 -mfloat-abi=hard -mthumb -o "Drivers/STM32L4xx_HAL_Driver/Src/stm32l4xx_hal_flash_ex.o"
arm-none-eabi-gcc "../Drivers/STM32L4xx_HAL_Driver/Src/stm32l4xx_hal_flash_ramfunc.c" -mcpu=cortex-m4 -std=gnu11 -g3 -DDEBUG -DUSE_HAL_DRIVER -DSTM32L4A6xx -DCUSTOM_DEBUG=0 -c -I../Core/Inc -I../Drivers/STM32L4xx_HAL_Driver/Inc -I../Drivers/STM32L4xx_HAL_Driver/Inc/Legacy -I../Drivers/CMSIS/Device/ST/STM32L4xx/Include -I../Drivers/CMSIS/Include -I"/home/dnk066/Pratham/STM32_Training/Workspace/05_SPI/05_QSPI_Flash/Drivers/BSP/Component/Flash" -I"/home/dnk066/Pratham/STM32_Training/Workspace/05_SPI/05_QSPI_Flash/Drivers/BSP/Component/Reference_Driver" -O0 -ffunction-sections -fdata-sections -Wall -fstack-usage -fcyclomatic-complexity -MMD -MP -MF"Drivers/STM32L4xx_HAL_Driver/Src/stm32l4xx_hal_flash_ramfunc.d" -MT"Drivers/STM32L4xx_HAL_Driver/Src/stm32l4xx_hal_flash_ramfunc.o" --specs=nano.specs -mfpu=fpv4-sp-d16 -mfloat-abi=hard -mthumb -o "Drivers/STM32L4xx_HAL_Driver/Src/stm32l4xx_hal_flash_ramfunc.o"
arm-none-eabi-gcc "../Drivers/STM32L4xx_HAL_Driver/Src/stm32l4xx_hal_gpio.c" -mcpu=cortex-m4 -std=gnu11 -g3 -DDEBUG -DUSE_HAL_DRIVER -DSTM32L4A6xx -DCUSTOM_DEBUG=0 -c -I../Core/Inc -I../Drivers/STM32L4xx_HAL_Driver/Inc -I../Drivers/STM32L4xx_HAL_Driver/Inc/Legacy -I../Drivers/CMSIS/Device/ST/STM32L4xx/Include -I../Drivers/CMSIS/Include -I"/home/dnk066/Pratham/STM32_Training/Workspace/05_SPI/05_QSPI_Flash/Drivers/BSP/Component/Flash" -I"/home/dnk066/Pratham/STM32_Training/Workspace/05_SPI/05_QSPI_Flash/Drivers/BSP/Component/Reference_Driver" -O0 -ffunction-sections -fdata-sections -Wall -fstack-usage -fcyclomatic-complexity -MMD -MP -MF"Drivers/STM32L4xx_HAL_Driver/Src/stm32l4xx_hal_gpio.d" -MT"Drivers/STM32L4xx_HAL_Driver/Src/stm32l4xx_hal_gpio.o" --specs=nano.specs -mfpu=fpv4-sp-d16 -mfloat-abi=hard -mthumb -o "Drivers/STM32L4xx_HAL_Driver/Src/stm32l4xx_hal_gpio.o"
arm-none-eabi-gcc "../Drivers/STM32L4xx_HAL_Driver/Src/stm32l4xx_hal_pwr.c" -mcpu=cortex-m4 -std=gnu11 -g3 -DDEBUG -DUSE_HAL_DRIVER -DSTM32L4A6xx -DCUSTOM_DEBUG=0 -c -I../Core/Inc -I../Drivers/STM32L4xx_HAL_Driver/Inc -I../Drivers/STM32L4xx_HAL_Driver/Inc/Legacy -I../Drivers/CMSIS/Device/ST/STM32L4xx/Include -I../Drivers/CMSIS/Include -I"/home/dnk066/Pratham/STM32_Training/Workspace/05_SPI/05_QSPI_Flash/Drivers/BSP/Component/Flash" -I"/home/dnk066/Pratham/STM32_Training/Workspace/05_SPI/05_QSPI_Flash/Drivers/BSP/Component/Reference_Driver" -O0 -ffunction-sections -fdata-sections -Wall -fstack-usage -fcyclomatic-complexity -MMD -MP -MF"Drivers/STM32L4xx_HAL_Driver/Src/stm32l4xx_hal_pwr.d" -MT"Drivers/STM32L4xx_HAL_Driver/Src/stm32l4xx_hal_pwr.o" --specs=nano.specs -mfpu=fpv4-sp-d16 -mfloat-abi=hard -mthumb -o "Drivers/STM32L4xx_HAL_Driver/Src/stm32l4xx_hal_pwr.o"
arm-none-eabi-gcc "../Drivers/STM32L4xx_HAL_Driver/Src/stm32l4xx_hal_pwr_ex.c" -mcpu=cortex-m4 -std=gnu11 -g3 -DDEBUG -DUSE_HAL_DRIVER -DSTM32L4A6xx -DCUSTOM_DEBUG=0 -c -I../Core/Inc -I../Drivers/STM32L4xx_HAL_Driver/Inc -I../Drivers/STM32L4xx_HAL_Driver/Inc/Legacy -I../Drivers/CMSIS/Device/ST/STM32L4xx/Include -I../Drivers/CMSIS/Include -I"/home/dnk066/Pratham/STM32_Training/Workspace/05_SPI/05_QSPI_Flash/Drivers/BSP/Component/Flash" -I"/home/dnk066/Pratham/STM32_Training/Workspace/05_SPI/05_QSPI_Flash/Drivers/BSP/Component/Reference_Driver" -O0 -ffunction-sections -fdata-sections -Wall -fstack-usage -fcyclomatic-complexity -MMD -MP -MF"Drivers/STM32L4xx_HAL_Driver/Src/stm32l4xx_hal_pwr_ex.d" -MT"Drivers/STM32L4xx_HAL_Driver/Src/stm32l4xx_hal_pwr_ex.o" --specs=nano.specs -mfpu=fpv4-sp-d16 -mfloat-abi=hard -mthumb -o "Drivers/STM32L4xx_HAL_Driver/Src/stm32l4xx_hal_pwr_ex.o"
arm-none-eabi-gcc "../Drivers/STM32L4xx_HAL_Driver/Src/stm32l4xx_hal_qspi.c" -mcpu=cortex-m4 -std=gnu11 -g3 -DDEBUG -DUSE_HAL_DRIVER -DSTM32L4A6xx -DCUSTOM_DEBUG=0 -c -I../Core/Inc -I../Drivers/STM32L4xx_HAL_Driver/Inc -I../Drivers/STM32L4xx_HAL_Driver/Inc/Legacy -I../Drivers/CMSIS/Device/ST/STM32L4xx/Include -I../Drivers/CMSIS/Include -I"/home/dnk066/Pratham/STM32_Training/Workspace/05_SPI/05_QSPI_Flash/Drivers/BSP/Component/Flash" -I"/home/dnk066/Pratham/STM32_Training/Workspace/05_SPI/05_QSPI_Flash/Drivers/BSP/Component/Reference_Driver" -O0 -ffunction-sections -fdata-sections -Wall -fstack-usage -fcyclomatic-complexity -MMD -MP -MF"Drivers/STM32L4xx_HAL_Driver/Src/stm32l4xx_hal_qspi.d" -MT"Drivers/STM32L4xx_HAL_Driver/Src/stm32l4xx_hal_qspi.o" --specs=nano.specs -mfpu=fpv4-sp-d16 -mfloat-abi=hard -mthumb -o "Drivers/STM32L4xx_HAL_Driver/Src/stm32l4xx_hal_qspi.o"
arm-none-eabi-gcc "../Drivers/STM32L4xx_HAL_Driver/Src/stm32l4xx_hal_rcc.c" -mcpu=cortex-m4 -std=gnu11 -g3 -DDEBUG -DUSE_HAL_DRIVER -DSTM32L4A6xx -DCUSTOM_DEBUG=0 -c -I../Core/Inc -I../Drivers/STM32L4xx_HAL_Driver/Inc -I../Drivers/STM32L4xx_HAL_Driver/Inc/Legacy -I../Drivers/CMSIS/Device/ST/STM32L4xx/Include -I../Drivers/CMSIS/Include -I"/home/dnk066/Pratham/STM32_Training/Workspace/05_SPI/05_QSPI_Flash/Drivers/BSP/Component/Flash" -I"/home/dnk066/Pratham/STM32_Training/Workspace/05_SPI/05_QSPI_Flash/Drivers/BSP/Component/Reference_Driver" -O0 -ffunction-sections -fdata-sections -Wall -fstack-usage -fcyclomatic-complexity -MMD -MP -MF"Drivers/STM32L4xx_HAL_Driver/Src/stm32l4xx_hal_rcc.d" -MT"Drivers/STM32L4xx_HAL_Driver/Src/stm32l4xx_hal_rcc.o" --specs=nano.specs -mfpu=fpv4-sp-d16 -mfloat-abi=hard -mthumb -o "Drivers/STM32L4xx_HAL_Driver/Src/stm32l4xx_hal_rcc.o"
arm-none-eabi-gcc "../Drivers/STM32L4xx_HAL_Driver/Src/stm32l4xx_hal_rcc_ex.c" -mcpu=cortex-m4 -std=gnu11 -g3 -DDEBUG -DUSE_HAL_DRIVER -DSTM32L4A6xx -DCUSTOM_DEBUG=0 -c -I../Core/Inc -I../Drivers/STM32L4xx_HAL_Driver/Inc -I../Drivers/STM32L4xx_HAL_Driver/Inc/Legacy -I../Drivers/CMSIS/Device/ST/STM32L4xx/Include -I../Drivers/CMSIS/Include -I"/home/dnk066/Pratham/STM32_Training/Workspace/05_SPI/05_QSPI_Flash/Drivers/BSP/Component/Flash" -I"/home/dnk066/Pratham/STM32_Training/Workspace/05_SPI/05_QSPI_Flash/Drivers/BSP/Component/Reference_Driver" -O0 -ffunction-sections -fdata-sections -Wall -fstack-usage -fcyclomatic-complexity -MMD -MP -MF"Drivers/STM32L4xx_HAL_Driver/Src/stm32l4xx_hal_rcc_ex.d" -MT"Drivers/STM32L4xx_HAL_Driver/Src/stm32l4xx_hal_rcc_ex.o" --specs=nano.specs -mfpu=fpv4-sp-d16 -mfloat-abi=hard -mthumb -o "Drivers/STM32L4xx_HAL_Driver/Src/stm32l4xx_hal_rcc_ex.o"
arm-none-eabi-gcc "../Drivers/STM32L4xx_HAL_Driver/Src/stm32l4xx_hal_tim.c" -mcpu=cortex-m4 -std=gnu11 -g3 -DDEBUG -DUSE_HAL_DRIVER -DSTM32L4A6xx -DCUSTOM_DEBUG=0 -c -I../Core/Inc -I../Drivers/STM32L4xx_HAL_Driver/Inc -I../Drivers/STM32L4xx_HAL_Driver/Inc/Legacy -I../Drivers/CMSIS/Device/ST/STM32L4xx/Include -I../Drivers/CMSIS/Include -I"/home/dnk066/Pratham/STM32_Training/Workspace/05_SPI/05_QSPI_Flash/Drivers/BSP/Component/Flash" -I"/home/dnk066/Pratham/STM32_Training/Workspace/05_SPI/05_QSPI_Flash/Drivers/BSP/Component/Reference_Driver" -O0 -ffunction-sections -fdata-sections -Wall -fstack-usage -fcyclomatic-complexity -MMD -MP -MF"Drivers/STM32L4xx_HAL_Driver/Src/stm32l4xx_hal_tim.d" -MT"Drivers/STM32L4xx_HAL_Driver/Src/stm32l4xx_hal_tim.o" --specs=nano.specs -mfpu=fpv4-sp-d16 -mfloat-abi=hard -mthumb -o "Drivers/STM32L4xx_HAL_Driver/Src/stm32l4xx_hal_tim.o"
arm-none-eabi-gcc "../Drivers/STM32L4xx_HAL_Driver/Src/stm32l4xx_hal_tim_ex.c" -mcpu=cortex-m4 -std=gnu11 -g3 -DDEBUG -DUSE_HAL_DRIVER -DSTM32L4A6xx -DCUSTOM_DEBUG=0 -c -I../Core/Inc -I../Drivers/STM32L4xx_HAL_Driver/Inc -I../Drivers/STM32L4xx_HAL_Driver/Inc/Legacy -I../Drivers/CMSIS/Device/ST/STM32L4xx/Include -I../Drivers/CMSIS/Include -I"/home/dnk066/Pratham/STM32_Training/Workspace/05_SPI/05_QSPI_Flash/Drivers/BSP/Component/Flash" -I"/home/dnk066/Pratham/STM32_Training/Workspace/05_SPI/05_QSPI_Flash/Drivers/BSP/Component/Reference_Driver" -O0 -ffunction-sections -fdata-sections -Wall -fstack-usage -fcyclomatic-complexity -MMD -MP -MF"Drivers/STM32L4xx_HAL_Driver/Src/stm32l4xx_hal_tim_ex.d" -MT"Drivers/STM32L4xx_HAL_Driver/Src/stm32l4xx_hal_tim_ex.o" --specs=nano.specs -mfpu=fpv4-sp-d16 -mfloat-abi=hard -mthumb -o "Drivers/STM32L4xx_HAL_Driver/Src/stm32l4xx_hal_tim_ex.o"
arm-none-eabi-gcc "../Drivers/STM32L4xx_HAL_Driver/Src/stm32l4xx_hal_uart.c" -mcpu=cortex-m4 -std=gnu11 -g3 -DDEBUG -DUSE_HAL_DRIVER -DSTM32L4A6xx -DCUSTOM_DEBUG=0 -c -I../Core/Inc -I../Drivers/STM32L4xx_HAL_Driver/Inc -I../Drivers/STM32L4xx_HAL_Driver/Inc/Legacy -I../Drivers/CMSIS/Device/ST/STM32L4xx/Include -I../Drivers/CMSIS/Include -I"/home/dnk066/Pratham/STM32_Training/Workspace/05_SPI/05_QSPI_Flash/Drivers/BSP/Component/Flash" -I"/home/dnk066/Pratham/STM32_Training/Workspace/05_SPI/05_QSPI_Flash/Drivers/BSP/Component/Reference_Driver" -O0 -ffunction-sections -fdata-sections -Wall -fstack-usage -fcyclomatic-complexity -MMD -MP -MF"Drivers/STM32L4xx_HAL_Driver/Src/stm32l4xx_hal_uart.d" -MT"Drivers/STM32L4xx_HAL_Driver/Src/stm32l4xx_hal_uart.o" --specs=nano.specs -mfpu=fpv4-sp-d16 -mfloat-abi=hard -mthumb -o "Drivers/STM32L4xx_HAL_Driver/Src/stm32l4xx_hal_uart.o"
arm-none-eabi-gcc "../Drivers/STM32L4xx_HAL_Driver/Src/stm32l4xx_hal_uart_ex.c" -mcpu=cortex-m4 -std=gnu11 -g3 -DDEBUG -DUSE_HAL_DRIVER -DSTM32L4A6xx -DCUSTOM_DEBUG=0 -c -I../Core/Inc -I../Drivers/STM32L4xx_HAL_Driver/Inc -I../Drivers/STM32L4xx_HAL_Driver/Inc/Legacy -I../Drivers/CMSIS/Device/ST/STM32L4xx/Include -I../Drivers/CMSIS/Include -I"/home/dnk066/Pratham/STM32_Training/Workspace/05_SPI/05_QSPI_Flash/Drivers/BSP/Component/Flash" -I"/home/dnk066/Pratham/STM32_Training/Workspace/05_SPI/05_QSPI_Flash/Drivers/BSP/Component/Reference_Driver" -O0 -ffunction-sections -fdata-sections -Wall -fstack-usage -fcyclomatic-complexity -MMD -MP -MF"Drivers/STM32L4xx_HAL_Driver/Src/stm32l4xx_hal_uart_ex.d" -MT"Drivers/STM32L4xx_HAL_Driver/Src/stm32l4xx_hal_uart_ex.o" --specs=nano.specs -mfpu=fpv4-sp-d16 -mfloat-abi=hard -mthumb -o "Drivers/STM32L4xx_HAL_Driver/Src/stm32l4xx_hal_uart_ex.o"
arm-none-eabi-gcc "../Drivers/BSP/Component/Reference_Driver/MX25L_QSPI_Flash.c" -mcpu=cortex-m4 -std=gnu11 -g3 -DDEBUG -DUSE_HAL_DRIVER -DSTM32L4A6xx -DCUSTOM_DEBUG=0 -c -I../Core/Inc -I../Drivers/STM32L4xx_HAL_Driver/Inc -I../Drivers/STM32L4xx_HAL_Driver/Inc/Legacy -I../Drivers/CMSIS/Device/ST/STM32L4xx/Include -I../Drivers/CMSIS/Include -I"/home/dnk066/Pratham/STM32_Training/Workspace/05_SPI/05_QSPI_Flash/Drivers/BSP/Component/Flash" -I"/home/dnk066/Pratham/STM32_Training/Workspace/05_SPI/05_QSPI_Flash/Drivers/BSP/Component/Reference_Driver" -O0 -ffunction-sections -fdata-sections -Wall -fstack-usage -fcyclomatic-complexity -MMD -MP -MF"Drivers/BSP/Component/Reference_Driver/MX25L_QSPI_Flash.d" -MT"Drivers/BSP/Component/Reference_Driver/MX25L_QSPI_Flash.o" --specs=nano.specs -mfpu=fpv4-sp-d16 -mfloat-abi=hard -mthumb -o "Drivers/BSP/Component/Reference_Driver/MX25L_QSPI_Flash.o"
arm-none-eabi-gcc "../Drivers/BSP/Component/Flash/FlashCircularBuffer.c" -mcpu=cortex-m4 -std=gnu11 -g3 -DDEBUG -DUSE_HAL_DRIVER -DSTM32L4A6xx -DCUSTOM_DEBUG=0 -c -I../Core/Inc -I../Drivers/STM32L4xx_HAL_Driver/Inc -I../Drivers/STM32L4xx_HAL_Driver/Inc/Legacy -I../Drivers/CMSIS/Device/ST/STM32L4xx/Include -I../Drivers/CMSIS/Include -I"/home/dnk066/Pratham/STM32_Training/Workspace/05_SPI/05_QSPI_Flash/Drivers/BSP/Component/Flash" -I"/home/dnk066/Pratham/STM32_Training/Workspace/05_SPI/05_QSPI_Flash/Drivers/BSP/Component/Reference_Driver" -O0 -ffunction-sections -fdata-sections -Wall -fstack-usage -fcyclomatic-complexity -MMD -MP -MF"Drivers/BSP/Component/Flash/FlashCircularBuffer.d" -MT"Drivers/BSP/Component/Flash/FlashCircularBuffer.o" --specs=nano.specs -mfpu=fpv4-sp-d16 -mfloat-abi=hard -mthumb -o "Drivers/BSP/Component/Flash/FlashCircularBuffer.o"
../Drivers/BSP/Component/Reference_Driver/MX25L_QSPI_Flash.c: In function 'BSP_QSPI_DeInit':
../Drivers/BSP/Component/Reference_Driver/MX25L_QSPI_Flash.c:96:2: warning: implicit declaration of function 'BSP_QSPI_MspDeInit'; did you mean 'BSP_QSPI_DeInit'? [-Wimplicit-function-declaration]
   96 |  BSP_QSPI_MspDeInit(&QSPIHandle, NULL);
      |  ^~~~~~~~~~~~~~~~~~
      |  BSP_QSPI_DeInit
../Drivers/BSP/Component/Reference_Driver/MX25L_QSPI_Flash.c: At top level:
../Drivers/BSP/Component/Reference_Driver/MX25L_QSPI_Flash.c:518:13: warning: conflicting types for 'BSP_QSPI_MspDeInit'
  518 | __weak void BSP_QSPI_MspDeInit(QSPI_HandleTypeDef *hqspi, void *Params) {
      |             ^~~~~~~~~~~~~~~~~~
../Drivers/BSP/Component/Reference_Driver/MX25L_QSPI_Flash.c:96:2: note: previous implicit declaration of 'BSP_QSPI_MspDeInit' was here
   96 |  BSP_QSPI_MspDeInit(&QSPIHandle, NULL);
      |  ^~~~~~~~~~~~~~~~~~
../Drivers/BSP/Component/Flash/FlashCircularBuffer.c: In function 'WriteDatasetToFlash':
../Drivers/BSP/Component/Flash/FlashCircularBuffer.c:160:12: warning: unused variable 'current_addr' [-Wunused-variable]
  160 |   uint32_t current_addr;
      |            ^~~~~~~~~~~~
At top level:
../Drivers/BSP/Component/Flash/FlashCircularBuffer.c:42:13: warning: 'isMemoryAvailable' defined but not used [-Wunused-function]
   42 | static bool isMemoryAvailable(flash_circular_buffer* buffer)
      |             ^~~~~~~~~~~~~~~~~
../Drivers/BSP/Component/Flash/FlashCircularBuffer.c:32:13: warning: 'isDataAvailable' defined but not used [-Wunused-function]
   32 | static bool isDataAvailable(flash_circular_buffer* buffer)
      |             ^~~~~~~~~~~~~~~
arm-none-eabi-gcc "../Drivers/BSP/Component/Flash/flash.c" -mcpu=cortex-m4 -std=gnu11 -g3 -DDEBUG -DUSE_HAL_DRIVER -DSTM32L4A6xx -DCUSTOM_DEBUG=0 -c -I../Core/Inc -I../Drivers/STM32L4xx_HAL_Driver/Inc -I../Drivers/STM32L4xx_HAL_Driver/Inc/Legacy -I../Drivers/CMSIS/Device/ST/STM32L4xx/Include -I../Drivers/CMSIS/Include -I"/home/dnk066/Pratham/STM32_Training/Workspace/05_SPI/05_QSPI_Flash/Drivers/BSP/Component/Flash" -I"/home/dnk066/Pratham/STM32_Training/Workspace/05_SPI/05_QSPI_Flash/Drivers/BSP/Component/Reference_Driver" -O0 -ffunction-sections -fdata-sections -Wall -fstack-usage -fcyclomatic-complexity -MMD -MP -MF"Drivers/BSP/Component/Flash/flash.d" -MT"Drivers/BSP/Component/Flash/flash.o" --specs=nano.specs -mfpu=fpv4-sp-d16 -mfloat-abi=hard -mthumb -o "Drivers/BSP/Component/Flash/flash.o"
arm-none-eabi-gcc -mcpu=cortex-m4 -g3 -DDEBUG -DCUSTOM_DEBUG=1 -DSIMPLE_READ_WRITE=0 -c -I"/home/dnk066/Pratham/STM32_Training/Workspace/05_SPI/05_QSPI_Flash/Drivers/BSP/Component/Flash" -I"/home/dnk066/Pratham/STM32_Training/Workspace/05_SPI/05_QSPI_Flash/Drivers/BSP/Component/Reference_Driver" -x assembler-with-cpp -MMD -MP -MF"Core/Startup/startup_stm32l4a6zgtx.d" -MT"Core/Startup/startup_stm32l4a6zgtx.o" --specs=nano.specs -mfpu=fpv4-sp-d16 -mfloat-abi=hard -mthumb -o "Core/Startup/startup_stm32l4a6zgtx.o" "../Core/Startup/startup_stm32l4a6zgtx.s"
arm-none-eabi-gcc "../Core/Src/main.c" -mcpu=cortex-m4 -std=gnu11 -g3 -DDEBUG -DUSE_HAL_DRIVER -DSTM32L4A6xx -DCUSTOM_DEBUG=0 -c -I../Core/Inc -I../Drivers/STM32L4xx_HAL_Driver/Inc -I../Drivers/STM32L4xx_HAL_Driver/Inc/Legacy -I../Drivers/CMSIS/Device/ST/STM32L4xx/Include -I../Drivers/CMSIS/Include -I"/home/dnk066/Pratham/STM32_Training/Workspace/05_SPI/05_QSPI_Flash/Drivers/BSP/Component/Flash" -I"/home/dnk066/Pratham/STM32_Training/Workspace/05_SPI/05_QSPI_Flash/Drivers/BSP/Component/Reference_Driver" -O0 -ffunction-sections -fdata-sections -Wall -fstack-usage -fcyclomatic-complexity -MMD -MP -MF"Core/Src/main.d" -MT"Core/Src/main.o" --specs=nano.specs -mfpu=fpv4-sp-d16 -mfloat-abi=hard -mthumb -o "Core/Src/main.o"
arm-none-eabi-gcc "../Core/Src/stm32l4xx_hal_msp.c" -mcpu=cortex-m4 -std=gnu11 -g3 -DDEBUG -DUSE_HAL_DRIVER -DSTM32L4A6xx -DCUSTOM_DEBUG=0 -c -I../Core/Inc -I../Drivers/STM32L4xx_HAL_Driver/Inc -I../Drivers/STM32L4xx_HAL_Driver/Inc/Legacy -I../Drivers/CMSIS/Device/ST/STM32L4xx/Include -I../Drivers/CMSIS/Include -I"/home/dnk066/Pratham/STM32_Training/Workspace/05_SPI/05_QSPI_Flash/Drivers/BSP/Component/Flash" -I"/home/dnk066/Pratham/STM32_Training/Workspace/05_SPI/05_QSPI_Flash/Drivers/BSP/Component/Reference_Driver" -O0 -ffunction-sections -fdata-sections -Wall -fstack-usage -fcyclomatic-complexity -MMD -MP -MF"Core/Src/stm32l4xx_hal_msp.d" -MT"Core/Src/stm32l4xx_hal_msp.o" --specs=nano.specs -mfpu=fpv4-sp-d16 -mfloat-abi=hard -mthumb -o "Core/Src/stm32l4xx_hal_msp.o"
arm-none-eabi-gcc "../Core/Src/stm32l4xx_it.c" -mcpu=cortex-m4 -std=gnu11 -g3 -DDEBUG -DUSE_HAL_DRIVER -DSTM32L4A6xx -DCUSTOM_DEBUG=0 -c -I../Core/Inc -I../Drivers/STM32L4xx_HAL_Driver/Inc -I../Drivers/STM32L4xx_HAL_Driver/Inc/Legacy -I../Drivers/CMSIS/Device/ST/STM32L4xx/Include -I../Drivers/CMSIS/Include -I"/home/dnk066/Pratham/STM32_Training/Workspace/05_SPI/05_QSPI_Flash/Drivers/BSP/Component/Flash" -I"/home/dnk066/Pratham/STM32_Training/Workspace/05_SPI/05_QSPI_Flash/Drivers/BSP/Component/Reference_Driver" -O0 -ffunction-sections -fdata-sections -Wall -fstack-usage -fcyclomatic-complexity -MMD -MP -MF"Core/Src/stm32l4xx_it.d" -MT"Core/Src/stm32l4xx_it.o" --specs=nano.specs -mfpu=fpv4-sp-d16 -mfloat-abi=hard -mthumb -o "Core/Src/stm32l4xx_it.o"
arm-none-eabi-gcc "../Core/Src/syscalls.c" -mcpu=cortex-m4 -std=gnu11 -g3 -DDEBUG -DUSE_HAL_DRIVER -DSTM32L4A6xx -DCUSTOM_DEBUG=0 -c -I../Core/Inc -I../Drivers/STM32L4xx_HAL_Driver/Inc -I../Drivers/STM32L4xx_HAL_Driver/Inc/Legacy -I../Drivers/CMSIS/Device/ST/STM32L4xx/Include -I../Drivers/CMSIS/Include -I"/home/dnk066/Pratham/STM32_Training/Workspace/05_SPI/05_QSPI_Flash/Drivers/BSP/Component/Flash" -I"/home/dnk066/Pratham/STM32_Training/Workspace/05_SPI/05_QSPI_Flash/Drivers/BSP/Component/Reference_Driver" -O0 -ffunction-sections -fdata-sections -Wall -fstack-usage -fcyclomatic-complexity -MMD -MP -MF"Core/Src/syscalls.d" -MT"Core/Src/syscalls.o" --specs=nano.specs -mfpu=fpv4-sp-d16 -mfloat-abi=hard -mthumb -o "Core/Src/syscalls.o"
arm-none-eabi-gcc "../Core/Src/sysmem.c" -mcpu=cortex-m4 -std=gnu11 -g3 -DDEBUG -DUSE_HAL_DRIVER -DSTM32L4A6xx -DCUSTOM_DEBUG=0 -c -I../Core/Inc -I../Drivers/STM32L4xx_HAL_Driver/Inc -I../Drivers/STM32L4xx_HAL_Driver/Inc/Legacy -I../Drivers/CMSIS/Device/ST/STM32L4xx/Include -I../Drivers/CMSIS/Include -I"/home/dnk066/Pratham/STM32_Training/Workspace/05_SPI/05_QSPI_Flash/Drivers/BSP/Component/Flash" -I"/home/dnk066/Pratham/STM32_Training/Workspace/05_SPI/05_QSPI_Flash/Drivers/BSP/Component/Reference_Driver" -O0 -ffunction-sections -fdata-sections -Wall -fstack-usage -fcyclomatic-complexity -MMD -MP -MF"Core/Src/sysmem.d" -MT"Core/Src/sysmem.o" --specs=nano.specs -mfpu=fpv4-sp-d16 -mfloat-abi=hard -mthumb -o "Core/Src/sysmem.o"
arm-none-eabi-gcc "../Core/Src/system_stm32l4xx.c" -mcpu=cortex-m4 -std=gnu11 -g3 -DDEBUG -DUSE_HAL_DRIVER -DSTM32L4A6xx -DCUSTOM_DEBUG=0 -c -I../Core/Inc -I../Drivers/STM32L4xx_HAL_Driver/Inc -I../Drivers/STM32L4xx_HAL_Driver/Inc/Legacy -I../Drivers/CMSIS/Device/ST/STM32L4xx/Include -I../Drivers/CMSIS/Include -I"/home/dnk066/Pratham/STM32_Training/Workspace/05_SPI/05_QSPI_Flash/Drivers/BSP/Component/Flash" -I"/home/dnk066/Pratham/STM32_Training/Workspace/05_SPI/05_QSPI_Flash/Drivers/BSP/Component/Reference_Driver" -O0 -ffunction-sections -fdata-sections -Wall -fstack-usage -fcyclomatic-complexity -MMD -MP -MF"Core/Src/system_stm32l4xx.d" -MT"Core/Src/system_stm32l4xx.o" --specs=nano.specs -mfpu=fpv4-sp-d16 -mfloat-abi=hard -mthumb -o "Core/Src/system_stm32l4xx.o"
arm-none-eabi-gcc -o "05_QSPI_Flash.elf" @"objects.list"   -mcpu=cortex-m4 -T"/home/dnk066/Pratham/STM32_Training/Workspace/05_SPI/05_QSPI_Flash/STM32L4A6ZGTX_FLASH.ld" --specs=nosys.specs -Wl,-Map="05_QSPI_Flash.map" -Wl,--gc-sections -static --specs=nano.specs -mfpu=fpv4-sp-d16 -mfloat-abi=hard -mthumb -Wl,--start-group -lc -lm -Wl,--end-group
Finished building target: 05_QSPI_Flash.elf
 
arm-none-eabi-size   05_QSPI_Flash.elf 
arm-none-eabi-objdump -h -S  05_QSPI_Flash.elf  > "05_QSPI_Flash.list"
   text	   data	    bss	    dec	    hex	filename
  25168	    120	   1896	  27184	   6a30	05_QSPI_Flash.elf
Finished building: default.size.stdout
 
Finished building: 05_QSPI_Flash.list
 
10:47:43 **** Incremental Build of configuration Debug for project 05_QSPI_Flash ****
make -j4 all 
arm-none-eabi-size   05_QSPI_Flash.elf 
   text	   data	    bss	    dec	    hex	filename
  25168	    120	   1896	  27184	   6a30	05_QSPI_Flash.elf
Finished building: default.size.stdout
 
10:52:57 **** Incremental Build of configuration Debug for project 05_QSPI_Flash ****
make -j4 all 
arm-none-eabi-gcc "../Drivers/BSP/Component/Flash/FlashCircularBuffer.c" -mcpu=cortex-m4 -std=gnu11 -g3 -DDEBUG -DUSE_HAL_DRIVER -DSTM32L4A6xx -DCUSTOM_DEBUG=0 -c -I../Core/Inc -I../Drivers/STM32L4xx_HAL_Driver/Inc -I../Drivers/STM32L4xx_HAL_Driver/Inc/Legacy -I../Drivers/CMSIS/Device/ST/STM32L4xx/Include -I../Drivers/CMSIS/Include -I"/home/dnk066/Pratham/STM32_Training/Workspace/05_SPI/05_QSPI_Flash/Drivers/BSP/Component/Flash" -I"/home/dnk066/Pratham/STM32_Training/Workspace/05_SPI/05_QSPI_Flash/Drivers/BSP/Component/Reference_Driver" -O0 -ffunction-sections -fdata-sections -Wall -fstack-usage -fcyclomatic-complexity -MMD -MP -MF"Drivers/BSP/Component/Flash/FlashCircularBuffer.d" -MT"Drivers/BSP/Component/Flash/FlashCircularBuffer.o" --specs=nano.specs -mfpu=fpv4-sp-d16 -mfloat-abi=hard -mthumb -o "Drivers/BSP/Component/Flash/FlashCircularBuffer.o"
arm-none-eabi-gcc "../Core/Src/main.c" -mcpu=cortex-m4 -std=gnu11 -g3 -DDEBUG -DUSE_HAL_DRIVER -DSTM32L4A6xx -DCUSTOM_DEBUG=0 -c -I../Core/Inc -I../Drivers/STM32L4xx_HAL_Driver/Inc -I../Drivers/STM32L4xx_HAL_Driver/Inc/Legacy -I../Drivers/CMSIS/Device/ST/STM32L4xx/Include -I../Drivers/CMSIS/Include -I"/home/dnk066/Pratham/STM32_Training/Workspace/05_SPI/05_QSPI_Flash/Drivers/BSP/Component/Flash" -I"/home/dnk066/Pratham/STM32_Training/Workspace/05_SPI/05_QSPI_Flash/Drivers/BSP/Component/Reference_Driver" -O0 -ffunction-sections -fdata-sections -Wall -fstack-usage -fcyclomatic-complexity -MMD -MP -MF"Core/Src/main.d" -MT"Core/Src/main.o" --specs=nano.specs -mfpu=fpv4-sp-d16 -mfloat-abi=hard -mthumb -o "Core/Src/main.o"
../Drivers/BSP/Component/Flash/FlashCircularBuffer.c: In function 'WriteDatasetToFlash':
../Drivers/BSP/Component/Flash/FlashCircularBuffer.c:160:12: warning: unused variable 'current_addr' [-Wunused-variable]
  160 |   uint32_t current_addr;
      |            ^~~~~~~~~~~~
At top level:
../Drivers/BSP/Component/Flash/FlashCircularBuffer.c:42:13: warning: 'isMemoryAvailable' defined but not used [-Wunused-function]
   42 | static bool isMemoryAvailable(flash_circular_buffer* buffer)
      |             ^~~~~~~~~~~~~~~~~
../Drivers/BSP/Component/Flash/FlashCircularBuffer.c:32:13: warning: 'isDataAvailable' defined but not used [-Wunused-function]
   32 | static bool isDataAvailable(flash_circular_buffer* buffer)
      |             ^~~~~~~~~~~~~~~
../Core/Src/main.c: In function 'main':
../Core/Src/main.c:131:11: error: 'data_info' has no member named 'mobile_no'
  131 |          .mobile_no = 98765,
      |           ^~~~~~~~~
../Core/Src/main.c:131:23: warning: unsigned conversion from 'int' to 'char' changes value from '98765' to '205' [-Woverflow]
  131 |          .mobile_no = 98765,
      |                       ^~~~~
make: *** [Core/Src/subdir.mk:34: Core/Src/main.o] Error 1
make: *** Waiting for unfinished jobs....
"make -j4 all" terminated with exit code 2. Build might be incomplete.
10:53:16 **** Incremental Build of configuration Debug for project 05_QSPI_Flash ****
make -j4 all 
arm-none-eabi-gcc "../Core/Src/main.c" -mcpu=cortex-m4 -std=gnu11 -g3 -DDEBUG -DUSE_HAL_DRIVER -DSTM32L4A6xx -DCUSTOM_DEBUG=0 -c -I../Core/Inc -I../Drivers/STM32L4xx_HAL_Driver/Inc -I../Drivers/STM32L4xx_HAL_Driver/Inc/Legacy -I../Drivers/CMSIS/Device/ST/STM32L4xx/Include -I../Drivers/CMSIS/Include -I"/home/dnk066/Pratham/STM32_Training/Workspace/05_SPI/05_QSPI_Flash/Drivers/BSP/Component/Flash" -I"/home/dnk066/Pratham/STM32_Training/Workspace/05_SPI/05_QSPI_Flash/Drivers/BSP/Component/Reference_Driver" -O0 -ffunction-sections -fdata-sections -Wall -fstack-usage -fcyclomatic-complexity -MMD -MP -MF"Core/Src/main.d" -MT"Core/Src/main.o" --specs=nano.specs -mfpu=fpv4-sp-d16 -mfloat-abi=hard -mthumb -o "Core/Src/main.o"
arm-none-eabi-gcc -o "05_QSPI_Flash.elf" @"objects.list"   -mcpu=cortex-m4 -T"/home/dnk066/Pratham/STM32_Training/Workspace/05_SPI/05_QSPI_Flash/STM32L4A6ZGTX_FLASH.ld" --specs=nosys.specs -Wl,-Map="05_QSPI_Flash.map" -Wl,--gc-sections -static --specs=nano.specs -mfpu=fpv4-sp-d16 -mfloat-abi=hard -mthumb -Wl,--start-group -lc -lm -Wl,--end-group
Finished building target: 05_QSPI_Flash.elf
 
arm-none-eabi-size   05_QSPI_Flash.elf 
arm-none-eabi-objdump -h -S  05_QSPI_Flash.elf  > "05_QSPI_Flash.list"
   text	   data	    bss	    dec	    hex	filename
  25132	    120	   1896	  27148	   6a0c	05_QSPI_Flash.elf
Finished building: default.size.stdout
 
Finished building: 05_QSPI_Flash.list
 
10:53:21 **** Incremental Build of configuration Debug for project 05_QSPI_Flash ****
make -j4 all 
arm-none-eabi-size   05_QSPI_Flash.elf 
   text	   data	    bss	    dec	    hex	filename
  25132	    120	   1896	  27148	   6a0c	05_QSPI_Flash.elf
Finished building: default.size.stdout
 
