2024-05-16 16:28:01,752 [INFO] Activator:176 - 


2024-05-16 16:28:01,756 [INFO] Activator:177 - !SESSION log4j initialized
2024-05-16 16:28:06,228 [INFO] LogOutputStream:77 - [STDOUT_REDIRECT] 
2024-05-16 16:28:12,888 [INFO] ApplicationProperties:184 - Using Application install path: /opt/st/stm32cubeide_1.12.1/plugins/com.st.stm32cube.common.mx_6.8.1.202304191431
2024-05-16 16:28:12,921 [INFO] DbMcusXml:78 - Set database path to: /opt/st/stm32cubeide_1.12.1/plugins/com.st.stm32cube.common.mx_6.8.1.202304191431//db//mcu/
2024-05-16 16:28:12,922 [INFO] ApiDb:274 - Set plugin database path to: /opt/st/stm32cubeide_1.12.1/plugins/com.st.stm32cube.common.mx_6.8.1.202304191431//db//plugins/boardmanager/
2024-05-16 16:28:12,929 [WARN] ApiDb:259 - Overriding images path with different value:  => /opt/st/stm32cubeide_1.12.1/plugins/com.st.stm32cube.common.mx_6.8.1.202304191431//db//plugins/mcufinder/images/
2024-05-16 16:28:12,980 [INFO] ApiDb:250 - Set database path to: /home/dnk066/.stmcufinder/plugins/mcufinder//mcu/
2024-05-16 16:28:12,984 [INFO] DbMcusAds:125 - Set database path to: /home/dnk066/.stmcufinder/plugins/mcufinder//mcu/
2024-05-16 16:28:12,995 [INFO] CrossReferenceDbSqlite:203 - Set database path to: /home/dnk066/.stmcufinder/plugins/mcufinder//mcu/cs/
2024-05-16 16:28:13,205 [INFO] RulesReader:64 - Compatibility file has been processed (293 Rules)
2024-05-16 16:28:13,336 [INFO] DbMcusXml:78 - Set database path to: /opt/st/stm32cubeide_1.12.1/plugins/com.st.stm32cube.common.mx_6.8.1.202304191431//db//mcu/
2024-05-16 16:28:13,337 [INFO] ApiDb:274 - Set plugin database path to: /opt/st/stm32cubeide_1.12.1/plugins/com.st.stm32cube.common.mx_6.8.1.202304191431//db//plugins/boardmanager/
2024-05-16 16:28:13,337 [INFO] ApiDb:261 - Set plugin images path to: /opt/st/stm32cubeide_1.12.1/plugins/com.st.stm32cube.common.mx_6.8.1.202304191431//db//plugins/mcufinder/images/
2024-05-16 16:28:13,338 [WARN] DbFile:41 - Overriding database path with different value: /home/dnk066/.stmcufinder/plugins/mcufinder/ => /home/dnk066/.stmcufinder/plugins/mcufinder
2024-05-16 16:28:13,338 [INFO] ApiDb:250 - Set database path to: /home/dnk066/.stmcufinder/plugins/mcufinder//mcu/
2024-05-16 16:28:13,338 [WARN] DbFile:41 - Overriding database path with different value: /home/dnk066/.stmcufinder/plugins/mcufinder/ => /home/dnk066/.stmcufinder/plugins/mcufinder
2024-05-16 16:28:13,338 [INFO] DbMcusAds:125 - Set database path to: /home/dnk066/.stmcufinder/plugins/mcufinder//mcu/
2024-05-16 16:28:13,339 [WARN] DbFile:41 - Overriding database path with different value: /home/dnk066/.stmcufinder/plugins/mcufinder/ => /home/dnk066/.stmcufinder/plugins/mcufinder
2024-05-16 16:28:13,339 [WARN] DbFile:41 - Overriding database path with different value: /home/dnk066/.stmcufinder/plugins/mcufinder/ => /home/dnk066/.stmcufinder/plugins/mcufinder
2024-05-16 16:28:13,339 [INFO] CrossReferenceDbSqlite:203 - Set database path to: /home/dnk066/.stmcufinder/plugins/mcufinder//mcu/cs/
2024-05-16 16:28:13,479 [INFO] MainPanel:253 - HeapMemory: 268435456
2024-05-16 16:28:13,697 [INFO] DbMcusXml:78 - Set database path to: /opt/st/stm32cubeide_1.12.1/plugins/com.st.stm32cube.common.mx_6.8.1.202304191431//db//mcu/
2024-05-16 16:28:13,697 [INFO] ApiDb:274 - Set plugin database path to: /opt/st/stm32cubeide_1.12.1/plugins/com.st.stm32cube.common.mx_6.8.1.202304191431//db//plugins/boardmanager/
2024-05-16 16:28:13,697 [INFO] ApiDb:261 - Set plugin images path to: /opt/st/stm32cubeide_1.12.1/plugins/com.st.stm32cube.common.mx_6.8.1.202304191431//db//plugins/mcufinder/images/
2024-05-16 16:28:13,699 [WARN] DbFile:41 - Overriding database path with different value: /home/dnk066/.stmcufinder/plugins/mcufinder/ => /home/dnk066/.stmcufinder/plugins/mcufinder
2024-05-16 16:28:13,699 [INFO] ApiDb:250 - Set database path to: /home/dnk066/.stmcufinder/plugins/mcufinder//mcu/
2024-05-16 16:28:13,699 [WARN] DbFile:41 - Overriding database path with different value: /home/dnk066/.stmcufinder/plugins/mcufinder/ => /home/dnk066/.stmcufinder/plugins/mcufinder
2024-05-16 16:28:13,700 [INFO] DbMcusAds:125 - Set database path to: /home/dnk066/.stmcufinder/plugins/mcufinder//mcu/
2024-05-16 16:28:13,701 [WARN] DbFile:41 - Overriding database path with different value: /home/dnk066/.stmcufinder/plugins/mcufinder/ => /home/dnk066/.stmcufinder/plugins/mcufinder
2024-05-16 16:28:13,701 [WARN] DbFile:41 - Overriding database path with different value: /home/dnk066/.stmcufinder/plugins/mcufinder/ => /home/dnk066/.stmcufinder/plugins/mcufinder
2024-05-16 16:28:13,701 [INFO] CrossReferenceDbSqlite:203 - Set database path to: /home/dnk066/.stmcufinder/plugins/mcufinder//mcu/cs/
2024-05-16 16:28:13,759 [INFO] ApplicationProperties:184 - Using Application install path: /opt/st/stm32cubeide_1.12.1/plugins/com.st.stm32cube.common.mx_6.8.1.202304191431
2024-05-16 16:28:13,765 [INFO] PluginManage:196 - Search for loadable plugins [exclusion list=, ]
2024-05-16 16:28:13,771 [INFO] PluginManage:310 - Check plugin analytics
2024-05-16 16:28:14,099 [INFO] AnalyticsPlugin:253 - Accepted Software Licenses: 
2024-05-16 16:28:14,100 [INFO] AnalyticsPlugin:255 - Accepted CMSIS Pack Licenses: 
2024-05-16 16:28:14,100 [INFO] AnalyticsPlugin:257 - Accepted Firmware Licenses: FW.WL.1.3.0
2024-05-16 16:28:14,113 [INFO] PluginManage:359 - Loaded plugin analytics (category:tool,tabindex:-1)
2024-05-16 16:28:14,114 [INFO] PluginManage:310 - Check plugin cadmodel
2024-05-16 16:28:14,199 [INFO] CADModel:105 - Init CAD model plugin
2024-05-16 16:28:14,199 [INFO] PluginManage:359 - Loaded plugin cadmodel (category:power,tabindex:5)
2024-05-16 16:28:14,199 [INFO] PluginManage:310 - Check plugin clock
2024-05-16 16:28:14,216 [INFO] PluginManage:359 - Loaded plugin clock (category:base,tabindex:2)
2024-05-16 16:28:14,216 [INFO] PluginManage:310 - Check plugin ddr
2024-05-16 16:28:14,220 [INFO] PluginManage:359 - Loaded plugin ddr (category:tool,tabindex:6)
2024-05-16 16:28:14,221 [INFO] PluginManage:310 - Check plugin filemanager
2024-05-16 16:28:14,485 [INFO] PluginManage:359 - Loaded plugin filemanager (category:base,tabindex:10)
2024-05-16 16:28:14,485 [INFO] PluginManage:310 - Check plugin ipmanager
2024-05-16 16:28:14,501 [INFO] PluginManage:359 - Loaded plugin ipmanager (category:base,tabindex:5)
2024-05-16 16:28:14,501 [INFO] PluginManage:310 - Check plugin lpbam
2024-05-16 16:28:14,528 [INFO] PluginManage:359 - Loaded plugin lpbam (category:base,tabindex:0)
2024-05-16 16:28:14,529 [INFO] PluginManage:310 - Check plugin pinoutandconfiguration
2024-05-16 16:28:14,547 [INFO] PluginManage:359 - Loaded plugin pinoutandconfiguration (category:base,tabindex:1)
2024-05-16 16:28:14,547 [INFO] PluginManage:310 - Check plugin pinoutconfig
2024-05-16 16:28:14,709 [WARN] SupportedApi:132 - Cannot load RTOS API schema: s4s-elt-must-match.1: The content of 'definitions' must match (annotation?, (simpleType | complexType)?, (unique | key | keyref)*)). A problem was found starting at: attribute.
2024-05-16 16:28:15,057 [INFO] PluginManage:359 - Loaded plugin pinoutconfig (category:base,tabindex:0)
2024-05-16 16:28:15,057 [INFO] PluginManage:310 - Check plugin power
2024-05-16 16:28:15,082 [INFO] PluginManage:359 - Loaded plugin power (category:power,tabindex:4)
2024-05-16 16:28:15,082 [INFO] PluginManage:310 - Check plugin projectmanager
2024-05-16 16:28:15,106 [INFO] PluginManage:359 - Loaded plugin projectmanager (category:projectmanager,tabindex:3)
2024-05-16 16:28:15,107 [INFO] PluginManage:310 - Check plugin thirdparty
2024-05-16 16:28:15,447 [INFO] PluginManage:359 - Loaded plugin thirdparty (category:base,tabindex:-1)
2024-05-16 16:28:15,446 [WARN] IntegrityCheckThread:84 - waiting for thirdparty lock release [integrity check]
2024-05-16 16:28:15,447 [INFO] PluginManage:310 - Check plugin tools
2024-05-16 16:28:15,447 [INFO] IntegrityCheckThread:86 - entering critical section [integrity check]
2024-05-16 16:28:15,451 [INFO] ThirdPartyUpdaterWithRetryManager:70 - Updater plugin not ready yet. [1/15]
2024-05-16 16:28:15,451 [INFO] PluginManage:359 - Loaded plugin tools (category:base,tabindex:7)
2024-05-16 16:28:15,452 [INFO] PluginManage:310 - Check plugin tutovideos
2024-05-16 16:28:15,845 [INFO] PluginManage:359 - Loaded plugin tutovideos (category:base,tabindex:-1)
2024-05-16 16:28:15,846 [INFO] PluginManage:310 - Check plugin updater
2024-05-16 16:28:15,877 [INFO] PluginManage:359 - Loaded plugin updater (category:base,tabindex:12)
2024-05-16 16:28:15,878 [INFO] PluginManage:283 - PluginManage : Loaded plugins [15]
2024-05-16 16:28:16,357 [INFO] PinOutPanel:1499 - setPackage(No Configuration,No Configuration)
2024-05-16 16:28:16,444 [INFO] CADModel:165 - CPN selected for project level
2024-05-16 16:28:16,444 [INFO] CADModel:114 - Register for checkConnection events
2024-05-16 16:28:16,468 [INFO] IPUIPlugin:80 - create IPUIPlugin
2024-05-16 16:28:16,468 [INFO] PluginManager:220 - loadIPPluginJar : add lorawan
2024-05-16 16:28:16,480 [INFO] IPUIPlugin:80 - create IPUIPlugin
2024-05-16 16:28:16,481 [INFO] PluginManager:220 - loadIPPluginJar : add mdma
2024-05-16 16:28:16,485 [INFO] IPUIPlugin:80 - create IPUIPlugin
2024-05-16 16:28:16,485 [INFO] PluginManager:220 - loadIPPluginJar : add usart
2024-05-16 16:28:16,489 [INFO] IPUIPlugin:80 - create IPUIPlugin
2024-05-16 16:28:16,489 [INFO] PluginManager:220 - loadIPPluginJar : add i2s
2024-05-16 16:28:16,493 [INFO] IPUIPlugin:80 - create IPUIPlugin
2024-05-16 16:28:16,493 [INFO] PluginManager:220 - loadIPPluginJar : add tim
2024-05-16 16:28:16,499 [INFO] IPUIPlugin:80 - create IPUIPlugin
2024-05-16 16:28:16,499 [INFO] PluginManager:220 - loadIPPluginJar : add gtzc
2024-05-16 16:28:16,510 [INFO] IPUIPlugin:80 - create IPUIPlugin
2024-05-16 16:28:16,511 [INFO] PluginManager:220 - loadIPPluginJar : add dma
2024-05-16 16:28:16,515 [INFO] IPUIPlugin:80 - create IPUIPlugin
2024-05-16 16:28:16,515 [INFO] PluginManager:220 - loadIPPluginJar : add gfxmmu
2024-05-16 16:28:16,523 [INFO] IPUIPlugin:80 - create IPUIPlugin
2024-05-16 16:28:16,523 [INFO] PluginManager:220 - loadIPPluginJar : add nvic
2024-05-16 16:28:16,527 [INFO] IPUIPlugin:80 - create IPUIPlugin
2024-05-16 16:28:16,528 [INFO] PluginManager:220 - loadIPPluginJar : add hash
2024-05-16 16:28:16,531 [INFO] IPUIPlugin:80 - create IPUIPlugin
2024-05-16 16:28:16,531 [INFO] PluginManager:220 - loadIPPluginJar : add tracer_emb
2024-05-16 16:28:16,535 [INFO] IPUIPlugin:80 - create IPUIPlugin
2024-05-16 16:28:16,536 [INFO] PluginManager:220 - loadIPPluginJar : add i2c
2024-05-16 16:28:16,548 [INFO] IPUIPlugin:80 - create IPUIPlugin
2024-05-16 16:28:16,549 [INFO] PluginManager:220 - loadIPPluginJar : add gpio
2024-05-16 16:28:16,557 [INFO] IPUIPlugin:80 - create IPUIPlugin
2024-05-16 16:28:16,557 [INFO] PluginManager:220 - loadIPPluginJar : add touchsensing
2024-05-16 16:28:16,569 [INFO] IPUIPlugin:80 - create IPUIPlugin
2024-05-16 16:28:16,570 [INFO] PluginManager:220 - loadIPPluginJar : add freertos
2024-05-16 16:28:16,574 [INFO] IPUIPlugin:80 - create IPUIPlugin
2024-05-16 16:28:16,575 [INFO] PluginManager:220 - loadIPPluginJar : add comp
2024-05-16 16:28:16,584 [INFO] IPUIPlugin:80 - create IPUIPlugin
2024-05-16 16:28:16,586 [INFO] PluginManager:220 - loadIPPluginJar : add cryp
2024-05-16 16:28:16,597 [INFO] IPUIPlugin:80 - create IPUIPlugin
2024-05-16 16:28:16,598 [INFO] PluginManager:220 - loadIPPluginJar : add ipddr
2024-05-16 16:28:16,611 [INFO] IPUIPlugin:80 - create IPUIPlugin
2024-05-16 16:28:16,611 [INFO] PluginManager:220 - loadIPPluginJar : add stm32_wpan
2024-05-16 16:28:16,614 [INFO] IPUIPlugin:80 - create IPUIPlugin
2024-05-16 16:28:16,614 [INFO] PluginManager:220 - loadIPPluginJar : add quadspi
2024-05-16 16:28:16,624 [INFO] IPUIPlugin:80 - create IPUIPlugin
2024-05-16 16:28:16,624 [INFO] PluginManager:220 - loadIPPluginJar : add adc
2024-05-16 16:28:16,627 [INFO] IPUIPlugin:80 - create IPUIPlugin
2024-05-16 16:28:16,627 [INFO] PluginManager:220 - loadIPPluginJar : add fatfs
2024-05-16 16:28:16,630 [INFO] IPUIPlugin:80 - create IPUIPlugin
2024-05-16 16:28:16,631 [INFO] PluginManager:220 - loadIPPluginJar : add ts
2024-05-16 16:28:16,643 [INFO] IPUIPlugin:80 - create IPUIPlugin
2024-05-16 16:28:16,643 [INFO] PluginManager:220 - loadIPPluginJar : add gic
2024-05-16 16:28:16,647 [INFO] IPUIPlugin:80 - create IPUIPlugin
2024-05-16 16:28:16,647 [INFO] PluginManager:220 - loadIPPluginJar : add genericplugin
2024-05-16 16:28:16,654 [INFO] IPUIPlugin:80 - create IPUIPlugin
2024-05-16 16:28:16,654 [INFO] PluginManager:220 - loadIPPluginJar : add usbx
2024-05-16 16:28:16,660 [INFO] IPUIPlugin:80 - create IPUIPlugin
2024-05-16 16:28:16,660 [INFO] PluginManager:220 - loadIPPluginJar : add pdm2pcm
2024-05-16 16:28:16,665 [INFO] IPUIPlugin:80 - create IPUIPlugin
2024-05-16 16:28:16,666 [INFO] PluginManager:220 - loadIPPluginJar : add dma3
2024-05-16 16:28:16,674 [INFO] IPUIPlugin:80 - create IPUIPlugin
2024-05-16 16:28:16,674 [INFO] PluginManager:220 - loadIPPluginJar : add fmc
2024-05-16 16:28:16,680 [INFO] IPUIPlugin:80 - create IPUIPlugin
2024-05-16 16:28:16,680 [INFO] PluginManager:220 - loadIPPluginJar : add dfsdm
2024-05-16 16:28:16,696 [INFO] IPUIPlugin:80 - create IPUIPlugin
2024-05-16 16:28:16,703 [INFO] PluginManager:220 - loadIPPluginJar : add plateformsettings
2024-05-16 16:28:16,709 [INFO] IPUIPlugin:80 - create IPUIPlugin
2024-05-16 16:28:16,709 [INFO] PluginManager:220 - loadIPPluginJar : add spi
2024-05-16 16:28:16,714 [INFO] IPUIPlugin:80 - create IPUIPlugin
2024-05-16 16:28:16,715 [INFO] PluginManager:220 - loadIPPluginJar : add i3c
2024-05-16 16:28:16,720 [INFO] IPUIPlugin:80 - create IPUIPlugin
2024-05-16 16:28:16,720 [INFO] PluginManager:220 - loadIPPluginJar : add aes
2024-05-16 16:28:16,728 [INFO] IPUIPlugin:80 - create IPUIPlugin
2024-05-16 16:28:16,728 [INFO] PluginManager:220 - loadIPPluginJar : add resmgrutility
2024-05-16 16:28:16,736 [INFO] IPUIPlugin:80 - create IPUIPlugin
2024-05-16 16:28:16,736 [INFO] PluginManager:220 - loadIPPluginJar : add openamp
2024-05-16 16:28:16,739 [INFO] IPUIPlugin:80 - create IPUIPlugin
2024-05-16 16:28:16,740 [INFO] PluginManager:220 - loadIPPluginJar : add ltdc
2024-05-16 16:28:16,750 [INFO] IPUIPlugin:80 - create IPUIPlugin
2024-05-16 16:28:16,751 [INFO] PluginManager:220 - loadIPPluginJar : add sai
2024-05-16 16:28:16,756 [INFO] IPUIPlugin:80 - create IPUIPlugin
2024-05-16 16:28:16,756 [INFO] PluginManager:220 - loadIPPluginJar : add opamp
2024-05-16 16:28:16,760 [INFO] IPUIPlugin:80 - create IPUIPlugin
2024-05-16 16:28:16,760 [INFO] PluginManager:220 - loadIPPluginJar : add tsc
2024-05-16 16:28:16,764 [INFO] IPUIPlugin:80 - create IPUIPlugin
2024-05-16 16:28:16,764 [INFO] PluginManager:220 - loadIPPluginJar : add ucpd
2024-05-16 16:28:16,769 [INFO] IPUIPlugin:80 - create IPUIPlugin
2024-05-16 16:28:16,769 [INFO] PluginManager:220 - loadIPPluginJar : add can
2024-05-16 16:28:16,783 [INFO] IPUIPlugin:80 - create IPUIPlugin
2024-05-16 16:28:16,783 [INFO] PluginManager:220 - loadIPPluginJar : add linkedlist
2024-05-16 16:28:16,955 [INFO] CADModel:165 - CPN selected for project level
2024-05-16 16:28:16,955 [INFO] CADModel:114 - Register for checkConnection events
2024-05-16 16:28:16,956 [FATAL] Updater:308 - Updater called before beeing initialized
2024-05-16 16:28:16,956 [ERROR] CADModel:125 - Updater not yet initialized, retry later 
2024-05-16 16:28:17,328 [INFO] CADModel:165 - CPN selected for project level
2024-05-16 16:28:17,328 [INFO] CADModel:114 - Register for checkConnection events
2024-05-16 16:28:17,328 [FATAL] Updater:308 - Updater called before beeing initialized
2024-05-16 16:28:17,329 [ERROR] CADModel:125 - Updater not yet initialized, retry later 
2024-05-16 16:28:17,339 [FATAL] Updater:308 - Updater called before beeing initialized
2024-05-16 16:28:17,553 [FATAL] Updater:308 - Updater called before beeing initialized
2024-05-16 16:28:17,563 [INFO] DbMcusAds:53 - JSON generation date=Thu May 02 14:07:29 IST 2024 (1714639049318)
2024-05-16 16:28:17,563 [FATAL] Updater:308 - Updater called before beeing initialized
2024-05-16 16:28:17,639 [WARN] DetailPanel:346 - Failed to get advertising image, set to default
2024-05-16 16:28:17,868 [FATAL] Updater:308 - Updater called before beeing initialized
2024-05-16 16:28:17,872 [FATAL] Updater:308 - Updater called before beeing initialized
2024-05-16 16:28:17,872 [FATAL] Updater:308 - Updater called before beeing initialized
2024-05-16 16:28:17,873 [WARN] DetailPanel:346 - Failed to get advertising image, set to default
2024-05-16 16:28:17,875 [FATAL] Updater:308 - Updater called before beeing initialized
2024-05-16 16:28:17,940 [ERROR] Updater:1120 - MainUpdater not yet initialized. External WinMGr cannot be set.
2024-05-16 16:28:17,943 [INFO] Updater:1056 - Updater Version found : 6.8.1
2024-05-16 16:28:17,976 [INFO] ApplicationProperties:184 - Using Application install path: /opt/st/stm32cubeide_1.12.1/plugins/com.st.stm32cube.common.mx_6.8.1.202304191431
2024-05-16 16:28:18,252 [INFO] MainUpdater:2854 - connection check result : 10
2024-05-16 16:28:18,254 [INFO] MainUpdater:283 - Updater Check For Update Now.
2024-05-16 16:28:18,254 [INFO] MicroXplorer:498 - Change Database Version : DB.6.0.81
2024-05-16 16:28:18,453 [WARN] MainUpdater:1187 - Updater busy. Cannot search thirdparties
2024-05-16 16:28:18,453 [INFO] ThirdPartyUpdaterWithRetryManager:96 - Updater plugin is busy. [1/15]
2024-05-16 16:28:18,487 [INFO] CheckServerUpdateThread:120 - End of CheckServer Thread
2024-05-16 16:28:18,667 [INFO] MainUpdater:2854 - connection check result : 10
2024-05-16 16:28:19,548 [INFO] ApiDb:581 - Connected to CubeFinder SQLite database (/home/dnk066/.stmcufinder/plugins/mcufinder/mcu/cube-finder-db.db)
2024-05-16 16:28:19,720 [INFO] ApiDb:668 - CubeFinder database Data Model version=2.1
2024-05-16 16:28:19,721 [INFO] ApiDb:669 - CubeFinder database Configuration version=3.0.39
2024-05-16 16:28:19,723 [INFO] ApiDb:670 - CubeFinder database generation date=2024-04-15 (1713193726)
2024-05-16 16:28:19,723 [INFO] ApiDb:671 - CubeFinder database FW Pack versions=[FP-ATR-ASTRA1_V2.0.0, FP-SNS-FLIGHT1_V5.0.1, FP-SNS-FLIGHT1_V5.0.2, FP-SNS-MOTENV1_V4.3.1, FP-SNS-MOTENV1_V4.3.2, FP-SNS-MOTENVWB1_V1.3.1, FP-SNS-SMARTAG2_V1.2.0, STM32Cube_FW_C0_V1.1.0, STM32Cube_FW_F4_V1.28.0, STM32Cube_FW_F7_V1.17.0, STM32Cube_FW_G0_V1.6.2, STM32Cube_FW_G4_V1.5.2, STM32Cube_FW_H5_V0.5.1, STM32Cube_FW_H5_V1.1.1, STM32Cube_FW_H5_V1.2.0, STM32Cube_FW_H5_V1.2.0RC4, STM32Cube_FW_H7RS_V1.0.0, STM32Cube_FW_H7RS_V1.0.0RC4, STM32Cube_FW_H7_V1.11.0, STM32Cube_FW_L0_V1.12.2, STM32Cube_FW_L5_V1.5.1, STM32Cube_FW_U0_V1.0.0, STM32Cube_FW_U0_V1.0.0RC1, STM32Cube_FW_U5_V1.3.0RC4, STM32Cube_FW_U5_V1.5.0, STM32Cube_FW_U5_V1.5.0RC1, STM32Cube_FW_WBA_V1.0.0RC1, STM32Cube_FW_WBA_V1.2.0, STM32Cube_FW_WBA_V1.2.0RC2, STM32Cube_FW_WBA_V1.3.0, STM32Cube_FW_WBA_V1.3.0RC1, STM32Cube_FW_WB_V1.15.0RC1, STM32Cube_FW_WB_V1.16.0, STM32Cube_FW_WB_V1.16.0RC2, STM32Cube_FW_WB_V1.18.0, STM32Cube_FW_WB_V1.19.0, STM32Cube_FW_WL_V1.3.0, X-CUBE-ALGOBUILD_V1.3.0, X-CUBE-ALS_V1.0.1, X-CUBE-AZRTOS-F4_V1.1.0, X-CUBE-AZRTOS-F7_V1.1.0, X-CUBE-AZRTOS-G0_V1.1.0, X-CUBE-AZRTOS-G4_V2.0.0, X-CUBE-AZRTOS-H7_V3.2.0, X-CUBE-AZRTOS-L4_V1.0.0, X-CUBE-AZRTOS-L4_V2.0.0, X-CUBE-AZRTOS-L5_V1.1.0, X-CUBE-AZRTOS-WB_V2.0.0, X-CUBE-AZRTOS-WL_V2.0.0, X-CUBE-BLE1_V7.0.0, X-CUBE-BLE2_V3.3.0, X-CUBE-BLEMGR_V3.1.0, X-CUBE-EEPRMA1_V4.1.0, X-CUBE-EEPRMA1_V5.1.0, X-CUBE-FREERTOS_V1.1.0, X-CUBE-GNSS1_V6.0.0, X-CUBE-MEMS1_V10.0.0, X-CUBE-MEMS1_V9.1.0, X-CUBE-MEMS1_V9.4.0, X-CUBE-MEMS1_V9.6.0, X-CUBE-NFC4_V3.0.0, X-CUBE-NFC7_V1.0.1, X-CUBE-SFXS2LP1_V4.0.0, X-CUBE-SUBG2_V5.0.0, X-CUBE-TOF1_V3.4.0]
2024-05-16 16:28:20,039 [INFO] DbBoardsSqlite:226 - include board P-NUCLEO-WB55-NUCLEO as a kit item of type 'Nucleo-64'
2024-05-16 16:28:20,039 [INFO] DbBoardsSqlite:226 - include board P-NUCLEO-WB55-USBDONGLE as a kit item of type 'Nucleo USB Dongle'
2024-05-16 16:28:20,041 [INFO] DbBoardsSqlite:226 - include board STEVAL-IDP005V1 as a kit item of type 'Evaluation Board'
2024-05-16 16:28:20,042 [INFO] DbBoardsSqlite:226 - include board STEVAL-IDP005V2 as a kit item of type 'Evaluation Board'
2024-05-16 16:28:20,480 [INFO] ApiDb:240 - Found 297 in-development CPN: [B-G473E-ZEST1S, B-WB1M-WPAN1, B-WL5M-SUBG1, NUCLEO-C031C6, NUCLEO-H503RB, NUCLEO-H563ZI, NUCLEO-U545RE-Q, NUCLEO-U5A5ZJ-Q, NUCLEO-WBA52CG, STEVAL-PROTEUS1, STEVAL-STWINBX1, STM320518-EVAL, STM32C0116-DK, STM32C011D6Y3TR, STM32C011D6Y6TR, STM32C011F4P3, STM32C011F4P6, STM32C011F4U3, STM32C011F4U6TR, STM32C011F6P3, STM32C011F6P6, STM32C011F6U3, STM32C011F6U6TR, STM32C011J4M3, STM32C011J4M6, STM32C011J6M3, STM32C011J6M6, STM32C0316-DK, STM32C031C4T3, STM32C031C4T6, STM32C031C4U3, STM32C031C4U6, STM32C031C6T3, STM32C031C6T6, STM32C031C6U3, STM32C031C6U6, STM32C031F4P3, STM32C031F4P6, STM32C031F6P3, STM32C031F6P6, STM32C031G4U3, STM32C031G4U6, STM32C031G6U3, STM32C031G6U6, STM32C031K4T3, STM32C031K4T6, STM32C031K4U3, STM32C031K4U6, STM32C031K6T3, STM32C031K6T6, STM32C031K6U3, STM32C031K6U6, STM32G071K8TXN, STM32G071K8UXN, STM32G081GBU6N, STM32G081KBT6N, STM32G081KBUXN, STM32G0B1CCT6N, STM32G0B1KCT6, STM32G0B1NEY6TR, STM32G0B1RCT6N, STM32G0C1CCT6, STM32G0C1CCT6N, STM32G0C1CCU6N, STM32G0C1CET6N, STM32G0C1CEU6N, STM32G0C1KCT6, STM32G0C1NEY6TR, STM32G0C1RCI6N, STM32G0C1RCT6N, STM32G0C1REI6N, STM32G0C1RET6N, STM32G0C1VCI6, STM32G0C1VEI6, STM32G471CCT6, STM32G471CCU6, STM32G471CET3, STM32G471CET6, STM32G471CEU3, STM32G471CEU6, STM32G471MCT6, STM32G471MET3, STM32G471MET6, STM32G471MEY6TR, STM32G471QCT6, STM32G471QET3, STM32G471RCT6, STM32G471RET3, STM32G471RET6, STM32G471VCH6, STM32G471VCI6, STM32G471VCT6, STM32G471VEH3, STM32G471VEH6, STM32G471VEI3, STM32G471VEI6, STM32G471VET3, STM32G471VET6, STM32G474CCT6, STM32H503CBT6, STM32H503CBU6, STM32H503EBY6TR, STM32H503KBU6, STM32H503RBT6, STM32H562AGI6, STM32H562AII6, STM32H562IGK6, STM32H562IGT6, STM32H562IIK6, STM32H562IIT6, STM32H562RGT6, STM32H562RGV6, STM32H562RIT6, STM32H562RIV6, STM32H562VGT6, STM32H562VIT6, STM32H562ZGT6, STM32H562ZIT6, STM32H563AGI6, STM32H563AII3Q, STM32H563AII6, STM32H563IGK6, STM32H563IGT6, STM32H563IIK3Q, STM32H563IIK6, STM32H563IIT3Q, STM32H563IIT6, STM32H563MIY3QTR, STM32H563RGT6, STM32H563RGV6, STM32H563RIT6, STM32H563RIV6, STM32H563VGT6, STM32H563VIT3Q, STM32H563VIT6, STM32H563ZGT6, STM32H563ZIT3Q, STM32H563ZIT6, STM32H573AII3Q, STM32H573AII6, STM32H573I-DK, STM32H573IIK3Q, STM32H573IIK6, STM32H573IIT3Q, STM32H573IIT6, STM32H573MIY3QTR, STM32H573RIT6, STM32H573RIV6, STM32H573VIT3Q, STM32H573VIT6, STM32H573ZIT3Q, STM32H573ZIT6, STM32L4R5QGI6STR, STM32MP131AAE3, STM32MP131AAF3, STM32MP131AAG3, STM32MP131CAE3, STM32MP131CAF3, STM32MP131CAG3, STM32MP131DAE7, STM32MP131DAF7, STM32MP131DAG7, STM32MP131FAE7, STM32MP131FAF7, STM32MP131FAG7, STM32MP133AAE3, STM32MP133AAF3, STM32MP133AAG3, STM32MP133CAE3, STM32MP133CAF3, STM32MP133CAG3, STM32MP133DAE7, STM32MP133DAF7, STM32MP133DAG7, STM32MP133FAE7, STM32MP133FAF7, STM32MP133FAG7, STM32MP135AAE3, STM32MP135AAF3, STM32MP135AAG3, STM32MP135CAE3, STM32MP135CAF3, STM32MP135CAG3, STM32MP135DAE7, STM32MP135DAF7, STM32MP135DAG7, STM32MP135F-DK, STM32MP135FAE7, STM32MP135FAF7, STM32MP135FAF7T, STM32MP135FAF7U, STM32MP135FAG7, STM32U535CBT6, STM32U535CBT6Q, STM32U535CBU6, STM32U535CBU6Q, STM32U535CCT6, STM32U535CCT6Q, STM32U535CCU6, STM32U535CCU6Q, STM32U535CET6, STM32U535CET6Q, STM32U535CEU6, STM32U535CEU6Q, STM32U535JEY6QTR, STM32U535NCY6QTR, STM32U535NEY6QTR, STM32U535RBI6, STM32U535RBI6Q, STM32U535RBT6, STM32U535RBT6Q, STM32U535RCI6, STM32U535RCI6Q, STM32U535RCT6, STM32U535RCT6Q, STM32U535REI6, STM32U535REI6Q, STM32U535RET6, STM32U535RET6Q, STM32U535VCI6, STM32U535VCI6Q, STM32U535VCT6, STM32U535VCT6Q, STM32U535VEI6, STM32U535VEI6Q, STM32U535VET6, STM32U535VET6Q, STM32U545CET6, STM32U545CET6Q, STM32U545CEU6, STM32U545CEU6Q, STM32U545JEY6QTR, STM32U545NEY6QTR, STM32U545REI6, STM32U545REI6Q, STM32U545RET6, STM32U545RET6Q, STM32U545VEI6, STM32U545VEI6Q, STM32U545VET6, STM32U545VET6Q, STM32U595AIH6, STM32U595AIH6Q, STM32U595AJH6, STM32U595AJH6Q, STM32U595QII6, STM32U595QII6Q, STM32U595QJI6, STM32U595QJI6Q, STM32U595RIT6, STM32U595RIT6Q, STM32U595RJT6, STM32U595RJT6Q, STM32U595VIT6, STM32U595VIT6Q, STM32U595VJT6, STM32U595VJT6Q, STM32U595ZIT6, STM32U595ZIT6Q, STM32U595ZIY6QTR, STM32U595ZJT6, STM32U595ZJT6Q, STM32U595ZJY6QTR, STM32U599BJY6QTR, STM32U599NIH6Q, STM32U599NJH6Q, STM32U599VIT6Q, STM32U599VJT6, STM32U599VJT6Q, STM32U599ZIT6Q, STM32U599ZIY6QTR, STM32U599ZJT6Q, STM32U599ZJY6QTR, STM32U5A5AJH6, STM32U5A5AJH6Q, STM32U5A5QJI6, STM32U5A5QJI6Q, STM32U5A5RJT6, STM32U5A5RJT6Q, STM32U5A5VJT6, STM32U5A5VJT6Q, STM32U5A5ZJT6, STM32U5A5ZJT6Q, STM32U5A5ZJY6QTR, STM32U5A9BJY6QTR, STM32U5A9J-DK, STM32U5A9NJH6Q, STM32U5A9VJT6Q, STM32U5A9ZJT6Q, STM32U5A9ZJY6QTR, STM32WB1MMCH6, STM32WBA52CEU6, STM32WBA52CEU6T, STM32WBA52CGU6, STM32WBA52CGU6T, STM32WL5MOCH6, STM32WL5MOCH6TR]
2024-05-16 16:28:20,661 [INFO] BoardInfo:880 - No configuration file found for board NUCLEO-H533RE
2024-05-16 16:28:20,661 [INFO] DbBoards:157 - Board is not supported: NUCLEO-H533RE
2024-05-16 16:28:20,689 [INFO] BoardInfo:880 - No configuration file found for board NUCLEO-H7S3L8
2024-05-16 16:28:20,689 [INFO] DbBoards:157 - Board is not supported: NUCLEO-H7S3L8
2024-05-16 16:28:20,778 [INFO] BoardInfo:880 - No configuration file found for board NUCLEO-U031R8
2024-05-16 16:28:20,779 [INFO] DbBoards:157 - Board is not supported: NUCLEO-U031R8
2024-05-16 16:28:20,784 [INFO] BoardInfo:880 - No configuration file found for board NUCLEO-U083RC
2024-05-16 16:28:20,784 [INFO] DbBoards:157 - Board is not supported: NUCLEO-U083RC
2024-05-16 16:28:20,799 [INFO] BoardInfo:880 - No configuration file found for board NUCLEO-WBA55CG
2024-05-16 16:28:20,799 [INFO] DbBoards:157 - Board is not supported: NUCLEO-WBA55CG
2024-05-16 16:28:20,811 [INFO] BoardInfo:880 - No configuration file found for board P-NUCLEO-WB55
2024-05-16 16:28:20,812 [INFO] DbBoards:157 - Kit is not supported: P-NUCLEO-WB55
2024-05-16 16:28:20,820 [INFO] BoardInfo:880 - No configuration file found for board STEVAL-BFA001V1B
2024-05-16 16:28:20,820 [INFO] DbBoards:157 - Kit is not supported: STEVAL-BFA001V1B
2024-05-16 16:28:20,823 [INFO] BoardInfo:880 - No configuration file found for board STEVAL-BFA001V2B
2024-05-16 16:28:20,823 [INFO] DbBoards:157 - Kit is not supported: STEVAL-BFA001V2B
2024-05-16 16:28:20,830 [INFO] BoardInfo:880 - No configuration file found for board STEVAL-MKBOXPRO
2024-05-16 16:28:20,830 [INFO] DbBoards:157 - Board is not supported: STEVAL-MKBOXPRO
2024-05-16 16:28:20,837 [INFO] BoardInfo:880 - No configuration file found for board STEVAL-SMARTAG2
2024-05-16 16:28:20,838 [INFO] DbBoards:157 - Board is not supported: STEVAL-SMARTAG2
2024-05-16 16:28:21,013 [INFO] BoardInfo:880 - No configuration file found for board STM32H7S78-DK
2024-05-16 16:28:21,014 [INFO] DbBoards:157 - Board is not supported: STM32H7S78-DK
2024-05-16 16:28:21,092 [INFO] BoardInfo:880 - No configuration file found for board STM32U083C-DK
2024-05-16 16:28:21,093 [INFO] DbBoards:157 - Board is not supported: STM32U083C-DK
2024-05-16 16:28:21,102 [INFO] BoardInfo:880 - No configuration file found for board STM32U5G9J-DK1
2024-05-16 16:28:21,102 [INFO] DbBoards:157 - Board is not supported: STM32U5G9J-DK1
2024-05-16 16:28:21,105 [INFO] BoardInfo:880 - No configuration file found for board STM32U5G9J-DK2
2024-05-16 16:28:21,105 [INFO] DbBoards:157 - Board is not supported: STM32U5G9J-DK2
2024-05-16 16:28:21,113 [INFO] BoardInfo:880 - No configuration file found for board STM32WBA55G-DK1
2024-05-16 16:28:21,114 [INFO] DbBoards:157 - Board is not supported: STM32WBA55G-DK1
2024-05-16 16:28:21,114 [INFO] DbBoards:161 - Found 199 boards, 184 are supported
2024-05-16 16:28:21,123 [INFO] ApiDb:668 - CubeFinder database Data Model version=2.1
2024-05-16 16:28:21,124 [INFO] ApiDb:669 - CubeFinder database Configuration version=3.0.39
2024-05-16 16:28:21,124 [INFO] ApiDb:670 - CubeFinder database generation date=2024-04-15 (1713193726)
2024-05-16 16:28:21,124 [INFO] ApiDb:671 - CubeFinder database FW Pack versions=[FP-ATR-ASTRA1_V2.0.0, FP-SNS-FLIGHT1_V5.0.1, FP-SNS-FLIGHT1_V5.0.2, FP-SNS-MOTENV1_V4.3.1, FP-SNS-MOTENV1_V4.3.2, FP-SNS-MOTENVWB1_V1.3.1, FP-SNS-SMARTAG2_V1.2.0, STM32Cube_FW_C0_V1.1.0, STM32Cube_FW_F4_V1.28.0, STM32Cube_FW_F7_V1.17.0, STM32Cube_FW_G0_V1.6.2, STM32Cube_FW_G4_V1.5.2, STM32Cube_FW_H5_V0.5.1, STM32Cube_FW_H5_V1.1.1, STM32Cube_FW_H5_V1.2.0, STM32Cube_FW_H5_V1.2.0RC4, STM32Cube_FW_H7RS_V1.0.0, STM32Cube_FW_H7RS_V1.0.0RC4, STM32Cube_FW_H7_V1.11.0, STM32Cube_FW_L0_V1.12.2, STM32Cube_FW_L5_V1.5.1, STM32Cube_FW_U0_V1.0.0, STM32Cube_FW_U0_V1.0.0RC1, STM32Cube_FW_U5_V1.3.0RC4, STM32Cube_FW_U5_V1.5.0, STM32Cube_FW_U5_V1.5.0RC1, STM32Cube_FW_WBA_V1.0.0RC1, STM32Cube_FW_WBA_V1.2.0, STM32Cube_FW_WBA_V1.2.0RC2, STM32Cube_FW_WBA_V1.3.0, STM32Cube_FW_WBA_V1.3.0RC1, STM32Cube_FW_WB_V1.15.0RC1, STM32Cube_FW_WB_V1.16.0, STM32Cube_FW_WB_V1.16.0RC2, STM32Cube_FW_WB_V1.18.0, STM32Cube_FW_WB_V1.19.0, STM32Cube_FW_WL_V1.3.0, X-CUBE-ALGOBUILD_V1.3.0, X-CUBE-ALS_V1.0.1, X-CUBE-AZRTOS-F4_V1.1.0, X-CUBE-AZRTOS-F7_V1.1.0, X-CUBE-AZRTOS-G0_V1.1.0, X-CUBE-AZRTOS-G4_V2.0.0, X-CUBE-AZRTOS-H7_V3.2.0, X-CUBE-AZRTOS-L4_V1.0.0, X-CUBE-AZRTOS-L4_V2.0.0, X-CUBE-AZRTOS-L5_V1.1.0, X-CUBE-AZRTOS-WB_V2.0.0, X-CUBE-AZRTOS-WL_V2.0.0, X-CUBE-BLE1_V7.0.0, X-CUBE-BLE2_V3.3.0, X-CUBE-BLEMGR_V3.1.0, X-CUBE-EEPRMA1_V4.1.0, X-CUBE-EEPRMA1_V5.1.0, X-CUBE-FREERTOS_V1.1.0, X-CUBE-GNSS1_V6.0.0, X-CUBE-MEMS1_V10.0.0, X-CUBE-MEMS1_V9.1.0, X-CUBE-MEMS1_V9.4.0, X-CUBE-MEMS1_V9.6.0, X-CUBE-NFC4_V3.0.0, X-CUBE-NFC7_V1.0.1, X-CUBE-SFXS2LP1_V4.0.0, X-CUBE-SUBG2_V5.0.0, X-CUBE-TOF1_V3.4.0]
2024-05-16 16:28:22,295 [WARN] PackLoader:240 - Cannot read IP mode file for STMicroelectronics.FP-SNS-MOTENVWB1.1.4.0
2024-05-16 16:28:22,385 [WARN] PackLoader:240 - Cannot read IP mode file for STMicroelectronics.X-CUBE-SMBUS.2.1.0
2024-05-16 16:28:22,408 [WARN] PackLoader:240 - Cannot read IP mode file for STMicroelectronics.X-CUBE-TOUCHGFX.4.23.2
2024-05-16 16:28:22,673 [WARN] PackLoader:240 - Cannot read IP mode file for STMicroelectronics.X-CUBE-AZRTOS-F7.1.1.0
2024-05-16 16:28:22,804 [ERROR] RealEvaluatedCondition:428 - Found unsupported composite condition: CLASS='Data Exchange' GROUP='STM32_MetaDataManager'
2024-05-16 16:28:22,807 [ERROR] RealEvaluatedCondition:428 - Found unsupported composite condition: CLASS='Data Exchange' GROUP='STM32_MetaDataManager'
2024-05-16 16:28:22,811 [WARN] PackLoader:240 - Cannot read IP mode file for STMicroelectronics.FP-SNS-MOTENV1.4.3.0
2024-05-16 16:28:22,828 [WARN] PackLoader:240 - Cannot read IP mode file for STMicroelectronics.FP-SNS-MOTENV1.4.3.2
2024-05-16 16:28:22,842 [WARN] PackLoader:240 - Cannot read IP mode file for STMicroelectronics.FP-SNS-FLIGHT1.5.0.0
2024-05-16 16:28:22,850 [ERROR] RealEvaluatedCondition:428 - Found unsupported composite condition: CLASS='Data Exchange' GROUP='STM32_MetaDataManager'
2024-05-16 16:28:22,850 [ERROR] RealEvaluatedCondition:428 - Found unsupported composite condition: GROUP='STM32_MetaDataManager' CLASS='Data Exchange'
2024-05-16 16:28:22,854 [WARN] PackLoader:240 - Cannot read IP mode file for STMicroelectronics.FP-SNS-MOTENV1.4.3.1
2024-05-16 16:28:22,872 [WARN] PackLoader:240 - Cannot read IP mode file for STMicroelectronics.FP-SNS-FLIGHT1.5.0.1
2024-05-16 16:28:22,887 [WARN] PackLoader:240 - Cannot read IP mode file for STMicroelectronics.X-CUBE-BLE1.6.2.4
2024-05-16 16:28:22,896 [WARN] PackLoader:240 - Cannot read IP mode file for STMicroelectronics.FP-SNS-FLIGHT1.5.0.2
2024-05-16 16:28:22,943 [WARN] PackLoader:240 - Cannot read IP mode file for STMicroelectronics.X-CUBE-DISPLAY.3.0.0
2024-05-16 16:28:23,020 [WARN] PackLoader:240 - Cannot read IP mode file for STMicroelectronics.X-CUBE-BLE1.7.0.0
2024-05-16 16:28:23,037 [WARN] PackLoader:240 - Cannot read IP mode file for STMicroelectronics.X-CUBE-TOUCHGFX.4.22.0
2024-05-16 16:28:23,043 [WARN] PackLoader:240 - Cannot read IP mode file for STMicroelectronics.X-CUBE-TOUCHGFX.4.22.1
2024-05-16 16:28:23,082 [WARN] PackLoader:240 - Cannot read IP mode file for STMicroelectronics.X-CUBE-BLEMGR.3.1.0
2024-05-16 16:28:23,124 [WARN] PackLoader:240 - Cannot read IP mode file for STMicroelectronics.FP-SNS-SMARTAG2.1.2.0
2024-05-16 16:28:23,156 [INFO] LogOutputStream:77 - [STDOUT_REDIRECT] 1 : Invalid condition id : UX_CORESTACK_Condition cause : null
2024-05-16 16:28:23,159 [INFO] LogOutputStream:77 - [STDOUT_REDIRECT] 1 : Invalid condition id : UX_CORESTACK_Condition cause : null
2024-05-16 16:28:23,160 [INFO] LogOutputStream:77 - [STDOUT_REDIRECT] 1 : Invalid condition id : UX_CORESTACK_Condition cause : null
2024-05-16 16:28:23,163 [INFO] LogOutputStream:77 - [STDOUT_REDIRECT] 1 : Invalid condition id : UX_CORESTACK_Condition cause : null
2024-05-16 16:28:23,165 [INFO] LogOutputStream:77 - [STDOUT_REDIRECT] 1 : Invalid condition id : UX_CORESTACK_Condition cause : null
2024-05-16 16:28:23,197 [WARN] PackLoader:240 - Cannot read IP mode file for STMicroelectronics.X-CUBE-AZRTOS-WL.2.0.0
2024-05-16 16:28:23,275 [WARN] PackLoader:240 - Cannot read IP mode file for STMicroelectronics.FP-SNS-MOTENV1.5.0.0
2024-05-16 16:28:23,311 [WARN] PackLoader:240 - Cannot read IP mode file for WES.I-CUBE-Cesium.1.3.0
2024-05-16 16:28:23,321 [WARN] PackLoader:240 - Cannot read IP mode file for STMicroelectronics.X-CUBE-BLE2.3.3.0
2024-05-16 16:28:23,340 [WARN] PackLoader:240 - Cannot read IP mode file for STMicroelectronics.X-CUBE-TCPP.4.1.0
2024-05-16 16:28:23,351 [WARN] PackLoader:240 - Cannot read IP mode file for STMicroelectronics.X-CUBE-TOUCHGFX.4.21.3
2024-05-16 16:28:23,365 [WARN] PackLoader:240 - Cannot read IP mode file for STMicroelectronics.X-CUBE-TOUCHGFX.4.21.4
2024-05-16 16:28:23,378 [WARN] PackLoader:240 - Cannot read IP mode file for STMicroelectronics.X-CUBE-ALGOBUILD.1.3.0
2024-05-16 16:28:23,458 [WARN] PackLoader:240 - Cannot read IP mode file for STMicroelectronics.X-CUBE-AZRTOS-G0.1.1.0
2024-05-16 16:28:23,513 [WARN] PackLoader:240 - Cannot read IP mode file for STMicroelectronics.X-CUBE-SAFEA1.1.2.2
2024-05-16 16:28:23,575 [WARN] PackLoader:240 - Cannot read IP mode file for STMicroelectronics.X-CUBE-NFC4.3.0.0
2024-05-16 16:28:23,591 [WARN] PackLoader:240 - Cannot read IP mode file for STMicroelectronics.FP-ATR-SIGFOX1.3.2.0
2024-05-16 16:28:23,616 [WARN] PackLoader:240 - Cannot read IP mode file for STMicroelectronics.X-CUBE-EEPRMA1.5.1.0
2024-05-16 16:28:23,786 [WARN] PackLoader:240 - Cannot read IP mode file for SEGGER.I-CUBE-embOS.1.3.1
2024-05-16 16:28:23,917 [WARN] PackLoader:240 - Cannot read IP mode file for STMicroelectronics.X-CUBE-ALGOBUILD.1.4.0
2024-05-16 16:28:23,934 [WARN] PackLoader:240 - Cannot read IP mode file for STMicroelectronics.X-CUBE-GNSS1.6.0.0
2024-05-16 16:28:23,981 [WARN] PackLoader:240 - Cannot read IP mode file for STMicroelectronics.X-CUBE-AZRTOS-F4.1.1.0
2024-05-16 16:28:24,016 [WARN] PackLoader:240 - Cannot read IP mode file for wolfSSL.I-CUBE-wolfSSL.5.6.0
2024-05-16 16:28:24,033 [WARN] PackLoader:240 - Cannot read IP mode file for STMicroelectronics.X-CUBE-FREERTOS.1.2.0
2024-05-16 16:28:24,109 [WARN] PackLoader:240 - Cannot read IP mode file for STMicroelectronics.X-CUBE-AZRTOS-L5.2.0.0
2024-05-16 16:28:24,312 [WARN] PackLoader:240 - Cannot read IP mode file for STMicroelectronics.X-CUBE-MEMS1.9.6.0
2024-05-16 16:28:24,846 [WARN] PackLoader:240 - Cannot read IP mode file for STMicroelectronics.X-CUBE-NFC6.3.1.0
2024-05-16 16:28:24,889 [WARN] PackLoader:240 - Cannot read IP mode file for ITTIA_DB.I-CUBE-ITTIADB.8.8.0
2024-05-16 16:28:24,915 [WARN] PackLoader:240 - Cannot read IP mode file for emotas.I-CUBE-CANOPEN.1.1.3
2024-05-16 16:28:24,998 [WARN] PackLoader:240 - Cannot read IP mode file for STMicroelectronics.X-CUBE-BLEMGR.2.0.0
2024-05-16 16:28:25,046 [WARN] PackLoader:240 - Cannot read IP mode file for STMicroelectronics.X-CUBE-AI.9.0.0
2024-05-16 16:28:25,178 [WARN] ConditionMgr:438 - getConditionDescription Invalid condition id : UX DEVICE CLASS RTOS Condition cause : null
2024-05-16 16:28:25,180 [WARN] ConditionMgr:438 - getConditionDescription Invalid condition id : UX DEVICE CLASS RTOS Condition cause : null
2024-05-16 16:28:25,194 [WARN] PackLoader:240 - Cannot read IP mode file for STMicroelectronics.X-CUBE-AZRTOS-H7.3.1.0
2024-05-16 16:28:25,196 [WARN] ConditionMgr:1039 - genDependencies : Invalid condition id : UX DEVICE CLASS RTOS Condition cause : null
2024-05-16 16:28:25,197 [WARN] ConditionMgr:1039 - genDependencies : Invalid condition id : UX DEVICE CLASS RTOS Condition cause : null
2024-05-16 16:28:25,199 [WARN] ConditionMgr:1039 - genDependencies : Invalid condition id : UX DEVICE CLASS RTOS Condition cause : null
2024-05-16 16:28:25,200 [WARN] ConditionMgr:1039 - genDependencies : Invalid condition id : UX DEVICE CLASS RTOS Condition cause : null
2024-05-16 16:28:25,200 [WARN] ConditionMgr:1039 - genDependencies : Invalid condition id : UX DEVICE CLASS RTOS Condition cause : null
2024-05-16 16:28:25,222 [WARN] PackLoader:240 - Cannot read IP mode file for STMicroelectronics.X-CUBE-NFC7.1.0.1
2024-05-16 16:28:25,245 [WARN] PackLoader:240 - Cannot read IP mode file for STMicroelectronics.X-CUBE-NFC7.1.0.0
2024-05-16 16:28:25,284 [WARN] PackLoader:240 - Cannot read IP mode file for STMicroelectronics.X-CUBE-NFC6.3.0.0
2024-05-16 16:28:25,303 [WARN] PackLoader:240 - Cannot read IP mode file for STMicroelectronics.X-CUBE-EEPRMA1.4.1.0
2024-05-16 16:28:25,317 [WARN] PackLoader:240 - Cannot read IP mode file for STMicroelectronics.X-CUBE-AI.8.1.0
2024-05-16 16:28:25,371 [WARN] ConditionMgr:438 - getConditionDescription Invalid condition id : LAN8742 Phy interface Condition cause : null
2024-05-16 16:28:25,373 [WARN] PackLoader:240 - Cannot read IP mode file for STMicroelectronics.X-CUBE-AZRTOS-L4.2.0.0
2024-05-16 16:28:25,377 [WARN] ConditionMgr:1039 - genDependencies : Invalid condition id : LAN8742 Phy interface Condition cause : null
2024-05-16 16:28:25,378 [WARN] ConditionMgr:1039 - genDependencies : Invalid condition id : LAN8742 Phy interface Condition cause : null
2024-05-16 16:28:25,380 [WARN] ConditionMgr:1039 - genDependencies : Invalid condition id : LAN8742 Phy interface Condition cause : null
2024-05-16 16:28:25,409 [WARN] PackLoader:240 - Cannot read IP mode file for STMicroelectronics.X-CUBE-SFXS2LP1.4.0.0
2024-05-16 16:28:25,424 [WARN] PackLoader:240 - Cannot read IP mode file for STMicroelectronics.X-CUBE-ISPU.1.1.0
2024-05-16 16:28:25,444 [WARN] PackLoader:240 - Cannot read IP mode file for STMicroelectronics.X-CUBE-AI.8.0.0
2024-05-16 16:28:25,489 [WARN] ConditionMgr:438 - getConditionDescription Invalid condition id : UX DEVICE CLASS RTOS Condition cause : null
2024-05-16 16:28:25,490 [WARN] ConditionMgr:438 - getConditionDescription Invalid condition id : UX DEVICE CLASS RTOS Condition cause : null
2024-05-16 16:28:25,494 [WARN] PackLoader:240 - Cannot read IP mode file for STMicroelectronics.X-CUBE-AZRTOS-WB.2.0.0
2024-05-16 16:28:25,496 [WARN] ConditionMgr:1039 - genDependencies : Invalid condition id : UX DEVICE CLASS RTOS Condition cause : null
2024-05-16 16:28:25,496 [WARN] ConditionMgr:1039 - genDependencies : Invalid condition id : UX DEVICE CLASS RTOS Condition cause : null
2024-05-16 16:28:25,497 [WARN] ConditionMgr:1039 - genDependencies : Invalid condition id : UX DEVICE CLASS RTOS Condition cause : null
2024-05-16 16:28:25,498 [WARN] ConditionMgr:1039 - genDependencies : Invalid condition id : UX DEVICE CLASS RTOS Condition cause : null
2024-05-16 16:28:25,498 [WARN] ConditionMgr:1039 - genDependencies : Invalid condition id : UX DEVICE CLASS RTOS Condition cause : null
2024-05-16 16:28:25,519 [WARN] PackLoader:240 - Cannot read IP mode file for STMicroelectronics.X-CUBE-FREERTOS.1.0.1
2024-05-16 16:28:25,713 [WARN] PackLoader:240 - Cannot read IP mode file for STMicroelectronics.X-CUBE-AZRTOS-L5.1.1.0
2024-05-16 16:28:25,757 [WARN] PackLoader:240 - Cannot read IP mode file for STMicroelectronics.X-CUBE-AI.8.0.1
2024-05-16 16:28:25,845 [WARN] PackLoader:240 - Cannot read IP mode file for STMicroelectronics.X-CUBE-SUBG2.5.0.0
2024-05-16 16:28:26,036 [WARN] PackLoader:240 - Cannot read IP mode file for STMicroelectronics.X-CUBE-TOF1.3.3.1
2024-05-16 16:28:26,241 [WARN] PackLoader:240 - Cannot read IP mode file for STMicroelectronics.X-CUBE-AZRTOS-G4.2.0.0
2024-05-16 16:28:26,330 [WARN] PackLoader:240 - Cannot read IP mode file for STMicroelectronics.X-CUBE-TOF1.3.3.0
2024-05-16 16:28:26,661 [WARN] PackLoader:240 - Cannot read IP mode file for STMicroelectronics.X-CUBE-AZRTOS-L4.1.0.0
2024-05-16 16:28:26,708 [WARN] PackLoader:240 - Cannot read IP mode file for STMicroelectronics.X-CUBE-ISPU.2.0.0
2024-05-16 16:28:26,989 [WARN] PackLoader:240 - Cannot read IP mode file for STMicroelectronics.X-CUBE-MEMS1.10.0.0
2024-05-16 16:28:28,115 [WARN] PackLoader:240 - Cannot read IP mode file for STMicroelectronics.X-CUBE-FREERTOS.1.1.0
2024-05-16 16:28:28,183 [WARN] PackLoader:240 - Cannot read IP mode file for STMicroelectronics.X-CUBE-AZRTOS-WL.1.0.0
2024-05-16 16:28:28,195 [WARN] PackLoader:240 - Cannot read IP mode file for portGmbH.I-Cube-SoM-uGOAL.1.1.0
2024-05-16 16:28:28,208 [WARN] PackLoader:240 - Cannot read IP mode file for STMicroelectronics.X-CUBE-ALS.1.0.1
2024-05-16 16:28:28,251 [WARN] PackLoader:240 - Cannot read IP mode file for STMicroelectronics.X-CUBE-AZRTOS-WB.1.1.0
2024-05-16 16:28:28,301 [WARN] PackLoader:240 - Cannot read IP mode file for STMicroelectronics.X-CUBE-AZRTOS-H7RS.1.0.0
2024-05-16 16:28:28,314 [WARN] PackLoader:240 - Cannot read IP mode file for STMicroelectronics.FP-ATR-ASTRA1.2.0.0
2024-05-16 16:28:28,362 [WARN] PackLoader:240 - Cannot read IP mode file for STMicroelectronics.X-CUBE-TOF1.3.4.1
2024-05-16 16:28:28,482 [WARN] PackLoader:240 - Cannot read IP mode file for STMicroelectronics.X-CUBE-AZRTOS-H7.3.2.0
2024-05-16 16:28:28,543 [WARN] PackLoader:240 - Cannot read IP mode file for Infineon.AIROC-Wi-Fi-Bluetooth-STM32.1.6.0
2024-05-16 16:28:28,560 [INFO] ThirdParty:978 - Integrity check success = true
2024-05-16 16:28:28,560 [INFO] IntegrityCheckThread:100 - exiting critical section [integrity check]
2024-05-16 16:28:28,560 [INFO] IntegrityCheckThread:103 - End integrity checks thread
2024-05-16 16:28:29,094 [ERROR] LogOutputStream:75 - [STDERR_REDIRECT] SLF4J: Failed to load class "org.slf4j.impl.StaticLoggerBinder".
2024-05-16 16:28:29,095 [ERROR] LogOutputStream:75 - [STDERR_REDIRECT] SLF4J: Defaulting to no-operation (NOP) logger implementation
2024-05-16 16:28:29,095 [ERROR] LogOutputStream:75 - [STDERR_REDIRECT] SLF4J: See http://www.slf4j.org/codes.html#StaticLoggerBinder for further details.
2024-05-16 16:28:30,976 [INFO] ApiDb:240 - Found 297 in-development CPN: [B-G473E-ZEST1S, B-WB1M-WPAN1, B-WL5M-SUBG1, NUCLEO-C031C6, NUCLEO-H503RB, NUCLEO-H563ZI, NUCLEO-U545RE-Q, NUCLEO-U5A5ZJ-Q, NUCLEO-WBA52CG, STEVAL-PROTEUS1, STEVAL-STWINBX1, STM320518-EVAL, STM32C0116-DK, STM32C011D6Y3TR, STM32C011D6Y6TR, STM32C011F4P3, STM32C011F4P6, STM32C011F4U3, STM32C011F4U6TR, STM32C011F6P3, STM32C011F6P6, STM32C011F6U3, STM32C011F6U6TR, STM32C011J4M3, STM32C011J4M6, STM32C011J6M3, STM32C011J6M6, STM32C0316-DK, STM32C031C4T3, STM32C031C4T6, STM32C031C4U3, STM32C031C4U6, STM32C031C6T3, STM32C031C6T6, STM32C031C6U3, STM32C031C6U6, STM32C031F4P3, STM32C031F4P6, STM32C031F6P3, STM32C031F6P6, STM32C031G4U3, STM32C031G4U6, STM32C031G6U3, STM32C031G6U6, STM32C031K4T3, STM32C031K4T6, STM32C031K4U3, STM32C031K4U6, STM32C031K6T3, STM32C031K6T6, STM32C031K6U3, STM32C031K6U6, STM32G071K8TXN, STM32G071K8UXN, STM32G081GBU6N, STM32G081KBT6N, STM32G081KBUXN, STM32G0B1CCT6N, STM32G0B1KCT6, STM32G0B1NEY6TR, STM32G0B1RCT6N, STM32G0C1CCT6, STM32G0C1CCT6N, STM32G0C1CCU6N, STM32G0C1CET6N, STM32G0C1CEU6N, STM32G0C1KCT6, STM32G0C1NEY6TR, STM32G0C1RCI6N, STM32G0C1RCT6N, STM32G0C1REI6N, STM32G0C1RET6N, STM32G0C1VCI6, STM32G0C1VEI6, STM32G471CCT6, STM32G471CCU6, STM32G471CET3, STM32G471CET6, STM32G471CEU3, STM32G471CEU6, STM32G471MCT6, STM32G471MET3, STM32G471MET6, STM32G471MEY6TR, STM32G471QCT6, STM32G471QET3, STM32G471RCT6, STM32G471RET3, STM32G471RET6, STM32G471VCH6, STM32G471VCI6, STM32G471VCT6, STM32G471VEH3, STM32G471VEH6, STM32G471VEI3, STM32G471VEI6, STM32G471VET3, STM32G471VET6, STM32G474CCT6, STM32H503CBT6, STM32H503CBU6, STM32H503EBY6TR, STM32H503KBU6, STM32H503RBT6, STM32H562AGI6, STM32H562AII6, STM32H562IGK6, STM32H562IGT6, STM32H562IIK6, STM32H562IIT6, STM32H562RGT6, STM32H562RGV6, STM32H562RIT6, STM32H562RIV6, STM32H562VGT6, STM32H562VIT6, STM32H562ZGT6, STM32H562ZIT6, STM32H563AGI6, STM32H563AII3Q, STM32H563AII6, STM32H563IGK6, STM32H563IGT6, STM32H563IIK3Q, STM32H563IIK6, STM32H563IIT3Q, STM32H563IIT6, STM32H563MIY3QTR, STM32H563RGT6, STM32H563RGV6, STM32H563RIT6, STM32H563RIV6, STM32H563VGT6, STM32H563VIT3Q, STM32H563VIT6, STM32H563ZGT6, STM32H563ZIT3Q, STM32H563ZIT6, STM32H573AII3Q, STM32H573AII6, STM32H573I-DK, STM32H573IIK3Q, STM32H573IIK6, STM32H573IIT3Q, STM32H573IIT6, STM32H573MIY3QTR, STM32H573RIT6, STM32H573RIV6, STM32H573VIT3Q, STM32H573VIT6, STM32H573ZIT3Q, STM32H573ZIT6, STM32L4R5QGI6STR, STM32MP131AAE3, STM32MP131AAF3, STM32MP131AAG3, STM32MP131CAE3, STM32MP131CAF3, STM32MP131CAG3, STM32MP131DAE7, STM32MP131DAF7, STM32MP131DAG7, STM32MP131FAE7, STM32MP131FAF7, STM32MP131FAG7, STM32MP133AAE3, STM32MP133AAF3, STM32MP133AAG3, STM32MP133CAE3, STM32MP133CAF3, STM32MP133CAG3, STM32MP133DAE7, STM32MP133DAF7, STM32MP133DAG7, STM32MP133FAE7, STM32MP133FAF7, STM32MP133FAG7, STM32MP135AAE3, STM32MP135AAF3, STM32MP135AAG3, STM32MP135CAE3, STM32MP135CAF3, STM32MP135CAG3, STM32MP135DAE7, STM32MP135DAF7, STM32MP135DAG7, STM32MP135F-DK, STM32MP135FAE7, STM32MP135FAF7, STM32MP135FAF7T, STM32MP135FAF7U, STM32MP135FAG7, STM32U535CBT6, STM32U535CBT6Q, STM32U535CBU6, STM32U535CBU6Q, STM32U535CCT6, STM32U535CCT6Q, STM32U535CCU6, STM32U535CCU6Q, STM32U535CET6, STM32U535CET6Q, STM32U535CEU6, STM32U535CEU6Q, STM32U535JEY6QTR, STM32U535NCY6QTR, STM32U535NEY6QTR, STM32U535RBI6, STM32U535RBI6Q, STM32U535RBT6, STM32U535RBT6Q, STM32U535RCI6, STM32U535RCI6Q, STM32U535RCT6, STM32U535RCT6Q, STM32U535REI6, STM32U535REI6Q, STM32U535RET6, STM32U535RET6Q, STM32U535VCI6, STM32U535VCI6Q, STM32U535VCT6, STM32U535VCT6Q, STM32U535VEI6, STM32U535VEI6Q, STM32U535VET6, STM32U535VET6Q, STM32U545CET6, STM32U545CET6Q, STM32U545CEU6, STM32U545CEU6Q, STM32U545JEY6QTR, STM32U545NEY6QTR, STM32U545REI6, STM32U545REI6Q, STM32U545RET6, STM32U545RET6Q, STM32U545VEI6, STM32U545VEI6Q, STM32U545VET6, STM32U545VET6Q, STM32U595AIH6, STM32U595AIH6Q, STM32U595AJH6, STM32U595AJH6Q, STM32U595QII6, STM32U595QII6Q, STM32U595QJI6, STM32U595QJI6Q, STM32U595RIT6, STM32U595RIT6Q, STM32U595RJT6, STM32U595RJT6Q, STM32U595VIT6, STM32U595VIT6Q, STM32U595VJT6, STM32U595VJT6Q, STM32U595ZIT6, STM32U595ZIT6Q, STM32U595ZIY6QTR, STM32U595ZJT6, STM32U595ZJT6Q, STM32U595ZJY6QTR, STM32U599BJY6QTR, STM32U599NIH6Q, STM32U599NJH6Q, STM32U599VIT6Q, STM32U599VJT6, STM32U599VJT6Q, STM32U599ZIT6Q, STM32U599ZIY6QTR, STM32U599ZJT6Q, STM32U599ZJY6QTR, STM32U5A5AJH6, STM32U5A5AJH6Q, STM32U5A5QJI6, STM32U5A5QJI6Q, STM32U5A5RJT6, STM32U5A5RJT6Q, STM32U5A5VJT6, STM32U5A5VJT6Q, STM32U5A5ZJT6, STM32U5A5ZJT6Q, STM32U5A5ZJY6QTR, STM32U5A9BJY6QTR, STM32U5A9J-DK, STM32U5A9NJH6Q, STM32U5A9VJT6Q, STM32U5A9ZJT6Q, STM32U5A9ZJY6QTR, STM32WB1MMCH6, STM32WBA52CEU6, STM32WBA52CEU6T, STM32WBA52CGU6, STM32WBA52CGU6T, STM32WL5MOCH6, STM32WL5MOCH6TR]
2024-05-16 16:28:30,994 [INFO] DbMcus:216 - Found 4066 MCUs, 4066 are supported
2024-05-16 16:28:31,012 [INFO] ApiDb:423 - Load user favorites file /home/dnk066/.stm32cubeide/favorites.mcus.txt: 0 item(s)
2024-05-16 16:28:31,013 [INFO] ApiDb:427 - User favorites MCUs=[]
2024-05-16 16:28:31,013 [INFO] DbMcus:222 - Set 0 / 0 favorites MCUs
2024-05-16 16:28:33,652 [INFO] ApiDb:423 - Load user favorites file /home/dnk066/.stm32cubeide/favorites.boards.txt: 3 item(s)
2024-05-16 16:28:33,652 [INFO] ApiDb:427 - User favorites Boards=[NUCLEO-L496ZG-P, NUCLEO-L4R5ZI, STM32L152C-DISCO]
2024-05-16 16:28:33,654 [INFO] DbBoards:190 - Set 3 / 3 favorites Boards
2024-05-16 16:28:33,655 [INFO] McuFinderGlobals:66 - Set McuFinderConnectedMode to true
2024-05-16 16:28:33,670 [INFO] MultiScanPanel:200 - Auto-refresh data requested => check proxy status ongoing
2024-05-16 16:28:33,677 [INFO] FinderPluginLoader:95 - Searching for filters in installed packs
2024-05-16 16:28:38,698 [INFO] LoadUrlFilesThread:185 - End of LoadServerUrlFiles without Thread
2024-05-16 16:28:38,787 [INFO] DetailPanel:341 - Set advertising image to /home/dnk066/STM32Cube/Repository//en.prom-stm32h7rs-mcu-finder.png
2024-05-16 16:28:46,564 [INFO] McuFinderGlobals:66 - Set McuFinderConnectedMode to true
2024-05-16 16:28:47,336 [INFO] ApiDb:448 - Save user favorites file /home/dnk066/.stm32cubeide/favorites.mcus.txt: 0 item(s)
2024-05-16 16:28:47,337 [INFO] ApiDb:452 - User favorites MCUs=[]
