2024-05-27 15:52:37,273 [INFO] I2cTimingTraitement:330 - 0x20303E5D
2024-05-27 15:52:44,838 [INFO] NvicIntPanel:101 - NVIC parent = com.st.microxplorer.plugins.ip.nvic.MultiNvicIntPanel[,0,0,0x0,invalid,layout=javax.swing.BoxLayout,alignmentX=0.0,alignmentY=0.0,border=,flags=9,maximumSize=,minimumSize=,preferredSize=]
2024-05-27 15:52:44,960 [INFO] I2cTimingTraitement:330 - 0x2010091A
2024-05-27 15:52:45,097 [INFO] NvicIntPanel:101 - NVIC parent = com.st.microxplorer.plugins.ip.nvic.MultiNvicIntPanel[,0,0,0x0,invalid,layout=javax.swing.BoxLayout,alignmentX=0.0,alignmentY=0.0,border=,flags=9,maximumSize=,minimumSize=,preferredSize=]
2024-05-27 15:53:03,713 [INFO] UtilMem:75 - End SaveConfig() Used Memory: 552543264 Bytes (940572672)
2024-05-27 15:53:05,480 [INFO] UtilMem:75 - End SaveConfig() Used Memory: 591340576 Bytes (940572672)
2024-05-27 15:53:06,173 [INFO] UtilMem:75 - End SaveConfig() Used Memory: 642198560 Bytes (940572672)
2024-05-27 15:53:06,884 [INFO] BlockDiagram:2759 - set Specific Code input for plugin: SYS
2024-05-27 15:53:06,884 [INFO] BlockDiagram:2759 - set Specific Code input for plugin: RCC
2024-05-27 15:53:06,885 [INFO] BlockDiagram:2759 - set Specific Code input for plugin: I2C
2024-05-27 15:53:06,885 [INFO] BlockDiagram:2759 - set Specific Code input for plugin: LPUART
2024-05-27 15:53:06,885 [INFO] BlockDiagram:2759 - set Specific Code input for plugin: NVIC
2024-05-27 15:53:06,886 [INFO] BlockDiagram:2759 - set Specific Code input for plugin: GPIO
2024-05-27 15:53:06,889 [INFO] CodeGenerator:793 - code generatio: config db path: /opt/st/stm32cubeide_1.12.1/plugins/com.st.stm32cube.common.mx_6.8.1.202304191431//db/
2024-05-27 15:53:07,324 [INFO] CodeEngine:255 - oldGeneratedFile, /home/dnk066/Pratham/STM32_Training/Workspace/04_I2C/LPS22HB_I2C/MXTmpFiles/license.tmp_save
2024-05-27 15:53:07,612 [INFO] CodeEngine:279 - Generated code: /home/dnk066/Pratham/STM32_Training/Workspace/04_I2C/LPS22HB_I2C/MXTmpFiles/license.tmp
2024-05-27 15:53:07,647 [INFO] CodeEngine:255 - oldGeneratedFile, /home/dnk066/Pratham/STM32_Training/Workspace/04_I2C/LPS22HB_I2C/MXTmpFiles/gpio.tmp_save
2024-05-27 15:53:07,743 [INFO] CodeEngine:279 - Generated code: /home/dnk066/Pratham/STM32_Training/Workspace/04_I2C/LPS22HB_I2C/MXTmpFiles/gpio.tmp
2024-05-27 15:53:07,986 [INFO] CodeEngine:255 - oldGeneratedFile, /home/dnk066/Pratham/STM32_Training/Workspace/04_I2C/LPS22HB_I2C/Core/Src/stm32l4xx_it.c_save
2024-05-27 15:53:08,301 [INFO] CodeEngine:279 - Generated code: /home/dnk066/Pratham/STM32_Training/Workspace/04_I2C/LPS22HB_I2C/Core/Src/stm32l4xx_it.c
2024-05-27 15:53:08,303 [INFO] CodeEngine:255 - oldGeneratedFile, /home/dnk066/Pratham/STM32_Training/Workspace/04_I2C/LPS22HB_I2C/Core/Inc/stm32l4xx_it.h_save
2024-05-27 15:53:08,388 [INFO] CodeEngine:279 - Generated code: /home/dnk066/Pratham/STM32_Training/Workspace/04_I2C/LPS22HB_I2C/Core/Inc/stm32l4xx_it.h
2024-05-27 15:53:08,395 [INFO] CodeEngine:255 - oldGeneratedFile, /home/dnk066/Pratham/STM32_Training/Workspace/04_I2C/LPS22HB_I2C/Core/Src/stm32l4xx_hal_msp.c_save
2024-05-27 15:53:08,569 [INFO] CodeEngine:279 - Generated code: /home/dnk066/Pratham/STM32_Training/Workspace/04_I2C/LPS22HB_I2C/Core/Src/stm32l4xx_hal_msp.c
2024-05-27 15:53:08,571 [INFO] CodeEngine:255 - oldGeneratedFile, /home/dnk066/Pratham/STM32_Training/Workspace/04_I2C/LPS22HB_I2C/MXTmpFiles/system.tmp_save
2024-05-27 15:53:08,655 [INFO] CodeEngine:279 - Generated code: /home/dnk066/Pratham/STM32_Training/Workspace/04_I2C/LPS22HB_I2C/MXTmpFiles/system.tmp
2024-05-27 15:53:08,659 [INFO] CodeEngine:311 - oldGeneratedFile, /home/dnk066/Pratham/STM32_Training/Workspace/04_I2C/LPS22HB_I2C/Core/Inc/stm32l4xx_hal_conf.h_save
2024-05-27 15:53:08,782 [INFO] CodeEngine:335 - Generated code: /home/dnk066/Pratham/STM32_Training/Workspace/04_I2C/LPS22HB_I2C/Core/Inc/stm32l4xx_hal_conf.h
2024-05-27 15:53:08,799 [INFO] CodeEngine:255 - oldGeneratedFile, /home/dnk066/Pratham/STM32_Training/Workspace/04_I2C/LPS22HB_I2C/Core/Inc/main.h_save
2024-05-27 15:53:08,997 [INFO] CodeEngine:279 - Generated code: /home/dnk066/Pratham/STM32_Training/Workspace/04_I2C/LPS22HB_I2C/Core/Inc/main.h
2024-05-27 15:53:08,999 [INFO] CodeEngine:255 - oldGeneratedFile, /home/dnk066/Pratham/STM32_Training/Workspace/04_I2C/LPS22HB_I2C/Core/Src/main.c_save
2024-05-27 15:53:09,148 [INFO] CodeEngine:279 - Generated code: /home/dnk066/Pratham/STM32_Training/Workspace/04_I2C/LPS22HB_I2C/Core/Src/main.c
2024-05-27 15:53:10,564 [INFO] ProjectBuilder:2996 - Time for Copy HAL[1] : 266mS.
2024-05-27 15:53:10,575 [INFO] ProjectBuilder:4304 - Project Generator version: 3.19.2
2024-05-27 15:53:13,057 [INFO] ConfigFileManager:1483 - The Die is : DIE461
2024-05-27 15:53:16,849 [INFO] ProjectBuilder:4505 - Time for Generating toolchain IDE Files: 6274mS.
2024-05-27 15:53:16,849 [INFO] ProjectBuilder:2867 - Time for Copy CMSIS : 0mS.
2024-05-27 15:53:16,850 [INFO] ProjectBuilder:2867 - Time for Copy CMSIS : 0mS.
