2024-06-10 16:59:00,451 [INFO] Activator:176 - 


2024-06-10 16:59:00,455 [INFO] Activator:177 - !SESSION log4j initialized
2024-06-10 16:59:04,943 [INFO] LogOutputStream:77 - [STDOUT_REDIRECT] 
2024-06-10 16:59:27,036 [ERROR] LogOutputStream:75 - [STDERR_REDIRECT] SLF4J: Failed to load class "org.slf4j.impl.StaticLoggerBinder".
2024-06-10 16:59:27,037 [ERROR] LogOutputStream:75 - [STDERR_REDIRECT] SLF4J: Defaulting to no-operation (NOP) logger implementation
2024-06-10 16:59:27,038 [ERROR] LogOutputStream:75 - [STDERR_REDIRECT] SLF4J: See http://www.slf4j.org/codes.html#StaticLoggerBinder for further details.
2024-06-10 17:11:40,012 [INFO] ApplicationProperties:184 - Using Application install path: /opt/st/stm32cubeide_1.12.1/plugins/com.st.stm32cube.common.mx_6.8.1.202304191431
2024-06-10 17:11:40,055 [INFO] DbMcusXml:78 - Set database path to: /opt/st/stm32cubeide_1.12.1/plugins/com.st.stm32cube.common.mx_6.8.1.202304191431//db//mcu/
2024-06-10 17:11:40,056 [INFO] ApiDb:274 - Set plugin database path to: /opt/st/stm32cubeide_1.12.1/plugins/com.st.stm32cube.common.mx_6.8.1.202304191431//db//plugins/boardmanager/
2024-06-10 17:11:40,065 [WARN] ApiDb:259 - Overriding images path with different value:  => /opt/st/stm32cubeide_1.12.1/plugins/com.st.stm32cube.common.mx_6.8.1.202304191431//db//plugins/mcufinder/images/
2024-06-10 17:11:40,109 [INFO] ApiDb:250 - Set database path to: /home/dnk066/.stmcufinder/plugins/mcufinder//mcu/
2024-06-10 17:11:40,112 [INFO] DbMcusAds:125 - Set database path to: /home/dnk066/.stmcufinder/plugins/mcufinder//mcu/
2024-06-10 17:11:40,209 [INFO] CrossReferenceDbSqlite:203 - Set database path to: /home/dnk066/.stmcufinder/plugins/mcufinder//mcu/cs/
2024-06-10 17:11:40,444 [INFO] RulesReader:64 - Compatibility file has been processed (293 Rules)
2024-06-10 17:11:40,584 [INFO] DbMcusXml:78 - Set database path to: /opt/st/stm32cubeide_1.12.1/plugins/com.st.stm32cube.common.mx_6.8.1.202304191431//db//mcu/
2024-06-10 17:11:40,584 [INFO] ApiDb:274 - Set plugin database path to: /opt/st/stm32cubeide_1.12.1/plugins/com.st.stm32cube.common.mx_6.8.1.202304191431//db//plugins/boardmanager/
2024-06-10 17:11:40,585 [INFO] ApiDb:261 - Set plugin images path to: /opt/st/stm32cubeide_1.12.1/plugins/com.st.stm32cube.common.mx_6.8.1.202304191431//db//plugins/mcufinder/images/
2024-06-10 17:11:40,586 [WARN] DbFile:41 - Overriding database path with different value: /home/dnk066/.stmcufinder/plugins/mcufinder/ => /home/dnk066/.stmcufinder/plugins/mcufinder
2024-06-10 17:11:40,586 [INFO] ApiDb:250 - Set database path to: /home/dnk066/.stmcufinder/plugins/mcufinder//mcu/
2024-06-10 17:11:40,587 [WARN] DbFile:41 - Overriding database path with different value: /home/dnk066/.stmcufinder/plugins/mcufinder/ => /home/dnk066/.stmcufinder/plugins/mcufinder
2024-06-10 17:11:40,587 [INFO] DbMcusAds:125 - Set database path to: /home/dnk066/.stmcufinder/plugins/mcufinder//mcu/
2024-06-10 17:11:40,587 [WARN] DbFile:41 - Overriding database path with different value: /home/dnk066/.stmcufinder/plugins/mcufinder/ => /home/dnk066/.stmcufinder/plugins/mcufinder
2024-06-10 17:11:40,587 [WARN] DbFile:41 - Overriding database path with different value: /home/dnk066/.stmcufinder/plugins/mcufinder/ => /home/dnk066/.stmcufinder/plugins/mcufinder
2024-06-10 17:11:40,587 [INFO] CrossReferenceDbSqlite:203 - Set database path to: /home/dnk066/.stmcufinder/plugins/mcufinder//mcu/cs/
2024-06-10 17:11:40,748 [INFO] MainPanel:253 - HeapMemory: 590348288
2024-06-10 17:11:40,989 [INFO] DbMcusXml:78 - Set database path to: /opt/st/stm32cubeide_1.12.1/plugins/com.st.stm32cube.common.mx_6.8.1.202304191431//db//mcu/
2024-06-10 17:11:40,989 [INFO] ApiDb:274 - Set plugin database path to: /opt/st/stm32cubeide_1.12.1/plugins/com.st.stm32cube.common.mx_6.8.1.202304191431//db//plugins/boardmanager/
2024-06-10 17:11:40,989 [INFO] ApiDb:261 - Set plugin images path to: /opt/st/stm32cubeide_1.12.1/plugins/com.st.stm32cube.common.mx_6.8.1.202304191431//db//plugins/mcufinder/images/
2024-06-10 17:11:40,991 [WARN] DbFile:41 - Overriding database path with different value: /home/dnk066/.stmcufinder/plugins/mcufinder/ => /home/dnk066/.stmcufinder/plugins/mcufinder
2024-06-10 17:11:40,991 [INFO] ApiDb:250 - Set database path to: /home/dnk066/.stmcufinder/plugins/mcufinder//mcu/
2024-06-10 17:11:40,991 [WARN] DbFile:41 - Overriding database path with different value: /home/dnk066/.stmcufinder/plugins/mcufinder/ => /home/dnk066/.stmcufinder/plugins/mcufinder
2024-06-10 17:11:40,991 [INFO] DbMcusAds:125 - Set database path to: /home/dnk066/.stmcufinder/plugins/mcufinder//mcu/
2024-06-10 17:11:40,991 [WARN] DbFile:41 - Overriding database path with different value: /home/dnk066/.stmcufinder/plugins/mcufinder/ => /home/dnk066/.stmcufinder/plugins/mcufinder
2024-06-10 17:11:40,992 [WARN] DbFile:41 - Overriding database path with different value: /home/dnk066/.stmcufinder/plugins/mcufinder/ => /home/dnk066/.stmcufinder/plugins/mcufinder
2024-06-10 17:11:40,992 [INFO] CrossReferenceDbSqlite:203 - Set database path to: /home/dnk066/.stmcufinder/plugins/mcufinder//mcu/cs/
2024-06-10 17:11:41,031 [INFO] ApplicationProperties:184 - Using Application install path: /opt/st/stm32cubeide_1.12.1/plugins/com.st.stm32cube.common.mx_6.8.1.202304191431
2024-06-10 17:11:41,035 [INFO] PluginManage:196 - Search for loadable plugins [exclusion list=, ]
2024-06-10 17:11:41,038 [INFO] PluginManage:310 - Check plugin analytics
2024-06-10 17:11:41,402 [INFO] AnalyticsPlugin:253 - Accepted Software Licenses: 
2024-06-10 17:11:41,403 [INFO] AnalyticsPlugin:255 - Accepted CMSIS Pack Licenses: 
2024-06-10 17:11:41,403 [INFO] AnalyticsPlugin:257 - Accepted Firmware Licenses: FW.WL.1.3.0
2024-06-10 17:11:41,435 [INFO] PluginManage:359 - Loaded plugin analytics (category:tool,tabindex:-1)
2024-06-10 17:11:41,436 [INFO] PluginManage:310 - Check plugin cadmodel
2024-06-10 17:11:41,541 [INFO] CADModel:105 - Init CAD model plugin
2024-06-10 17:11:41,542 [INFO] PluginManage:359 - Loaded plugin cadmodel (category:power,tabindex:5)
2024-06-10 17:11:41,542 [INFO] PluginManage:310 - Check plugin clock
2024-06-10 17:11:41,560 [INFO] PluginManage:359 - Loaded plugin clock (category:base,tabindex:2)
2024-06-10 17:11:41,560 [INFO] PluginManage:310 - Check plugin ddr
2024-06-10 17:11:41,565 [INFO] PluginManage:359 - Loaded plugin ddr (category:tool,tabindex:6)
2024-06-10 17:11:41,566 [INFO] PluginManage:310 - Check plugin filemanager
2024-06-10 17:11:41,867 [INFO] PluginManage:359 - Loaded plugin filemanager (category:base,tabindex:10)
2024-06-10 17:11:41,867 [INFO] PluginManage:310 - Check plugin ipmanager
2024-06-10 17:11:41,882 [INFO] PluginManage:359 - Loaded plugin ipmanager (category:base,tabindex:5)
2024-06-10 17:11:41,882 [INFO] PluginManage:310 - Check plugin lpbam
2024-06-10 17:11:41,907 [INFO] PluginManage:359 - Loaded plugin lpbam (category:base,tabindex:0)
2024-06-10 17:11:41,907 [INFO] PluginManage:310 - Check plugin pinoutandconfiguration
2024-06-10 17:11:41,925 [INFO] PluginManage:359 - Loaded plugin pinoutandconfiguration (category:base,tabindex:1)
2024-06-10 17:11:41,926 [INFO] PluginManage:310 - Check plugin pinoutconfig
2024-06-10 17:11:42,087 [WARN] SupportedApi:132 - Cannot load RTOS API schema: s4s-elt-must-match.1: The content of 'definitions' must match (annotation?, (simpleType | complexType)?, (unique | key | keyref)*)). A problem was found starting at: attribute.
2024-06-10 17:11:42,393 [INFO] PluginManage:359 - Loaded plugin pinoutconfig (category:base,tabindex:0)
2024-06-10 17:11:42,394 [INFO] PluginManage:310 - Check plugin power
2024-06-10 17:11:42,417 [INFO] PluginManage:359 - Loaded plugin power (category:power,tabindex:4)
2024-06-10 17:11:42,417 [INFO] PluginManage:310 - Check plugin projectmanager
2024-06-10 17:11:42,444 [INFO] PluginManage:359 - Loaded plugin projectmanager (category:projectmanager,tabindex:3)
2024-06-10 17:11:42,445 [INFO] PluginManage:310 - Check plugin thirdparty
2024-06-10 17:11:42,690 [INFO] PluginManage:359 - Loaded plugin thirdparty (category:base,tabindex:-1)
2024-06-10 17:11:42,689 [WARN] IntegrityCheckThread:84 - waiting for thirdparty lock release [integrity check]
2024-06-10 17:11:42,691 [INFO] PluginManage:310 - Check plugin tools
2024-06-10 17:11:42,691 [INFO] IntegrityCheckThread:86 - entering critical section [integrity check]
2024-06-10 17:11:42,695 [INFO] ThirdPartyUpdaterWithRetryManager:70 - Updater plugin not ready yet. [1/15]
2024-06-10 17:11:42,695 [INFO] PluginManage:359 - Loaded plugin tools (category:base,tabindex:7)
2024-06-10 17:11:42,698 [INFO] PluginManage:310 - Check plugin tutovideos
2024-06-10 17:11:43,046 [INFO] PluginManage:359 - Loaded plugin tutovideos (category:base,tabindex:-1)
2024-06-10 17:11:43,047 [INFO] PluginManage:310 - Check plugin updater
2024-06-10 17:11:43,075 [INFO] PluginManage:359 - Loaded plugin updater (category:base,tabindex:12)
2024-06-10 17:11:43,077 [INFO] PluginManage:283 - PluginManage : Loaded plugins [15]
2024-06-10 17:11:43,550 [INFO] PinOutPanel:1499 - setPackage(No Configuration,No Configuration)
2024-06-10 17:11:43,656 [INFO] CADModel:165 - CPN selected for project level
2024-06-10 17:11:43,657 [INFO] CADModel:114 - Register for checkConnection events
2024-06-10 17:11:43,685 [INFO] IPUIPlugin:80 - create IPUIPlugin
2024-06-10 17:11:43,686 [INFO] PluginManager:220 - loadIPPluginJar : add lorawan
2024-06-10 17:11:43,698 [INFO] IPUIPlugin:80 - create IPUIPlugin
2024-06-10 17:11:43,699 [INFO] PluginManager:220 - loadIPPluginJar : add mdma
2024-06-10 17:11:43,704 [INFO] IPUIPlugin:80 - create IPUIPlugin
2024-06-10 17:11:43,704 [INFO] PluginManager:220 - loadIPPluginJar : add usart
2024-06-10 17:11:43,708 [INFO] IPUIPlugin:80 - create IPUIPlugin
2024-06-10 17:11:43,709 [INFO] PluginManager:220 - loadIPPluginJar : add i2s
2024-06-10 17:11:43,713 [INFO] IPUIPlugin:80 - create IPUIPlugin
2024-06-10 17:11:43,713 [INFO] PluginManager:220 - loadIPPluginJar : add tim
2024-06-10 17:11:43,719 [INFO] IPUIPlugin:80 - create IPUIPlugin
2024-06-10 17:11:43,720 [INFO] PluginManager:220 - loadIPPluginJar : add gtzc
2024-06-10 17:11:43,733 [INFO] IPUIPlugin:80 - create IPUIPlugin
2024-06-10 17:11:43,733 [INFO] PluginManager:220 - loadIPPluginJar : add dma
2024-06-10 17:11:43,738 [INFO] IPUIPlugin:80 - create IPUIPlugin
2024-06-10 17:11:43,738 [INFO] PluginManager:220 - loadIPPluginJar : add gfxmmu
2024-06-10 17:11:43,745 [INFO] IPUIPlugin:80 - create IPUIPlugin
2024-06-10 17:11:43,746 [INFO] PluginManager:220 - loadIPPluginJar : add nvic
2024-06-10 17:11:43,750 [INFO] IPUIPlugin:80 - create IPUIPlugin
2024-06-10 17:11:43,751 [INFO] PluginManager:220 - loadIPPluginJar : add hash
2024-06-10 17:11:43,754 [INFO] IPUIPlugin:80 - create IPUIPlugin
2024-06-10 17:11:43,756 [INFO] PluginManager:220 - loadIPPluginJar : add tracer_emb
2024-06-10 17:11:43,761 [INFO] IPUIPlugin:80 - create IPUIPlugin
2024-06-10 17:11:43,761 [INFO] PluginManager:220 - loadIPPluginJar : add i2c
2024-06-10 17:11:43,772 [INFO] IPUIPlugin:80 - create IPUIPlugin
2024-06-10 17:11:43,772 [INFO] PluginManager:220 - loadIPPluginJar : add gpio
2024-06-10 17:11:43,781 [INFO] IPUIPlugin:80 - create IPUIPlugin
2024-06-10 17:11:43,781 [INFO] PluginManager:220 - loadIPPluginJar : add touchsensing
2024-06-10 17:11:43,803 [INFO] IPUIPlugin:80 - create IPUIPlugin
2024-06-10 17:11:43,803 [INFO] PluginManager:220 - loadIPPluginJar : add freertos
2024-06-10 17:11:43,806 [INFO] IPUIPlugin:80 - create IPUIPlugin
2024-06-10 17:11:43,807 [INFO] PluginManager:220 - loadIPPluginJar : add comp
2024-06-10 17:11:43,815 [INFO] IPUIPlugin:80 - create IPUIPlugin
2024-06-10 17:11:43,815 [INFO] PluginManager:220 - loadIPPluginJar : add cryp
2024-06-10 17:11:43,824 [INFO] IPUIPlugin:80 - create IPUIPlugin
2024-06-10 17:11:43,824 [INFO] PluginManager:220 - loadIPPluginJar : add ipddr
2024-06-10 17:11:43,840 [INFO] IPUIPlugin:80 - create IPUIPlugin
2024-06-10 17:11:43,840 [INFO] PluginManager:220 - loadIPPluginJar : add stm32_wpan
2024-06-10 17:11:43,843 [INFO] IPUIPlugin:80 - create IPUIPlugin
2024-06-10 17:11:43,844 [INFO] PluginManager:220 - loadIPPluginJar : add quadspi
2024-06-10 17:11:43,859 [INFO] IPUIPlugin:80 - create IPUIPlugin
2024-06-10 17:11:43,860 [INFO] PluginManager:220 - loadIPPluginJar : add adc
2024-06-10 17:11:43,866 [INFO] IPUIPlugin:80 - create IPUIPlugin
2024-06-10 17:11:43,866 [INFO] PluginManager:220 - loadIPPluginJar : add fatfs
2024-06-10 17:11:43,870 [INFO] IPUIPlugin:80 - create IPUIPlugin
2024-06-10 17:11:43,870 [INFO] PluginManager:220 - loadIPPluginJar : add ts
2024-06-10 17:11:43,881 [INFO] IPUIPlugin:80 - create IPUIPlugin
2024-06-10 17:11:43,882 [INFO] PluginManager:220 - loadIPPluginJar : add gic
2024-06-10 17:11:43,885 [INFO] IPUIPlugin:80 - create IPUIPlugin
2024-06-10 17:11:43,886 [INFO] PluginManager:220 - loadIPPluginJar : add genericplugin
2024-06-10 17:11:43,892 [INFO] IPUIPlugin:80 - create IPUIPlugin
2024-06-10 17:11:43,892 [INFO] PluginManager:220 - loadIPPluginJar : add usbx
2024-06-10 17:11:43,897 [INFO] IPUIPlugin:80 - create IPUIPlugin
2024-06-10 17:11:43,898 [INFO] PluginManager:220 - loadIPPluginJar : add pdm2pcm
2024-06-10 17:11:43,902 [INFO] IPUIPlugin:80 - create IPUIPlugin
2024-06-10 17:11:43,903 [INFO] PluginManager:220 - loadIPPluginJar : add dma3
2024-06-10 17:11:43,912 [INFO] IPUIPlugin:80 - create IPUIPlugin
2024-06-10 17:11:43,913 [INFO] PluginManager:220 - loadIPPluginJar : add fmc
2024-06-10 17:11:43,917 [INFO] IPUIPlugin:80 - create IPUIPlugin
2024-06-10 17:11:43,918 [INFO] PluginManager:220 - loadIPPluginJar : add dfsdm
2024-06-10 17:11:43,938 [INFO] IPUIPlugin:80 - create IPUIPlugin
2024-06-10 17:11:43,945 [INFO] PluginManager:220 - loadIPPluginJar : add plateformsettings
2024-06-10 17:11:43,952 [INFO] IPUIPlugin:80 - create IPUIPlugin
2024-06-10 17:11:43,952 [INFO] PluginManager:220 - loadIPPluginJar : add spi
2024-06-10 17:11:43,959 [INFO] IPUIPlugin:80 - create IPUIPlugin
2024-06-10 17:11:43,960 [INFO] PluginManager:220 - loadIPPluginJar : add i3c
2024-06-10 17:11:43,970 [INFO] IPUIPlugin:80 - create IPUIPlugin
2024-06-10 17:11:43,970 [INFO] PluginManager:220 - loadIPPluginJar : add aes
2024-06-10 17:11:43,988 [INFO] IPUIPlugin:80 - create IPUIPlugin
2024-06-10 17:11:43,989 [INFO] PluginManager:220 - loadIPPluginJar : add resmgrutility
2024-06-10 17:11:44,002 [INFO] IPUIPlugin:80 - create IPUIPlugin
2024-06-10 17:11:44,003 [INFO] PluginManager:220 - loadIPPluginJar : add openamp
2024-06-10 17:11:44,006 [INFO] IPUIPlugin:80 - create IPUIPlugin
2024-06-10 17:11:44,006 [INFO] PluginManager:220 - loadIPPluginJar : add ltdc
2024-06-10 17:11:44,027 [INFO] IPUIPlugin:80 - create IPUIPlugin
2024-06-10 17:11:44,028 [INFO] PluginManager:220 - loadIPPluginJar : add sai
2024-06-10 17:11:44,041 [INFO] IPUIPlugin:80 - create IPUIPlugin
2024-06-10 17:11:44,041 [INFO] PluginManager:220 - loadIPPluginJar : add opamp
2024-06-10 17:11:44,056 [INFO] IPUIPlugin:80 - create IPUIPlugin
2024-06-10 17:11:44,056 [INFO] PluginManager:220 - loadIPPluginJar : add tsc
2024-06-10 17:11:44,060 [INFO] IPUIPlugin:80 - create IPUIPlugin
2024-06-10 17:11:44,060 [INFO] PluginManager:220 - loadIPPluginJar : add ucpd
2024-06-10 17:11:44,065 [INFO] IPUIPlugin:80 - create IPUIPlugin
2024-06-10 17:11:44,066 [INFO] PluginManager:220 - loadIPPluginJar : add can
2024-06-10 17:11:44,092 [INFO] IPUIPlugin:80 - create IPUIPlugin
2024-06-10 17:11:44,092 [INFO] PluginManager:220 - loadIPPluginJar : add linkedlist
2024-06-10 17:11:44,310 [INFO] CADModel:165 - CPN selected for project level
2024-06-10 17:11:44,311 [INFO] CADModel:114 - Register for checkConnection events
2024-06-10 17:11:44,312 [FATAL] Updater:308 - Updater called before beeing initialized
2024-06-10 17:11:44,312 [ERROR] CADModel:125 - Updater not yet initialized, retry later 
2024-06-10 17:11:44,771 [INFO] CADModel:165 - CPN selected for project level
2024-06-10 17:11:44,771 [INFO] CADModel:114 - Register for checkConnection events
2024-06-10 17:11:44,771 [FATAL] Updater:308 - Updater called before beeing initialized
2024-06-10 17:11:44,771 [ERROR] CADModel:125 - Updater not yet initialized, retry later 
2024-06-10 17:11:44,778 [FATAL] Updater:308 - Updater called before beeing initialized
2024-06-10 17:11:44,922 [FATAL] Updater:308 - Updater called before beeing initialized
2024-06-10 17:11:44,934 [INFO] DbMcusAds:53 - JSON generation date=Thu May 16 14:52:00 IST 2024 (1715851320667)
2024-06-10 17:11:44,934 [FATAL] Updater:308 - Updater called before beeing initialized
2024-06-10 17:11:45,015 [WARN] DetailPanel:346 - Failed to get advertising image, set to default
2024-06-10 17:11:45,232 [FATAL] Updater:308 - Updater called before beeing initialized
2024-06-10 17:11:45,235 [FATAL] Updater:308 - Updater called before beeing initialized
2024-06-10 17:11:45,235 [FATAL] Updater:308 - Updater called before beeing initialized
2024-06-10 17:11:45,236 [WARN] DetailPanel:346 - Failed to get advertising image, set to default
2024-06-10 17:11:45,237 [FATAL] Updater:308 - Updater called before beeing initialized
2024-06-10 17:11:45,294 [ERROR] Updater:1120 - MainUpdater not yet initialized. External WinMGr cannot be set.
2024-06-10 17:11:45,297 [INFO] Updater:1056 - Updater Version found : 6.8.1
2024-06-10 17:11:45,326 [INFO] ApplicationProperties:184 - Using Application install path: /opt/st/stm32cubeide_1.12.1/plugins/com.st.stm32cube.common.mx_6.8.1.202304191431
2024-06-10 17:11:45,565 [INFO] MainUpdater:2854 - connection check result : 10
2024-06-10 17:11:45,565 [INFO] MainUpdater:3548 - Updater definition file requires update
2024-06-10 17:11:45,566 [INFO] MainUpdater:283 - Updater Check For Update Now.
2024-06-10 17:11:45,567 [INFO] MicroXplorer:498 - Change Database Version : DB.6.0.81
2024-06-10 17:11:45,648 [INFO] ServerAccessManage:473 - Download File updaters.zip
2024-06-10 17:11:45,697 [WARN] MainUpdater:1187 - Updater busy. Cannot search thirdparties
2024-06-10 17:11:45,698 [INFO] ThirdPartyUpdaterWithRetryManager:96 - Updater plugin is busy. [1/15]
2024-06-10 17:11:46,160 [INFO] FileExtend:240 - Unzip File : updaters.zip
2024-06-10 17:11:46,160 [INFO] FileExtend:255 - Standard Zip Deflate
2024-06-10 17:11:46,382 [INFO] ServerAccessManage:473 - Download File PacksControlFlags.xml
2024-06-10 17:11:46,566 [INFO] ServerAccessManage:473 - Download File cubemx.pidx
2024-06-10 17:11:46,699 [INFO] LoadServerUpdatesThread:373 - End of LoadServerUpdate Thread
2024-06-10 17:11:46,929 [INFO] CheckServerUpdateThread:120 - End of CheckServer Thread
2024-06-10 17:11:46,981 [INFO] MainUpdater:2854 - connection check result : 10
2024-06-10 17:11:47,700 [INFO] ApiDb:581 - Connected to CubeFinder SQLite database (/home/dnk066/.stmcufinder/plugins/mcufinder/mcu/cube-finder-db.db)
2024-06-10 17:11:47,889 [INFO] ApiDb:668 - CubeFinder database Data Model version=2.1
2024-06-10 17:11:47,890 [INFO] ApiDb:669 - CubeFinder database Configuration version=3.0.39
2024-06-10 17:11:47,890 [INFO] ApiDb:670 - CubeFinder database generation date=2024-05-16 (1715872938)
2024-06-10 17:11:47,890 [INFO] ApiDb:671 - CubeFinder database FW Pack versions=[FP-ATR-ASTRA1_V2.0.0, FP-SNS-FLIGHT1_V5.0.1, FP-SNS-FLIGHT1_V5.0.2, FP-SNS-MOTENV1_V4.3.1, FP-SNS-MOTENV1_V4.3.2, FP-SNS-MOTENV1_V5.0.0, FP-SNS-MOTENVWB1_V1.4.0, FP-SNS-SMARTAG2_V1.2.0, STM32Cube_FW_C0_V1.1.0, STM32Cube_FW_F4_V1.28.0, STM32Cube_FW_F7_V1.17.0, STM32Cube_FW_G0_V1.6.2, STM32Cube_FW_G4_V1.5.2, STM32Cube_FW_H5_V0.5.1, STM32Cube_FW_H5_V1.1.1, STM32Cube_FW_H5_V1.2.0, STM32Cube_FW_H5_V1.2.0RC4, STM32Cube_FW_H7RS_V1.0.0, STM32Cube_FW_H7RS_V1.0.0RC4, STM32Cube_FW_H7_V1.11.0, STM32Cube_FW_L0_V1.12.2, STM32Cube_FW_L5_V1.5.1, STM32Cube_FW_U0_V1.0.0, STM32Cube_FW_U0_V1.0.0RC1, STM32Cube_FW_U5_V1.3.0RC4, STM32Cube_FW_U5_V1.5.0, STM32Cube_FW_U5_V1.5.0RC1, STM32Cube_FW_WBA_V1.0.0RC1, STM32Cube_FW_WBA_V1.2.0, STM32Cube_FW_WBA_V1.2.0RC2, STM32Cube_FW_WBA_V1.3.0, STM32Cube_FW_WBA_V1.3.0RC1, STM32Cube_FW_WB_V1.15.0RC1, STM32Cube_FW_WB_V1.16.0, STM32Cube_FW_WB_V1.16.0RC2, STM32Cube_FW_WB_V1.18.0, STM32Cube_FW_WB_V1.19.0, STM32Cube_FW_WL_V1.3.0, X-CUBE-ALGOBUILD_V1.4.0, X-CUBE-ALS_V1.0.1, X-CUBE-AZRTOS-F4_V1.1.0, X-CUBE-AZRTOS-F7_V1.1.0, X-CUBE-AZRTOS-G0_V1.1.0, X-CUBE-AZRTOS-G4_V2.0.0, X-CUBE-AZRTOS-H7_V3.2.0, X-CUBE-AZRTOS-L4_V1.0.0, X-CUBE-AZRTOS-L4_V2.0.0, X-CUBE-AZRTOS-L5_V1.1.0, X-CUBE-AZRTOS-WB_V2.0.0, X-CUBE-AZRTOS-WL_V2.0.0, X-CUBE-BLE1_V7.0.0, X-CUBE-BLE2_V3.3.0, X-CUBE-BLEMGR_V3.1.0, X-CUBE-EEPRMA1_V4.1.0, X-CUBE-EEPRMA1_V5.1.0, X-CUBE-FREERTOS_V1.1.0, X-CUBE-GNSS1_V6.0.0, X-CUBE-MEMS1_V10.0.0, X-CUBE-MEMS1_V9.1.0, X-CUBE-MEMS1_V9.4.0, X-CUBE-MEMS1_V9.6.0, X-CUBE-NFC4_V3.0.0, X-CUBE-NFC7_V1.0.1, X-CUBE-SFXS2LP1_V4.0.0, X-CUBE-SUBG2_V5.0.0, X-CUBE-TOF1_V3.4.0]
2024-06-10 17:11:48,198 [INFO] DbBoardsSqlite:226 - include board P-NUCLEO-WB55-NUCLEO as a kit item of type 'Nucleo-64'
2024-06-10 17:11:48,199 [INFO] DbBoardsSqlite:226 - include board P-NUCLEO-WB55-USBDONGLE as a kit item of type 'Nucleo USB Dongle'
2024-06-10 17:11:48,201 [INFO] DbBoardsSqlite:226 - include board STEVAL-IDP005V1 as a kit item of type 'Evaluation Board'
2024-06-10 17:11:48,201 [INFO] DbBoardsSqlite:226 - include board STEVAL-IDP005V2 as a kit item of type 'Evaluation Board'
2024-06-10 17:11:48,610 [INFO] ApiDb:240 - Found 297 in-development CPN: [B-G473E-ZEST1S, B-WB1M-WPAN1, B-WL5M-SUBG1, NUCLEO-C031C6, NUCLEO-H503RB, NUCLEO-H563ZI, NUCLEO-U545RE-Q, NUCLEO-U5A5ZJ-Q, NUCLEO-WBA52CG, STEVAL-PROTEUS1, STEVAL-STWINBX1, STM320518-EVAL, STM32C0116-DK, STM32C011D6Y3TR, STM32C011D6Y6TR, STM32C011F4P3, STM32C011F4P6, STM32C011F4U3, STM32C011F4U6TR, STM32C011F6P3, STM32C011F6P6, STM32C011F6U3, STM32C011F6U6TR, STM32C011J4M3, STM32C011J4M6, STM32C011J6M3, STM32C011J6M6, STM32C0316-DK, STM32C031C4T3, STM32C031C4T6, STM32C031C4U3, STM32C031C4U6, STM32C031C6T3, STM32C031C6T6, STM32C031C6U3, STM32C031C6U6, STM32C031F4P3, STM32C031F4P6, STM32C031F6P3, STM32C031F6P6, STM32C031G4U3, STM32C031G4U6, STM32C031G6U3, STM32C031G6U6, STM32C031K4T3, STM32C031K4T6, STM32C031K4U3, STM32C031K4U6, STM32C031K6T3, STM32C031K6T6, STM32C031K6U3, STM32C031K6U6, STM32G071K8TXN, STM32G071K8UXN, STM32G081GBU6N, STM32G081KBT6N, STM32G081KBUXN, STM32G0B1CCT6N, STM32G0B1KCT6, STM32G0B1NEY6TR, STM32G0B1RCT6N, STM32G0C1CCT6, STM32G0C1CCT6N, STM32G0C1CCU6N, STM32G0C1CET6N, STM32G0C1CEU6N, STM32G0C1KCT6, STM32G0C1NEY6TR, STM32G0C1RCI6N, STM32G0C1RCT6N, STM32G0C1REI6N, STM32G0C1RET6N, STM32G0C1VCI6, STM32G0C1VEI6, STM32G471CCT6, STM32G471CCU6, STM32G471CET3, STM32G471CET6, STM32G471CEU3, STM32G471CEU6, STM32G471MCT6, STM32G471MET3, STM32G471MET6, STM32G471MEY6TR, STM32G471QCT6, STM32G471QET3, STM32G471RCT6, STM32G471RET3, STM32G471RET6, STM32G471VCH6, STM32G471VCI6, STM32G471VCT6, STM32G471VEH3, STM32G471VEH6, STM32G471VEI3, STM32G471VEI6, STM32G471VET3, STM32G471VET6, STM32G474CCT6, STM32H503CBT6, STM32H503CBU6, STM32H503EBY6TR, STM32H503KBU6, STM32H503RBT6, STM32H562AGI6, STM32H562AII6, STM32H562IGK6, STM32H562IGT6, STM32H562IIK6, STM32H562IIT6, STM32H562RGT6, STM32H562RGV6, STM32H562RIT6, STM32H562RIV6, STM32H562VGT6, STM32H562VIT6, STM32H562ZGT6, STM32H562ZIT6, STM32H563AGI6, STM32H563AII3Q, STM32H563AII6, STM32H563IGK6, STM32H563IGT6, STM32H563IIK3Q, STM32H563IIK6, STM32H563IIT3Q, STM32H563IIT6, STM32H563MIY3QTR, STM32H563RGT6, STM32H563RGV6, STM32H563RIT6, STM32H563RIV6, STM32H563VGT6, STM32H563VIT3Q, STM32H563VIT6, STM32H563ZGT6, STM32H563ZIT3Q, STM32H563ZIT6, STM32H573AII3Q, STM32H573AII6, STM32H573I-DK, STM32H573IIK3Q, STM32H573IIK6, STM32H573IIT3Q, STM32H573IIT6, STM32H573MIY3QTR, STM32H573RIT6, STM32H573RIV6, STM32H573VIT3Q, STM32H573VIT6, STM32H573ZIT3Q, STM32H573ZIT6, STM32L4R5QGI6STR, STM32MP131AAE3, STM32MP131AAF3, STM32MP131AAG3, STM32MP131CAE3, STM32MP131CAF3, STM32MP131CAG3, STM32MP131DAE7, STM32MP131DAF7, STM32MP131DAG7, STM32MP131FAE7, STM32MP131FAF7, STM32MP131FAG7, STM32MP133AAE3, STM32MP133AAF3, STM32MP133AAG3, STM32MP133CAE3, STM32MP133CAF3, STM32MP133CAG3, STM32MP133DAE7, STM32MP133DAF7, STM32MP133DAG7, STM32MP133FAE7, STM32MP133FAF7, STM32MP133FAG7, STM32MP135AAE3, STM32MP135AAF3, STM32MP135AAG3, STM32MP135CAE3, STM32MP135CAF3, STM32MP135CAG3, STM32MP135DAE7, STM32MP135DAF7, STM32MP135DAG7, STM32MP135F-DK, STM32MP135FAE7, STM32MP135FAF7, STM32MP135FAF7T, STM32MP135FAF7U, STM32MP135FAG7, STM32U535CBT6, STM32U535CBT6Q, STM32U535CBU6, STM32U535CBU6Q, STM32U535CCT6, STM32U535CCT6Q, STM32U535CCU6, STM32U535CCU6Q, STM32U535CET6, STM32U535CET6Q, STM32U535CEU6, STM32U535CEU6Q, STM32U535JEY6QTR, STM32U535NCY6QTR, STM32U535NEY6QTR, STM32U535RBI6, STM32U535RBI6Q, STM32U535RBT6, STM32U535RBT6Q, STM32U535RCI6, STM32U535RCI6Q, STM32U535RCT6, STM32U535RCT6Q, STM32U535REI6, STM32U535REI6Q, STM32U535RET6, STM32U535RET6Q, STM32U535VCI6, STM32U535VCI6Q, STM32U535VCT6, STM32U535VCT6Q, STM32U535VEI6, STM32U535VEI6Q, STM32U535VET6, STM32U535VET6Q, STM32U545CET6, STM32U545CET6Q, STM32U545CEU6, STM32U545CEU6Q, STM32U545JEY6QTR, STM32U545NEY6QTR, STM32U545REI6, STM32U545REI6Q, STM32U545RET6, STM32U545RET6Q, STM32U545VEI6, STM32U545VEI6Q, STM32U545VET6, STM32U545VET6Q, STM32U595AIH6, STM32U595AIH6Q, STM32U595AJH6, STM32U595AJH6Q, STM32U595QII6, STM32U595QII6Q, STM32U595QJI6, STM32U595QJI6Q, STM32U595RIT6, STM32U595RIT6Q, STM32U595RJT6, STM32U595RJT6Q, STM32U595VIT6, STM32U595VIT6Q, STM32U595VJT6, STM32U595VJT6Q, STM32U595ZIT6, STM32U595ZIT6Q, STM32U595ZIY6QTR, STM32U595ZJT6, STM32U595ZJT6Q, STM32U595ZJY6QTR, STM32U599BJY6QTR, STM32U599NIH6Q, STM32U599NJH6Q, STM32U599VIT6Q, STM32U599VJT6, STM32U599VJT6Q, STM32U599ZIT6Q, STM32U599ZIY6QTR, STM32U599ZJT6Q, STM32U599ZJY6QTR, STM32U5A5AJH6, STM32U5A5AJH6Q, STM32U5A5QJI6, STM32U5A5QJI6Q, STM32U5A5RJT6, STM32U5A5RJT6Q, STM32U5A5VJT6, STM32U5A5VJT6Q, STM32U5A5ZJT6, STM32U5A5ZJT6Q, STM32U5A5ZJY6QTR, STM32U5A9BJY6QTR, STM32U5A9J-DK, STM32U5A9NJH6Q, STM32U5A9VJT6Q, STM32U5A9ZJT6Q, STM32U5A9ZJY6QTR, STM32WB1MMCH6, STM32WBA52CEU6, STM32WBA52CEU6T, STM32WBA52CGU6, STM32WBA52CGU6T, STM32WL5MOCH6, STM32WL5MOCH6TR]
2024-06-10 17:11:48,859 [INFO] BoardInfo:880 - No configuration file found for board NUCLEO-H533RE
2024-06-10 17:11:48,860 [INFO] DbBoards:157 - Board is not supported: NUCLEO-H533RE
2024-06-10 17:11:48,883 [INFO] BoardInfo:880 - No configuration file found for board NUCLEO-H7S3L8
2024-06-10 17:11:48,883 [INFO] DbBoards:157 - Board is not supported: NUCLEO-H7S3L8
2024-06-10 17:11:48,926 [INFO] BoardInfo:880 - No configuration file found for board NUCLEO-U031R8
2024-06-10 17:11:48,926 [INFO] DbBoards:157 - Board is not supported: NUCLEO-U031R8
2024-06-10 17:11:48,929 [INFO] BoardInfo:880 - No configuration file found for board NUCLEO-U083RC
2024-06-10 17:11:48,929 [INFO] DbBoards:157 - Board is not supported: NUCLEO-U083RC
2024-06-10 17:11:48,943 [INFO] BoardInfo:880 - No configuration file found for board NUCLEO-WBA55CG
2024-06-10 17:11:48,943 [INFO] DbBoards:157 - Board is not supported: NUCLEO-WBA55CG
2024-06-10 17:11:48,953 [INFO] BoardInfo:880 - No configuration file found for board P-NUCLEO-WB55
2024-06-10 17:11:48,954 [INFO] DbBoards:157 - Kit is not supported: P-NUCLEO-WB55
2024-06-10 17:11:48,962 [INFO] BoardInfo:880 - No configuration file found for board STEVAL-BFA001V1B
2024-06-10 17:11:48,963 [INFO] DbBoards:157 - Kit is not supported: STEVAL-BFA001V1B
2024-06-10 17:11:48,965 [INFO] BoardInfo:880 - No configuration file found for board STEVAL-BFA001V2B
2024-06-10 17:11:48,965 [INFO] DbBoards:157 - Kit is not supported: STEVAL-BFA001V2B
2024-06-10 17:11:48,972 [INFO] BoardInfo:880 - No configuration file found for board STEVAL-MKBOXPRO
2024-06-10 17:11:48,972 [INFO] DbBoards:157 - Board is not supported: STEVAL-MKBOXPRO
2024-06-10 17:11:48,979 [INFO] BoardInfo:880 - No configuration file found for board STEVAL-SMARTAG2
2024-06-10 17:11:48,979 [INFO] DbBoards:157 - Board is not supported: STEVAL-SMARTAG2
2024-06-10 17:11:49,113 [WARN] PackLoader:240 - Cannot read IP mode file for STMicroelectronics.FP-SNS-MOTENVWB1.1.4.0
2024-06-10 17:11:49,150 [WARN] PackLoader:240 - Cannot read IP mode file for STMicroelectronics.X-CUBE-SMBUS.2.1.0
2024-06-10 17:11:49,159 [INFO] BoardInfo:880 - No configuration file found for board STM32H7S78-DK
2024-06-10 17:11:49,159 [INFO] DbBoards:157 - Board is not supported: STM32H7S78-DK
2024-06-10 17:11:49,160 [WARN] PackLoader:240 - Cannot read IP mode file for STMicroelectronics.X-CUBE-TOUCHGFX.4.23.2
2024-06-10 17:11:49,212 [INFO] BoardInfo:880 - No configuration file found for board STM32U083C-DK
2024-06-10 17:11:49,213 [INFO] DbBoards:157 - Board is not supported: STM32U083C-DK
2024-06-10 17:11:49,221 [INFO] BoardInfo:880 - No configuration file found for board STM32U5G9J-DK1
2024-06-10 17:11:49,221 [INFO] DbBoards:157 - Board is not supported: STM32U5G9J-DK1
2024-06-10 17:11:49,224 [INFO] BoardInfo:880 - No configuration file found for board STM32U5G9J-DK2
2024-06-10 17:11:49,224 [INFO] DbBoards:157 - Board is not supported: STM32U5G9J-DK2
2024-06-10 17:11:49,232 [INFO] BoardInfo:880 - No configuration file found for board STM32WBA55G-DK1
2024-06-10 17:11:49,232 [INFO] DbBoards:157 - Board is not supported: STM32WBA55G-DK1
2024-06-10 17:11:49,233 [INFO] DbBoards:161 - Found 199 boards, 184 are supported
2024-06-10 17:11:49,245 [INFO] ApiDb:668 - CubeFinder database Data Model version=2.1
2024-06-10 17:11:49,245 [INFO] ApiDb:669 - CubeFinder database Configuration version=3.0.39
2024-06-10 17:11:49,246 [INFO] ApiDb:670 - CubeFinder database generation date=2024-05-16 (1715872938)
2024-06-10 17:11:49,246 [INFO] ApiDb:671 - CubeFinder database FW Pack versions=[FP-ATR-ASTRA1_V2.0.0, FP-SNS-FLIGHT1_V5.0.1, FP-SNS-FLIGHT1_V5.0.2, FP-SNS-MOTENV1_V4.3.1, FP-SNS-MOTENV1_V4.3.2, FP-SNS-MOTENV1_V5.0.0, FP-SNS-MOTENVWB1_V1.4.0, FP-SNS-SMARTAG2_V1.2.0, STM32Cube_FW_C0_V1.1.0, STM32Cube_FW_F4_V1.28.0, STM32Cube_FW_F7_V1.17.0, STM32Cube_FW_G0_V1.6.2, STM32Cube_FW_G4_V1.5.2, STM32Cube_FW_H5_V0.5.1, STM32Cube_FW_H5_V1.1.1, STM32Cube_FW_H5_V1.2.0, STM32Cube_FW_H5_V1.2.0RC4, STM32Cube_FW_H7RS_V1.0.0, STM32Cube_FW_H7RS_V1.0.0RC4, STM32Cube_FW_H7_V1.11.0, STM32Cube_FW_L0_V1.12.2, STM32Cube_FW_L5_V1.5.1, STM32Cube_FW_U0_V1.0.0, STM32Cube_FW_U0_V1.0.0RC1, STM32Cube_FW_U5_V1.3.0RC4, STM32Cube_FW_U5_V1.5.0, STM32Cube_FW_U5_V1.5.0RC1, STM32Cube_FW_WBA_V1.0.0RC1, STM32Cube_FW_WBA_V1.2.0, STM32Cube_FW_WBA_V1.2.0RC2, STM32Cube_FW_WBA_V1.3.0, STM32Cube_FW_WBA_V1.3.0RC1, STM32Cube_FW_WB_V1.15.0RC1, STM32Cube_FW_WB_V1.16.0, STM32Cube_FW_WB_V1.16.0RC2, STM32Cube_FW_WB_V1.18.0, STM32Cube_FW_WB_V1.19.0, STM32Cube_FW_WL_V1.3.0, X-CUBE-ALGOBUILD_V1.4.0, X-CUBE-ALS_V1.0.1, X-CUBE-AZRTOS-F4_V1.1.0, X-CUBE-AZRTOS-F7_V1.1.0, X-CUBE-AZRTOS-G0_V1.1.0, X-CUBE-AZRTOS-G4_V2.0.0, X-CUBE-AZRTOS-H7_V3.2.0, X-CUBE-AZRTOS-L4_V1.0.0, X-CUBE-AZRTOS-L4_V2.0.0, X-CUBE-AZRTOS-L5_V1.1.0, X-CUBE-AZRTOS-WB_V2.0.0, X-CUBE-AZRTOS-WL_V2.0.0, X-CUBE-BLE1_V7.0.0, X-CUBE-BLE2_V3.3.0, X-CUBE-BLEMGR_V3.1.0, X-CUBE-EEPRMA1_V4.1.0, X-CUBE-EEPRMA1_V5.1.0, X-CUBE-FREERTOS_V1.1.0, X-CUBE-GNSS1_V6.0.0, X-CUBE-MEMS1_V10.0.0, X-CUBE-MEMS1_V9.1.0, X-CUBE-MEMS1_V9.4.0, X-CUBE-MEMS1_V9.6.0, X-CUBE-NFC4_V3.0.0, X-CUBE-NFC7_V1.0.1, X-CUBE-SFXS2LP1_V4.0.0, X-CUBE-SUBG2_V5.0.0, X-CUBE-TOF1_V3.4.0]
2024-06-10 17:11:49,256 [WARN] PackLoader:240 - Cannot read IP mode file for STMicroelectronics.X-CUBE-AZRTOS-F7.1.1.0
2024-06-10 17:11:49,285 [ERROR] RealEvaluatedCondition:428 - Found unsupported composite condition: CLASS='Data Exchange' GROUP='STM32_MetaDataManager'
2024-06-10 17:11:49,285 [ERROR] RealEvaluatedCondition:428 - Found unsupported composite condition: CLASS='Data Exchange' GROUP='STM32_MetaDataManager'
2024-06-10 17:11:49,289 [WARN] PackLoader:240 - Cannot read IP mode file for STMicroelectronics.FP-SNS-MOTENV1.4.3.0
2024-06-10 17:11:49,325 [WARN] PackLoader:240 - Cannot read IP mode file for STMicroelectronics.FP-SNS-MOTENV1.4.3.2
2024-06-10 17:11:49,353 [WARN] PackLoader:240 - Cannot read IP mode file for STMicroelectronics.FP-SNS-FLIGHT1.5.0.0
2024-06-10 17:11:49,367 [ERROR] RealEvaluatedCondition:428 - Found unsupported composite condition: GROUP='STM32_MetaDataManager' CLASS='Data Exchange'
2024-06-10 17:11:49,367 [ERROR] RealEvaluatedCondition:428 - Found unsupported composite condition: GROUP='STM32_MetaDataManager' CLASS='Data Exchange'
2024-06-10 17:11:49,377 [WARN] PackLoader:240 - Cannot read IP mode file for STMicroelectronics.FP-SNS-MOTENV1.4.3.1
2024-06-10 17:11:49,411 [WARN] PackLoader:240 - Cannot read IP mode file for STMicroelectronics.FP-SNS-FLIGHT1.5.0.1
2024-06-10 17:11:49,432 [WARN] PackLoader:240 - Cannot read IP mode file for STMicroelectronics.X-CUBE-BLE1.6.2.4
2024-06-10 17:11:49,444 [WARN] PackLoader:240 - Cannot read IP mode file for STMicroelectronics.FP-SNS-FLIGHT1.5.0.2
2024-06-10 17:11:49,479 [WARN] PackLoader:240 - Cannot read IP mode file for STMicroelectronics.X-CUBE-DISPLAY.3.0.0
2024-06-10 17:11:49,517 [WARN] PackLoader:240 - Cannot read IP mode file for STMicroelectronics.X-CUBE-BLE1.7.0.0
2024-06-10 17:11:49,526 [WARN] PackLoader:240 - Cannot read IP mode file for STMicroelectronics.X-CUBE-TOUCHGFX.4.22.0
2024-06-10 17:11:49,534 [WARN] PackLoader:240 - Cannot read IP mode file for STMicroelectronics.X-CUBE-TOUCHGFX.4.22.1
2024-06-10 17:11:49,567 [WARN] PackLoader:240 - Cannot read IP mode file for STMicroelectronics.X-CUBE-BLEMGR.3.1.0
2024-06-10 17:11:49,608 [WARN] PackLoader:240 - Cannot read IP mode file for STMicroelectronics.FP-SNS-SMARTAG2.1.2.0
2024-06-10 17:11:49,637 [INFO] LogOutputStream:77 - [STDOUT_REDIRECT] 1 : Invalid condition id : UX_CORESTACK_Condition cause : null
2024-06-10 17:11:49,638 [INFO] LogOutputStream:77 - [STDOUT_REDIRECT] 1 : Invalid condition id : UX_CORESTACK_Condition cause : null
2024-06-10 17:11:49,638 [INFO] LogOutputStream:77 - [STDOUT_REDIRECT] 1 : Invalid condition id : UX_CORESTACK_Condition cause : null
2024-06-10 17:11:49,638 [INFO] LogOutputStream:77 - [STDOUT_REDIRECT] 1 : Invalid condition id : UX_CORESTACK_Condition cause : null
2024-06-10 17:11:49,638 [INFO] LogOutputStream:77 - [STDOUT_REDIRECT] 1 : Invalid condition id : UX_CORESTACK_Condition cause : null
2024-06-10 17:11:49,674 [WARN] PackLoader:240 - Cannot read IP mode file for STMicroelectronics.X-CUBE-AZRTOS-WL.2.0.0
2024-06-10 17:11:49,687 [WARN] PackLoader:240 - Cannot read IP mode file for STMicroelectronics.FP-SNS-MOTENV1.5.0.0
2024-06-10 17:11:49,707 [WARN] PackLoader:240 - Cannot read IP mode file for WES.I-CUBE-Cesium.1.3.0
2024-06-10 17:11:49,717 [WARN] PackLoader:240 - Cannot read IP mode file for STMicroelectronics.X-CUBE-BLE2.3.3.0
2024-06-10 17:11:49,729 [WARN] PackLoader:240 - Cannot read IP mode file for STMicroelectronics.X-CUBE-TCPP.4.1.0
2024-06-10 17:11:49,740 [WARN] PackLoader:240 - Cannot read IP mode file for STMicroelectronics.X-CUBE-TOUCHGFX.4.21.3
2024-06-10 17:11:49,744 [WARN] PackLoader:240 - Cannot read IP mode file for STMicroelectronics.X-CUBE-TOUCHGFX.4.21.4
2024-06-10 17:11:49,759 [WARN] PackLoader:240 - Cannot read IP mode file for STMicroelectronics.X-CUBE-ALGOBUILD.1.3.0
2024-06-10 17:11:49,806 [WARN] PackLoader:240 - Cannot read IP mode file for STMicroelectronics.X-CUBE-AZRTOS-G0.1.1.0
2024-06-10 17:11:49,858 [WARN] PackLoader:240 - Cannot read IP mode file for STMicroelectronics.X-CUBE-SAFEA1.1.2.2
2024-06-10 17:11:49,880 [WARN] PackLoader:240 - Cannot read IP mode file for STMicroelectronics.X-CUBE-NFC4.3.0.0
2024-06-10 17:11:49,896 [WARN] PackLoader:240 - Cannot read IP mode file for wolfSSL.I-CUBE-wolfMQTT.1.18.0
2024-06-10 17:11:49,904 [WARN] PackLoader:240 - Cannot read IP mode file for STMicroelectronics.FP-ATR-SIGFOX1.3.2.0
2024-06-10 17:11:49,918 [WARN] PackLoader:240 - Cannot read IP mode file for STMicroelectronics.X-CUBE-EEPRMA1.5.1.0
2024-06-10 17:11:50,027 [WARN] PackLoader:240 - Cannot read IP mode file for SEGGER.I-CUBE-embOS.1.3.1
2024-06-10 17:11:50,153 [WARN] PackLoader:240 - Cannot read IP mode file for STMicroelectronics.X-CUBE-ALGOBUILD.1.4.0
2024-06-10 17:11:50,172 [WARN] PackLoader:240 - Cannot read IP mode file for STMicroelectronics.X-CUBE-GNSS1.6.0.0
2024-06-10 17:11:50,224 [WARN] PackLoader:240 - Cannot read IP mode file for STMicroelectronics.X-CUBE-AZRTOS-F4.1.1.0
2024-06-10 17:11:50,252 [WARN] PackLoader:240 - Cannot read IP mode file for wolfSSL.I-CUBE-wolfSSL.5.6.0
2024-06-10 17:11:50,268 [WARN] PackLoader:240 - Cannot read IP mode file for STMicroelectronics.X-CUBE-FREERTOS.1.2.0
2024-06-10 17:11:50,322 [WARN] PackLoader:240 - Cannot read IP mode file for STMicroelectronics.X-CUBE-AZRTOS-L5.2.0.0
2024-06-10 17:11:50,444 [WARN] PackLoader:240 - Cannot read IP mode file for STMicroelectronics.X-CUBE-MEMS1.9.6.0
2024-06-10 17:11:50,799 [WARN] PackLoader:240 - Cannot read IP mode file for STMicroelectronics.X-CUBE-NFC6.3.1.0
2024-06-10 17:11:50,810 [WARN] PackLoader:240 - Cannot read IP mode file for ITTIA_DB.I-CUBE-ITTIADB.8.8.0
2024-06-10 17:11:50,821 [WARN] PackLoader:240 - Cannot read IP mode file for emotas.I-CUBE-CANOPEN.1.1.3
2024-06-10 17:11:50,835 [WARN] PackLoader:240 - Cannot read IP mode file for STMicroelectronics.X-CUBE-BLEMGR.2.0.0
2024-06-10 17:11:50,844 [WARN] PackLoader:240 - Cannot read IP mode file for STMicroelectronics.X-CUBE-AI.9.0.0
2024-06-10 17:11:50,924 [WARN] ConditionMgr:438 - getConditionDescription Invalid condition id : UX DEVICE CLASS RTOS Condition cause : null
2024-06-10 17:11:50,925 [WARN] ConditionMgr:438 - getConditionDescription Invalid condition id : UX DEVICE CLASS RTOS Condition cause : null
2024-06-10 17:11:50,938 [WARN] PackLoader:240 - Cannot read IP mode file for STMicroelectronics.X-CUBE-AZRTOS-H7.3.1.0
2024-06-10 17:11:50,941 [WARN] ConditionMgr:1039 - genDependencies : Invalid condition id : UX DEVICE CLASS RTOS Condition cause : null
2024-06-10 17:11:50,941 [WARN] ConditionMgr:1039 - genDependencies : Invalid condition id : UX DEVICE CLASS RTOS Condition cause : null
2024-06-10 17:11:50,947 [WARN] ConditionMgr:1039 - genDependencies : Invalid condition id : UX DEVICE CLASS RTOS Condition cause : null
2024-06-10 17:11:50,948 [WARN] ConditionMgr:1039 - genDependencies : Invalid condition id : UX DEVICE CLASS RTOS Condition cause : null
2024-06-10 17:11:50,948 [WARN] ConditionMgr:1039 - genDependencies : Invalid condition id : UX DEVICE CLASS RTOS Condition cause : null
2024-06-10 17:11:50,965 [WARN] PackLoader:240 - Cannot read IP mode file for STMicroelectronics.X-CUBE-NFC7.1.0.1
2024-06-10 17:11:50,975 [WARN] PackLoader:240 - Cannot read IP mode file for STMicroelectronics.X-CUBE-NFC7.1.0.0
2024-06-10 17:11:51,007 [WARN] PackLoader:240 - Cannot read IP mode file for STMicroelectronics.X-CUBE-NFC6.3.0.0
2024-06-10 17:11:51,025 [WARN] PackLoader:240 - Cannot read IP mode file for STMicroelectronics.X-CUBE-EEPRMA1.4.1.0
2024-06-10 17:11:51,035 [WARN] PackLoader:240 - Cannot read IP mode file for STMicroelectronics.X-CUBE-AI.8.1.0
2024-06-10 17:11:51,087 [WARN] ConditionMgr:438 - getConditionDescription Invalid condition id : LAN8742 Phy interface Condition cause : null
2024-06-10 17:11:51,089 [WARN] PackLoader:240 - Cannot read IP mode file for STMicroelectronics.X-CUBE-AZRTOS-L4.2.0.0
2024-06-10 17:11:51,092 [WARN] ConditionMgr:1039 - genDependencies : Invalid condition id : LAN8742 Phy interface Condition cause : null
2024-06-10 17:11:51,092 [WARN] ConditionMgr:1039 - genDependencies : Invalid condition id : LAN8742 Phy interface Condition cause : null
2024-06-10 17:11:51,098 [WARN] ConditionMgr:1039 - genDependencies : Invalid condition id : LAN8742 Phy interface Condition cause : null
2024-06-10 17:11:51,118 [WARN] PackLoader:240 - Cannot read IP mode file for STMicroelectronics.X-CUBE-SFXS2LP1.4.0.0
2024-06-10 17:11:51,126 [WARN] PackLoader:240 - Cannot read IP mode file for STMicroelectronics.X-CUBE-ISPU.1.1.0
2024-06-10 17:11:51,134 [WARN] PackLoader:240 - Cannot read IP mode file for STMicroelectronics.X-CUBE-AI.8.0.0
2024-06-10 17:11:51,175 [WARN] ConditionMgr:438 - getConditionDescription Invalid condition id : UX DEVICE CLASS RTOS Condition cause : null
2024-06-10 17:11:51,177 [WARN] ConditionMgr:438 - getConditionDescription Invalid condition id : UX DEVICE CLASS RTOS Condition cause : null
2024-06-10 17:11:51,189 [WARN] PackLoader:240 - Cannot read IP mode file for STMicroelectronics.X-CUBE-AZRTOS-WB.2.0.0
2024-06-10 17:11:51,192 [WARN] ConditionMgr:1039 - genDependencies : Invalid condition id : UX DEVICE CLASS RTOS Condition cause : null
2024-06-10 17:11:51,193 [WARN] ConditionMgr:1039 - genDependencies : Invalid condition id : UX DEVICE CLASS RTOS Condition cause : null
2024-06-10 17:11:51,195 [WARN] ConditionMgr:1039 - genDependencies : Invalid condition id : UX DEVICE CLASS RTOS Condition cause : null
2024-06-10 17:11:51,197 [WARN] ConditionMgr:1039 - genDependencies : Invalid condition id : UX DEVICE CLASS RTOS Condition cause : null
2024-06-10 17:11:51,199 [WARN] ConditionMgr:1039 - genDependencies : Invalid condition id : UX DEVICE CLASS RTOS Condition cause : null
2024-06-10 17:11:51,213 [WARN] PackLoader:240 - Cannot read IP mode file for STMicroelectronics.X-CUBE-FREERTOS.1.0.1
2024-06-10 17:11:51,262 [WARN] PackLoader:240 - Cannot read IP mode file for STMicroelectronics.X-CUBE-AZRTOS-L5.1.1.0
2024-06-10 17:11:51,283 [WARN] PackLoader:240 - Cannot read IP mode file for STMicroelectronics.X-CUBE-AI.8.0.1
2024-06-10 17:11:51,307 [WARN] PackLoader:240 - Cannot read IP mode file for STMicroelectronics.X-CUBE-SUBG2.5.0.0
2024-06-10 17:11:51,347 [WARN] PackLoader:240 - Cannot read IP mode file for STMicroelectronics.X-CUBE-TOF1.3.3.1
2024-06-10 17:11:51,423 [WARN] PackLoader:240 - Cannot read IP mode file for STMicroelectronics.X-CUBE-AZRTOS-G4.2.0.0
2024-06-10 17:11:51,450 [WARN] PackLoader:240 - Cannot read IP mode file for STMicroelectronics.X-CUBE-TOF1.3.3.0
2024-06-10 17:11:51,554 [WARN] PackLoader:240 - Cannot read IP mode file for STMicroelectronics.X-CUBE-AZRTOS-L4.1.0.0
2024-06-10 17:11:51,574 [WARN] PackLoader:240 - Cannot read IP mode file for STMicroelectronics.X-CUBE-ISPU.2.0.0
2024-06-10 17:11:51,582 [WARN] PackLoader:240 - Cannot read IP mode file for STMicroelectronics.X-CUBE-ALS.1.0.2
2024-06-10 17:11:51,704 [WARN] PackLoader:240 - Cannot read IP mode file for STMicroelectronics.X-CUBE-MEMS1.10.0.0
2024-06-10 17:11:52,042 [WARN] PackLoader:240 - Cannot read IP mode file for STMicroelectronics.X-CUBE-FREERTOS.1.1.0
2024-06-10 17:11:52,068 [WARN] PackLoader:240 - Cannot read IP mode file for STMicroelectronics.X-CUBE-AZRTOS-WL.1.0.0
2024-06-10 17:11:52,080 [WARN] PackLoader:240 - Cannot read IP mode file for portGmbH.I-Cube-SoM-uGOAL.1.1.0
2024-06-10 17:11:52,087 [WARN] PackLoader:240 - Cannot read IP mode file for STMicroelectronics.X-CUBE-ALS.1.0.1
2024-06-10 17:11:52,118 [WARN] PackLoader:240 - Cannot read IP mode file for STMicroelectronics.X-CUBE-AZRTOS-WB.1.1.0
2024-06-10 17:11:52,174 [WARN] PackLoader:240 - Cannot read IP mode file for STMicroelectronics.X-CUBE-AZRTOS-H7RS.1.0.0
2024-06-10 17:11:52,188 [WARN] PackLoader:240 - Cannot read IP mode file for STMicroelectronics.FP-ATR-ASTRA1.2.0.0
2024-06-10 17:11:52,220 [WARN] PackLoader:240 - Cannot read IP mode file for STMicroelectronics.X-CUBE-TOF1.3.4.1
2024-06-10 17:11:52,315 [WARN] PackLoader:240 - Cannot read IP mode file for STMicroelectronics.X-CUBE-AZRTOS-H7.3.2.0
2024-06-10 17:11:52,357 [WARN] PackLoader:240 - Cannot read IP mode file for Infineon.AIROC-Wi-Fi-Bluetooth-STM32.1.6.0
2024-06-10 17:11:52,372 [INFO] ThirdParty:978 - Integrity check success = true
2024-06-10 17:11:52,372 [INFO] IntegrityCheckThread:100 - exiting critical section [integrity check]
2024-06-10 17:11:52,372 [INFO] IntegrityCheckThread:103 - End integrity checks thread
2024-06-10 17:11:53,919 [INFO] ApiDb:240 - Found 297 in-development CPN: [B-G473E-ZEST1S, B-WB1M-WPAN1, B-WL5M-SUBG1, NUCLEO-C031C6, NUCLEO-H503RB, NUCLEO-H563ZI, NUCLEO-U545RE-Q, NUCLEO-U5A5ZJ-Q, NUCLEO-WBA52CG, STEVAL-PROTEUS1, STEVAL-STWINBX1, STM320518-EVAL, STM32C0116-DK, STM32C011D6Y3TR, STM32C011D6Y6TR, STM32C011F4P3, STM32C011F4P6, STM32C011F4U3, STM32C011F4U6TR, STM32C011F6P3, STM32C011F6P6, STM32C011F6U3, STM32C011F6U6TR, STM32C011J4M3, STM32C011J4M6, STM32C011J6M3, STM32C011J6M6, STM32C0316-DK, STM32C031C4T3, STM32C031C4T6, STM32C031C4U3, STM32C031C4U6, STM32C031C6T3, STM32C031C6T6, STM32C031C6U3, STM32C031C6U6, STM32C031F4P3, STM32C031F4P6, STM32C031F6P3, STM32C031F6P6, STM32C031G4U3, STM32C031G4U6, STM32C031G6U3, STM32C031G6U6, STM32C031K4T3, STM32C031K4T6, STM32C031K4U3, STM32C031K4U6, STM32C031K6T3, STM32C031K6T6, STM32C031K6U3, STM32C031K6U6, STM32G071K8TXN, STM32G071K8UXN, STM32G081GBU6N, STM32G081KBT6N, STM32G081KBUXN, STM32G0B1CCT6N, STM32G0B1KCT6, STM32G0B1NEY6TR, STM32G0B1RCT6N, STM32G0C1CCT6, STM32G0C1CCT6N, STM32G0C1CCU6N, STM32G0C1CET6N, STM32G0C1CEU6N, STM32G0C1KCT6, STM32G0C1NEY6TR, STM32G0C1RCI6N, STM32G0C1RCT6N, STM32G0C1REI6N, STM32G0C1RET6N, STM32G0C1VCI6, STM32G0C1VEI6, STM32G471CCT6, STM32G471CCU6, STM32G471CET3, STM32G471CET6, STM32G471CEU3, STM32G471CEU6, STM32G471MCT6, STM32G471MET3, STM32G471MET6, STM32G471MEY6TR, STM32G471QCT6, STM32G471QET3, STM32G471RCT6, STM32G471RET3, STM32G471RET6, STM32G471VCH6, STM32G471VCI6, STM32G471VCT6, STM32G471VEH3, STM32G471VEH6, STM32G471VEI3, STM32G471VEI6, STM32G471VET3, STM32G471VET6, STM32G474CCT6, STM32H503CBT6, STM32H503CBU6, STM32H503EBY6TR, STM32H503KBU6, STM32H503RBT6, STM32H562AGI6, STM32H562AII6, STM32H562IGK6, STM32H562IGT6, STM32H562IIK6, STM32H562IIT6, STM32H562RGT6, STM32H562RGV6, STM32H562RIT6, STM32H562RIV6, STM32H562VGT6, STM32H562VIT6, STM32H562ZGT6, STM32H562ZIT6, STM32H563AGI6, STM32H563AII3Q, STM32H563AII6, STM32H563IGK6, STM32H563IGT6, STM32H563IIK3Q, STM32H563IIK6, STM32H563IIT3Q, STM32H563IIT6, STM32H563MIY3QTR, STM32H563RGT6, STM32H563RGV6, STM32H563RIT6, STM32H563RIV6, STM32H563VGT6, STM32H563VIT3Q, STM32H563VIT6, STM32H563ZGT6, STM32H563ZIT3Q, STM32H563ZIT6, STM32H573AII3Q, STM32H573AII6, STM32H573I-DK, STM32H573IIK3Q, STM32H573IIK6, STM32H573IIT3Q, STM32H573IIT6, STM32H573MIY3QTR, STM32H573RIT6, STM32H573RIV6, STM32H573VIT3Q, STM32H573VIT6, STM32H573ZIT3Q, STM32H573ZIT6, STM32L4R5QGI6STR, STM32MP131AAE3, STM32MP131AAF3, STM32MP131AAG3, STM32MP131CAE3, STM32MP131CAF3, STM32MP131CAG3, STM32MP131DAE7, STM32MP131DAF7, STM32MP131DAG7, STM32MP131FAE7, STM32MP131FAF7, STM32MP131FAG7, STM32MP133AAE3, STM32MP133AAF3, STM32MP133AAG3, STM32MP133CAE3, STM32MP133CAF3, STM32MP133CAG3, STM32MP133DAE7, STM32MP133DAF7, STM32MP133DAG7, STM32MP133FAE7, STM32MP133FAF7, STM32MP133FAG7, STM32MP135AAE3, STM32MP135AAF3, STM32MP135AAG3, STM32MP135CAE3, STM32MP135CAF3, STM32MP135CAG3, STM32MP135DAE7, STM32MP135DAF7, STM32MP135DAG7, STM32MP135F-DK, STM32MP135FAE7, STM32MP135FAF7, STM32MP135FAF7T, STM32MP135FAF7U, STM32MP135FAG7, STM32U535CBT6, STM32U535CBT6Q, STM32U535CBU6, STM32U535CBU6Q, STM32U535CCT6, STM32U535CCT6Q, STM32U535CCU6, STM32U535CCU6Q, STM32U535CET6, STM32U535CET6Q, STM32U535CEU6, STM32U535CEU6Q, STM32U535JEY6QTR, STM32U535NCY6QTR, STM32U535NEY6QTR, STM32U535RBI6, STM32U535RBI6Q, STM32U535RBT6, STM32U535RBT6Q, STM32U535RCI6, STM32U535RCI6Q, STM32U535RCT6, STM32U535RCT6Q, STM32U535REI6, STM32U535REI6Q, STM32U535RET6, STM32U535RET6Q, STM32U535VCI6, STM32U535VCI6Q, STM32U535VCT6, STM32U535VCT6Q, STM32U535VEI6, STM32U535VEI6Q, STM32U535VET6, STM32U535VET6Q, STM32U545CET6, STM32U545CET6Q, STM32U545CEU6, STM32U545CEU6Q, STM32U545JEY6QTR, STM32U545NEY6QTR, STM32U545REI6, STM32U545REI6Q, STM32U545RET6, STM32U545RET6Q, STM32U545VEI6, STM32U545VEI6Q, STM32U545VET6, STM32U545VET6Q, STM32U595AIH6, STM32U595AIH6Q, STM32U595AJH6, STM32U595AJH6Q, STM32U595QII6, STM32U595QII6Q, STM32U595QJI6, STM32U595QJI6Q, STM32U595RIT6, STM32U595RIT6Q, STM32U595RJT6, STM32U595RJT6Q, STM32U595VIT6, STM32U595VIT6Q, STM32U595VJT6, STM32U595VJT6Q, STM32U595ZIT6, STM32U595ZIT6Q, STM32U595ZIY6QTR, STM32U595ZJT6, STM32U595ZJT6Q, STM32U595ZJY6QTR, STM32U599BJY6QTR, STM32U599NIH6Q, STM32U599NJH6Q, STM32U599VIT6Q, STM32U599VJT6, STM32U599VJT6Q, STM32U599ZIT6Q, STM32U599ZIY6QTR, STM32U599ZJT6Q, STM32U599ZJY6QTR, STM32U5A5AJH6, STM32U5A5AJH6Q, STM32U5A5QJI6, STM32U5A5QJI6Q, STM32U5A5RJT6, STM32U5A5RJT6Q, STM32U5A5VJT6, STM32U5A5VJT6Q, STM32U5A5ZJT6, STM32U5A5ZJT6Q, STM32U5A5ZJY6QTR, STM32U5A9BJY6QTR, STM32U5A9J-DK, STM32U5A9NJH6Q, STM32U5A9VJT6Q, STM32U5A9ZJT6Q, STM32U5A9ZJY6QTR, STM32WB1MMCH6, STM32WBA52CEU6, STM32WBA52CEU6T, STM32WBA52CGU6, STM32WBA52CGU6T, STM32WL5MOCH6, STM32WL5MOCH6TR]
2024-06-10 17:11:53,926 [INFO] DbMcus:216 - Found 4066 MCUs, 4066 are supported
2024-06-10 17:11:53,931 [INFO] ApiDb:423 - Load user favorites file /home/dnk066/.stm32cubeide/favorites.mcus.txt: 0 item(s)
2024-06-10 17:11:53,932 [INFO] ApiDb:427 - User favorites MCUs=[]
2024-06-10 17:11:53,933 [INFO] DbMcus:222 - Set 0 / 0 favorites MCUs
2024-06-10 17:11:54,753 [INFO] ApiDb:423 - Load user favorites file /home/dnk066/.stm32cubeide/favorites.boards.txt: 4 item(s)
2024-06-10 17:11:54,753 [INFO] ApiDb:427 - User favorites Boards=[NUCLEO-L496ZG-P, NUCLEO-L4A6ZG, NUCLEO-L4R5ZI, STM32L152C-DISCO]
2024-06-10 17:11:54,754 [INFO] DbBoards:190 - Set 4 / 4 favorites Boards
2024-06-10 17:11:54,754 [INFO] McuFinderGlobals:66 - Set McuFinderConnectedMode to true
2024-06-10 17:11:54,768 [INFO] MultiScanPanel:200 - Auto-refresh data requested => check proxy status ongoing
2024-06-10 17:11:54,776 [INFO] FinderPluginLoader:95 - Searching for filters in installed packs
2024-06-10 17:11:57,850 [INFO] LoadUrlFilesThread:185 - End of LoadServerUrlFiles without Thread
2024-06-10 17:11:57,884 [INFO] DetailPanel:341 - Set advertising image to /home/dnk066/STM32Cube/Repository//en.prom-stm32h7rs-mcu-finder.jpg
2024-06-10 17:12:07,242 [INFO] MultiScanPanel:200 - Auto-refresh data requested => check proxy status ongoing
2024-06-10 17:12:07,593 [INFO] LoadUrlFilesThread:185 - End of LoadServerUrlFiles without Thread
2024-06-10 17:12:07,593 [INFO] DetailPanel:341 - Set advertising image to /home/dnk066/STM32Cube/Repository//en.prom-stm32h7rs-mcu-finder.jpg
2024-06-10 17:12:43,209 [INFO] MainUpdater:2854 - connection check result : 10
2024-06-10 17:12:43,210 [INFO] MainUpdater:2854 - connection check result : 10
2024-06-10 17:12:43,244 [INFO] MicroXplorer:468 - Change Database Path : 
2024-06-10 17:12:43,245 [INFO] MicroXplorer:498 - Change Database Version : DB.6.0.81
2024-06-10 17:12:43,245 [WARN] ThirdParty:871 - waiting for thirdparty lock release [close project]
2024-06-10 17:12:43,245 [INFO] ThirdParty:873 - entering critical section [close project]
2024-06-10 17:12:43,247 [INFO] ThirdParty:883 - exiting critical section [close project]
2024-06-10 17:12:43,253 [INFO] PinOutPanel:1499 - setPackage(No Configuration,No Configuration)
2024-06-10 17:12:43,269 [INFO] UtilMem:75 - Begin LoadConfig() Used Memory: 417026048 Bytes (590348288)
2024-06-10 17:12:43,287 [INFO] OpenFileManager:308 - Change cursor
2024-06-10 17:12:43,442 [INFO] ProjectFactory:402 - No CPN specified for board NUCLEO-L4A6ZG => set CPN to STM32L4A6ZGT6
2024-06-10 17:12:43,453 [INFO] Mcu:1937 - Initializing MCU STM32L4A6ZGTx STM32L4A6ZGTx STM32L4A6ZGT6
2024-06-10 17:12:48,946 [INFO] Context:659 - Trying to add GPIOservice into a context  which must be forbidden
2024-06-10 17:12:50,475 [INFO] Rule:228 - rule 117617 - U5Cobra4M][GTZC] default value MPCBB3 and MPCBB5 - Not Secured memory - MPCBB1 is applicable
2024-06-10 17:12:50,475 [INFO] Rule:228 - rule 117617 - U5Cobra4M][GTZC] default value MPCBB3 and MPCBB5 - Not Secured memory - MPCBB1 is applicable
2024-06-10 17:12:50,476 [INFO] Rule:228 - rule 117617 - U5Cobra4M][GTZC] default value MPCBB3 and MPCBB5 - Not Secured memory - MPCBB2 is applicable
2024-06-10 17:12:50,476 [INFO] Rule:228 - rule 117617 - U5Cobra4M][GTZC] default value MPCBB3 and MPCBB5 - Not Secured memory - MPCBB2 is applicable
2024-06-10 17:12:50,477 [INFO] Rule:228 - rule 117617 - U5Cobra4M][GTZC] default value MPCBB3 and MPCBB5 - Not Secured memory - MPCBB3 is applicable
2024-06-10 17:12:50,477 [INFO] Rule:228 - rule 117617 - U5Cobra4M][GTZC] default value MPCBB3 and MPCBB5 - Not Secured memory - MPCBB3 is applicable
2024-06-10 17:12:50,477 [INFO] Rule:228 - rule 117617 - U5Cobra4M][GTZC] default value MPCBB3 and MPCBB5 - Not Secured memory - MPCBB4 is applicable
2024-06-10 17:12:50,477 [INFO] Rule:228 - rule 117617 - U5Cobra4M][GTZC] default value MPCBB3 and MPCBB5 - Not Secured memory - MPCBB4 is applicable
2024-06-10 17:12:50,477 [INFO] Rule:228 - rule 117617 - U5Cobra4M][GTZC] default value MPCBB3 and MPCBB5 - Secured memory - MPCBB1 is applicable
2024-06-10 17:12:50,478 [INFO] Rule:228 - rule 117617 - U5Cobra4M][GTZC] default value MPCBB3 and MPCBB5 - Secured memory - MPCBB2 is applicable
2024-06-10 17:12:50,478 [INFO] Rule:228 - rule 117617 - U5Cobra4M][GTZC] default value MPCBB3 and MPCBB5 - Secured memory - MPCBB3 is applicable
2024-06-10 17:12:50,478 [INFO] Rule:228 - rule 117617 - U5Cobra4M][GTZC] default value MPCBB3 and MPCBB5 - Secured memory - MPCBB4 is applicable
2024-06-10 17:12:50,478 [INFO] Rule:228 - rule 117617 - U5Cobra4M][GTZC] default value MPCBB3 and MPCBB5 - Privileged memory - MPCBB1 is applicable
2024-06-10 17:12:50,478 [INFO] Rule:228 - rule 117617 - U5Cobra4M][GTZC] default value MPCBB3 and MPCBB5 - Privileged memory - MPCBB2 is applicable
2024-06-10 17:12:50,478 [INFO] Rule:228 - rule 117617 - U5Cobra4M][GTZC] default value MPCBB3 and MPCBB5 - Privileged memory - MPCBB3 is applicable
2024-06-10 17:12:50,479 [INFO] Rule:228 - rule 117617 - U5Cobra4M][GTZC] default value MPCBB3 and MPCBB5 - Privileged memory - MPCBB4 is applicable
2024-06-10 17:12:50,479 [INFO] Rule:228 - rule 117617 - U5Cobra4M][GTZC] default value MPCBB3 and MPCBB5 - Not Privileged memory - MPCBB1 is applicable
2024-06-10 17:12:50,479 [INFO] Rule:228 - rule 117617 - U5Cobra4M][GTZC] default value MPCBB3 and MPCBB5 - Not Privileged memory - MPCBB2 is applicable
2024-06-10 17:12:50,479 [INFO] Rule:228 - rule 117617 - U5Cobra4M][GTZC] default value MPCBB3 and MPCBB5 - Not Privileged memory - MPCBB3 is applicable
2024-06-10 17:12:50,479 [INFO] Rule:228 - rule 117617 - U5Cobra4M][GTZC] default value MPCBB3 and MPCBB5 - Not Privileged memory - MPCBB4 is applicable
2024-06-10 17:12:50,479 [INFO] Rule:228 - rule 117617 - U5Cobra4M][GTZC] default value MPCBB3 and MPCBB5 - Privileged memory - MPCBB1 is applicable
2024-06-10 17:12:50,480 [INFO] Rule:228 - rule 117617 - U5Cobra4M][GTZC] default value MPCBB3 and MPCBB5 - Privileged memory - MPCBB2 is applicable
2024-06-10 17:12:50,480 [INFO] Rule:228 - rule 117617 - U5Cobra4M][GTZC] default value MPCBB3 and MPCBB5 - Privileged memory - MPCBB3 is applicable
2024-06-10 17:12:50,480 [INFO] Rule:228 - rule 117617 - U5Cobra4M][GTZC] default value MPCBB3 and MPCBB5 - Privileged memory - MPCBB4 is applicable
2024-06-10 17:12:50,480 [INFO] Rule:228 - rule 117617 - U5Cobra4M][GTZC] default value MPCBB3 and MPCBB5 - Privileged memory - MPCBB1 is applicable
2024-06-10 17:12:50,480 [INFO] Rule:228 - rule 117617 - U5Cobra4M][GTZC] default value MPCBB3 and MPCBB5 - Privileged memory - MPCBB2 is applicable
2024-06-10 17:12:50,480 [INFO] Rule:228 - rule 117617 - U5Cobra4M][GTZC] default value MPCBB3 and MPCBB5 - Privileged memory - MPCBB3 is applicable
2024-06-10 17:12:50,480 [INFO] Rule:228 - rule 117617 - U5Cobra4M][GTZC] default value MPCBB3 and MPCBB5 - Privileged memory - MPCBB4 is applicable
2024-06-10 17:12:50,481 [INFO] Rule:228 - rule 117617 - U5Cobra4M][GTZC] default value MPCBB3 and MPCBB5 - Not Privileged memory - MPCBB1 is applicable
2024-06-10 17:12:50,481 [INFO] Rule:228 - rule 117617 - U5Cobra4M][GTZC] default value MPCBB3 and MPCBB5 - Not Privileged memory - MPCBB2 is applicable
2024-06-10 17:12:50,481 [INFO] Rule:228 - rule 117617 - U5Cobra4M][GTZC] default value MPCBB3 and MPCBB5 - Not Privileged memory - MPCBB3 is applicable
2024-06-10 17:12:50,481 [INFO] Rule:228 - rule 117617 - U5Cobra4M][GTZC] default value MPCBB3 and MPCBB5 - Not Privileged memory - MPCBB4 is applicable
2024-06-10 17:12:50,481 [INFO] Rule:228 - rule 117617 - U5Cobra4M][GTZC] default value MPCBB3 and MPCBB5 - Privileged memory - MPCBB1 is applicable
2024-06-10 17:12:50,481 [INFO] Rule:228 - rule 117617 - U5Cobra4M][GTZC] default value MPCBB3 and MPCBB5 - Privileged memory - MPCBB2 is applicable
2024-06-10 17:12:50,481 [INFO] Rule:228 - rule 117617 - U5Cobra4M][GTZC] default value MPCBB3 and MPCBB5 - Privileged memory - MPCBB3 is applicable
2024-06-10 17:12:50,482 [INFO] Rule:228 - rule 117617 - U5Cobra4M][GTZC] default value MPCBB3 and MPCBB5 - Privileged memory - MPCBB4 is applicable
2024-06-10 17:12:50,482 [INFO] Rule:228 - rule Rename SubGHz_Phy SUBGHZ_APPLICATION SUBGHZ_PINGPONG to SUBGHZ_ADV_APPLICATION is applicable
2024-06-10 17:12:50,482 [INFO] Rule:228 - rule GTZC_S instance for project manager is applicable
2024-06-10 17:12:50,482 [INFO] Rule:228 - rule GTZC_S instance for context M33S is applicable
2024-06-10 17:12:50,482 [INFO] Rule:228 - rule GTZC_S instance value for IP GTZC is applicable
2024-06-10 17:12:50,482 [INFO] Rule:228 - rule GTZC_S instance for mcu.IP is applicable
2024-06-10 17:12:50,483 [INFO] Rule:228 - rule GTZC_S instance for VP is applicable
2024-06-10 17:12:50,483 [INFO] Rule:228 - rule GTZC_S instance for signal is applicable
2024-06-10 17:12:50,483 [INFO] Rule:228 - rule GTZC_S instance for VP is applicable
2024-06-10 17:12:50,483 [INFO] Rule:228 - rule GTZC_S instance for signal is applicable
2024-06-10 17:12:50,483 [INFO] Rule:228 - rule GTZC_S instance for mcu is applicable
2024-06-10 17:12:50,483 [INFO] Rule:228 - rule GTZC_S instance for mcu.Pin is applicable
2024-06-10 17:12:50,483 [INFO] Rule:228 - rule GTZC_S instance value for IP GTZC is applicable
2024-06-10 17:12:50,484 [INFO] Rule:228 - rule GTZC_S instance for project manager is applicable
2024-06-10 17:12:50,484 [INFO] Rule:228 - rule GTZC_S instance for context M33S is applicable
2024-06-10 17:12:50,484 [INFO] Rule:228 - rule GTZC_S instance for VP is applicable
2024-06-10 17:12:50,484 [INFO] Rule:228 - rule GTZC_S instance for signal is applicable
2024-06-10 17:12:50,485 [INFO] Rule:228 - rule WakeUp0 Mode is applicable
2024-06-10 17:12:50,485 [INFO] Rule:228 - rule WakeUp0 SIGNAL is applicable
2024-06-10 17:12:50,485 [INFO] Rule:228 - rule WakeUp1 Mode is applicable
2024-06-10 17:12:50,485 [INFO] Rule:228 - rule WakeUp1 SIGNAL is applicable
2024-06-10 17:12:50,485 [INFO] Rule:228 - rule WakeUp2 Mode is applicable
2024-06-10 17:12:50,485 [INFO] Rule:228 - rule WakeUp2 SIGNAL is applicable
2024-06-10 17:12:50,486 [INFO] Rule:228 - rule WakeUp4 Mode is applicable
2024-06-10 17:12:50,486 [INFO] Rule:228 - rule WakeUp4 SIGNAL is applicable
2024-06-10 17:12:50,486 [INFO] Rule:228 - rule WakeUp5 Mode is applicable
2024-06-10 17:12:50,486 [INFO] Rule:228 - rule WakeUp5 SIGNAL is applicable
2024-06-10 17:12:50,486 [INFO] Rule:228 - rule Change Default Value for LSE Drive Capability for WB family is applicable
2024-06-10 17:12:50,487 [INFO] Rule:228 - rule Change Default Value for ADC Clock Prescaler G0 family is applicable
2024-06-10 17:12:50,489 [INFO] Rule:228 - rule Change GPIO_Pu Default Value for I2C is applicable
2024-06-10 17:12:50,489 [INFO] Rule:228 - rule Change GPIO_Pu Default Value for SMBus is applicable
2024-06-10 17:12:50,489 [INFO] Rule:228 - rule change FDCAN default value is applicable
2024-06-10 17:12:50,495 [INFO] DbConfProperties:307 - Apply Compatibility (3/67 Rules)
2024-06-10 17:12:51,220 [INFO] RtosManager:555 - Registered RTOS mode: class=CMSIS, group=RTOS, mode=CMSIS_V1, owner=FREERTOS
2024-06-10 17:12:51,220 [INFO] RtosManager:555 - Registered RTOS mode: class=CMSIS, group=RTOS2, mode=CMSIS_V2, owner=FREERTOS
2024-06-10 17:12:51,220 [INFO] RtosManager:555 - Registered RTOS mode: class=RTOS, group=Core, mode=CMSIS_V1, owner=FREERTOS
2024-06-10 17:12:51,221 [INFO] RtosManager:555 - Registered RTOS mode: class=RTOS, group=Core, mode=CMSIS_V2, owner=FREERTOS
2024-06-10 17:12:51,221 [WARN] ModelIntegratedComponent:184 - Missing modes for component STMicroelectronics:FreeRTOS:0.0.1:STMicroelectronics:RTOS:FreeRTOS:Core:::10.2.0:
2024-06-10 17:12:51,331 [WARN] ModelIntegratedComponent:63 - No mode defined for component null
2024-06-10 17:12:51,331 [WARN] ModelIntegratedComponent:63 - No mode defined for component null
2024-06-10 17:12:51,331 [WARN] ModelIntegratedComponent:63 - No mode defined for component null
2024-06-10 17:12:51,331 [WARN] ModelIntegratedComponent:63 - No mode defined for component null
2024-06-10 17:12:51,331 [WARN] ModelIntegratedComponent:63 - No mode defined for component null
2024-06-10 17:12:51,332 [WARN] ModelIntegratedComponent:63 - No mode defined for component null
2024-06-10 17:12:51,332 [WARN] ModelIntegratedComponent:63 - No mode defined for component null
2024-06-10 17:12:51,332 [WARN] ModelIntegratedComponent:63 - No mode defined for component null
2024-06-10 17:12:51,332 [WARN] ModelIntegratedComponent:63 - No mode defined for component null
2024-06-10 17:12:51,332 [WARN] ModelIntegratedComponent:63 - No mode defined for component null
2024-06-10 17:12:51,332 [WARN] ModelIntegratedComponent:63 - No mode defined for component null
2024-06-10 17:12:51,332 [WARN] ModelIntegratedComponent:63 - No mode defined for component null
2024-06-10 17:12:51,333 [WARN] ModelIntegratedComponent:63 - No mode defined for component null
2024-06-10 17:12:51,333 [WARN] ModelIntegratedComponent:63 - No mode defined for component null
2024-06-10 17:12:51,333 [WARN] ModelIntegratedComponent:63 - No mode defined for component null
2024-06-10 17:12:51,333 [WARN] ModelIntegratedComponent:63 - No mode defined for component null
2024-06-10 17:12:51,333 [WARN] ModelIntegratedComponent:63 - No mode defined for component null
2024-06-10 17:12:51,333 [WARN] ModelIntegratedComponent:63 - No mode defined for component null
2024-06-10 17:12:51,334 [WARN] ModelIntegratedComponent:63 - No mode defined for component null
2024-06-10 17:12:51,334 [WARN] ModelIntegratedComponent:63 - No mode defined for component null
2024-06-10 17:12:51,334 [WARN] ModelIntegratedComponent:63 - No mode defined for component null
2024-06-10 17:12:51,334 [WARN] ModelIntegratedComponent:63 - No mode defined for component null
2024-06-10 17:12:51,334 [WARN] ModelIntegratedComponent:63 - No mode defined for component null
2024-06-10 17:12:51,334 [WARN] ModelIntegratedComponent:63 - No mode defined for component null
2024-06-10 17:12:51,334 [WARN] ModelIntegratedComponent:63 - No mode defined for component null
2024-06-10 17:12:51,335 [WARN] ModelIntegratedComponent:63 - No mode defined for component null
2024-06-10 17:12:51,335 [WARN] ModelIntegratedComponent:63 - No mode defined for component null
2024-06-10 17:12:51,336 [WARN] ModelIntegratedComponent:63 - No mode defined for component null
2024-06-10 17:12:51,336 [WARN] ModelIntegratedComponent:63 - No mode defined for component null
2024-06-10 17:12:51,336 [WARN] ModelIntegratedComponent:63 - No mode defined for component null
2024-06-10 17:12:51,336 [WARN] ModelIntegratedComponent:63 - No mode defined for component null
2024-06-10 17:12:51,336 [WARN] ModelIntegratedComponent:63 - No mode defined for component null
2024-06-10 17:12:51,336 [WARN] ModelIntegratedComponent:63 - No mode defined for component null
2024-06-10 17:12:52,922 [INFO] ThirdPartyModel:298 - Start build external matchings
2024-06-10 17:12:55,698 [INFO] ThirdPartyModel:316 - End build external matchings
2024-06-10 17:12:56,602 [INFO] UtilMem:75 - End LoadConfig() Used Memory: 416534840 Bytes (590348288)
2024-06-10 17:12:57,054 [WARN] ThirdParty:833 - waiting for thirdparty lock release [change project]
2024-06-10 17:12:57,054 [INFO] ThirdParty:835 - entering critical section [change project]
2024-06-10 17:12:57,055 [INFO] ThirdParty:1030 - CMSIS Pack Vendor :STMicroelectronics X-CUBE-ISPU 1.1.0
2024-06-10 17:12:57,055 [INFO] ThirdParty:1030 - CMSIS Pack Vendor :STMicroelectronics X-CUBE-GNSS1 6.0.0
2024-06-10 17:12:57,055 [INFO] ThirdParty:1030 - CMSIS Pack Vendor :STMicroelectronics USB_HOST 2.0.0
2024-06-10 17:12:57,055 [INFO] ThirdParty:1030 - CMSIS Pack Vendor :STMicroelectronics FP-SNS-MOTENVWB1 1.4.0
2024-06-10 17:12:57,055 [INFO] ThirdParty:1030 - CMSIS Pack Vendor :STMicroelectronics X-CUBE-AZRTOS-F4 1.1.0
2024-06-10 17:12:57,056 [INFO] ThirdParty:1030 - CMSIS Pack Vendor :STMicroelectronics LIBJPEG 8.0.0
2024-06-10 17:12:57,056 [INFO] ThirdParty:1030 - CMSIS Pack Vendor :STMicroelectronics X-CUBE-SMBUS 2.1.0
2024-06-10 17:12:57,056 [INFO] ThirdParty:1030 - CMSIS Pack Vendor :wolfSSL I-CUBE-wolfSSL 5.6.0
2024-06-10 17:12:57,056 [INFO] ThirdParty:1030 - CMSIS Pack Vendor :STMicroelectronics USB_DEVICE 3.0.0
2024-06-10 17:12:57,056 [INFO] ThirdParty:1030 - CMSIS Pack Vendor :STMicroelectronics X-CUBE-TCPP 4.1.0
2024-06-10 17:12:57,056 [INFO] ThirdParty:1030 - CMSIS Pack Vendor :STMicroelectronics X-CUBE-FREERTOS 1.2.0
2024-06-10 17:12:57,056 [INFO] ThirdParty:1030 - CMSIS Pack Vendor :STMicroelectronics X-CUBE-AI 8.0.0
2024-06-10 17:12:57,056 [INFO] ThirdParty:1030 - CMSIS Pack Vendor :STMicroelectronics X-CUBE-AZRTOS-WB 2.0.0
2024-06-10 17:12:57,057 [INFO] ThirdParty:1030 - CMSIS Pack Vendor :STMicroelectronics X-CUBE-FREERTOS 1.0.1
2024-06-10 17:12:57,057 [INFO] ThirdParty:1030 - CMSIS Pack Vendor :STMicroelectronics X-CUBE-TOUCHGFX 4.21.3
2024-06-10 17:12:57,057 [INFO] ThirdParty:1030 - CMSIS Pack Vendor :STMicroelectronics X-CUBE-TOUCHGFX 4.23.2
2024-06-10 17:12:57,057 [INFO] ThirdParty:1030 - CMSIS Pack Vendor :STMicroelectronics X-CUBE-AZRTOS-F7 1.1.0
2024-06-10 17:12:57,057 [INFO] ThirdParty:1030 - CMSIS Pack Vendor :STMicroelectronics X-CUBE-TOUCHGFX 4.21.4
2024-06-10 17:12:57,057 [INFO] ThirdParty:1030 - CMSIS Pack Vendor :STMicroelectronics X-CUBE-AZRTOS-L5 2.0.0
2024-06-10 17:12:57,057 [INFO] ThirdParty:1030 - CMSIS Pack Vendor :STMicroelectronics USB_DEVICE 2.0.0
2024-06-10 17:12:57,058 [INFO] ThirdParty:1030 - CMSIS Pack Vendor :STMicroelectronics X-CUBE-MEMS1 9.6.0
2024-06-10 17:12:57,058 [INFO] ThirdParty:1030 - CMSIS Pack Vendor :STMicroelectronics X-CUBE-NFC6 3.1.0
2024-06-10 17:12:57,058 [INFO] ThirdParty:1030 - CMSIS Pack Vendor :ITTIA_DB I-CUBE-ITTIADB 8.8.0
2024-06-10 17:12:57,058 [INFO] ThirdParty:1030 - CMSIS Pack Vendor :STMicroelectronics FP-SNS-MOTENV1 4.3.0
2024-06-10 17:12:57,058 [INFO] ThirdParty:1030 - CMSIS Pack Vendor :STMicroelectronics FP-SNS-MOTENV1 4.3.2
2024-06-10 17:12:57,058 [INFO] ThirdParty:1030 - CMSIS Pack Vendor :STMicroelectronics FP-SNS-FLIGHT1 5.0.0
2024-06-10 17:12:57,058 [INFO] ThirdParty:1030 - CMSIS Pack Vendor :STMicroelectronics FP-SNS-MOTENV1 4.3.1
2024-06-10 17:12:57,058 [INFO] ThirdParty:1030 - CMSIS Pack Vendor :STMicroelectronics FP-SNS-FLIGHT1 5.0.1
2024-06-10 17:12:57,059 [INFO] ThirdParty:1030 - CMSIS Pack Vendor :STMicroelectronics X-CUBE-ALGOBUILD 1.3.0
2024-06-10 17:12:57,059 [INFO] ThirdParty:1030 - CMSIS Pack Vendor :STMicroelectronics X-CUBE-BLE1 6.2.4
2024-06-10 17:12:57,059 [INFO] ThirdParty:1030 - CMSIS Pack Vendor :STMicroelectronics X-CUBE-AZRTOS-L5 1.1.0
2024-06-10 17:12:57,061 [INFO] ThirdParty:1030 - CMSIS Pack Vendor :STMicroelectronics FreeRTOS 0.0.1
2024-06-10 17:12:57,062 [INFO] ThirdParty:1030 - CMSIS Pack Vendor :STMicroelectronics X-CUBE-AZRTOS-G0 1.1.0
2024-06-10 17:12:57,062 [INFO] ThirdParty:1030 - CMSIS Pack Vendor :emotas I-CUBE-CANOPEN 1.1.3
2024-06-10 17:12:57,062 [INFO] ThirdParty:1030 - CMSIS Pack Vendor :STMicroelectronics X-CUBE-BLEMGR 2.0.0
2024-06-10 17:12:57,062 [INFO] ThirdParty:1030 - CMSIS Pack Vendor :STMicroelectronics X-CUBE-AI 8.0.1
2024-06-10 17:12:57,063 [INFO] ThirdParty:1030 - CMSIS Pack Vendor :STMicroelectronics X-CUBE-SAFEA1 1.2.2
2024-06-10 17:12:57,063 [INFO] ThirdParty:1030 - CMSIS Pack Vendor :STMicroelectronics X-CUBE-NFC4 3.0.0
2024-06-10 17:12:57,063 [INFO] ThirdParty:1030 - CMSIS Pack Vendor :STMicroelectronics X-CUBE-SUBG2 5.0.0
2024-06-10 17:12:57,063 [INFO] ThirdParty:1030 - CMSIS Pack Vendor :STMicroelectronics STM32_WPAN 1.0.0
2024-06-10 17:12:57,063 [INFO] ThirdParty:1030 - CMSIS Pack Vendor :wolfSSL I-CUBE-wolfMQTT 1.18.0
2024-06-10 17:12:57,063 [INFO] ThirdParty:1030 - CMSIS Pack Vendor :STMicroelectronics lwIP 2.0.3
2024-06-10 17:12:57,063 [INFO] ThirdParty:1030 - CMSIS Pack Vendor :STMicroelectronics FP-SNS-FLIGHT1 5.0.2
2024-06-10 17:12:57,063 [INFO] ThirdParty:1030 - CMSIS Pack Vendor :STMicroelectronics USB_HOST 1.0.0
2024-06-10 17:12:57,064 [INFO] ThirdParty:1030 - CMSIS Pack Vendor :STMicroelectronics X-CUBE-TOF1 3.3.1
2024-06-10 17:12:57,064 [INFO] ThirdParty:1030 - CMSIS Pack Vendor :STMicroelectronics X-CUBE-AI 9.0.0
2024-06-10 17:12:57,064 [INFO] ThirdParty:1030 - CMSIS Pack Vendor :STMicroelectronics X-CUBE-AZRTOS-G4 2.0.0
2024-06-10 17:12:57,064 [INFO] ThirdParty:1030 - CMSIS Pack Vendor :STMicroelectronics PDM2PCM 3.1.0
2024-06-10 17:12:57,064 [INFO] ThirdParty:1030 - CMSIS Pack Vendor :STMicroelectronics X-CUBE-AZRTOS-H7 3.1.0
2024-06-10 17:12:57,064 [INFO] ThirdParty:1030 - CMSIS Pack Vendor :STMicroelectronics X-CUBE-TOF1 3.3.0
2024-06-10 17:12:57,065 [INFO] ThirdParty:1030 - CMSIS Pack Vendor :STMicroelectronics PDM2PCM 3.3.0
2024-06-10 17:12:57,065 [INFO] ThirdParty:1030 - CMSIS Pack Vendor :STMicroelectronics X-CUBE-DISPLAY 3.0.0
2024-06-10 17:12:57,065 [INFO] ThirdParty:1030 - CMSIS Pack Vendor :STMicroelectronics X-CUBE-BLE1 7.0.0
2024-06-10 17:12:57,065 [INFO] ThirdParty:1030 - CMSIS Pack Vendor :STMicroelectronics FP-ATR-SIGFOX1 3.2.0
2024-06-10 17:12:57,065 [INFO] ThirdParty:1030 - CMSIS Pack Vendor :STMicroelectronics X-CUBE-AZRTOS-L4 1.0.0
2024-06-10 17:12:57,066 [INFO] ThirdParty:1030 - CMSIS Pack Vendor :STMicroelectronics X-CUBE-ISPU 2.0.0
2024-06-10 17:12:57,066 [INFO] ThirdParty:1030 - CMSIS Pack Vendor :STMicroelectronics X-CUBE-EEPRMA1 5.1.0
2024-06-10 17:12:57,066 [INFO] ThirdParty:1030 - CMSIS Pack Vendor :STMicroelectronics HAL Drivers 0.0.0
2024-06-10 17:12:57,067 [INFO] ThirdParty:1030 - CMSIS Pack Vendor :STMicroelectronics MBEDTLS 2.16.2
2024-06-10 17:12:57,067 [INFO] ThirdParty:1030 - CMSIS Pack Vendor :STMicroelectronics X-CUBE-ALS 1.0.2
2024-06-10 17:12:57,067 [INFO] ThirdParty:1030 - CMSIS Pack Vendor :STMicroelectronics X-CUBE-MEMS1 10.0.0
2024-06-10 17:12:57,067 [INFO] ThirdParty:1030 - CMSIS Pack Vendor :STMicroelectronics X-CUBE-FREERTOS 1.1.0
2024-06-10 17:12:57,067 [INFO] ThirdParty:1030 - CMSIS Pack Vendor :STMicroelectronics X-CUBE-TOUCHGFX 4.22.0
2024-06-10 17:12:57,067 [INFO] ThirdParty:1030 - CMSIS Pack Vendor :STMicroelectronics X-CUBE-NFC7 1.0.1
2024-06-10 17:12:57,067 [INFO] ThirdParty:1030 - CMSIS Pack Vendor :STMicroelectronics MBEDTLS 2.14.1
2024-06-10 17:12:57,067 [INFO] ThirdParty:1030 - CMSIS Pack Vendor :STMicroelectronics X-CUBE-NFC7 1.0.0
2024-06-10 17:12:57,068 [INFO] ThirdParty:1030 - CMSIS Pack Vendor :STMicroelectronics X-CUBE-TOUCHGFX 4.22.1
2024-06-10 17:12:57,068 [INFO] ThirdParty:1030 - CMSIS Pack Vendor :STMicroelectronics X-CUBE-AZRTOS-WL 1.0.0
2024-06-10 17:12:57,068 [INFO] ThirdParty:1030 - CMSIS Pack Vendor :STMicroelectronics X-CUBE-NFC6 3.0.0
2024-06-10 17:12:57,068 [INFO] ThirdParty:1030 - CMSIS Pack Vendor :STMicroelectronics X-CUBE-EEPRMA1 4.1.0
2024-06-10 17:12:57,068 [INFO] ThirdParty:1030 - CMSIS Pack Vendor :portGmbH I-Cube-SoM-uGOAL 1.1.0
2024-06-10 17:12:57,068 [INFO] ThirdParty:1030 - CMSIS Pack Vendor :STMicroelectronics X-CUBE-ALS 1.0.1
2024-06-10 17:12:57,068 [INFO] ThirdParty:1030 - CMSIS Pack Vendor :STMicroelectronics X-CUBE-BLEMGR 3.1.0
2024-06-10 17:12:57,068 [INFO] ThirdParty:1030 - CMSIS Pack Vendor :STMicroelectronics ThreadX 1.0.0
2024-06-10 17:12:57,068 [INFO] ThirdParty:1030 - CMSIS Pack Vendor :STMicroelectronics FP-SNS-SMARTAG2 1.2.0
2024-06-10 17:12:57,069 [INFO] ThirdParty:1030 - CMSIS Pack Vendor :STMicroelectronics X-CUBE-AZRTOS-WB 1.1.0
2024-06-10 17:12:57,069 [INFO] ThirdParty:1030 - CMSIS Pack Vendor :STMicroelectronics X-CUBE-AZRTOS-WL 2.0.0
2024-06-10 17:12:57,069 [INFO] ThirdParty:1030 - CMSIS Pack Vendor :SEGGER I-CUBE-embOS 1.3.1
2024-06-10 17:12:57,069 [INFO] ThirdParty:1030 - CMSIS Pack Vendor :STMicroelectronics X-CUBE-ALGOBUILD 1.4.0
2024-06-10 17:12:57,069 [INFO] ThirdParty:1030 - CMSIS Pack Vendor :STMicroelectronics FP-SNS-MOTENV1 5.0.0
2024-06-10 17:12:57,069 [INFO] ThirdParty:1030 - CMSIS Pack Vendor :STMicroelectronics USB_DEVICE 1.0.0
2024-06-10 17:12:57,069 [INFO] ThirdParty:1030 - CMSIS Pack Vendor :STMicroelectronics X-CUBE-AI 8.1.0
2024-06-10 17:12:57,069 [INFO] ThirdParty:1030 - CMSIS Pack Vendor :STMicroelectronics X-CUBE-AZRTOS-H7RS 1.0.0
2024-06-10 17:12:57,070 [INFO] ThirdParty:1030 - CMSIS Pack Vendor :STMicroelectronics X-CUBE-AZRTOS-L4 2.0.0
2024-06-10 17:12:57,070 [INFO] ThirdParty:1030 - CMSIS Pack Vendor :STMicroelectronics ThreadX 0.0.2
2024-06-10 17:12:57,070 [INFO] ThirdParty:1030 - CMSIS Pack Vendor :WES I-CUBE-Cesium 1.3.0
2024-06-10 17:12:57,070 [INFO] ThirdParty:1030 - CMSIS Pack Vendor :STMicroelectronics FP-ATR-ASTRA1 2.0.0
2024-06-10 17:12:57,071 [INFO] ThirdParty:1030 - CMSIS Pack Vendor :STMicroelectronics lwIP 2.1.2
2024-06-10 17:12:57,071 [INFO] ThirdParty:1030 - CMSIS Pack Vendor :STMicroelectronics X-CUBE-SFXS2LP1 4.0.0
2024-06-10 17:12:57,071 [INFO] ThirdParty:1030 - CMSIS Pack Vendor :STMicroelectronics X-CUBE-BLE2 3.3.0
2024-06-10 17:12:57,071 [INFO] ThirdParty:1030 - CMSIS Pack Vendor :STMicroelectronics X-CUBE-TOF1 3.4.1
2024-06-10 17:12:57,071 [INFO] ThirdParty:1030 - CMSIS Pack Vendor :STMicroelectronics X-CUBE-AZRTOS-H7 3.2.0
2024-06-10 17:12:57,071 [INFO] ThirdParty:1030 - CMSIS Pack Vendor :Infineon AIROC-Wi-Fi-Bluetooth-STM32 1.6.0
2024-06-10 17:12:57,071 [INFO] ThirdParty:1030 - CMSIS Pack Vendor :STMicroelectronics PDM2PCM 3.2.0
2024-06-10 17:12:57,072 [INFO] ThirdParty:841 - exiting critical section [change project]
2024-06-10 17:12:59,222 [INFO] PinOutPanel:1499 - setPackage(No Configuration,No Configuration)
2024-06-10 17:12:59,224 [INFO] PinOutPanel:1499 - setPackage(STM32L4A6ZGTx,LQFP144)
2024-06-10 17:13:00,925 [INFO] UtilMem:75 - Before build in PCC Used Memory: 431160088 Bytes (590348288)
2024-06-10 17:13:03,138 [INFO] UtilMem:75 - After build in PCC Used Memory: 370409280 Bytes (590348288)
2024-06-10 17:13:03,313 [INFO] IPUIPlugin:80 - create IPUIPlugin
2024-06-10 17:13:03,314 [INFO] IPUIPlugin:80 - create IPUIPlugin
2024-06-10 17:13:03,314 [INFO] IPUIPlugin:80 - create IPUIPlugin
2024-06-10 17:13:03,314 [INFO] IPUIPlugin:80 - create IPUIPlugin
2024-06-10 17:13:03,315 [INFO] IPUIPlugin:80 - create IPUIPlugin
2024-06-10 17:13:03,315 [INFO] IPUIPlugin:80 - create IPUIPlugin
2024-06-10 17:13:03,316 [INFO] IPUIPlugin:80 - create IPUIPlugin
2024-06-10 17:13:03,316 [INFO] IPUIPlugin:80 - create IPUIPlugin
2024-06-10 17:13:03,316 [INFO] IPUIPlugin:80 - create IPUIPlugin
2024-06-10 17:13:03,320 [INFO] IPUIPlugin:80 - create IPUIPlugin
2024-06-10 17:13:03,320 [INFO] IPUIPlugin:80 - create IPUIPlugin
2024-06-10 17:13:03,320 [INFO] IPUIPlugin:80 - create IPUIPlugin
2024-06-10 17:13:03,321 [INFO] IPUIPlugin:80 - create IPUIPlugin
2024-06-10 17:13:03,321 [INFO] IPUIPlugin:80 - create IPUIPlugin
2024-06-10 17:13:03,321 [INFO] IPUIPlugin:80 - create IPUIPlugin
2024-06-10 17:13:03,322 [INFO] IPUIPlugin:80 - create IPUIPlugin
2024-06-10 17:13:03,322 [INFO] IPUIPlugin:80 - create IPUIPlugin
2024-06-10 17:13:03,322 [INFO] IPUIPlugin:80 - create IPUIPlugin
2024-06-10 17:13:03,322 [INFO] IPUIPlugin:80 - create IPUIPlugin
2024-06-10 17:13:03,323 [INFO] IPUIPlugin:80 - create IPUIPlugin
2024-06-10 17:13:03,323 [INFO] IPUIPlugin:80 - create IPUIPlugin
2024-06-10 17:13:03,323 [INFO] IPUIPlugin:80 - create IPUIPlugin
2024-06-10 17:13:03,323 [INFO] IPUIPlugin:80 - create IPUIPlugin
2024-06-10 17:13:03,324 [INFO] IPUIPlugin:80 - create IPUIPlugin
2024-06-10 17:13:03,324 [INFO] IPUIPlugin:80 - create IPUIPlugin
2024-06-10 17:13:03,325 [INFO] IPUIPlugin:80 - create IPUIPlugin
2024-06-10 17:13:03,325 [INFO] IPUIPlugin:80 - create IPUIPlugin
2024-06-10 17:13:03,327 [INFO] IPUIPlugin:80 - create IPUIPlugin
2024-06-10 17:13:03,327 [INFO] IPUIPlugin:80 - create IPUIPlugin
2024-06-10 17:13:03,328 [INFO] IPUIPlugin:80 - create IPUIPlugin
2024-06-10 17:13:03,328 [INFO] IPUIPlugin:80 - create IPUIPlugin
2024-06-10 17:13:03,329 [INFO] IPUIPlugin:80 - create IPUIPlugin
2024-06-10 17:13:03,329 [INFO] IPUIPlugin:80 - create IPUIPlugin
2024-06-10 17:13:03,330 [INFO] IPUIPlugin:80 - create IPUIPlugin
2024-06-10 17:13:03,330 [INFO] IPUIPlugin:80 - create IPUIPlugin
2024-06-10 17:13:03,331 [INFO] IPUIPlugin:80 - create IPUIPlugin
2024-06-10 17:13:03,331 [INFO] IPUIPlugin:80 - create IPUIPlugin
2024-06-10 17:13:03,332 [INFO] IPUIPlugin:80 - create IPUIPlugin
2024-06-10 17:13:03,332 [INFO] IPUIPlugin:80 - create IPUIPlugin
2024-06-10 17:13:03,333 [INFO] IPUIPlugin:80 - create IPUIPlugin
2024-06-10 17:13:03,333 [INFO] IPUIPlugin:80 - create IPUIPlugin
2024-06-10 17:13:03,334 [INFO] IPUIPlugin:80 - create IPUIPlugin
2024-06-10 17:13:03,335 [INFO] IPUIPlugin:80 - create IPUIPlugin
2024-06-10 17:13:03,336 [INFO] IPUIPlugin:80 - create IPUIPlugin
2024-06-10 17:13:03,336 [INFO] IPUIPlugin:80 - create IPUIPlugin
2024-06-10 17:13:03,336 [INFO] IPUIPlugin:80 - create IPUIPlugin
2024-06-10 17:13:03,337 [INFO] IPUIPlugin:80 - create IPUIPlugin
2024-06-10 17:13:03,337 [INFO] IPUIPlugin:80 - create IPUIPlugin
2024-06-10 17:13:03,337 [INFO] IPUIPlugin:80 - create IPUIPlugin
2024-06-10 17:13:03,337 [INFO] IPUIPlugin:80 - create IPUIPlugin
2024-06-10 17:13:03,338 [INFO] IPUIPlugin:80 - create IPUIPlugin
2024-06-10 17:13:03,338 [INFO] IPUIPlugin:80 - create IPUIPlugin
2024-06-10 17:13:03,338 [INFO] IPUIPlugin:80 - create IPUIPlugin
2024-06-10 17:13:03,338 [INFO] IPUIPlugin:80 - create IPUIPlugin
2024-06-10 17:13:03,338 [INFO] IPUIPlugin:80 - create IPUIPlugin
2024-06-10 17:13:03,339 [INFO] IPUIPlugin:80 - create IPUIPlugin
2024-06-10 17:13:03,339 [INFO] IPUIPlugin:80 - create IPUIPlugin
2024-06-10 17:13:03,340 [INFO] IPUIPlugin:80 - create IPUIPlugin
2024-06-10 17:13:03,340 [INFO] IPUIPlugin:80 - create IPUIPlugin
2024-06-10 17:13:03,340 [INFO] IPUIPlugin:80 - create IPUIPlugin
2024-06-10 17:13:03,350 [INFO] IPUIPlugin:80 - create IPUIPlugin
2024-06-10 17:13:03,350 [INFO] IPUIPlugin:80 - create IPUIPlugin
2024-06-10 17:13:03,352 [INFO] IPUIPlugin:80 - create IPUIPlugin
2024-06-10 17:13:03,353 [INFO] IPUIPlugin:80 - create IPUIPlugin
2024-06-10 17:13:03,354 [INFO] IPUIPlugin:80 - create IPUIPlugin
2024-06-10 17:13:03,355 [INFO] IPUIPlugin:80 - create IPUIPlugin
2024-06-10 17:13:03,858 [INFO] CADModel:165 - CPN selected for project levelSTM32L4A6ZGT6
2024-06-10 17:13:03,858 [INFO] CADModel:114 - Register for checkConnection events
2024-06-10 17:13:03,958 [INFO] OpenFileManager:328 - Restore cursor
2024-06-10 17:13:05,462 [INFO] UtilMem:75 - End SaveConfig() Used Memory: 278951936 Bytes (590348288)
2024-06-10 17:13:05,664 [INFO] UtilMem:75 - End SaveConfig() Used Memory: 311460920 Bytes (590348288)
2024-06-10 17:13:07,005 [INFO] BlockDiagram:2759 - set Specific Code input for plugin: SYS
2024-06-10 17:13:07,005 [INFO] BlockDiagram:2759 - set Specific Code input for plugin: RCC
2024-06-10 17:13:07,005 [INFO] BlockDiagram:2759 - set Specific Code input for plugin: NVIC
2024-06-10 17:13:07,009 [INFO] BlockDiagram:2759 - set Specific Code input for plugin: GPIO
2024-06-10 17:13:07,012 [INFO] CodeGenerator:793 - code generatio: config db path: /opt/st/stm32cubeide_1.12.1/plugins/com.st.stm32cube.common.mx_6.8.1.202304191431//db/
2024-06-10 17:13:08,338 [INFO] CodeEngine:255 - oldGeneratedFile, /home/dnk066/Pratham/STM32_Training/Workspace/07_TIMERS/01_Timer_IT/MXTmpFiles/license.tmp_save
2024-06-10 17:13:09,164 [INFO] CodeEngine:279 - Generated code: /home/dnk066/Pratham/STM32_Training/Workspace/07_TIMERS/01_Timer_IT/MXTmpFiles/license.tmp
2024-06-10 17:13:09,471 [INFO] CodeEngine:255 - oldGeneratedFile, /home/dnk066/Pratham/STM32_Training/Workspace/07_TIMERS/01_Timer_IT/MXTmpFiles/gpio.tmp_save
2024-06-10 17:13:09,728 [INFO] CodeEngine:279 - Generated code: /home/dnk066/Pratham/STM32_Training/Workspace/07_TIMERS/01_Timer_IT/MXTmpFiles/gpio.tmp
2024-06-10 17:13:09,898 [INFO] CodeEngine:255 - oldGeneratedFile, /home/dnk066/Pratham/STM32_Training/Workspace/07_TIMERS/01_Timer_IT/Core/Src/stm32l4xx_it.c_save
2024-06-10 17:13:10,149 [INFO] CodeEngine:279 - Generated code: /home/dnk066/Pratham/STM32_Training/Workspace/07_TIMERS/01_Timer_IT/Core/Src/stm32l4xx_it.c
2024-06-10 17:13:10,152 [INFO] CodeEngine:255 - oldGeneratedFile, /home/dnk066/Pratham/STM32_Training/Workspace/07_TIMERS/01_Timer_IT/Core/Inc/stm32l4xx_it.h_save
2024-06-10 17:13:10,309 [INFO] CodeEngine:279 - Generated code: /home/dnk066/Pratham/STM32_Training/Workspace/07_TIMERS/01_Timer_IT/Core/Inc/stm32l4xx_it.h
2024-06-10 17:13:10,319 [INFO] CodeEngine:255 - oldGeneratedFile, /home/dnk066/Pratham/STM32_Training/Workspace/07_TIMERS/01_Timer_IT/Core/Src/stm32l4xx_hal_msp.c_save
2024-06-10 17:13:10,635 [INFO] CodeEngine:279 - Generated code: /home/dnk066/Pratham/STM32_Training/Workspace/07_TIMERS/01_Timer_IT/Core/Src/stm32l4xx_hal_msp.c
2024-06-10 17:13:10,637 [INFO] CodeEngine:255 - oldGeneratedFile, /home/dnk066/Pratham/STM32_Training/Workspace/07_TIMERS/01_Timer_IT/MXTmpFiles/system.tmp_save
2024-06-10 17:13:11,131 [INFO] CodeEngine:279 - Generated code: /home/dnk066/Pratham/STM32_Training/Workspace/07_TIMERS/01_Timer_IT/MXTmpFiles/system.tmp
2024-06-10 17:13:11,136 [INFO] CodeEngine:311 - oldGeneratedFile, /home/dnk066/Pratham/STM32_Training/Workspace/07_TIMERS/01_Timer_IT/Core/Inc/stm32l4xx_hal_conf.h_save
2024-06-10 17:13:11,332 [INFO] CodeEngine:335 - Generated code: /home/dnk066/Pratham/STM32_Training/Workspace/07_TIMERS/01_Timer_IT/Core/Inc/stm32l4xx_hal_conf.h
2024-06-10 17:13:11,431 [INFO] CodeEngine:255 - oldGeneratedFile, /home/dnk066/Pratham/STM32_Training/Workspace/07_TIMERS/01_Timer_IT/Core/Inc/main.h_save
2024-06-10 17:13:11,638 [INFO] CodeEngine:279 - Generated code: /home/dnk066/Pratham/STM32_Training/Workspace/07_TIMERS/01_Timer_IT/Core/Inc/main.h
2024-06-10 17:13:11,641 [INFO] CodeEngine:255 - oldGeneratedFile, /home/dnk066/Pratham/STM32_Training/Workspace/07_TIMERS/01_Timer_IT/Core/Src/main.c_save
2024-06-10 17:13:12,112 [INFO] CodeEngine:279 - Generated code: /home/dnk066/Pratham/STM32_Training/Workspace/07_TIMERS/01_Timer_IT/Core/Src/main.c
2024-06-10 17:13:14,513 [INFO] ProjectBuilder:2996 - Time for Copy HAL[1] : 154mS.
2024-06-10 17:13:14,541 [INFO] ProjectBuilder:4304 - Project Generator version: 3.19.2
2024-06-10 17:13:15,914 [INFO] ConfigFileManager:1483 - The Die is : DIE461
2024-06-10 17:13:15,941 [INFO] ApiDbMcu:507 - Load IP Config File for FATFS
2024-06-10 17:13:15,960 [INFO] ApiDbMcu:507 - Load IP Config File for FREERTOS
2024-06-10 17:13:16,006 [INFO] ApiDbMcu:507 - Load IP Config File for TOUCHSENSING
2024-06-10 17:13:16,023 [INFO] ApiDbMcu:507 - Load IP Config File for USB_DEVICE
2024-06-10 17:13:16,037 [INFO] ApiDbMcu:507 - Load IP Config File for USB_HOST
2024-06-10 17:13:18,461 [INFO] LogOutputStream:77 - [STDOUT_REDIRECT] 
2024-06-10 17:13:24,976 [INFO] ProjectBuilder:4505 - Time for Generating toolchain IDE Files: 10434mS.
2024-06-10 17:13:24,978 [INFO] ProjectBuilder:2867 - Time for Copy CMSIS : 2mS.
2024-06-10 17:13:24,980 [INFO] ProjectBuilder:2867 - Time for Copy CMSIS : 0mS.
2024-06-10 17:13:26,121 [INFO] McuFinderGlobals:66 - Set McuFinderConnectedMode to true
2024-06-10 17:13:26,125 [INFO] ApiDb:448 - Save user favorites file /home/dnk066/.stm32cubeide/favorites.mcus.txt: 0 item(s)
2024-06-10 17:13:26,125 [INFO] ApiDb:452 - User favorites MCUs=[]
2024-06-10 17:13:26,127 [INFO] ApiDb:448 - Save user favorites file /home/dnk066/.stm32cubeide/favorites.boards.txt: 4 item(s)
2024-06-10 17:13:26,127 [INFO] ApiDb:452 - User favorites Boards=[NUCLEO-L496ZG-P, NUCLEO-L4A6ZG, NUCLEO-L4R5ZI, STM32L152C-DISCO]
2024-06-10 17:17:54,612 [INFO] NvicIntPanel:101 - NVIC parent = com.st.microxplorer.plugins.ip.nvic.MultiNvicIntPanel[,0,0,0x0,invalid,layout=javax.swing.BoxLayout,alignmentX=0.0,alignmentY=0.0,border=,flags=9,maximumSize=,minimumSize=,preferredSize=]
2024-06-10 17:19:25,252 [INFO] NvicIntPanel:101 - NVIC parent = com.st.microxplorer.plugins.ip.nvic.MultiNvicIntPanel[,0,0,0x0,invalid,layout=javax.swing.BoxLayout,alignmentX=0.0,alignmentY=0.0,border=,flags=9,maximumSize=,minimumSize=,preferredSize=]
2024-06-10 17:20:10,901 [INFO] NvicIntPanel:101 - NVIC parent = com.st.microxplorer.plugins.ip.nvic.MultiNvicIntPanel[,0,0,0x0,invalid,layout=javax.swing.BoxLayout,alignmentX=0.0,alignmentY=0.0,border=,flags=9,maximumSize=,minimumSize=,preferredSize=]
2024-06-10 17:23:44,853 [INFO] Gpio:273 - dependency for GPIO []
2024-06-10 17:24:45,601 [INFO] Gpio:273 - dependency for GPIO []
2024-06-10 17:24:47,225 [INFO] NvicIntPanel:101 - NVIC parent = com.st.microxplorer.plugins.ip.nvic.MultiNvicIntPanel[,0,0,450x468,layout=javax.swing.BoxLayout,alignmentX=0.0,alignmentY=0.0,border=,flags=9,maximumSize=,minimumSize=,preferredSize=]
2024-06-10 17:24:48,692 [INFO] NvicIntPanel:101 - NVIC parent = com.st.microxplorer.plugins.ip.nvic.MultiNvicIntPanel[,0,0,0x0,invalid,layout=javax.swing.BoxLayout,alignmentX=0.0,alignmentY=0.0,border=,flags=9,maximumSize=,minimumSize=,preferredSize=]
2024-06-10 17:25:50,294 [INFO] UtilMem:75 - End SaveConfig() Used Memory: 473107480 Bytes (621805568)
2024-06-10 17:25:51,754 [INFO] UtilMem:75 - End SaveConfig() Used Memory: 521868312 Bytes (621805568)
2024-06-10 17:25:55,895 [INFO] UtilMem:75 - End SaveConfig() Used Memory: 420210624 Bytes (621805568)
2024-06-10 17:25:56,646 [INFO] BlockDiagram:2759 - set Specific Code input for plugin: TIM6_7L4
2024-06-10 17:25:56,646 [INFO] BlockDiagram:2759 - set Specific Code input for plugin: SYS
2024-06-10 17:25:56,646 [INFO] BlockDiagram:2759 - set Specific Code input for plugin: RCC
2024-06-10 17:25:56,646 [INFO] BlockDiagram:2759 - set Specific Code input for plugin: NVIC
2024-06-10 17:25:56,647 [INFO] BlockDiagram:2759 - set Specific Code input for plugin: GPIO
2024-06-10 17:25:56,648 [INFO] CodeGenerator:793 - code generatio: config db path: /opt/st/stm32cubeide_1.12.1/plugins/com.st.stm32cube.common.mx_6.8.1.202304191431//db/
2024-06-10 17:25:57,428 [INFO] CodeEngine:255 - oldGeneratedFile, /home/dnk066/Pratham/STM32_Training/Workspace/07_TIMERS/01_Timer_IT/MXTmpFiles/license.tmp_save
2024-06-10 17:25:58,015 [INFO] CodeEngine:279 - Generated code: /home/dnk066/Pratham/STM32_Training/Workspace/07_TIMERS/01_Timer_IT/MXTmpFiles/license.tmp
2024-06-10 17:25:58,050 [INFO] CodeEngine:255 - oldGeneratedFile, /home/dnk066/Pratham/STM32_Training/Workspace/07_TIMERS/01_Timer_IT/MXTmpFiles/gpio.tmp_save
2024-06-10 17:25:58,269 [INFO] CodeEngine:279 - Generated code: /home/dnk066/Pratham/STM32_Training/Workspace/07_TIMERS/01_Timer_IT/MXTmpFiles/gpio.tmp
2024-06-10 17:25:58,520 [INFO] CodeEngine:255 - oldGeneratedFile, /home/dnk066/Pratham/STM32_Training/Workspace/07_TIMERS/01_Timer_IT/Core/Src/stm32l4xx_it.c_save
2024-06-10 17:26:00,540 [INFO] CodeEngine:279 - Generated code: /home/dnk066/Pratham/STM32_Training/Workspace/07_TIMERS/01_Timer_IT/Core/Src/stm32l4xx_it.c
2024-06-10 17:26:00,547 [INFO] CodeEngine:255 - oldGeneratedFile, /home/dnk066/Pratham/STM32_Training/Workspace/07_TIMERS/01_Timer_IT/Core/Inc/stm32l4xx_it.h_save
2024-06-10 17:26:00,794 [INFO] CodeEngine:279 - Generated code: /home/dnk066/Pratham/STM32_Training/Workspace/07_TIMERS/01_Timer_IT/Core/Inc/stm32l4xx_it.h
2024-06-10 17:26:00,807 [INFO] CodeEngine:255 - oldGeneratedFile, /home/dnk066/Pratham/STM32_Training/Workspace/07_TIMERS/01_Timer_IT/Core/Src/stm32l4xx_hal_msp.c_save
2024-06-10 17:26:01,189 [INFO] CodeEngine:279 - Generated code: /home/dnk066/Pratham/STM32_Training/Workspace/07_TIMERS/01_Timer_IT/Core/Src/stm32l4xx_hal_msp.c
2024-06-10 17:26:01,193 [INFO] CodeEngine:255 - oldGeneratedFile, /home/dnk066/Pratham/STM32_Training/Workspace/07_TIMERS/01_Timer_IT/MXTmpFiles/system.tmp_save
2024-06-10 17:26:01,412 [INFO] CodeEngine:279 - Generated code: /home/dnk066/Pratham/STM32_Training/Workspace/07_TIMERS/01_Timer_IT/MXTmpFiles/system.tmp
2024-06-10 17:26:01,420 [INFO] CodeEngine:311 - oldGeneratedFile, /home/dnk066/Pratham/STM32_Training/Workspace/07_TIMERS/01_Timer_IT/Core/Inc/stm32l4xx_hal_conf.h_save
2024-06-10 17:26:01,676 [INFO] CodeEngine:335 - Generated code: /home/dnk066/Pratham/STM32_Training/Workspace/07_TIMERS/01_Timer_IT/Core/Inc/stm32l4xx_hal_conf.h
2024-06-10 17:26:01,720 [WARN] IPConfigManager:3431 - IP not found : TIM
2024-06-10 17:26:01,721 [WARN] CodeGenerator:3754 - IP not found : null
2024-06-10 17:26:01,726 [INFO] CodeEngine:255 - oldGeneratedFile, /home/dnk066/Pratham/STM32_Training/Workspace/07_TIMERS/01_Timer_IT/Core/Inc/main.h_save
2024-06-10 17:26:02,146 [INFO] CodeEngine:279 - Generated code: /home/dnk066/Pratham/STM32_Training/Workspace/07_TIMERS/01_Timer_IT/Core/Inc/main.h
2024-06-10 17:26:02,152 [INFO] CodeEngine:255 - oldGeneratedFile, /home/dnk066/Pratham/STM32_Training/Workspace/07_TIMERS/01_Timer_IT/Core/Src/main.c_save
2024-06-10 17:26:02,654 [INFO] CodeEngine:279 - Generated code: /home/dnk066/Pratham/STM32_Training/Workspace/07_TIMERS/01_Timer_IT/Core/Src/main.c
2024-06-10 17:26:04,577 [INFO] ProjectBuilder:2996 - Time for Copy HAL[1] : 208mS.
2024-06-10 17:26:04,583 [INFO] ProjectBuilder:4304 - Project Generator version: 3.19.2
2024-06-10 17:26:06,476 [INFO] ConfigFileManager:1483 - The Die is : DIE461
2024-06-10 17:26:10,732 [INFO] ProjectBuilder:4505 - Time for Generating toolchain IDE Files: 6149mS.
2024-06-10 17:26:10,732 [INFO] ProjectBuilder:2867 - Time for Copy CMSIS : 0mS.
2024-06-10 17:26:10,733 [INFO] ProjectBuilder:2867 - Time for Copy CMSIS : 0mS.
