2024-06-21 11:45:45,234 [INFO] MainUpdater:2854 - connection check result : 10
2024-06-21 11:45:45,413 [INFO] McuFinderGlobals:66 - Set McuFinderConnectedMode to true
2024-06-21 11:45:45,414 [INFO] MultiScanPanel:200 - Auto-refresh data requested => check proxy status ongoing
2024-06-21 11:45:45,414 [INFO] FinderPluginLoader:95 - Searching for filters in installed packs
2024-06-21 11:45:47,337 [INFO] LoadUrlFilesThread:185 - End of LoadServerUrlFiles without Thread
2024-06-21 11:45:47,338 [INFO] DetailPanel:341 - Set advertising image to /home/dnk066/STM32Cube/Repository//en.prom-stm32h7rs-mcu-finder.jpg
2024-06-21 11:45:53,050 [INFO] MultiScanPanel:200 - Auto-refresh data requested => check proxy status ongoing
2024-06-21 11:45:53,187 [INFO] LoadUrlFilesThread:185 - End of LoadServerUrlFiles without Thread
2024-06-21 11:45:53,187 [INFO] DetailPanel:341 - Set advertising image to /home/dnk066/STM32Cube/Repository//en.prom-stm32h7rs-mcu-finder.jpg
2024-06-21 11:48:07,391 [INFO] MainUpdater:2854 - connection check result : 10
2024-06-21 11:48:07,392 [INFO] MainUpdater:2854 - connection check result : 10
2024-06-21 11:48:07,415 [ERROR] IocParser:57 - IOException caught: /home/dnk066/Pratham/STM32_Training/Workspace/09_USB/04_USB_MSC/04_USB_MSC.ioc (No such file or directory)
2024-06-21 11:48:07,416 [ERROR] PeripheralListParser:95 - Something went wrong with ioc file reading: /home/dnk066/Pratham/STM32_Training/Workspace/09_USB/04_USB_MSC/04_USB_MSC.ioc (No such file or directory)
2024-06-21 11:48:07,417 [ERROR] RegexParser:59 - Issue caught when parsing regex: /home/dnk066/Pratham/STM32_Training/Workspace/09_USB/04_USB_MSC/04_USB_MSC.ioc (No such file or directory)
2024-06-21 11:48:07,566 [INFO] MicroXplorer:468 - Change Database Path : 
2024-06-21 11:48:07,566 [INFO] MicroXplorer:498 - Change Database Version : DB.6.0.81
2024-06-21 11:48:07,641 [WARN] ThirdParty:871 - waiting for thirdparty lock release [close project]
2024-06-21 11:48:07,641 [INFO] ThirdParty:873 - entering critical section [close project]
2024-06-21 11:48:07,641 [INFO] ThirdParty:883 - exiting critical section [close project]
2024-06-21 11:48:07,644 [INFO] PinOutPanel:1499 - setPackage(No Configuration,No Configuration)
2024-06-21 11:48:07,649 [INFO] UtilMem:75 - Begin LoadConfig() Used Memory: 418466728 Bytes (814743552)
2024-06-21 11:48:07,651 [INFO] OpenFileManager:308 - Change cursor
2024-06-21 11:48:07,683 [INFO] RulesReader:64 - Compatibility file has been processed (293 Rules)
2024-06-21 11:48:07,692 [INFO] ProjectFactory:402 - No CPN specified for board STM32L476G-DISCO => set CPN to STM32L476VGT3
2024-06-21 11:48:07,693 [INFO] Mcu:1937 - Initializing MCU STM32L476V(C-E-G)Tx STM32L476VGTx STM32L476VGT3
2024-06-21 11:48:10,805 [INFO] Context:659 - Trying to add GPIOservice into a context  which must be forbidden
2024-06-21 11:48:11,633 [INFO] Rule:228 - rule 117617 - U5Cobra4M][GTZC] default value MPCBB3 and MPCBB5 - Not Secured memory - MPCBB1 is applicable
2024-06-21 11:48:11,633 [INFO] Rule:228 - rule 117617 - U5Cobra4M][GTZC] default value MPCBB3 and MPCBB5 - Not Secured memory - MPCBB1 is applicable
2024-06-21 11:48:11,633 [INFO] Rule:228 - rule 117617 - U5Cobra4M][GTZC] default value MPCBB3 and MPCBB5 - Not Secured memory - MPCBB2 is applicable
2024-06-21 11:48:11,633 [INFO] Rule:228 - rule 117617 - U5Cobra4M][GTZC] default value MPCBB3 and MPCBB5 - Not Secured memory - MPCBB2 is applicable
2024-06-21 11:48:11,634 [INFO] Rule:228 - rule 117617 - U5Cobra4M][GTZC] default value MPCBB3 and MPCBB5 - Not Secured memory - MPCBB3 is applicable
2024-06-21 11:48:11,634 [INFO] Rule:228 - rule 117617 - U5Cobra4M][GTZC] default value MPCBB3 and MPCBB5 - Not Secured memory - MPCBB3 is applicable
2024-06-21 11:48:11,634 [INFO] Rule:228 - rule 117617 - U5Cobra4M][GTZC] default value MPCBB3 and MPCBB5 - Not Secured memory - MPCBB4 is applicable
2024-06-21 11:48:11,634 [INFO] Rule:228 - rule 117617 - U5Cobra4M][GTZC] default value MPCBB3 and MPCBB5 - Not Secured memory - MPCBB4 is applicable
2024-06-21 11:48:11,634 [INFO] Rule:228 - rule 117617 - U5Cobra4M][GTZC] default value MPCBB3 and MPCBB5 - Secured memory - MPCBB1 is applicable
2024-06-21 11:48:11,634 [INFO] Rule:228 - rule 117617 - U5Cobra4M][GTZC] default value MPCBB3 and MPCBB5 - Secured memory - MPCBB2 is applicable
2024-06-21 11:48:11,634 [INFO] Rule:228 - rule 117617 - U5Cobra4M][GTZC] default value MPCBB3 and MPCBB5 - Secured memory - MPCBB3 is applicable
2024-06-21 11:48:11,634 [INFO] Rule:228 - rule 117617 - U5Cobra4M][GTZC] default value MPCBB3 and MPCBB5 - Secured memory - MPCBB4 is applicable
2024-06-21 11:48:11,634 [INFO] Rule:228 - rule 117617 - U5Cobra4M][GTZC] default value MPCBB3 and MPCBB5 - Privileged memory - MPCBB1 is applicable
2024-06-21 11:48:11,634 [INFO] Rule:228 - rule 117617 - U5Cobra4M][GTZC] default value MPCBB3 and MPCBB5 - Privileged memory - MPCBB2 is applicable
2024-06-21 11:48:11,634 [INFO] Rule:228 - rule 117617 - U5Cobra4M][GTZC] default value MPCBB3 and MPCBB5 - Privileged memory - MPCBB3 is applicable
2024-06-21 11:48:11,635 [INFO] Rule:228 - rule 117617 - U5Cobra4M][GTZC] default value MPCBB3 and MPCBB5 - Privileged memory - MPCBB4 is applicable
2024-06-21 11:48:11,635 [INFO] Rule:228 - rule 117617 - U5Cobra4M][GTZC] default value MPCBB3 and MPCBB5 - Not Privileged memory - MPCBB1 is applicable
2024-06-21 11:48:11,635 [INFO] Rule:228 - rule 117617 - U5Cobra4M][GTZC] default value MPCBB3 and MPCBB5 - Not Privileged memory - MPCBB2 is applicable
2024-06-21 11:48:11,635 [INFO] Rule:228 - rule 117617 - U5Cobra4M][GTZC] default value MPCBB3 and MPCBB5 - Not Privileged memory - MPCBB3 is applicable
2024-06-21 11:48:11,635 [INFO] Rule:228 - rule 117617 - U5Cobra4M][GTZC] default value MPCBB3 and MPCBB5 - Not Privileged memory - MPCBB4 is applicable
2024-06-21 11:48:11,635 [INFO] Rule:228 - rule 117617 - U5Cobra4M][GTZC] default value MPCBB3 and MPCBB5 - Privileged memory - MPCBB1 is applicable
2024-06-21 11:48:11,635 [INFO] Rule:228 - rule 117617 - U5Cobra4M][GTZC] default value MPCBB3 and MPCBB5 - Privileged memory - MPCBB2 is applicable
2024-06-21 11:48:11,635 [INFO] Rule:228 - rule 117617 - U5Cobra4M][GTZC] default value MPCBB3 and MPCBB5 - Privileged memory - MPCBB3 is applicable
2024-06-21 11:48:11,635 [INFO] Rule:228 - rule 117617 - U5Cobra4M][GTZC] default value MPCBB3 and MPCBB5 - Privileged memory - MPCBB4 is applicable
2024-06-21 11:48:11,635 [INFO] Rule:228 - rule 117617 - U5Cobra4M][GTZC] default value MPCBB3 and MPCBB5 - Privileged memory - MPCBB1 is applicable
2024-06-21 11:48:11,635 [INFO] Rule:228 - rule 117617 - U5Cobra4M][GTZC] default value MPCBB3 and MPCBB5 - Privileged memory - MPCBB2 is applicable
2024-06-21 11:48:11,635 [INFO] Rule:228 - rule 117617 - U5Cobra4M][GTZC] default value MPCBB3 and MPCBB5 - Privileged memory - MPCBB3 is applicable
2024-06-21 11:48:11,636 [INFO] Rule:228 - rule 117617 - U5Cobra4M][GTZC] default value MPCBB3 and MPCBB5 - Privileged memory - MPCBB4 is applicable
2024-06-21 11:48:11,636 [INFO] Rule:228 - rule 117617 - U5Cobra4M][GTZC] default value MPCBB3 and MPCBB5 - Not Privileged memory - MPCBB1 is applicable
2024-06-21 11:48:11,636 [INFO] Rule:228 - rule 117617 - U5Cobra4M][GTZC] default value MPCBB3 and MPCBB5 - Not Privileged memory - MPCBB2 is applicable
2024-06-21 11:48:11,636 [INFO] Rule:228 - rule 117617 - U5Cobra4M][GTZC] default value MPCBB3 and MPCBB5 - Not Privileged memory - MPCBB3 is applicable
2024-06-21 11:48:11,636 [INFO] Rule:228 - rule 117617 - U5Cobra4M][GTZC] default value MPCBB3 and MPCBB5 - Not Privileged memory - MPCBB4 is applicable
2024-06-21 11:48:11,636 [INFO] Rule:228 - rule 117617 - U5Cobra4M][GTZC] default value MPCBB3 and MPCBB5 - Privileged memory - MPCBB1 is applicable
2024-06-21 11:48:11,636 [INFO] Rule:228 - rule 117617 - U5Cobra4M][GTZC] default value MPCBB3 and MPCBB5 - Privileged memory - MPCBB2 is applicable
2024-06-21 11:48:11,636 [INFO] Rule:228 - rule 117617 - U5Cobra4M][GTZC] default value MPCBB3 and MPCBB5 - Privileged memory - MPCBB3 is applicable
2024-06-21 11:48:11,636 [INFO] Rule:228 - rule 117617 - U5Cobra4M][GTZC] default value MPCBB3 and MPCBB5 - Privileged memory - MPCBB4 is applicable
2024-06-21 11:48:11,636 [INFO] Rule:228 - rule Rename SubGHz_Phy SUBGHZ_APPLICATION SUBGHZ_PINGPONG to SUBGHZ_ADV_APPLICATION is applicable
2024-06-21 11:48:11,636 [INFO] Rule:228 - rule Rename Enabled to IBEACON is applicable
2024-06-21 11:48:11,636 [INFO] Rule:228 - rule GTZC_S instance for project manager is applicable
2024-06-21 11:48:11,637 [INFO] Rule:228 - rule GTZC_S instance for context M33S is applicable
2024-06-21 11:48:11,637 [INFO] Rule:228 - rule GTZC_S instance value for IP GTZC is applicable
2024-06-21 11:48:11,637 [INFO] Rule:228 - rule GTZC_S instance for mcu.IP is applicable
2024-06-21 11:48:11,637 [INFO] Rule:228 - rule GTZC_S instance for VP is applicable
2024-06-21 11:48:11,637 [INFO] Rule:228 - rule GTZC_S instance for signal is applicable
2024-06-21 11:48:11,637 [INFO] Rule:228 - rule GTZC_S instance for mcu.Pin is applicable
2024-06-21 11:48:11,637 [INFO] Rule:228 - rule GTZC_S instance for VP is applicable
2024-06-21 11:48:11,637 [INFO] Rule:228 - rule GTZC_S instance for signal is applicable
2024-06-21 11:48:11,637 [INFO] Rule:228 - rule GTZC_S instance for mcu is applicable
2024-06-21 11:48:11,637 [INFO] Rule:228 - rule GTZC_S instance for mcu.Pin is applicable
2024-06-21 11:48:11,637 [INFO] Rule:228 - rule GTZC_S instance value for IP GTZC is applicable
2024-06-21 11:48:11,637 [INFO] Rule:228 - rule GTZC_S instance for project manager is applicable
2024-06-21 11:48:11,638 [INFO] Rule:228 - rule GTZC_S instance for context M33S is applicable
2024-06-21 11:48:11,638 [INFO] Rule:228 - rule GTZC_S instance for VP is applicable
2024-06-21 11:48:11,638 [INFO] Rule:228 - rule GTZC_S instance for signal is applicable
2024-06-21 11:48:11,638 [INFO] Rule:228 - rule SPDIFRX instance for mcu is applicable
2024-06-21 11:48:11,638 [INFO] Rule:228 - rule Rename Tracer Mode is applicable
2024-06-21 11:48:11,638 [INFO] Rule:228 - rule SPDIFRX instance value for IP SPDIFRX is applicable
2024-06-21 11:48:11,638 [INFO] Rule:228 - rule SPDIFRX instance for signal is applicable
2024-06-21 11:48:11,638 [INFO] Rule:228 - rule SPDIFRX instance for project manager is applicable
2024-06-21 11:48:11,638 [INFO] Rule:228 - rule SPDIFRX instance for project manager is applicable
2024-06-21 11:48:11,638 [INFO] Rule:228 - rule ADC Scan  fix with FW F7 is applicable
2024-06-21 11:48:11,638 [INFO] Rule:228 - rule ADC Scan  fix with FW F7 is applicable
2024-06-21 11:48:11,639 [INFO] Rule:228 - rule WakeUp0 Mode is applicable
2024-06-21 11:48:11,639 [INFO] Rule:228 - rule WakeUp0 SIGNAL is applicable
2024-06-21 11:48:11,639 [INFO] Rule:228 - rule WakeUp1 Mode is applicable
2024-06-21 11:48:11,639 [INFO] Rule:228 - rule WakeUp1 SIGNAL is applicable
2024-06-21 11:48:11,639 [INFO] Rule:228 - rule WakeUp2 Mode is applicable
2024-06-21 11:48:11,639 [INFO] Rule:228 - rule WakeUp2 SIGNAL is applicable
2024-06-21 11:48:11,639 [INFO] Rule:228 - rule WakeUp4 Mode is applicable
2024-06-21 11:48:11,639 [INFO] Rule:228 - rule WakeUp4 SIGNAL is applicable
2024-06-21 11:48:11,639 [INFO] Rule:228 - rule WakeUp5 Mode is applicable
2024-06-21 11:48:11,639 [INFO] Rule:228 - rule WakeUp5 SIGNAL is applicable
2024-06-21 11:48:11,640 [INFO] Rule:228 - rule Add RTC Activate Clock Source is applicable
2024-06-21 11:48:11,640 [INFO] Rule:228 - rule Add RTC Activate Calendar 1 is applicable
2024-06-21 11:48:11,640 [INFO] Rule:228 - rule Add RTC Activate Calendar 2 is applicable
2024-06-21 11:48:11,640 [INFO] Rule:228 - rule Add RTC Activate Calendar 3 is applicable
2024-06-21 11:48:11,640 [INFO] Rule:228 - rule UART/USART TX Mode is applicable
2024-06-21 11:48:11,640 [INFO] Rule:228 - rule UART/USART RX Mode is applicable
2024-06-21 11:48:11,640 [INFO] Rule:228 - rule UART/USART RX TX Mode is applicable
2024-06-21 11:48:11,640 [INFO] Rule:228 - rule UART/USART PARITY NONE is applicable
2024-06-21 11:48:11,640 [INFO] Rule:228 - rule UART/USART PARITY EVEN is applicable
2024-06-21 11:48:11,640 [INFO] Rule:228 - rule UART/USART PARITY ODD is applicable
2024-06-21 11:48:11,640 [INFO] Rule:228 - rule USART StopBits 1 is applicable
2024-06-21 11:48:11,640 [INFO] Rule:228 - rule USART StopBits 2 is applicable
2024-06-21 11:48:11,641 [INFO] Rule:228 - rule USART StopBits 1.5 is applicable
2024-06-21 11:48:11,641 [INFO] Rule:228 - rule USART StopBits 0.5 is applicable
2024-06-21 11:48:11,641 [INFO] Rule:228 - rule UART/USART WORD LENGTH 7 is applicable
2024-06-21 11:48:11,641 [INFO] Rule:228 - rule UART/USART WORD LENGTH 8 is applicable
2024-06-21 11:48:11,641 [INFO] Rule:228 - rule UART/USART WORD LENGTH 9 is applicable
2024-06-21 11:48:11,641 [INFO] Rule:228 - rule Rename FMC NAND NCE signal is applicable
2024-06-21 11:48:11,641 [INFO] Rule:228 - rule Rename FMC NAND INT signal is applicable
2024-06-21 11:48:11,641 [INFO] Rule:228 - rule Change Default Value for LSE Drive Capability for WB family is applicable
2024-06-21 11:48:11,641 [INFO] Rule:228 - rule Change Default Value for ADC Clock Prescaler G0 family is applicable
2024-06-21 11:48:11,641 [INFO] Rule:228 - rule Change Default Value for ADC ExternalTrigConv L4 family is applicable
2024-06-21 11:48:11,641 [INFO] Rule:228 - rule Change Default Value for ADC ExternalTrigInjecConv L4 family is applicable
2024-06-21 11:48:11,642 [INFO] Rule:228 - rule Change Default Value for ADC ExternalTrigConv F3 family is applicable
2024-06-21 11:48:11,642 [INFO] Rule:228 - rule Change Default Value for ADC ExternalTrigInjecConv F3 family is applicable
2024-06-21 11:48:11,642 [INFO] Rule:228 - rule Change Default Value for ADC ExternalTrigConv Goldfish serie is applicable
2024-06-21 11:48:11,642 [INFO] Rule:228 - rule Change Default Value for ADC ExternalTrigInjecConv Goldfish serie is applicable
2024-06-21 11:48:11,642 [INFO] Rule:228 - rule Change Default Value for ADC ExternalTrigConv L0 family is applicable
2024-06-21 11:48:11,642 [INFO] Rule:228 - rule Change Default Value for ADC ExternalTrigConv F0 family is applicable
2024-06-21 11:48:11,642 [INFO] Rule:228 - rule Change Default Value for ADC ExternalTrigConvn L1 family is applicable
2024-06-21 11:48:11,642 [INFO] Rule:228 - rule Change Default Value for ADC ExternalTrigInjecConv L1 family is applicable
2024-06-21 11:48:11,642 [INFO] Rule:228 - rule Change Default Value for ADC ExternalTrigConv F1 family is applicable
2024-06-21 11:48:11,642 [INFO] Rule:228 - rule Change Default Value for ADC ExternalTrigInjecConv F1 family is applicable
2024-06-21 11:48:11,642 [INFO] Rule:228 - rule Change Default Value for ADC ExternalTrigConv F7 family is applicable
2024-06-21 11:48:11,642 [INFO] Rule:228 - rule Change Default Value for ADC ExternalTrigInjecConv F7 family is applicable
2024-06-21 11:48:11,643 [INFO] Rule:228 - rule Change Default Value for ADC ExternalTrigConv F4 and F2 family is applicable
2024-06-21 11:48:11,643 [INFO] Rule:228 - rule Change Default Value for ADC ExternalTrigInjecConv F4 and F2 family is applicable
2024-06-21 11:48:11,643 [INFO] Rule:228 - rule ADC SamplingTime fix with FW L0  is applicable
2024-06-21 11:48:11,643 [INFO] Rule:228 - rule ADC SamplingTime fix with FW L0  is applicable
2024-06-21 11:48:11,643 [INFO] Rule:228 - rule ADC SamplingTime fix with FW L0 is applicable
2024-06-21 11:48:11,643 [INFO] Rule:228 - rule ADC SamplingTime fix with FW L0 is applicable
2024-06-21 11:48:11,643 [INFO] Rule:228 - rule ADC SamplingTime fix with FW L0  is applicable
2024-06-21 11:48:11,643 [INFO] Rule:228 - rule ADC SamplingTime fix with FW L0 is applicable
2024-06-21 11:48:11,643 [INFO] Rule:228 - rule Rename USB_OE Signal is applicable
2024-06-21 11:48:11,643 [INFO] Rule:228 - rule Rename Activate_OE Mode is applicable
2024-06-21 11:48:11,643 [INFO] Rule:228 - rule Rename DIE462/DIE415 pin PC14/OSC32_IN -> PC14-OSC32_IN (PC14) is applicable
2024-06-21 11:48:11,643 [INFO] Rule:228 - rule Rename DIE462/DIE415 pin PC15/OSC32_OUT -> PC15-OSC32_OUT (PC15) is applicable
2024-06-21 11:48:11,644 [INFO] Rule:228 - rule Rename DIE462/DIE415 pin PH0/OSC_IN -> PH0-OSC_IN (PH0) is applicable
2024-06-21 11:48:11,644 [INFO] Rule:228 - rule Rename DIE462/DIE415 pin PH1/OSC_OUT -> PH1-OSC_OUT (PH1) is applicable
2024-06-21 11:48:11,644 [INFO] Rule:228 - rule Rename DIE462 pin PA13 -> PA13 (JTMS/SWDIO) is applicable
2024-06-21 11:48:11,644 [INFO] Rule:228 - rule Rename DIE415 pin PA13 -> PA13 (JTMS/SWDIO) is applicable
2024-06-21 11:48:11,644 [INFO] Rule:228 - rule Rename DIE462 pin PA14 -> PA14 (JTCK/SWCLK) is applicable
2024-06-21 11:48:11,644 [INFO] Rule:228 - rule Rename DIE415 pin PA14 -> PA14 (JTCK/SWCLK) is applicable
2024-06-21 11:48:11,644 [INFO] Rule:228 - rule Rename DIE462/DIE415 pin PA15 -> PA15 (JTDI) is applicable
2024-06-21 11:48:11,644 [INFO] Rule:228 - rule Rename DIE462 pin PB3 -> PB3 (JTD0/TRACESWO) is applicable
2024-06-21 11:48:11,644 [INFO] Rule:228 - rule Rename DIE415 pin PB3 -> PB3 (JTD0-TRACESWO) is applicable
2024-06-21 11:48:11,644 [INFO] Rule:228 - rule Rename DIE462/DIE415 pin PB4 -> PB4 (NJTRST) is applicable
2024-06-21 11:48:11,644 [INFO] Rule:228 - rule Rename DIE462 pin PH3/BOOT0 -> PH3-BOOT0 (BOOT0) is applicable
2024-06-21 11:48:11,645 [INFO] Rule:228 - rule Rename CRYP DataEncryptionTypesList to Algorithm is applicable
2024-06-21 11:48:11,645 [INFO] Rule:228 - rule Rename AES DataEncryptionTypesList to Algorithm is applicable
2024-06-21 11:48:11,645 [INFO] Rule:228 - rule Rename TDESECB to CRYP_TDES_ECB is applicable
2024-06-21 11:48:11,645 [INFO] Rule:228 - rule Rename TDESCBC to CRYP_TDES_CBC is applicable
2024-06-21 11:48:11,645 [INFO] Rule:228 - rule Rename DESECB to CRYP_DES_ECB is applicable
2024-06-21 11:48:11,645 [INFO] Rule:228 - rule Rename DESCBC to CRYP_DES_CBC is applicable
2024-06-21 11:48:11,645 [INFO] Rule:228 - rule Rename AESECB to CRYP_AES_ECB is applicable
2024-06-21 11:48:11,645 [INFO] Rule:228 - rule Rename AESCBC to CRYP_AES_CBC is applicable
2024-06-21 11:48:11,645 [INFO] Rule:228 - rule Rename AESCTR to CRYP_AES_CTR is applicable
2024-06-21 11:48:11,645 [INFO] Rule:228 - rule Rename AESGCM to CRYP_AES_GCM is applicable
2024-06-21 11:48:11,645 [INFO] Rule:228 - rule Rename AESCCM to CRYP_AES_CCM is applicable
2024-06-21 11:48:11,645 [INFO] Rule:228 - rule Rename CAN TimeSeg1 to BS1 is applicable
2024-06-21 11:48:11,645 [INFO] Rule:228 - rule Rename CAN TimeSeg2 to BS2 is applicable
2024-06-21 11:48:11,646 [INFO] Rule:228 - rule Rename CAN SyncJumpWidth to SJW is applicable
2024-06-21 11:48:11,646 [INFO] Rule:228 - rule TimeTriggeredMode to TTCM is applicable
2024-06-21 11:48:11,646 [INFO] Rule:228 - rule Rename CAN AutoBusOff to ABOM is applicable
2024-06-21 11:48:11,646 [INFO] Rule:228 - rule Rename CAN AutoWakeUp to AWUM is applicable
2024-06-21 11:48:11,646 [INFO] Rule:228 - rule Rename CAN AutoRetransmission to NART is applicable
2024-06-21 11:48:11,646 [INFO] Rule:228 - rule Rename CAN ReceiveFifoLocked to RFLM is applicable
2024-06-21 11:48:11,646 [INFO] Rule:228 - rule Rename CAN TransmitFifoPriority to TXFP is applicable
2024-06-21 11:48:11,646 [INFO] Rule:228 - rule Rename HRTIMER HRTIM_OUTPUTFAULTLEVEL_HIGH in HRTIMER HRTIM_OUTPUTFAULTLEVEL_HIGHZ is applicable
2024-06-21 11:48:11,646 [INFO] Rule:228 - rule Rename TIMER TIM_CLEARINPUTSOURCE_OCREFCLR in  TIMER TIM_CLEARINPUTSOURCE_NONE for F7 family is applicable
2024-06-21 11:48:11,646 [INFO] Rule:228 - rule FDCAN_R1 - Rename FDCAN mode Master into Classic is applicable
2024-06-21 11:48:11,646 [INFO] Rule:228 - rule FDCAN_R2 - Rename FDCAN mode Slave into Classic is applicable
2024-06-21 11:48:11,646 [INFO] Rule:228 - rule FDCAN1_R3 - if PA10.Mode=FullDuplex, add Pin PA12 is applicable
2024-06-21 11:48:11,647 [INFO] Rule:228 - rule FDCAN1_R3 - if PA9.Mode=FullDuplex, add Pin PA11 is applicable
2024-06-21 11:48:11,647 [INFO] Rule:228 - rule FDCAN1_R3 - Alternatepin_1 - if PE1.Mode=FullDuplex, add Pin PB9 is applicable
2024-06-21 11:48:11,647 [INFO] Rule:228 - rule FDCAN1_R3 - Alternatepin_1 - if PE0.Mode=FullDuplex, add Pin PB8 is applicable
2024-06-21 11:48:11,647 [INFO] Rule:228 - rule FDCAN1_R3 - Alternatepin_2 - if PD5.Mode=FullDuplex, add Pin PD1 is applicable
2024-06-21 11:48:11,647 [INFO] Rule:228 - rule FDCAN1_R3 - Alternatepin_2 - if PD4.Mode=FullDuplex, add Pin PD0 is applicable
2024-06-21 11:48:11,647 [INFO] Rule:228 - rule FDCAN1_R4 - Rename Mode FullDuplex into Enable FDCAN_TXFD for pin PA10 is applicable
2024-06-21 11:48:11,647 [INFO] Rule:228 - rule FDCAN1_R4 - Rename Mode FullDuplex into Enable FDCAN_TXFD for pin PA9 is applicable
2024-06-21 11:48:11,647 [INFO] Rule:228 - rule FDCAN1_R4 - Alternatepin_1 - Rename Mode FullDuplex into Enable FDCAN_TXFD for pin PE1 is applicable
2024-06-21 11:48:11,647 [INFO] Rule:228 - rule FDCAN1_R4 - Alternatepin_1 - Rename Mode FullDuplex into Enable FDCAN_TXFD for pin PE0 is applicable
2024-06-21 11:48:11,647 [INFO] Rule:228 - rule FDCAN1_R4 - Alternatepin_2 - Rename Mode FullDuplex into Enable FDCAN_TXFD for pin PD5 is applicable
2024-06-21 11:48:11,647 [INFO] Rule:228 - rule FDCAN1_R4 - Alternatepin_2 - Rename Mode FullDuplex into Enable FDCAN_TXFD for pin PD4 is applicable
2024-06-21 11:48:11,647 [INFO] Rule:228 - rule FDCAN2_R3 - if PD10.Mode=FullDuplex, add Pin PB13 is applicable
2024-06-21 11:48:11,648 [INFO] Rule:228 - rule FDCAN2_R3 - if PD9.Mode=FullDuplex, add Pin PB12 is applicable
2024-06-21 11:48:11,648 [INFO] Rule:228 - rule FDCAN2_R3 - Alternatepin_1 - if PB7.Mode=FullDuplex, add Pin PB6 is applicable
2024-06-21 11:48:11,648 [INFO] Rule:228 - rule FDCAN2_R3 - Alternatepin_1 - if PD9.Mode=FullDuplex, add Pin PB12 is applicable
2024-06-21 11:48:11,648 [INFO] Rule:228 - rule FDCAN2_R4 - Rename Mode FullDuplex into Enable FDCAN_TXFD for pin PD10 is applicable
2024-06-21 11:48:11,648 [INFO] Rule:228 - rule FDCAN2_R4 - Rename Mode FullDuplex into Enable FDCAN_TXFD for pin PD9 is applicable
2024-06-21 11:48:11,648 [INFO] Rule:228 - rule FDCAN2_R4 - Alternatepin_1 - Rename Mode FullDuplex into Enable FDCAN_TXFD for pin PB7 is applicable
2024-06-21 11:48:11,648 [INFO] Rule:228 - rule FDCAN2_R4 - Alternatepin_1 - Rename Mode FullDuplex into Enable FDCAN_TXFD for pin PD6 is applicable
2024-06-21 11:48:11,648 [INFO] Rule:228 - rule USART TxPinLevelInvertParam Mode is applicable
2024-06-21 11:48:11,648 [INFO] Rule:228 - rule USART RxPinLevelInvertParam Mode is applicable
2024-06-21 11:48:11,648 [INFO] Rule:228 - rule USART DataInvertParam Mode is applicable
2024-06-21 11:48:11,648 [INFO] Rule:228 - rule USART SwapParam Mode is applicable
2024-06-21 11:48:11,648 [INFO] Rule:228 - rule USART OverrunDisableParam Mode is applicable
2024-06-21 11:48:11,649 [INFO] Rule:228 - rule USART DMADisableonRxErrorParam Mode is applicable
2024-06-21 11:48:11,649 [INFO] Rule:228 - rule USART MSBFirstParam Mode is applicable
2024-06-21 11:48:11,649 [INFO] Rule:228 - rule Update MwName for USB_DEVICE is applicable
2024-06-21 11:48:11,649 [INFO] Rule:228 - rule Change PWR_Regulator_Voltage_Scale Default Value for RCC  H7 family is applicable
2024-06-21 11:48:11,649 [INFO] Rule:228 - rule UART/USART IPParameter rename Prescaler parameter to ClockPrescaler is applicable
2024-06-21 11:48:11,649 [INFO] Rule:228 - rule UART/USART Prescaler rename Prescaler parameter to ClockPrescaler is applicable
2024-06-21 11:48:11,649 [INFO] Rule:228 - rule TIM1CLockSelection is applicable
2024-06-21 11:48:11,649 [INFO] Rule:228 - rule TIM15CLockSelection is applicable
2024-06-21 11:48:11,649 [INFO] Rule:228 - rule align RCC SDMMC3CLockSelection default value on MP1 is applicable
2024-06-21 11:48:11,649 [INFO] Rule:228 - rule align RCC SDMMC12CLockSelection default value on MP1 is applicable
2024-06-21 11:48:11,649 [INFO] Rule:228 - rule align RCC QSPICLockSelection default value on MP1 is applicable
2024-06-21 11:48:11,649 [INFO] Rule:228 - rule align RCC QSPICLockSelection default value on MP1 is applicable
2024-06-21 11:48:11,650 [INFO] Rule:228 - rule align RCC SPI6CLockSelection default value on MP1 is applicable
2024-06-21 11:48:11,650 [INFO] Rule:228 - rule align RCC LPTIM23CLockSelection default value on MP1 is applicable
2024-06-21 11:48:11,650 [INFO] Rule:228 - rule align RCC LPTIM1CLockSelection default value on MP1 is applicable
2024-06-21 11:48:11,650 [INFO] Rule:228 - rule align RCC USART1CLockSelection default value on MP1 is applicable
2024-06-21 11:48:11,650 [INFO] Rule:228 - rule align RCC USART24CLockSelection default value on MP1 is applicable
2024-06-21 11:48:11,650 [INFO] Rule:228 - rule align RCC USART6CLockSelection default value on MP1 is applicable
2024-06-21 11:48:11,650 [INFO] Rule:228 - rule align RCC UART78CLockSelection default value on MP1 is applicable
2024-06-21 11:48:11,650 [INFO] Rule:228 - rule align RCC USART35CLockSelection default value on MP1 is applicable
2024-06-21 11:48:11,650 [INFO] Rule:228 - rule align RCC SPI45CLockSelection default value on MP1 is applicable
2024-06-21 11:48:11,650 [INFO] Rule:228 - rule align RCC I2C46CLockSelection BCLK value on MP1 is applicable
2024-06-21 11:48:11,650 [INFO] Rule:228 - rule align RCC SPI45CLockSelection default value on MP1 is applicable
2024-06-21 11:48:11,651 [INFO] Rule:228 - rule align RCC I2C12CLockSelection default value on MP1 is applicable
2024-06-21 11:48:11,651 [INFO] Rule:228 - rule align RCC I2C35CLockSelection default value on MP1 is applicable
2024-06-21 11:48:11,651 [INFO] Rule:228 - rule align RCC LPTIM45CLockSelection default value on MP1 is applicable
2024-06-21 11:48:11,651 [INFO] Rule:228 - rule Rename DCMI PIXCK signal is applicable
2024-06-21 11:48:11,651 [INFO] Rule:228 - rule Change Default Value for I2C46CLockSelection MP1 family is applicable
2024-06-21 11:48:11,651 [INFO] Rule:228 - rule Change Default Value for UART for G4, G0 and WB families is applicable
2024-06-21 11:48:11,651 [INFO] Rule:228 - rule Change Default Value for USART for G4, G0 and WB families is applicable
2024-06-21 11:48:11,651 [INFO] Rule:228 - rule Change Default Value for USART for G4 family is applicable
2024-06-21 11:48:11,651 [INFO] Rule:228 - rule Change USART1CLockSelection refparam name for MP1 is applicable
2024-06-21 11:48:11,651 [INFO] Rule:228 - rule Change USART2CLockSelection refparam name for MP1 is applicable
2024-06-21 11:48:11,651 [INFO] Rule:228 - rule Change USART3CLockSelection refparam name for MP1 is applicable
2024-06-21 11:48:11,651 [INFO] Rule:228 - rule Change UART4CLockSelection refparam name for MP1 is applicable
2024-06-21 11:48:11,652 [INFO] Rule:228 - rule Change UART5CLockSelection refparam name for MP1 is applicable
2024-06-21 11:48:11,652 [INFO] Rule:228 - rule Change LPUART1CLockSelection refparam name for MP1 is applicable
2024-06-21 11:48:11,652 [INFO] Rule:228 - rule Change LPTIM1CLockSelection refparam name for MP1 is applicable
2024-06-21 11:48:11,652 [INFO] Rule:228 - rule Change LPTIM2CLockSelection refparam name for MP1 is applicable
2024-06-21 11:48:11,652 [INFO] Rule:228 - rule Change RCC_MCO1Source refparam name for MP1 is applicable
2024-06-21 11:48:11,652 [INFO] Rule:228 - rule Change LSCOSource1 refparam name for MP1 is applicable
2024-06-21 11:48:11,652 [INFO] Rule:228 - rule Change SMPSCLockSelection refparam name for MP1 is applicable
2024-06-21 11:48:11,652 [INFO] Rule:228 - rule Change LPTIM3CLockSelection refparam name for MP1 is applicable
2024-06-21 11:48:11,652 [INFO] Rule:228 - rule Change MPCBB* Default Template Mode to Parameters is applicable
2024-06-21 11:48:11,652 [INFO] Rule:228 - rule Change MPCWM* or MPCBB* Secure Mode to Parameters is applicable
2024-06-21 11:48:11,652 [INFO] Rule:228 - rule Change MPCWM* or MPCBB* No Secure Mode to Parameters is applicable
2024-06-21 11:48:11,652 [INFO] Rule:228 - rule Change TZSC IP Secure Mode to Parameters is applicable
2024-06-21 11:48:11,653 [INFO] Rule:228 - rule Change TZSC IP No Secure Mode to Parameters is applicable
2024-06-21 11:48:11,653 [INFO] Rule:228 - rule Change TZSC IP Privilege Mode to Parameters is applicable
2024-06-21 11:48:11,653 [INFO] Rule:228 - rule Change TZSC IP No Privilege Mode to Parameters is applicable
2024-06-21 11:48:11,653 [INFO] Rule:228 - rule Change TZIC IT Secure Mode to Parameters is applicable
2024-06-21 11:48:11,653 [INFO] Rule:228 - rule Change TZIC IT No Secure Mode to Parameters is applicable
2024-06-21 11:48:11,653 [INFO] Rule:228 - rule Add MPCBB1_NonSecureArea_Start_Address value with referenced to MPCBB1_NonSecureArea_Start value is applicable
2024-06-21 11:48:11,653 [INFO] Rule:228 - rule Add MPCBB2_NonSecureArea_Start_Address value with referenced to MPCBB2_NonSecureArea_Start value is applicable
2024-06-21 11:48:11,653 [INFO] Rule:228 - rule Add MPCWM1_NonSecureArea*_Start_Address value with referenced to MPCWM1_NonSecureArea*_Start value is applicable
2024-06-21 11:48:11,653 [INFO] Rule:228 - rule Add MPCWM2_NonSecureArea*_Start_Address value with referenced to MPCWM2_NonSecureArea*_Start value is applicable
2024-06-21 11:48:11,653 [INFO] Rule:228 - rule Add MPCWM3_NonSecureArea_Start_Address value with referenced to MPCWM3_NonSecureArea_Start value is applicable
2024-06-21 11:48:11,653 [INFO] Rule:228 - rule Change Default Value for PLL1UserDefinedConfig is applicable
2024-06-21 11:48:11,653 [INFO] Rule:228 - rule Change GPIO_PuPd Default Value for USART in async mode is applicable
2024-06-21 11:48:11,654 [INFO] Rule:228 - rule Change SMPSDivider Default Value is applicable
2024-06-21 11:48:11,654 [INFO] Rule:228 - rule OPAMP is applicable
2024-06-21 11:48:11,654 [INFO] Rule:228 - rule LPUART IPParameter rename Prescaler parameter to ClockPrescaler for STM32H7 is applicable
2024-06-21 11:48:11,654 [INFO] Rule:228 - rule LPUART IPParameter rename Prescaler parameter to ClockPrescaler for STM32H7 is applicable
2024-06-21 11:48:11,654 [INFO] Rule:228 - rule LPUART IPParameter rename Prescaler parameter to ClockPrescaler for STM32WB is applicable
2024-06-21 11:48:11,654 [INFO] Rule:228 - rule LPUART IPParameter rename Prescaler parameter to ClockPrescaler for STM32WB is applicable
2024-06-21 11:48:11,654 [INFO] Rule:228 - rule LPUART IPParameter rename Prescaler parameter to ClockPrescaler for STM32G4 is applicable
2024-06-21 11:48:11,654 [INFO] Rule:228 - rule LPUART IPParameter rename Prescaler parameter to ClockPrescaler for STM32G4 is applicable
2024-06-21 11:48:11,654 [INFO] Rule:228 - rule LPUART IPParameter rename Prescaler parameter to ClockPrescaler for STM32L5 is applicable
2024-06-21 11:48:11,654 [INFO] Rule:228 - rule LPUART IPParameter rename Prescaler parameter to ClockPrescaler for STM32L5 is applicable
2024-06-21 11:48:11,654 [INFO] Rule:228 - rule LPUART IPParameter rename Prescaler parameter to ClockPrescaler for STM32G4 is applicable
2024-06-21 11:48:11,654 [INFO] Rule:228 - rule LPUART IPParameter rename Prescaler parameter to ClockPrescaler for STM32G4 is applicable
2024-06-21 11:48:11,655 [INFO] Rule:228 - rule USB device lib V2.5.3 for L0 rename USBD_SUPPORT_USER_STRING parameter to USBD_SUPPORT_USER_STRING_DESC4 is applicable
2024-06-21 11:48:11,655 [INFO] Rule:228 - rule I2SCLockSelection clock entry align is applicable
2024-06-21 11:48:11,655 [INFO] Rule:228 - rule Assign TIMx context if used as SYS timebase is applicable
2024-06-21 11:48:11,655 [INFO] Rule:228 - rule Change GPIO_Pu Default Value for I2C is applicable
2024-06-21 11:48:11,655 [INFO] Rule:228 - rule Change GPIO_Pu Default Value for SMBus is applicable
2024-06-21 11:48:11,655 [INFO] Rule:228 - rule change FDCAN default value is applicable
2024-06-21 11:48:11,655 [INFO] Rule:228 - rule Change mode sai is applicable
2024-06-21 11:48:11,655 [INFO] Rule:228 - rule **Change sai mode is applicable
2024-06-21 11:48:11,771 [INFO] DbConfProperties:307 - Apply Compatibility (49/258 Rules)
2024-06-21 11:48:11,789 [INFO] ImportTextPane:194 - (OptionalMessage_ERROR) Unable to find key (Mcu.ThirdPartyNb) in loaded IOC file
2024-06-21 11:48:12,012 [INFO] RtosManager:555 - Registered RTOS mode: class=CMSIS, group=RTOS, mode=CMSIS_V1, owner=FREERTOS
2024-06-21 11:48:12,012 [INFO] RtosManager:555 - Registered RTOS mode: class=CMSIS, group=RTOS2, mode=CMSIS_V2, owner=FREERTOS
2024-06-21 11:48:12,012 [INFO] RtosManager:555 - Registered RTOS mode: class=RTOS, group=Core, mode=CMSIS_V1, owner=FREERTOS
2024-06-21 11:48:12,012 [INFO] RtosManager:555 - Registered RTOS mode: class=RTOS, group=Core, mode=CMSIS_V2, owner=FREERTOS
2024-06-21 11:48:12,012 [WARN] ModelIntegratedComponent:184 - Missing modes for component STMicroelectronics:FreeRTOS:0.0.1:STMicroelectronics:RTOS:FreeRTOS:Core:::10.2.0:
2024-06-21 11:48:12,030 [WARN] ModelIntegratedComponent:63 - No mode defined for component null
2024-06-21 11:48:12,030 [WARN] ModelIntegratedComponent:63 - No mode defined for component null
2024-06-21 11:48:12,030 [WARN] ModelIntegratedComponent:63 - No mode defined for component null
2024-06-21 11:48:12,030 [WARN] ModelIntegratedComponent:63 - No mode defined for component null
2024-06-21 11:48:12,030 [WARN] ModelIntegratedComponent:63 - No mode defined for component null
2024-06-21 11:48:12,030 [WARN] ModelIntegratedComponent:63 - No mode defined for component null
2024-06-21 11:48:12,030 [WARN] ModelIntegratedComponent:63 - No mode defined for component null
2024-06-21 11:48:12,031 [WARN] ModelIntegratedComponent:63 - No mode defined for component null
2024-06-21 11:48:12,031 [WARN] ModelIntegratedComponent:63 - No mode defined for component null
2024-06-21 11:48:12,031 [WARN] ModelIntegratedComponent:63 - No mode defined for component null
2024-06-21 11:48:12,031 [WARN] ModelIntegratedComponent:63 - No mode defined for component null
2024-06-21 11:48:12,031 [WARN] ModelIntegratedComponent:63 - No mode defined for component null
2024-06-21 11:48:12,031 [WARN] ModelIntegratedComponent:63 - No mode defined for component null
2024-06-21 11:48:12,031 [WARN] ModelIntegratedComponent:63 - No mode defined for component null
2024-06-21 11:48:12,031 [WARN] ModelIntegratedComponent:63 - No mode defined for component null
2024-06-21 11:48:12,031 [WARN] ModelIntegratedComponent:63 - No mode defined for component null
2024-06-21 11:48:12,031 [WARN] ModelIntegratedComponent:63 - No mode defined for component null
2024-06-21 11:48:12,031 [WARN] ModelIntegratedComponent:63 - No mode defined for component null
2024-06-21 11:48:12,031 [WARN] ModelIntegratedComponent:63 - No mode defined for component null
2024-06-21 11:48:12,031 [WARN] ModelIntegratedComponent:63 - No mode defined for component null
2024-06-21 11:48:12,031 [WARN] ModelIntegratedComponent:63 - No mode defined for component null
2024-06-21 11:48:12,031 [WARN] ModelIntegratedComponent:63 - No mode defined for component null
2024-06-21 11:48:12,032 [WARN] ModelIntegratedComponent:63 - No mode defined for component null
2024-06-21 11:48:12,032 [WARN] ModelIntegratedComponent:63 - No mode defined for component null
2024-06-21 11:48:12,032 [WARN] ModelIntegratedComponent:63 - No mode defined for component null
2024-06-21 11:48:12,032 [WARN] ModelIntegratedComponent:63 - No mode defined for component null
2024-06-21 11:48:12,032 [WARN] ModelIntegratedComponent:63 - No mode defined for component null
2024-06-21 11:48:12,032 [WARN] ModelIntegratedComponent:63 - No mode defined for component null
2024-06-21 11:48:12,032 [WARN] ModelIntegratedComponent:63 - No mode defined for component null
2024-06-21 11:48:12,032 [WARN] ModelIntegratedComponent:63 - No mode defined for component null
2024-06-21 11:48:12,032 [WARN] ModelIntegratedComponent:63 - No mode defined for component null
2024-06-21 11:48:12,032 [WARN] ModelIntegratedComponent:63 - No mode defined for component null
2024-06-21 11:48:12,032 [WARN] ModelIntegratedComponent:63 - No mode defined for component null
2024-06-21 11:48:12,190 [INFO] ThirdPartyModel:298 - Start build external matchings
2024-06-21 11:48:15,045 [INFO] ThirdPartyModel:316 - End build external matchings
2024-06-21 11:48:15,342 [INFO] UtilMem:75 - End LoadConfig() Used Memory: 337041640 Bytes (814743552)
2024-06-21 11:48:15,389 [WARN] ThirdParty:833 - waiting for thirdparty lock release [change project]
2024-06-21 11:48:15,389 [INFO] ThirdParty:835 - entering critical section [change project]
2024-06-21 11:48:15,390 [INFO] ThirdParty:1030 - CMSIS Pack Vendor :STMicroelectronics X-CUBE-ISPU 1.1.0
2024-06-21 11:48:15,390 [INFO] ThirdParty:1030 - CMSIS Pack Vendor :STMicroelectronics X-CUBE-GNSS1 6.0.0
2024-06-21 11:48:15,390 [INFO] ThirdParty:1030 - CMSIS Pack Vendor :STMicroelectronics USB_HOST 2.0.0
2024-06-21 11:48:15,390 [INFO] ThirdParty:1030 - CMSIS Pack Vendor :STMicroelectronics FP-SNS-MOTENVWB1 1.4.0
2024-06-21 11:48:15,390 [INFO] ThirdParty:1030 - CMSIS Pack Vendor :STMicroelectronics X-CUBE-AZRTOS-F4 1.1.0
2024-06-21 11:48:15,390 [INFO] ThirdParty:1030 - CMSIS Pack Vendor :STMicroelectronics LIBJPEG 8.0.0
2024-06-21 11:48:15,390 [INFO] ThirdParty:1030 - CMSIS Pack Vendor :STMicroelectronics X-CUBE-SMBUS 2.1.0
2024-06-21 11:48:15,390 [INFO] ThirdParty:1030 - CMSIS Pack Vendor :wolfSSL I-CUBE-wolfSSL 5.6.0
2024-06-21 11:48:15,395 [INFO] ThirdParty:1030 - CMSIS Pack Vendor :STMicroelectronics USB_DEVICE 3.0.0
2024-06-21 11:48:15,395 [INFO] ThirdParty:1030 - CMSIS Pack Vendor :STMicroelectronics X-CUBE-TCPP 4.1.0
2024-06-21 11:48:15,395 [INFO] ThirdParty:1030 - CMSIS Pack Vendor :STMicroelectronics X-CUBE-FREERTOS 1.2.0
2024-06-21 11:48:15,395 [INFO] ThirdParty:1030 - CMSIS Pack Vendor :STMicroelectronics X-CUBE-AI 8.0.0
2024-06-21 11:48:15,395 [INFO] ThirdParty:1030 - CMSIS Pack Vendor :STMicroelectronics X-CUBE-AZRTOS-WB 2.0.0
2024-06-21 11:48:15,395 [INFO] ThirdParty:1030 - CMSIS Pack Vendor :STMicroelectronics X-CUBE-FREERTOS 1.0.1
2024-06-21 11:48:15,395 [INFO] ThirdParty:1030 - CMSIS Pack Vendor :STMicroelectronics X-CUBE-TOUCHGFX 4.21.3
2024-06-21 11:48:15,395 [INFO] ThirdParty:1030 - CMSIS Pack Vendor :STMicroelectronics X-CUBE-TOUCHGFX 4.23.2
2024-06-21 11:48:15,395 [INFO] ThirdParty:1030 - CMSIS Pack Vendor :STMicroelectronics X-CUBE-AZRTOS-F7 1.1.0
2024-06-21 11:48:15,395 [INFO] ThirdParty:1030 - CMSIS Pack Vendor :STMicroelectronics X-CUBE-TOUCHGFX 4.21.4
2024-06-21 11:48:15,395 [INFO] ThirdParty:1030 - CMSIS Pack Vendor :STMicroelectronics X-CUBE-AZRTOS-L5 2.0.0
2024-06-21 11:48:15,395 [INFO] ThirdParty:1030 - CMSIS Pack Vendor :STMicroelectronics USB_DEVICE 2.0.0
2024-06-21 11:48:15,395 [INFO] ThirdParty:1030 - CMSIS Pack Vendor :STMicroelectronics X-CUBE-MEMS1 9.6.0
2024-06-21 11:48:15,395 [INFO] ThirdParty:1030 - CMSIS Pack Vendor :STMicroelectronics X-CUBE-NFC6 3.1.0
2024-06-21 11:48:15,396 [INFO] ThirdParty:1030 - CMSIS Pack Vendor :ITTIA_DB I-CUBE-ITTIADB 8.8.0
2024-06-21 11:48:15,396 [INFO] ThirdParty:1030 - CMSIS Pack Vendor :STMicroelectronics FP-SNS-MOTENV1 4.3.0
2024-06-21 11:48:15,396 [INFO] ThirdParty:1030 - CMSIS Pack Vendor :STMicroelectronics FP-SNS-MOTENV1 4.3.2
2024-06-21 11:48:15,396 [INFO] ThirdParty:1030 - CMSIS Pack Vendor :STMicroelectronics FP-SNS-FLIGHT1 5.0.0
2024-06-21 11:48:15,396 [INFO] ThirdParty:1030 - CMSIS Pack Vendor :STMicroelectronics FP-SNS-MOTENV1 4.3.1
2024-06-21 11:48:15,396 [INFO] ThirdParty:1030 - CMSIS Pack Vendor :STMicroelectronics FP-SNS-FLIGHT1 5.0.1
2024-06-21 11:48:15,396 [INFO] ThirdParty:1030 - CMSIS Pack Vendor :STMicroelectronics X-CUBE-ALGOBUILD 1.3.0
2024-06-21 11:48:15,396 [INFO] ThirdParty:1030 - CMSIS Pack Vendor :STMicroelectronics X-CUBE-BLE1 6.2.4
2024-06-21 11:48:15,396 [INFO] ThirdParty:1030 - CMSIS Pack Vendor :STMicroelectronics X-CUBE-AZRTOS-L5 1.1.0
2024-06-21 11:48:15,396 [INFO] ThirdParty:1030 - CMSIS Pack Vendor :STMicroelectronics FreeRTOS 0.0.1
2024-06-21 11:48:15,396 [INFO] ThirdParty:1030 - CMSIS Pack Vendor :STMicroelectronics X-CUBE-AZRTOS-G0 1.1.0
2024-06-21 11:48:15,396 [INFO] ThirdParty:1030 - CMSIS Pack Vendor :emotas I-CUBE-CANOPEN 1.1.3
2024-06-21 11:48:15,396 [INFO] ThirdParty:1030 - CMSIS Pack Vendor :STMicroelectronics X-CUBE-BLEMGR 2.0.0
2024-06-21 11:48:15,397 [INFO] ThirdParty:1030 - CMSIS Pack Vendor :STMicroelectronics X-CUBE-AI 8.0.1
2024-06-21 11:48:15,397 [INFO] ThirdParty:1030 - CMSIS Pack Vendor :STMicroelectronics X-CUBE-SAFEA1 1.2.2
2024-06-21 11:48:15,397 [INFO] ThirdParty:1030 - CMSIS Pack Vendor :STMicroelectronics X-CUBE-NFC4 3.0.0
2024-06-21 11:48:15,397 [INFO] ThirdParty:1030 - CMSIS Pack Vendor :STMicroelectronics X-CUBE-SUBG2 5.0.0
2024-06-21 11:48:15,397 [INFO] ThirdParty:1030 - CMSIS Pack Vendor :STMicroelectronics STM32_WPAN 1.0.0
2024-06-21 11:48:15,397 [INFO] ThirdParty:1030 - CMSIS Pack Vendor :wolfSSL I-CUBE-wolfMQTT 1.18.0
2024-06-21 11:48:15,397 [INFO] ThirdParty:1030 - CMSIS Pack Vendor :STMicroelectronics lwIP 2.0.3
2024-06-21 11:48:15,397 [INFO] ThirdParty:1030 - CMSIS Pack Vendor :STMicroelectronics FP-SNS-FLIGHT1 5.0.2
2024-06-21 11:48:15,397 [INFO] ThirdParty:1030 - CMSIS Pack Vendor :STMicroelectronics USB_HOST 1.0.0
2024-06-21 11:48:15,397 [INFO] ThirdParty:1030 - CMSIS Pack Vendor :STMicroelectronics X-CUBE-TOF1 3.3.1
2024-06-21 11:48:15,397 [INFO] ThirdParty:1030 - CMSIS Pack Vendor :STMicroelectronics X-CUBE-AI 9.0.0
2024-06-21 11:48:15,397 [INFO] ThirdParty:1030 - CMSIS Pack Vendor :STMicroelectronics X-CUBE-AZRTOS-G4 2.0.0
2024-06-21 11:48:15,397 [INFO] ThirdParty:1030 - CMSIS Pack Vendor :STMicroelectronics PDM2PCM 3.1.0
2024-06-21 11:48:15,398 [INFO] ThirdParty:1030 - CMSIS Pack Vendor :STMicroelectronics X-CUBE-AZRTOS-H7 3.1.0
2024-06-21 11:48:15,398 [INFO] ThirdParty:1030 - CMSIS Pack Vendor :STMicroelectronics X-CUBE-TOF1 3.3.0
2024-06-21 11:48:15,398 [INFO] ThirdParty:1030 - CMSIS Pack Vendor :STMicroelectronics PDM2PCM 3.3.0
2024-06-21 11:48:15,398 [INFO] ThirdParty:1030 - CMSIS Pack Vendor :STMicroelectronics X-CUBE-DISPLAY 3.0.0
2024-06-21 11:48:15,398 [INFO] ThirdParty:1030 - CMSIS Pack Vendor :STMicroelectronics X-CUBE-BLE1 7.0.0
2024-06-21 11:48:15,398 [INFO] ThirdParty:1030 - CMSIS Pack Vendor :STMicroelectronics FP-ATR-SIGFOX1 3.2.0
2024-06-21 11:48:15,398 [INFO] ThirdParty:1030 - CMSIS Pack Vendor :STMicroelectronics X-CUBE-AZRTOS-L4 1.0.0
2024-06-21 11:48:15,398 [INFO] ThirdParty:1030 - CMSIS Pack Vendor :STMicroelectronics X-CUBE-ISPU 2.0.0
2024-06-21 11:48:15,398 [INFO] ThirdParty:1030 - CMSIS Pack Vendor :STMicroelectronics X-CUBE-EEPRMA1 5.1.0
2024-06-21 11:48:15,398 [INFO] ThirdParty:1030 - CMSIS Pack Vendor :STMicroelectronics HAL Drivers 0.0.0
2024-06-21 11:48:15,398 [INFO] ThirdParty:1030 - CMSIS Pack Vendor :STMicroelectronics MBEDTLS 2.16.2
2024-06-21 11:48:15,398 [INFO] ThirdParty:1030 - CMSIS Pack Vendor :STMicroelectronics X-CUBE-ALS 1.0.2
2024-06-21 11:48:15,398 [INFO] ThirdParty:1030 - CMSIS Pack Vendor :STMicroelectronics X-CUBE-MEMS1 10.0.0
2024-06-21 11:48:15,398 [INFO] ThirdParty:1030 - CMSIS Pack Vendor :STMicroelectronics X-CUBE-FREERTOS 1.1.0
2024-06-21 11:48:15,399 [INFO] ThirdParty:1030 - CMSIS Pack Vendor :STMicroelectronics X-CUBE-TOUCHGFX 4.22.0
2024-06-21 11:48:15,399 [INFO] ThirdParty:1030 - CMSIS Pack Vendor :STMicroelectronics X-CUBE-NFC7 1.0.1
2024-06-21 11:48:15,399 [INFO] ThirdParty:1030 - CMSIS Pack Vendor :STMicroelectronics MBEDTLS 2.14.1
2024-06-21 11:48:15,399 [INFO] ThirdParty:1030 - CMSIS Pack Vendor :STMicroelectronics X-CUBE-NFC7 1.0.0
2024-06-21 11:48:15,399 [INFO] ThirdParty:1030 - CMSIS Pack Vendor :STMicroelectronics X-CUBE-TOUCHGFX 4.22.1
2024-06-21 11:48:15,399 [INFO] ThirdParty:1030 - CMSIS Pack Vendor :STMicroelectronics X-CUBE-AZRTOS-WL 1.0.0
2024-06-21 11:48:15,399 [INFO] ThirdParty:1030 - CMSIS Pack Vendor :STMicroelectronics X-CUBE-NFC6 3.0.0
2024-06-21 11:48:15,400 [INFO] ThirdParty:1030 - CMSIS Pack Vendor :STMicroelectronics X-CUBE-EEPRMA1 4.1.0
2024-06-21 11:48:15,400 [INFO] ThirdParty:1030 - CMSIS Pack Vendor :portGmbH I-Cube-SoM-uGOAL 1.1.0
2024-06-21 11:48:15,400 [INFO] ThirdParty:1030 - CMSIS Pack Vendor :STMicroelectronics X-CUBE-ALS 1.0.1
2024-06-21 11:48:15,400 [INFO] ThirdParty:1030 - CMSIS Pack Vendor :STMicroelectronics X-CUBE-BLEMGR 3.1.0
2024-06-21 11:48:15,400 [INFO] ThirdParty:1030 - CMSIS Pack Vendor :STMicroelectronics ThreadX 1.0.0
2024-06-21 11:48:15,400 [INFO] ThirdParty:1030 - CMSIS Pack Vendor :STMicroelectronics FP-SNS-SMARTAG2 1.2.0
2024-06-21 11:48:15,400 [INFO] ThirdParty:1030 - CMSIS Pack Vendor :STMicroelectronics X-CUBE-AZRTOS-WB 1.1.0
2024-06-21 11:48:15,400 [INFO] ThirdParty:1030 - CMSIS Pack Vendor :STMicroelectronics X-CUBE-AZRTOS-WL 2.0.0
2024-06-21 11:48:15,400 [INFO] ThirdParty:1030 - CMSIS Pack Vendor :SEGGER I-CUBE-embOS 1.3.1
2024-06-21 11:48:15,400 [INFO] ThirdParty:1030 - CMSIS Pack Vendor :STMicroelectronics X-CUBE-ALGOBUILD 1.4.0
2024-06-21 11:48:15,400 [INFO] ThirdParty:1030 - CMSIS Pack Vendor :STMicroelectronics FP-SNS-MOTENV1 5.0.0
2024-06-21 11:48:15,400 [INFO] ThirdParty:1030 - CMSIS Pack Vendor :STMicroelectronics USB_DEVICE 1.0.0
2024-06-21 11:48:15,400 [INFO] ThirdParty:1030 - CMSIS Pack Vendor :STMicroelectronics X-CUBE-AI 8.1.0
2024-06-21 11:48:15,400 [INFO] ThirdParty:1030 - CMSIS Pack Vendor :STMicroelectronics X-CUBE-AZRTOS-H7RS 1.0.0
2024-06-21 11:48:15,401 [INFO] ThirdParty:1030 - CMSIS Pack Vendor :STMicroelectronics X-CUBE-AZRTOS-L4 2.0.0
2024-06-21 11:48:15,401 [INFO] ThirdParty:1030 - CMSIS Pack Vendor :STMicroelectronics ThreadX 0.0.2
2024-06-21 11:48:15,401 [INFO] ThirdParty:1030 - CMSIS Pack Vendor :WES I-CUBE-Cesium 1.3.0
2024-06-21 11:48:15,401 [INFO] ThirdParty:1030 - CMSIS Pack Vendor :STMicroelectronics FP-ATR-ASTRA1 2.0.0
2024-06-21 11:48:15,401 [INFO] ThirdParty:1030 - CMSIS Pack Vendor :STMicroelectronics lwIP 2.1.2
2024-06-21 11:48:15,401 [INFO] ThirdParty:1030 - CMSIS Pack Vendor :STMicroelectronics X-CUBE-SFXS2LP1 4.0.0
2024-06-21 11:48:15,401 [INFO] ThirdParty:1030 - CMSIS Pack Vendor :STMicroelectronics X-CUBE-BLE2 3.3.0
2024-06-21 11:48:15,401 [INFO] ThirdParty:1030 - CMSIS Pack Vendor :STMicroelectronics X-CUBE-TOF1 3.4.1
2024-06-21 11:48:15,401 [INFO] ThirdParty:1030 - CMSIS Pack Vendor :STMicroelectronics X-CUBE-AZRTOS-H7 3.2.0
2024-06-21 11:48:15,401 [INFO] ThirdParty:1030 - CMSIS Pack Vendor :Infineon AIROC-Wi-Fi-Bluetooth-STM32 1.6.0
2024-06-21 11:48:15,401 [INFO] ThirdParty:1030 - CMSIS Pack Vendor :STMicroelectronics PDM2PCM 3.2.0
2024-06-21 11:48:15,405 [INFO] ThirdParty:841 - exiting critical section [change project]
2024-06-21 11:48:16,122 [INFO] PinOutPanel:1499 - setPackage(No Configuration,No Configuration)
2024-06-21 11:48:16,124 [INFO] PinOutPanel:1499 - setPackage(STM32L476VGTx,LQFP100)
2024-06-21 11:48:16,643 [INFO] UtilMem:75 - Before build in PCC Used Memory: 484749064 Bytes (814743552)
2024-06-21 11:48:17,015 [INFO] UtilMem:75 - After build in PCC Used Memory: 561817352 Bytes (814743552)
2024-06-21 11:48:17,068 [INFO] IPUIPlugin:80 - create IPUIPlugin
2024-06-21 11:48:17,068 [INFO] IPUIPlugin:80 - create IPUIPlugin
2024-06-21 11:48:17,069 [INFO] IPUIPlugin:80 - create IPUIPlugin
2024-06-21 11:48:17,069 [INFO] IPUIPlugin:80 - create IPUIPlugin
2024-06-21 11:48:17,069 [INFO] IPUIPlugin:80 - create IPUIPlugin
2024-06-21 11:48:17,069 [INFO] IPUIPlugin:80 - create IPUIPlugin
2024-06-21 11:48:17,069 [INFO] IPUIPlugin:80 - create IPUIPlugin
2024-06-21 11:48:17,070 [INFO] IPUIPlugin:80 - create IPUIPlugin
2024-06-21 11:48:17,070 [INFO] IPUIPlugin:80 - create IPUIPlugin
2024-06-21 11:48:17,070 [INFO] IPUIPlugin:80 - create IPUIPlugin
2024-06-21 11:48:17,070 [INFO] IPUIPlugin:80 - create IPUIPlugin
2024-06-21 11:48:17,071 [INFO] IPUIPlugin:80 - create IPUIPlugin
2024-06-21 11:48:17,071 [INFO] IPUIPlugin:80 - create IPUIPlugin
2024-06-21 11:48:17,071 [INFO] IPUIPlugin:80 - create IPUIPlugin
2024-06-21 11:48:17,071 [INFO] IPUIPlugin:80 - create IPUIPlugin
2024-06-21 11:48:17,072 [INFO] IPUIPlugin:80 - create IPUIPlugin
2024-06-21 11:48:17,072 [INFO] IPUIPlugin:80 - create IPUIPlugin
2024-06-21 11:48:17,072 [INFO] IPUIPlugin:80 - create IPUIPlugin
2024-06-21 11:48:17,072 [INFO] IPUIPlugin:80 - create IPUIPlugin
2024-06-21 11:48:17,073 [INFO] IPUIPlugin:80 - create IPUIPlugin
2024-06-21 11:48:17,073 [INFO] IPUIPlugin:80 - create IPUIPlugin
2024-06-21 11:48:17,074 [INFO] IPUIPlugin:80 - create IPUIPlugin
2024-06-21 11:48:17,074 [INFO] IPUIPlugin:80 - create IPUIPlugin
2024-06-21 11:48:17,074 [INFO] IPUIPlugin:80 - create IPUIPlugin
2024-06-21 11:48:17,075 [INFO] IPUIPlugin:80 - create IPUIPlugin
2024-06-21 11:48:17,075 [INFO] IPUIPlugin:80 - create IPUIPlugin
2024-06-21 11:48:17,075 [INFO] IPUIPlugin:80 - create IPUIPlugin
2024-06-21 11:48:17,076 [INFO] IPUIPlugin:80 - create IPUIPlugin
2024-06-21 11:48:17,076 [INFO] IPUIPlugin:80 - create IPUIPlugin
2024-06-21 11:48:17,077 [INFO] IPUIPlugin:80 - create IPUIPlugin
2024-06-21 11:48:17,077 [INFO] IPUIPlugin:80 - create IPUIPlugin
2024-06-21 11:48:17,078 [INFO] IPUIPlugin:80 - create IPUIPlugin
2024-06-21 11:48:17,078 [INFO] IPUIPlugin:80 - create IPUIPlugin
2024-06-21 11:48:17,079 [INFO] IPUIPlugin:80 - create IPUIPlugin
2024-06-21 11:48:17,079 [INFO] IPUIPlugin:80 - create IPUIPlugin
2024-06-21 11:48:17,080 [INFO] IPUIPlugin:80 - create IPUIPlugin
2024-06-21 11:48:17,080 [INFO] IPUIPlugin:80 - create IPUIPlugin
2024-06-21 11:48:17,081 [INFO] IPUIPlugin:80 - create IPUIPlugin
2024-06-21 11:48:17,081 [INFO] IPUIPlugin:80 - create IPUIPlugin
2024-06-21 11:48:17,081 [INFO] IPUIPlugin:80 - create IPUIPlugin
2024-06-21 11:48:17,081 [INFO] IPUIPlugin:80 - create IPUIPlugin
2024-06-21 11:48:17,081 [INFO] IPUIPlugin:80 - create IPUIPlugin
2024-06-21 11:48:17,082 [INFO] IPUIPlugin:80 - create IPUIPlugin
2024-06-21 11:48:17,082 [INFO] IPUIPlugin:80 - create IPUIPlugin
2024-06-21 11:48:17,082 [INFO] IPUIPlugin:80 - create IPUIPlugin
2024-06-21 11:48:17,082 [INFO] IPUIPlugin:80 - create IPUIPlugin
2024-06-21 11:48:17,082 [INFO] IPUIPlugin:80 - create IPUIPlugin
2024-06-21 11:48:17,082 [INFO] IPUIPlugin:80 - create IPUIPlugin
2024-06-21 11:48:17,083 [INFO] IPUIPlugin:80 - create IPUIPlugin
2024-06-21 11:48:17,083 [INFO] IPUIPlugin:80 - create IPUIPlugin
2024-06-21 11:48:17,083 [INFO] IPUIPlugin:80 - create IPUIPlugin
2024-06-21 11:48:17,084 [INFO] IPUIPlugin:80 - create IPUIPlugin
2024-06-21 11:48:17,084 [INFO] IPUIPlugin:80 - create IPUIPlugin
2024-06-21 11:48:17,084 [INFO] IPUIPlugin:80 - create IPUIPlugin
2024-06-21 11:48:17,084 [INFO] IPUIPlugin:80 - create IPUIPlugin
2024-06-21 11:48:17,084 [INFO] IPUIPlugin:80 - create IPUIPlugin
2024-06-21 11:48:17,085 [INFO] IPUIPlugin:80 - create IPUIPlugin
2024-06-21 11:48:17,086 [INFO] IPUIPlugin:80 - create IPUIPlugin
2024-06-21 11:48:17,087 [INFO] IPUIPlugin:80 - create IPUIPlugin
2024-06-21 11:48:17,088 [INFO] IPUIPlugin:80 - create IPUIPlugin
2024-06-21 11:48:17,124 [INFO] CADModel:165 - CPN selected for project levelSTM32L476VGT3
2024-06-21 11:48:17,124 [INFO] CADModel:114 - Register for checkConnection events
2024-06-21 11:48:17,196 [INFO] OpenFileManager:328 - Restore cursor
2024-06-21 11:48:17,664 [INFO] UtilMem:75 - End SaveConfig() Used Memory: 641734456 Bytes (814743552)
2024-06-21 11:48:17,788 [INFO] UtilMem:75 - End SaveConfig() Used Memory: 661167768 Bytes (814743552)
2024-06-21 11:48:18,448 [INFO] BlockDiagram:2759 - set Specific Code input for plugin: RCC
2024-06-21 11:48:18,449 [INFO] BlockDiagram:2759 - set Specific Code input for plugin: NVIC
2024-06-21 11:48:18,450 [INFO] BlockDiagram:2759 - set Specific Code input for plugin: GPIO
2024-06-21 11:48:18,451 [INFO] CodeGenerator:793 - code generatio: config db path: /opt/st/stm32cubeide_1.12.1/plugins/com.st.stm32cube.common.mx_6.8.1.202304191431//db/
2024-06-21 11:48:18,875 [INFO] CodeEngine:255 - oldGeneratedFile, /home/dnk066/Pratham/STM32_Training/Workspace/09_USB/04_USB_MSC_Host/MXTmpFiles/license.tmp_save
2024-06-21 11:48:19,105 [INFO] CodeEngine:279 - Generated code: /home/dnk066/Pratham/STM32_Training/Workspace/09_USB/04_USB_MSC_Host/MXTmpFiles/license.tmp
2024-06-21 11:48:19,676 [INFO] CodeEngine:255 - oldGeneratedFile, /home/dnk066/Pratham/STM32_Training/Workspace/09_USB/04_USB_MSC_Host/MXTmpFiles/gpio.tmp_save
2024-06-21 11:48:19,788 [INFO] CodeEngine:279 - Generated code: /home/dnk066/Pratham/STM32_Training/Workspace/09_USB/04_USB_MSC_Host/MXTmpFiles/gpio.tmp
2024-06-21 11:48:19,797 [INFO] CodeEngine:255 - oldGeneratedFile, /home/dnk066/Pratham/STM32_Training/Workspace/09_USB/04_USB_MSC_Host/Core/Src/stm32l4xx_it.c_save
2024-06-21 11:48:20,374 [INFO] CodeEngine:279 - Generated code: /home/dnk066/Pratham/STM32_Training/Workspace/09_USB/04_USB_MSC_Host/Core/Src/stm32l4xx_it.c
2024-06-21 11:48:20,376 [INFO] CodeEngine:255 - oldGeneratedFile, /home/dnk066/Pratham/STM32_Training/Workspace/09_USB/04_USB_MSC_Host/Core/Inc/stm32l4xx_it.h_save
2024-06-21 11:48:20,499 [INFO] CodeEngine:279 - Generated code: /home/dnk066/Pratham/STM32_Training/Workspace/09_USB/04_USB_MSC_Host/Core/Inc/stm32l4xx_it.h
2024-06-21 11:48:20,958 [INFO] CodeEngine:255 - oldGeneratedFile, /home/dnk066/Pratham/STM32_Training/Workspace/09_USB/04_USB_MSC_Host/Core/Src/stm32l4xx_hal_msp.c_save
2024-06-21 11:48:21,089 [INFO] CodeEngine:279 - Generated code: /home/dnk066/Pratham/STM32_Training/Workspace/09_USB/04_USB_MSC_Host/Core/Src/stm32l4xx_hal_msp.c
2024-06-21 11:48:21,091 [INFO] CodeEngine:255 - oldGeneratedFile, /home/dnk066/Pratham/STM32_Training/Workspace/09_USB/04_USB_MSC_Host/MXTmpFiles/system.tmp_save
2024-06-21 11:48:21,178 [INFO] CodeEngine:279 - Generated code: /home/dnk066/Pratham/STM32_Training/Workspace/09_USB/04_USB_MSC_Host/MXTmpFiles/system.tmp
2024-06-21 11:48:21,181 [INFO] CodeEngine:311 - oldGeneratedFile, /home/dnk066/Pratham/STM32_Training/Workspace/09_USB/04_USB_MSC_Host/Core/Inc/stm32l4xx_hal_conf.h_save
2024-06-21 11:48:21,275 [INFO] CodeEngine:335 - Generated code: /home/dnk066/Pratham/STM32_Training/Workspace/09_USB/04_USB_MSC_Host/Core/Inc/stm32l4xx_hal_conf.h
2024-06-21 11:48:21,331 [INFO] CodeEngine:255 - oldGeneratedFile, /home/dnk066/Pratham/STM32_Training/Workspace/09_USB/04_USB_MSC_Host/Core/Inc/main.h_save
2024-06-21 11:48:21,452 [INFO] CodeEngine:279 - Generated code: /home/dnk066/Pratham/STM32_Training/Workspace/09_USB/04_USB_MSC_Host/Core/Inc/main.h
2024-06-21 11:48:21,455 [INFO] CodeEngine:255 - oldGeneratedFile, /home/dnk066/Pratham/STM32_Training/Workspace/09_USB/04_USB_MSC_Host/Core/Src/main.c_save
2024-06-21 11:48:21,584 [INFO] CodeEngine:279 - Generated code: /home/dnk066/Pratham/STM32_Training/Workspace/09_USB/04_USB_MSC_Host/Core/Src/main.c
2024-06-21 11:48:22,815 [INFO] ProjectBuilder:2996 - Time for Copy HAL[1] : 147mS.
2024-06-21 11:48:22,818 [INFO] ProjectBuilder:4304 - Project Generator version: 3.19.2
2024-06-21 11:48:23,226 [INFO] ConfigFileManager:1483 - The Die is : DIE415
2024-06-21 11:48:23,242 [INFO] ApiDbMcu:507 - Load IP Config File for FATFS
2024-06-21 11:48:23,296 [INFO] ApiDbMcu:507 - Load IP Config File for FREERTOS
2024-06-21 11:48:23,579 [INFO] ApiDbMcu:507 - Load IP Config File for TOUCHSENSING
2024-06-21 11:48:23,622 [INFO] ApiDbMcu:507 - Load IP Config File for USB_DEVICE
2024-06-21 11:48:23,641 [INFO] ApiDbMcu:507 - Load IP Config File for USB_HOST
2024-06-21 11:48:29,507 [INFO] ProjectBuilder:4505 - Time for Generating toolchain IDE Files: 6688mS.
2024-06-21 11:48:29,507 [INFO] ProjectBuilder:2867 - Time for Copy CMSIS : 0mS.
2024-06-21 11:48:29,508 [INFO] ProjectBuilder:2867 - Time for Copy CMSIS : 0mS.
2024-06-21 11:48:30,262 [INFO] McuFinderGlobals:66 - Set McuFinderConnectedMode to true
2024-06-21 11:48:30,266 [INFO] ApiDb:448 - Save user favorites file /home/dnk066/.stm32cubeide/favorites.mcus.txt: 0 item(s)
2024-06-21 11:48:30,266 [INFO] ApiDb:452 - User favorites MCUs=[]
2024-06-21 11:48:30,267 [INFO] ApiDb:448 - Save user favorites file /home/dnk066/.stm32cubeide/favorites.boards.txt: 5 item(s)
2024-06-21 11:48:30,267 [INFO] ApiDb:452 - User favorites Boards=[NUCLEO-L496ZG-P, NUCLEO-L4A6ZG, NUCLEO-L4R5ZI, STM32L152C-DISCO, STM32L476G-DISCO]
2024-06-21 11:49:08,668 [INFO] NvicIntPanel:101 - NVIC parent = com.st.microxplorer.plugins.ip.nvic.MultiNvicIntPanel[,0,0,0x0,invalid,layout=javax.swing.BoxLayout,alignmentX=0.0,alignmentY=0.0,border=,flags=9,maximumSize=,minimumSize=,preferredSize=]
2024-06-21 11:54:57,289 [INFO] NvicIntPanel:101 - NVIC parent = com.st.microxplorer.plugins.ip.nvic.MultiNvicIntPanel[,0,0,0x0,invalid,layout=javax.swing.BoxLayout,alignmentX=0.0,alignmentY=0.0,border=,flags=9,maximumSize=,minimumSize=,preferredSize=]
2024-06-21 12:11:36,273 [INFO] BspModel:203 - createCodeInput : Drive_VBUS_FS Template : 2 IPName : GPIO IPMode : Output Component :  Solution : PC9 InstanceName : 
2024-06-21 12:13:25,690 [INFO] NvicIntPanel:101 - NVIC parent = com.st.microxplorer.plugins.ip.nvic.MultiNvicIntPanel[,0,0,811x496,layout=javax.swing.BoxLayout,alignmentX=0.0,alignmentY=0.0,border=,flags=9,maximumSize=,minimumSize=,preferredSize=]
2024-06-21 12:14:35,568 [INFO] Gpio:273 - dependency for GPIO [LPUART1, RCC, USB_OTG_FS]
2024-06-21 12:20:54,095 [INFO] UtilMem:75 - End SaveConfig() Used Memory: 402926912 Bytes (895483904)
2024-06-21 12:20:55,461 [INFO] UtilMem:75 - End SaveConfig() Used Memory: 440675648 Bytes (895483904)
2024-06-21 12:20:58,359 [INFO] UtilMem:75 - End SaveConfig() Used Memory: 577519856 Bytes (895483904)
2024-06-21 12:20:58,834 [INFO] BlockDiagram:2759 - set Specific Code input for plugin: RCC
2024-06-21 12:20:58,834 [INFO] BlockDiagram:2759 - set Specific Code input for plugin: LPUART
2024-06-21 12:20:58,834 [INFO] BlockDiagram:2759 - set Specific Code input for plugin: USB_OTG_FS
2024-06-21 12:20:58,834 [INFO] BlockDiagram:2759 - set Specific Code input for plugin: NVIC
2024-06-21 12:20:58,834 [INFO] BlockDiagram:2759 - set Specific Code input for plugin: USB_HOST
2024-06-21 12:20:58,835 [INFO] BlockDiagram:2759 - set Specific Code input for plugin: GPIO
2024-06-21 12:20:58,835 [INFO] BlockDiagram:2759 - set Specific Code input for plugin: FATFS
2024-06-21 12:20:58,836 [INFO] CodeGenerator:793 - code generatio: config db path: /opt/st/stm32cubeide_1.12.1/plugins/com.st.stm32cube.common.mx_6.8.1.202304191431//db/
2024-06-21 12:20:59,291 [INFO] CodeEngine:255 - oldGeneratedFile, /home/dnk066/Pratham/STM32_Training/Workspace/09_USB/04_USB_MSC_Host/MXTmpFiles/license.tmp_save
2024-06-21 12:20:59,534 [INFO] CodeEngine:279 - Generated code: /home/dnk066/Pratham/STM32_Training/Workspace/09_USB/04_USB_MSC_Host/MXTmpFiles/license.tmp
2024-06-21 12:20:59,611 [INFO] CodeEngine:255 - oldGeneratedFile, /home/dnk066/Pratham/STM32_Training/Workspace/09_USB/04_USB_MSC_Host/MXTmpFiles/gpio.tmp_save
2024-06-21 12:20:59,756 [INFO] CodeEngine:279 - Generated code: /home/dnk066/Pratham/STM32_Training/Workspace/09_USB/04_USB_MSC_Host/MXTmpFiles/gpio.tmp
2024-06-21 12:20:59,886 [WARN] IPConfigManager:2937 - Warning: the RefConfig PWREx_EnableUSBVoltageDetector is not available in your config.xml file
2024-06-21 12:20:59,893 [INFO] CodeEngine:255 - oldGeneratedFile, /home/dnk066/Pratham/STM32_Training/Workspace/09_USB/04_USB_MSC_Host/MXTmpFiles/usb_otg_fs_vars.tmp_save
2024-06-21 12:20:59,991 [INFO] CodeEngine:279 - Generated code: /home/dnk066/Pratham/STM32_Training/Workspace/09_USB/04_USB_MSC_Host/MXTmpFiles/usb_otg_fs_vars.tmp
2024-06-21 12:20:59,993 [INFO] CodeEngine:255 - oldGeneratedFile, /home/dnk066/Pratham/STM32_Training/Workspace/09_USB/04_USB_MSC_Host/MXTmpFiles/usb_otg_fs_inc.tmp_save
2024-06-21 12:21:00,082 [INFO] CodeEngine:279 - Generated code: /home/dnk066/Pratham/STM32_Training/Workspace/09_USB/04_USB_MSC_Host/MXTmpFiles/usb_otg_fs_inc.tmp
2024-06-21 12:21:00,084 [INFO] CodeEngine:255 - oldGeneratedFile, /home/dnk066/Pratham/STM32_Training/Workspace/09_USB/04_USB_MSC_Host/MXTmpFiles/usb_otg_fs_HalInit.tmp_save
2024-06-21 12:21:00,199 [INFO] CodeEngine:279 - Generated code: /home/dnk066/Pratham/STM32_Training/Workspace/09_USB/04_USB_MSC_Host/MXTmpFiles/usb_otg_fs_HalInit.tmp
2024-06-21 12:21:00,202 [INFO] CodeEngine:255 - oldGeneratedFile, /home/dnk066/Pratham/STM32_Training/Workspace/09_USB/04_USB_MSC_Host/MXTmpFiles/usb_otg_fs_Msp.tmp_save
2024-06-21 12:21:00,338 [INFO] CodeEngine:279 - Generated code: /home/dnk066/Pratham/STM32_Training/Workspace/09_USB/04_USB_MSC_Host/MXTmpFiles/usb_otg_fs_Msp.tmp
2024-06-21 12:21:00,846 [INFO] Middleware:1439 - No code input for Bsp Dependency
2024-06-21 12:21:00,850 [INFO] CodeEngine:255 - oldGeneratedFile, /home/dnk066/Pratham/STM32_Training/Workspace/09_USB/04_USB_MSC_Host/MXTmpFiles/fatfs_HalInit.tmp_save
2024-06-21 12:21:00,935 [INFO] CodeEngine:279 - Generated code: /home/dnk066/Pratham/STM32_Training/Workspace/09_USB/04_USB_MSC_Host/MXTmpFiles/fatfs_HalInit.tmp
2024-06-21 12:21:00,937 [INFO] CodeEngine:255 - oldGeneratedFile, /home/dnk066/Pratham/STM32_Training/Workspace/09_USB/04_USB_MSC_Host/MXTmpFiles/fatfs_vars.tmp_save
2024-06-21 12:21:01,020 [INFO] CodeEngine:279 - Generated code: /home/dnk066/Pratham/STM32_Training/Workspace/09_USB/04_USB_MSC_Host/MXTmpFiles/fatfs_vars.tmp
2024-06-21 12:21:01,021 [INFO] CodeEngine:255 - oldGeneratedFile, /home/dnk066/Pratham/STM32_Training/Workspace/09_USB/04_USB_MSC_Host/MXTmpFiles/fatfs_ext_vars.tmp_save
2024-06-21 12:21:01,104 [INFO] CodeEngine:279 - Generated code: /home/dnk066/Pratham/STM32_Training/Workspace/09_USB/04_USB_MSC_Host/MXTmpFiles/fatfs_ext_vars.tmp
2024-06-21 12:21:01,106 [INFO] CodeEngine:255 - oldGeneratedFile, /home/dnk066/Pratham/STM32_Training/Workspace/09_USB/04_USB_MSC_Host/MXTmpFiles/fatfs_inc.tmp_save
2024-06-21 12:21:01,188 [INFO] CodeEngine:279 - Generated code: /home/dnk066/Pratham/STM32_Training/Workspace/09_USB/04_USB_MSC_Host/MXTmpFiles/fatfs_inc.tmp
2024-06-21 12:21:01,209 [INFO] Middleware:1439 - No code input for Bsp Dependency
2024-06-21 12:21:01,215 [INFO] CodeEngine:255 - oldGeneratedFile, /home/dnk066/Pratham/STM32_Training/Workspace/09_USB/04_USB_MSC_Host/MXTmpFiles/fatfs_HalInit.tmp_save
2024-06-21 12:21:01,332 [INFO] CodeEngine:279 - Generated code: /home/dnk066/Pratham/STM32_Training/Workspace/09_USB/04_USB_MSC_Host/MXTmpFiles/fatfs_HalInit.tmp
2024-06-21 12:21:01,334 [INFO] CodeEngine:255 - oldGeneratedFile, /home/dnk066/Pratham/STM32_Training/Workspace/09_USB/04_USB_MSC_Host/MXTmpFiles/fatfs_vars.tmp_save
2024-06-21 12:21:01,415 [INFO] CodeEngine:279 - Generated code: /home/dnk066/Pratham/STM32_Training/Workspace/09_USB/04_USB_MSC_Host/MXTmpFiles/fatfs_vars.tmp
2024-06-21 12:21:01,416 [INFO] CodeEngine:255 - oldGeneratedFile, /home/dnk066/Pratham/STM32_Training/Workspace/09_USB/04_USB_MSC_Host/MXTmpFiles/fatfs_ext_vars.tmp_save
2024-06-21 12:21:01,497 [INFO] CodeEngine:279 - Generated code: /home/dnk066/Pratham/STM32_Training/Workspace/09_USB/04_USB_MSC_Host/MXTmpFiles/fatfs_ext_vars.tmp
2024-06-21 12:21:01,498 [INFO] CodeEngine:255 - oldGeneratedFile, /home/dnk066/Pratham/STM32_Training/Workspace/09_USB/04_USB_MSC_Host/MXTmpFiles/fatfs_inc.tmp_save
2024-06-21 12:21:01,580 [INFO] CodeEngine:279 - Generated code: /home/dnk066/Pratham/STM32_Training/Workspace/09_USB/04_USB_MSC_Host/MXTmpFiles/fatfs_inc.tmp
2024-06-21 12:21:01,582 [INFO] CodeEngine:255 - oldGeneratedFile, /home/dnk066/Pratham/STM32_Training/Workspace/09_USB/04_USB_MSC_Host/FATFS/Target/ffconf.h_save
2024-06-21 12:21:01,681 [INFO] CodeEngine:279 - Generated code: /home/dnk066/Pratham/STM32_Training/Workspace/09_USB/04_USB_MSC_Host/FATFS/Target/ffconf.h
2024-06-21 12:21:01,682 [INFO] CodeEngine:255 - oldGeneratedFile, /home/dnk066/Pratham/STM32_Training/Workspace/09_USB/04_USB_MSC_Host/FATFS/Target/usbh_diskio.h_save
2024-06-21 12:21:01,769 [INFO] CodeEngine:279 - Generated code: /home/dnk066/Pratham/STM32_Training/Workspace/09_USB/04_USB_MSC_Host/FATFS/Target/usbh_diskio.h
2024-06-21 12:21:01,771 [INFO] CodeEngine:255 - oldGeneratedFile, /home/dnk066/Pratham/STM32_Training/Workspace/09_USB/04_USB_MSC_Host/FATFS/Target/usbh_diskio.c_save
2024-06-21 12:21:01,904 [INFO] CodeEngine:279 - Generated code: /home/dnk066/Pratham/STM32_Training/Workspace/09_USB/04_USB_MSC_Host/FATFS/Target/usbh_diskio.c
2024-06-21 12:21:01,906 [INFO] CodeEngine:255 - oldGeneratedFile, /home/dnk066/Pratham/STM32_Training/Workspace/09_USB/04_USB_MSC_Host/FATFS/App/fatfs.c_save
2024-06-21 12:21:02,007 [INFO] CodeEngine:279 - Generated code: /home/dnk066/Pratham/STM32_Training/Workspace/09_USB/04_USB_MSC_Host/FATFS/App/fatfs.c
2024-06-21 12:21:02,008 [INFO] CodeEngine:255 - oldGeneratedFile, /home/dnk066/Pratham/STM32_Training/Workspace/09_USB/04_USB_MSC_Host/FATFS/App/fatfs.h_save
2024-06-21 12:21:02,092 [INFO] CodeEngine:279 - Generated code: /home/dnk066/Pratham/STM32_Training/Workspace/09_USB/04_USB_MSC_Host/FATFS/App/fatfs.h
2024-06-21 12:21:02,107 [INFO] CodeEngine:255 - oldGeneratedFile, /home/dnk066/Pratham/STM32_Training/Workspace/09_USB/04_USB_MSC_Host/USB_HOST/App/usb_host.c_save
2024-06-21 12:21:02,220 [INFO] CodeEngine:279 - Generated code: /home/dnk066/Pratham/STM32_Training/Workspace/09_USB/04_USB_MSC_Host/USB_HOST/App/usb_host.c
2024-06-21 12:21:02,221 [INFO] CodeEngine:255 - oldGeneratedFile, /home/dnk066/Pratham/STM32_Training/Workspace/09_USB/04_USB_MSC_Host/USB_HOST/App/usb_host.h_save
2024-06-21 12:21:02,311 [INFO] CodeEngine:279 - Generated code: /home/dnk066/Pratham/STM32_Training/Workspace/09_USB/04_USB_MSC_Host/USB_HOST/App/usb_host.h
2024-06-21 12:21:02,313 [INFO] CodeEngine:255 - oldGeneratedFile, /home/dnk066/Pratham/STM32_Training/Workspace/09_USB/04_USB_MSC_Host/USB_HOST/Target/usbh_conf.h_save
2024-06-21 12:21:02,402 [INFO] CodeEngine:279 - Generated code: /home/dnk066/Pratham/STM32_Training/Workspace/09_USB/04_USB_MSC_Host/USB_HOST/Target/usbh_conf.h
2024-06-21 12:21:02,523 [INFO] CodeEngine:255 - oldGeneratedFile, /home/dnk066/Pratham/STM32_Training/Workspace/09_USB/04_USB_MSC_Host/USB_HOST/Target/usbh_conf.c_save
2024-06-21 12:21:02,698 [INFO] CodeEngine:279 - Generated code: /home/dnk066/Pratham/STM32_Training/Workspace/09_USB/04_USB_MSC_Host/USB_HOST/Target/usbh_conf.c
2024-06-21 12:21:02,700 [INFO] CodeEngine:255 - oldGeneratedFile, /home/dnk066/Pratham/STM32_Training/Workspace/09_USB/04_USB_MSC_Host/USB_HOST/Target/usbh_platform.c_save
2024-06-21 12:21:02,807 [INFO] CodeEngine:279 - Generated code: /home/dnk066/Pratham/STM32_Training/Workspace/09_USB/04_USB_MSC_Host/USB_HOST/Target/usbh_platform.c
2024-06-21 12:21:02,808 [INFO] CodeEngine:255 - oldGeneratedFile, /home/dnk066/Pratham/STM32_Training/Workspace/09_USB/04_USB_MSC_Host/USB_HOST/Target/usbh_platform.h_save
2024-06-21 12:21:02,889 [INFO] CodeEngine:279 - Generated code: /home/dnk066/Pratham/STM32_Training/Workspace/09_USB/04_USB_MSC_Host/USB_HOST/Target/usbh_platform.h
2024-06-21 12:21:02,896 [INFO] CodeEngine:255 - oldGeneratedFile, /home/dnk066/Pratham/STM32_Training/Workspace/09_USB/04_USB_MSC_Host/Core/Src/stm32l4xx_it.c_save
2024-06-21 12:21:03,125 [INFO] CodeEngine:279 - Generated code: /home/dnk066/Pratham/STM32_Training/Workspace/09_USB/04_USB_MSC_Host/Core/Src/stm32l4xx_it.c
2024-06-21 12:21:03,127 [INFO] CodeEngine:255 - oldGeneratedFile, /home/dnk066/Pratham/STM32_Training/Workspace/09_USB/04_USB_MSC_Host/Core/Inc/stm32l4xx_it.h_save
2024-06-21 12:21:03,214 [INFO] CodeEngine:279 - Generated code: /home/dnk066/Pratham/STM32_Training/Workspace/09_USB/04_USB_MSC_Host/Core/Inc/stm32l4xx_it.h
2024-06-21 12:21:03,260 [INFO] CodeEngine:255 - oldGeneratedFile, /home/dnk066/Pratham/STM32_Training/Workspace/09_USB/04_USB_MSC_Host/Core/Src/stm32l4xx_hal_msp.c_save
2024-06-21 12:21:03,398 [INFO] CodeEngine:279 - Generated code: /home/dnk066/Pratham/STM32_Training/Workspace/09_USB/04_USB_MSC_Host/Core/Src/stm32l4xx_hal_msp.c
2024-06-21 12:21:03,400 [INFO] CodeEngine:255 - oldGeneratedFile, /home/dnk066/Pratham/STM32_Training/Workspace/09_USB/04_USB_MSC_Host/MXTmpFiles/system.tmp_save
2024-06-21 12:21:03,485 [INFO] CodeEngine:279 - Generated code: /home/dnk066/Pratham/STM32_Training/Workspace/09_USB/04_USB_MSC_Host/MXTmpFiles/system.tmp
2024-06-21 12:21:03,489 [INFO] CodeEngine:311 - oldGeneratedFile, /home/dnk066/Pratham/STM32_Training/Workspace/09_USB/04_USB_MSC_Host/Core/Inc/stm32l4xx_hal_conf.h_save
2024-06-21 12:21:03,583 [INFO] CodeEngine:335 - Generated code: /home/dnk066/Pratham/STM32_Training/Workspace/09_USB/04_USB_MSC_Host/Core/Inc/stm32l4xx_hal_conf.h
2024-06-21 12:21:03,645 [INFO] CodeEngine:255 - oldGeneratedFile, /home/dnk066/Pratham/STM32_Training/Workspace/09_USB/04_USB_MSC_Host/Core/Inc/main.h_save
2024-06-21 12:21:03,754 [INFO] CodeEngine:279 - Generated code: /home/dnk066/Pratham/STM32_Training/Workspace/09_USB/04_USB_MSC_Host/Core/Inc/main.h
2024-06-21 12:21:03,757 [INFO] CodeEngine:255 - oldGeneratedFile, /home/dnk066/Pratham/STM32_Training/Workspace/09_USB/04_USB_MSC_Host/Core/Src/main.c_save
2024-06-21 12:21:03,901 [INFO] CodeEngine:279 - Generated code: /home/dnk066/Pratham/STM32_Training/Workspace/09_USB/04_USB_MSC_Host/Core/Src/main.c
2024-06-21 12:21:05,213 [INFO] ProjectBuilder:2996 - Time for Copy HAL[1] : 181mS.
2024-06-21 12:21:05,218 [INFO] ProjectBuilder:4304 - Project Generator version: 3.19.2
2024-06-21 12:21:05,877 [INFO] ConfigFileManager:1483 - The Die is : DIE415
2024-06-21 12:21:08,581 [INFO] ProjectBuilder:4505 - Time for Generating toolchain IDE Files: 3363mS.
2024-06-21 12:21:08,581 [INFO] ProjectBuilder:2867 - Time for Copy CMSIS : 0mS.
2024-06-21 12:21:08,584 [INFO] ProjectBuilder:2867 - Time for Copy CMSIS : 0mS.
