2024-07-01 10:25:19,732 [INFO] Activator:176 - 


2024-07-01 10:25:19,739 [INFO] Activator:177 - !SESSION log4j initialized
2024-07-01 10:25:29,399 [INFO] LogOutputStream:77 - [STDOUT_REDIRECT] 
2024-07-01 10:25:51,362 [ERROR] LogOutputStream:75 - [STDERR_REDIRECT] SLF4J: Failed to load class "org.slf4j.impl.StaticLoggerBinder".
2024-07-01 10:25:51,363 [ERROR] LogOutputStream:75 - [STDERR_REDIRECT] SLF4J: Defaulting to no-operation (NOP) logger implementation
2024-07-01 10:25:51,364 [ERROR] LogOutputStream:75 - [STDERR_REDIRECT] SLF4J: See http://www.slf4j.org/codes.html#StaticLoggerBinder for further details.
2024-07-01 10:26:07,785 [INFO] ApplicationProperties:184 - Using Application install path: /opt/st/stm32cubeide_1.12.1/plugins/com.st.stm32cube.common.mx_6.8.1.202304191431
2024-07-01 10:26:07,824 [INFO] DbMcusXml:78 - Set database path to: /opt/st/stm32cubeide_1.12.1/plugins/com.st.stm32cube.common.mx_6.8.1.202304191431//db//mcu/
2024-07-01 10:26:07,825 [INFO] ApiDb:274 - Set plugin database path to: /opt/st/stm32cubeide_1.12.1/plugins/com.st.stm32cube.common.mx_6.8.1.202304191431//db//plugins/boardmanager/
2024-07-01 10:26:07,832 [WARN] ApiDb:259 - Overriding images path with different value:  => /opt/st/stm32cubeide_1.12.1/plugins/com.st.stm32cube.common.mx_6.8.1.202304191431//db//plugins/mcufinder/images/
2024-07-01 10:26:07,866 [INFO] ApiDb:250 - Set database path to: /home/dnk066/.stmcufinder/plugins/mcufinder//mcu/
2024-07-01 10:26:07,870 [INFO] DbMcusAds:125 - Set database path to: /home/dnk066/.stmcufinder/plugins/mcufinder//mcu/
2024-07-01 10:26:08,021 [INFO] CrossReferenceDbSqlite:203 - Set database path to: /home/dnk066/.stmcufinder/plugins/mcufinder//mcu/cs/
2024-07-01 10:26:08,240 [INFO] RulesReader:64 - Compatibility file has been processed (293 Rules)
2024-07-01 10:26:08,372 [INFO] DbMcusXml:78 - Set database path to: /opt/st/stm32cubeide_1.12.1/plugins/com.st.stm32cube.common.mx_6.8.1.202304191431//db//mcu/
2024-07-01 10:26:08,372 [INFO] ApiDb:274 - Set plugin database path to: /opt/st/stm32cubeide_1.12.1/plugins/com.st.stm32cube.common.mx_6.8.1.202304191431//db//plugins/boardmanager/
2024-07-01 10:26:08,373 [INFO] ApiDb:261 - Set plugin images path to: /opt/st/stm32cubeide_1.12.1/plugins/com.st.stm32cube.common.mx_6.8.1.202304191431//db//plugins/mcufinder/images/
2024-07-01 10:26:08,373 [WARN] DbFile:41 - Overriding database path with different value: /home/dnk066/.stmcufinder/plugins/mcufinder/ => /home/dnk066/.stmcufinder/plugins/mcufinder
2024-07-01 10:26:08,373 [INFO] ApiDb:250 - Set database path to: /home/dnk066/.stmcufinder/plugins/mcufinder//mcu/
2024-07-01 10:26:08,373 [WARN] DbFile:41 - Overriding database path with different value: /home/dnk066/.stmcufinder/plugins/mcufinder/ => /home/dnk066/.stmcufinder/plugins/mcufinder
2024-07-01 10:26:08,374 [INFO] DbMcusAds:125 - Set database path to: /home/dnk066/.stmcufinder/plugins/mcufinder//mcu/
2024-07-01 10:26:08,374 [WARN] DbFile:41 - Overriding database path with different value: /home/dnk066/.stmcufinder/plugins/mcufinder/ => /home/dnk066/.stmcufinder/plugins/mcufinder
2024-07-01 10:26:08,374 [WARN] DbFile:41 - Overriding database path with different value: /home/dnk066/.stmcufinder/plugins/mcufinder/ => /home/dnk066/.stmcufinder/plugins/mcufinder
2024-07-01 10:26:08,374 [INFO] CrossReferenceDbSqlite:203 - Set database path to: /home/dnk066/.stmcufinder/plugins/mcufinder//mcu/cs/
2024-07-01 10:26:08,648 [INFO] MainPanel:253 - HeapMemory: 269484032
2024-07-01 10:26:08,990 [INFO] DbMcusXml:78 - Set database path to: /opt/st/stm32cubeide_1.12.1/plugins/com.st.stm32cube.common.mx_6.8.1.202304191431//db//mcu/
2024-07-01 10:26:08,990 [INFO] ApiDb:274 - Set plugin database path to: /opt/st/stm32cubeide_1.12.1/plugins/com.st.stm32cube.common.mx_6.8.1.202304191431//db//plugins/boardmanager/
2024-07-01 10:26:08,990 [INFO] ApiDb:261 - Set plugin images path to: /opt/st/stm32cubeide_1.12.1/plugins/com.st.stm32cube.common.mx_6.8.1.202304191431//db//plugins/mcufinder/images/
2024-07-01 10:26:08,992 [WARN] DbFile:41 - Overriding database path with different value: /home/dnk066/.stmcufinder/plugins/mcufinder/ => /home/dnk066/.stmcufinder/plugins/mcufinder
2024-07-01 10:26:08,992 [INFO] ApiDb:250 - Set database path to: /home/dnk066/.stmcufinder/plugins/mcufinder//mcu/
2024-07-01 10:26:08,992 [WARN] DbFile:41 - Overriding database path with different value: /home/dnk066/.stmcufinder/plugins/mcufinder/ => /home/dnk066/.stmcufinder/plugins/mcufinder
2024-07-01 10:26:08,992 [INFO] DbMcusAds:125 - Set database path to: /home/dnk066/.stmcufinder/plugins/mcufinder//mcu/
2024-07-01 10:26:08,993 [WARN] DbFile:41 - Overriding database path with different value: /home/dnk066/.stmcufinder/plugins/mcufinder/ => /home/dnk066/.stmcufinder/plugins/mcufinder
2024-07-01 10:26:08,993 [WARN] DbFile:41 - Overriding database path with different value: /home/dnk066/.stmcufinder/plugins/mcufinder/ => /home/dnk066/.stmcufinder/plugins/mcufinder
2024-07-01 10:26:08,993 [INFO] CrossReferenceDbSqlite:203 - Set database path to: /home/dnk066/.stmcufinder/plugins/mcufinder//mcu/cs/
2024-07-01 10:26:09,034 [INFO] ApplicationProperties:184 - Using Application install path: /opt/st/stm32cubeide_1.12.1/plugins/com.st.stm32cube.common.mx_6.8.1.202304191431
2024-07-01 10:26:09,038 [INFO] PluginManage:196 - Search for loadable plugins [exclusion list=, ]
2024-07-01 10:26:09,042 [INFO] PluginManage:310 - Check plugin analytics
2024-07-01 10:26:09,324 [INFO] AnalyticsPlugin:253 - Accepted Software Licenses: 
2024-07-01 10:26:09,325 [INFO] AnalyticsPlugin:255 - Accepted CMSIS Pack Licenses: 
2024-07-01 10:26:09,325 [INFO] AnalyticsPlugin:257 - Accepted Firmware Licenses: FW.WL.1.3.0
2024-07-01 10:26:09,341 [INFO] PluginManage:359 - Loaded plugin analytics (category:tool,tabindex:-1)
2024-07-01 10:26:09,341 [INFO] PluginManage:310 - Check plugin cadmodel
2024-07-01 10:26:09,469 [INFO] CADModel:105 - Init CAD model plugin
2024-07-01 10:26:09,469 [INFO] PluginManage:359 - Loaded plugin cadmodel (category:power,tabindex:5)
2024-07-01 10:26:09,469 [INFO] PluginManage:310 - Check plugin clock
2024-07-01 10:26:09,492 [INFO] PluginManage:359 - Loaded plugin clock (category:base,tabindex:2)
2024-07-01 10:26:09,492 [INFO] PluginManage:310 - Check plugin ddr
2024-07-01 10:26:09,497 [INFO] PluginManage:359 - Loaded plugin ddr (category:tool,tabindex:6)
2024-07-01 10:26:09,497 [INFO] PluginManage:310 - Check plugin filemanager
2024-07-01 10:26:09,747 [INFO] PluginManage:359 - Loaded plugin filemanager (category:base,tabindex:10)
2024-07-01 10:26:09,748 [INFO] PluginManage:310 - Check plugin ipmanager
2024-07-01 10:26:09,762 [INFO] PluginManage:359 - Loaded plugin ipmanager (category:base,tabindex:5)
2024-07-01 10:26:09,763 [INFO] PluginManage:310 - Check plugin lpbam
2024-07-01 10:26:09,782 [INFO] PluginManage:359 - Loaded plugin lpbam (category:base,tabindex:0)
2024-07-01 10:26:09,783 [INFO] PluginManage:310 - Check plugin pinoutandconfiguration
2024-07-01 10:26:09,799 [INFO] PluginManage:359 - Loaded plugin pinoutandconfiguration (category:base,tabindex:1)
2024-07-01 10:26:09,799 [INFO] PluginManage:310 - Check plugin pinoutconfig
2024-07-01 10:26:09,959 [WARN] SupportedApi:132 - Cannot load RTOS API schema: s4s-elt-must-match.1: The content of 'definitions' must match (annotation?, (simpleType | complexType)?, (unique | key | keyref)*)). A problem was found starting at: attribute.
2024-07-01 10:26:10,223 [INFO] PluginManage:359 - Loaded plugin pinoutconfig (category:base,tabindex:0)
2024-07-01 10:26:10,224 [INFO] PluginManage:310 - Check plugin power
2024-07-01 10:26:10,245 [INFO] PluginManage:359 - Loaded plugin power (category:power,tabindex:4)
2024-07-01 10:26:10,246 [INFO] PluginManage:310 - Check plugin projectmanager
2024-07-01 10:26:10,276 [INFO] PluginManage:359 - Loaded plugin projectmanager (category:projectmanager,tabindex:3)
2024-07-01 10:26:10,277 [INFO] PluginManage:310 - Check plugin thirdparty
2024-07-01 10:26:10,682 [WARN] IntegrityCheckThread:84 - waiting for thirdparty lock release [integrity check]
2024-07-01 10:26:10,683 [INFO] IntegrityCheckThread:86 - entering critical section [integrity check]
2024-07-01 10:26:10,686 [INFO] PluginManage:359 - Loaded plugin thirdparty (category:base,tabindex:-1)
2024-07-01 10:26:10,686 [INFO] PluginManage:310 - Check plugin tools
2024-07-01 10:26:10,689 [INFO] ThirdPartyUpdaterWithRetryManager:70 - Updater plugin not ready yet. [1/15]
2024-07-01 10:26:10,695 [INFO] PluginManage:359 - Loaded plugin tools (category:base,tabindex:7)
2024-07-01 10:26:10,695 [INFO] PluginManage:310 - Check plugin tutovideos
2024-07-01 10:26:11,189 [INFO] PluginManage:359 - Loaded plugin tutovideos (category:base,tabindex:-1)
2024-07-01 10:26:11,189 [INFO] PluginManage:310 - Check plugin updater
2024-07-01 10:26:11,221 [INFO] PluginManage:359 - Loaded plugin updater (category:base,tabindex:12)
2024-07-01 10:26:11,222 [INFO] PluginManage:283 - PluginManage : Loaded plugins [15]
2024-07-01 10:26:12,080 [INFO] PinOutPanel:1499 - setPackage(No Configuration,No Configuration)
2024-07-01 10:26:12,194 [INFO] CADModel:165 - CPN selected for project level
2024-07-01 10:26:12,195 [INFO] CADModel:114 - Register for checkConnection events
2024-07-01 10:26:12,223 [INFO] IPUIPlugin:80 - create IPUIPlugin
2024-07-01 10:26:12,223 [INFO] PluginManager:220 - loadIPPluginJar : add lorawan
2024-07-01 10:26:12,238 [INFO] IPUIPlugin:80 - create IPUIPlugin
2024-07-01 10:26:12,239 [INFO] PluginManager:220 - loadIPPluginJar : add mdma
2024-07-01 10:26:12,246 [INFO] IPUIPlugin:80 - create IPUIPlugin
2024-07-01 10:26:12,246 [INFO] PluginManager:220 - loadIPPluginJar : add usart
2024-07-01 10:26:12,252 [INFO] IPUIPlugin:80 - create IPUIPlugin
2024-07-01 10:26:12,253 [INFO] PluginManager:220 - loadIPPluginJar : add i2s
2024-07-01 10:26:12,258 [INFO] IPUIPlugin:80 - create IPUIPlugin
2024-07-01 10:26:12,258 [INFO] PluginManager:220 - loadIPPluginJar : add tim
2024-07-01 10:26:12,263 [INFO] IPUIPlugin:80 - create IPUIPlugin
2024-07-01 10:26:12,263 [INFO] PluginManager:220 - loadIPPluginJar : add gtzc
2024-07-01 10:26:12,278 [INFO] IPUIPlugin:80 - create IPUIPlugin
2024-07-01 10:26:12,279 [INFO] PluginManager:220 - loadIPPluginJar : add dma
2024-07-01 10:26:12,283 [INFO] IPUIPlugin:80 - create IPUIPlugin
2024-07-01 10:26:12,283 [INFO] PluginManager:220 - loadIPPluginJar : add gfxmmu
2024-07-01 10:26:12,295 [INFO] IPUIPlugin:80 - create IPUIPlugin
2024-07-01 10:26:12,295 [INFO] PluginManager:220 - loadIPPluginJar : add nvic
2024-07-01 10:26:12,300 [INFO] IPUIPlugin:80 - create IPUIPlugin
2024-07-01 10:26:12,300 [INFO] PluginManager:220 - loadIPPluginJar : add hash
2024-07-01 10:26:12,306 [INFO] IPUIPlugin:80 - create IPUIPlugin
2024-07-01 10:26:12,306 [INFO] PluginManager:220 - loadIPPluginJar : add tracer_emb
2024-07-01 10:26:12,311 [INFO] IPUIPlugin:80 - create IPUIPlugin
2024-07-01 10:26:12,311 [INFO] PluginManager:220 - loadIPPluginJar : add i2c
2024-07-01 10:26:12,322 [INFO] IPUIPlugin:80 - create IPUIPlugin
2024-07-01 10:26:12,322 [INFO] PluginManager:220 - loadIPPluginJar : add gpio
2024-07-01 10:26:12,328 [INFO] IPUIPlugin:80 - create IPUIPlugin
2024-07-01 10:26:12,328 [INFO] PluginManager:220 - loadIPPluginJar : add touchsensing
2024-07-01 10:26:12,341 [INFO] IPUIPlugin:80 - create IPUIPlugin
2024-07-01 10:26:12,342 [INFO] PluginManager:220 - loadIPPluginJar : add freertos
2024-07-01 10:26:12,345 [INFO] IPUIPlugin:80 - create IPUIPlugin
2024-07-01 10:26:12,345 [INFO] PluginManager:220 - loadIPPluginJar : add comp
2024-07-01 10:26:12,348 [INFO] IPUIPlugin:80 - create IPUIPlugin
2024-07-01 10:26:12,349 [INFO] PluginManager:220 - loadIPPluginJar : add cryp
2024-07-01 10:26:12,357 [INFO] IPUIPlugin:80 - create IPUIPlugin
2024-07-01 10:26:12,357 [INFO] PluginManager:220 - loadIPPluginJar : add ipddr
2024-07-01 10:26:12,370 [INFO] IPUIPlugin:80 - create IPUIPlugin
2024-07-01 10:26:12,371 [INFO] PluginManager:220 - loadIPPluginJar : add stm32_wpan
2024-07-01 10:26:12,373 [INFO] IPUIPlugin:80 - create IPUIPlugin
2024-07-01 10:26:12,374 [INFO] PluginManager:220 - loadIPPluginJar : add quadspi
2024-07-01 10:26:12,384 [INFO] IPUIPlugin:80 - create IPUIPlugin
2024-07-01 10:26:12,386 [INFO] PluginManager:220 - loadIPPluginJar : add adc
2024-07-01 10:26:12,389 [INFO] IPUIPlugin:80 - create IPUIPlugin
2024-07-01 10:26:12,389 [INFO] PluginManager:220 - loadIPPluginJar : add fatfs
2024-07-01 10:26:12,392 [INFO] IPUIPlugin:80 - create IPUIPlugin
2024-07-01 10:26:12,393 [INFO] PluginManager:220 - loadIPPluginJar : add ts
2024-07-01 10:26:12,415 [INFO] IPUIPlugin:80 - create IPUIPlugin
2024-07-01 10:26:12,416 [INFO] PluginManager:220 - loadIPPluginJar : add gic
2024-07-01 10:26:12,420 [INFO] IPUIPlugin:80 - create IPUIPlugin
2024-07-01 10:26:12,421 [INFO] PluginManager:220 - loadIPPluginJar : add genericplugin
2024-07-01 10:26:12,426 [INFO] IPUIPlugin:80 - create IPUIPlugin
2024-07-01 10:26:12,427 [INFO] PluginManager:220 - loadIPPluginJar : add usbx
2024-07-01 10:26:12,432 [INFO] IPUIPlugin:80 - create IPUIPlugin
2024-07-01 10:26:12,433 [INFO] PluginManager:220 - loadIPPluginJar : add pdm2pcm
2024-07-01 10:26:12,439 [INFO] IPUIPlugin:80 - create IPUIPlugin
2024-07-01 10:26:12,439 [INFO] PluginManager:220 - loadIPPluginJar : add dma3
2024-07-01 10:26:12,447 [INFO] IPUIPlugin:80 - create IPUIPlugin
2024-07-01 10:26:12,447 [INFO] PluginManager:220 - loadIPPluginJar : add fmc
2024-07-01 10:26:12,453 [INFO] IPUIPlugin:80 - create IPUIPlugin
2024-07-01 10:26:12,453 [INFO] PluginManager:220 - loadIPPluginJar : add dfsdm
2024-07-01 10:26:12,465 [INFO] IPUIPlugin:80 - create IPUIPlugin
2024-07-01 10:26:12,537 [INFO] PluginManager:220 - loadIPPluginJar : add plateformsettings
2024-07-01 10:26:12,547 [INFO] IPUIPlugin:80 - create IPUIPlugin
2024-07-01 10:26:12,547 [INFO] PluginManager:220 - loadIPPluginJar : add spi
2024-07-01 10:26:12,553 [INFO] IPUIPlugin:80 - create IPUIPlugin
2024-07-01 10:26:12,554 [INFO] PluginManager:220 - loadIPPluginJar : add i3c
2024-07-01 10:26:12,560 [INFO] IPUIPlugin:80 - create IPUIPlugin
2024-07-01 10:26:12,560 [INFO] PluginManager:220 - loadIPPluginJar : add aes
2024-07-01 10:26:12,570 [INFO] IPUIPlugin:80 - create IPUIPlugin
2024-07-01 10:26:12,570 [INFO] PluginManager:220 - loadIPPluginJar : add resmgrutility
2024-07-01 10:26:12,577 [INFO] IPUIPlugin:80 - create IPUIPlugin
2024-07-01 10:26:12,577 [INFO] PluginManager:220 - loadIPPluginJar : add openamp
2024-07-01 10:26:12,581 [INFO] IPUIPlugin:80 - create IPUIPlugin
2024-07-01 10:26:12,581 [INFO] PluginManager:220 - loadIPPluginJar : add ltdc
2024-07-01 10:26:12,595 [INFO] IPUIPlugin:80 - create IPUIPlugin
2024-07-01 10:26:12,595 [INFO] PluginManager:220 - loadIPPluginJar : add sai
2024-07-01 10:26:12,601 [INFO] IPUIPlugin:80 - create IPUIPlugin
2024-07-01 10:26:12,602 [INFO] PluginManager:220 - loadIPPluginJar : add opamp
2024-07-01 10:26:12,606 [INFO] IPUIPlugin:80 - create IPUIPlugin
2024-07-01 10:26:12,606 [INFO] PluginManager:220 - loadIPPluginJar : add tsc
2024-07-01 10:26:12,610 [INFO] IPUIPlugin:80 - create IPUIPlugin
2024-07-01 10:26:12,611 [INFO] PluginManager:220 - loadIPPluginJar : add ucpd
2024-07-01 10:26:12,627 [INFO] IPUIPlugin:80 - create IPUIPlugin
2024-07-01 10:26:12,628 [INFO] PluginManager:220 - loadIPPluginJar : add can
2024-07-01 10:26:12,652 [INFO] IPUIPlugin:80 - create IPUIPlugin
2024-07-01 10:26:12,653 [INFO] PluginManager:220 - loadIPPluginJar : add linkedlist
2024-07-01 10:26:12,831 [INFO] CADModel:165 - CPN selected for project level
2024-07-01 10:26:12,831 [INFO] CADModel:114 - Register for checkConnection events
2024-07-01 10:26:12,832 [FATAL] Updater:308 - Updater called before beeing initialized
2024-07-01 10:26:12,832 [ERROR] CADModel:125 - Updater not yet initialized, retry later 
2024-07-01 10:26:13,140 [INFO] CADModel:165 - CPN selected for project level
2024-07-01 10:26:13,140 [INFO] CADModel:114 - Register for checkConnection events
2024-07-01 10:26:13,140 [FATAL] Updater:308 - Updater called before beeing initialized
2024-07-01 10:26:13,140 [ERROR] CADModel:125 - Updater not yet initialized, retry later 
2024-07-01 10:26:13,146 [FATAL] Updater:308 - Updater called before beeing initialized
2024-07-01 10:26:13,352 [FATAL] Updater:308 - Updater called before beeing initialized
2024-07-01 10:26:13,366 [INFO] DbMcusAds:53 - JSON generation date=Thu May 16 14:52:00 IST 2024 (1715851320852)
2024-07-01 10:26:13,366 [FATAL] Updater:308 - Updater called before beeing initialized
2024-07-01 10:26:13,456 [WARN] DetailPanel:346 - Failed to get advertising image, set to default
2024-07-01 10:26:13,689 [INFO] ThirdPartyUpdaterWithRetryManager:70 - Updater plugin not ready yet. [2/15]
2024-07-01 10:26:13,753 [FATAL] Updater:308 - Updater called before beeing initialized
2024-07-01 10:26:13,758 [FATAL] Updater:308 - Updater called before beeing initialized
2024-07-01 10:26:13,759 [FATAL] Updater:308 - Updater called before beeing initialized
2024-07-01 10:26:13,759 [WARN] DetailPanel:346 - Failed to get advertising image, set to default
2024-07-01 10:26:13,761 [FATAL] Updater:308 - Updater called before beeing initialized
2024-07-01 10:26:13,865 [ERROR] Updater:1120 - MainUpdater not yet initialized. External WinMGr cannot be set.
2024-07-01 10:26:13,871 [INFO] Updater:1056 - Updater Version found : 6.8.1
2024-07-01 10:26:13,908 [INFO] ApplicationProperties:184 - Using Application install path: /opt/st/stm32cubeide_1.12.1/plugins/com.st.stm32cube.common.mx_6.8.1.202304191431
2024-07-01 10:26:14,522 [INFO] MainUpdater:2854 - connection check result : 10
2024-07-01 10:26:14,522 [INFO] MainUpdater:3548 - Updater definition file requires update
2024-07-01 10:26:14,523 [INFO] MainUpdater:283 - Updater Check For Update Now.
2024-07-01 10:26:14,529 [INFO] MicroXplorer:498 - Change Database Version : DB.6.0.81
2024-07-01 10:26:14,636 [INFO] ServerAccessManage:473 - Download File updaters.zip
2024-07-01 10:26:15,159 [INFO] FileExtend:240 - Unzip File : updaters.zip
2024-07-01 10:26:15,161 [INFO] FileExtend:255 - Standard Zip Deflate
2024-07-01 10:26:15,577 [INFO] ServerAccessManage:473 - Download File PacksControlFlags.xml
2024-07-01 10:26:15,794 [INFO] ServerAccessManage:473 - Download File cubemx.pidx
2024-07-01 10:26:16,691 [WARN] MainUpdater:1187 - Updater busy. Cannot search thirdparties
2024-07-01 10:26:16,691 [INFO] ThirdPartyUpdaterWithRetryManager:96 - Updater plugin is busy. [1/15]
2024-07-01 10:26:17,805 [INFO] ServerAccessManage:473 - Download File STMicroelectronics.X-CUBE-TOUCHGFX.pdsc
2024-07-01 10:26:19,692 [WARN] MainUpdater:1187 - Updater busy. Cannot search thirdparties
2024-07-01 10:26:19,692 [INFO] ThirdPartyUpdaterWithRetryManager:96 - Updater plugin is busy. [2/15]
2024-07-01 10:26:22,693 [WARN] MainUpdater:1187 - Updater busy. Cannot search thirdparties
2024-07-01 10:26:22,693 [INFO] ThirdPartyUpdaterWithRetryManager:96 - Updater plugin is busy. [3/15]
2024-07-01 10:26:23,235 [INFO] ServerAccessManage:473 - Download File wolfSSL.I-CUBE-wolfMQTT.pdsc
2024-07-01 10:26:25,572 [ERROR] ServerAccessManage:1089 - Problem, file not found on Server
2024-07-01 10:26:25,693 [WARN] MainUpdater:1187 - Updater busy. Cannot search thirdparties
2024-07-01 10:26:25,694 [INFO] ThirdPartyUpdaterWithRetryManager:96 - Updater plugin is busy. [4/15]
2024-07-01 10:26:25,875 [WARN] PackLoader:240 - Cannot read IP mode file for STMicroelectronics.X-CUBE-TOUCHGFX.4.24.0
2024-07-01 10:26:25,884 [WARN] PackLoader:240 - Cannot read IP mode file for wolfSSL.I-CUBE-wolfMQTT.1.19.0
2024-07-01 10:26:25,886 [INFO] PopulateThirdPartyThread:66 - Ending populate Thread
2024-07-01 10:26:25,894 [INFO] ThirdParty:1030 - CMSIS Pack Vendor :wolfSSL I-CUBE-wolfMQTT 1.19.0
2024-07-01 10:26:25,895 [INFO] ThirdParty:1030 - CMSIS Pack Vendor :STMicroelectronics X-CUBE-TOUCHGFX 4.24.0
2024-07-01 10:26:25,895 [INFO] LoadServerUpdatesThread:373 - End of LoadServerUpdate Thread
2024-07-01 10:26:26,041 [INFO] CheckServerUpdateThread:120 - End of CheckServer Thread
2024-07-01 10:26:26,042 [INFO] MainUpdater:2854 - connection check result : 10
2024-07-01 10:26:26,044 [INFO] MainUpdater:2854 - connection check result : 10
2024-07-01 10:26:26,115 [INFO] MicroXplorer:468 - Change Database Path : 
2024-07-01 10:26:26,115 [INFO] MicroXplorer:498 - Change Database Version : DB.6.0.81
2024-07-01 10:26:26,115 [WARN] ThirdParty:871 - waiting for thirdparty lock release [close project]
2024-07-01 10:26:29,131 [WARN] PackLoader:240 - Cannot read IP mode file for STMicroelectronics.FP-SNS-MOTENVWB1.1.4.0
2024-07-01 10:26:29,166 [WARN] PackLoader:240 - Cannot read IP mode file for STMicroelectronics.X-CUBE-SMBUS.2.1.0
2024-07-01 10:26:29,179 [WARN] PackLoader:240 - Cannot read IP mode file for STMicroelectronics.X-CUBE-TOUCHGFX.4.23.2
2024-07-01 10:26:29,300 [WARN] PackLoader:240 - Cannot read IP mode file for STMicroelectronics.X-CUBE-AZRTOS-F7.1.1.0
2024-07-01 10:26:29,377 [ERROR] RealEvaluatedCondition:428 - Found unsupported composite condition: CLASS='Data Exchange' GROUP='STM32_MetaDataManager'
2024-07-01 10:26:29,378 [ERROR] RealEvaluatedCondition:428 - Found unsupported composite condition: GROUP='STM32_MetaDataManager' CLASS='Data Exchange'
2024-07-01 10:26:29,381 [WARN] PackLoader:240 - Cannot read IP mode file for STMicroelectronics.FP-SNS-MOTENV1.4.3.0
2024-07-01 10:26:29,395 [WARN] PackLoader:240 - Cannot read IP mode file for STMicroelectronics.FP-SNS-MOTENV1.4.3.2
2024-07-01 10:26:29,405 [WARN] PackLoader:240 - Cannot read IP mode file for STMicroelectronics.FP-SNS-FLIGHT1.5.0.0
2024-07-01 10:26:29,412 [ERROR] RealEvaluatedCondition:428 - Found unsupported composite condition: CLASS='Data Exchange' GROUP='STM32_MetaDataManager'
2024-07-01 10:26:29,412 [ERROR] RealEvaluatedCondition:428 - Found unsupported composite condition: CLASS='Data Exchange' GROUP='STM32_MetaDataManager'
2024-07-01 10:26:29,415 [WARN] PackLoader:240 - Cannot read IP mode file for STMicroelectronics.FP-SNS-MOTENV1.4.3.1
2024-07-01 10:26:29,426 [WARN] PackLoader:240 - Cannot read IP mode file for STMicroelectronics.FP-SNS-FLIGHT1.5.0.1
2024-07-01 10:26:29,439 [WARN] PackLoader:240 - Cannot read IP mode file for STMicroelectronics.X-CUBE-BLE1.6.2.4
2024-07-01 10:26:29,447 [WARN] PackLoader:240 - Cannot read IP mode file for STMicroelectronics.FP-SNS-FLIGHT1.5.0.2
2024-07-01 10:26:29,461 [WARN] PackLoader:240 - Cannot read IP mode file for STMicroelectronics.X-CUBE-DISPLAY.3.0.0
2024-07-01 10:26:29,479 [WARN] PackLoader:240 - Cannot read IP mode file for STMicroelectronics.X-CUBE-BLE1.7.0.0
2024-07-01 10:26:29,485 [WARN] PackLoader:240 - Cannot read IP mode file for STMicroelectronics.X-CUBE-TOUCHGFX.4.22.0
2024-07-01 10:26:29,489 [WARN] PackLoader:240 - Cannot read IP mode file for STMicroelectronics.X-CUBE-TOUCHGFX.4.22.1
2024-07-01 10:26:29,509 [WARN] PackLoader:240 - Cannot read IP mode file for STMicroelectronics.X-CUBE-BLEMGR.3.1.0
2024-07-01 10:26:29,523 [WARN] PackLoader:240 - Cannot read IP mode file for STMicroelectronics.FP-SNS-SMARTAG2.1.2.0
2024-07-01 10:26:29,540 [INFO] LogOutputStream:77 - [STDOUT_REDIRECT] 1 : Invalid condition id : UX_CORESTACK_Condition cause : null
2024-07-01 10:26:29,541 [INFO] LogOutputStream:77 - [STDOUT_REDIRECT] 1 : Invalid condition id : UX_CORESTACK_Condition cause : null
2024-07-01 10:26:29,542 [INFO] LogOutputStream:77 - [STDOUT_REDIRECT] 1 : Invalid condition id : UX_CORESTACK_Condition cause : null
2024-07-01 10:26:29,542 [INFO] LogOutputStream:77 - [STDOUT_REDIRECT] 1 : Invalid condition id : UX_CORESTACK_Condition cause : null
2024-07-01 10:26:29,542 [INFO] LogOutputStream:77 - [STDOUT_REDIRECT] 1 : Invalid condition id : UX_CORESTACK_Condition cause : null
2024-07-01 10:26:29,551 [WARN] PackLoader:240 - Cannot read IP mode file for STMicroelectronics.X-CUBE-AZRTOS-WL.2.0.0
2024-07-01 10:26:29,561 [WARN] PackLoader:240 - Cannot read IP mode file for STMicroelectronics.FP-SNS-MOTENV1.5.0.0
2024-07-01 10:26:29,568 [WARN] PackLoader:240 - Cannot read IP mode file for wolfSSL.I-CUBE-wolfMQTT.1.19.0
2024-07-01 10:26:29,580 [WARN] PackLoader:240 - Cannot read IP mode file for WES.I-CUBE-Cesium.1.3.0
2024-07-01 10:26:29,588 [WARN] PackLoader:240 - Cannot read IP mode file for STMicroelectronics.X-CUBE-BLE2.3.3.0
2024-07-01 10:26:29,597 [WARN] PackLoader:240 - Cannot read IP mode file for STMicroelectronics.X-CUBE-TCPP.4.1.0
2024-07-01 10:26:29,603 [WARN] PackLoader:240 - Cannot read IP mode file for STMicroelectronics.X-CUBE-TOUCHGFX.4.21.3
2024-07-01 10:26:29,607 [WARN] PackLoader:240 - Cannot read IP mode file for STMicroelectronics.X-CUBE-TOUCHGFX.4.21.4
2024-07-01 10:26:29,619 [WARN] PackLoader:240 - Cannot read IP mode file for STMicroelectronics.X-CUBE-ALGOBUILD.1.3.0
2024-07-01 10:26:29,653 [WARN] PackLoader:240 - Cannot read IP mode file for STMicroelectronics.X-CUBE-AZRTOS-G0.1.1.0
2024-07-01 10:26:29,668 [WARN] PackLoader:240 - Cannot read IP mode file for STMicroelectronics.X-CUBE-SAFEA1.1.2.2
2024-07-01 10:26:29,678 [WARN] PackLoader:240 - Cannot read IP mode file for STMicroelectronics.X-CUBE-NFC4.3.0.0
2024-07-01 10:26:29,685 [WARN] PackLoader:240 - Cannot read IP mode file for wolfSSL.I-CUBE-wolfMQTT.1.18.0
2024-07-01 10:26:29,690 [WARN] PackLoader:240 - Cannot read IP mode file for STMicroelectronics.FP-ATR-SIGFOX1.3.2.0
2024-07-01 10:26:29,701 [WARN] PackLoader:240 - Cannot read IP mode file for STMicroelectronics.X-CUBE-EEPRMA1.5.1.0
2024-07-01 10:26:29,824 [WARN] PackLoader:240 - Cannot read IP mode file for SEGGER.I-CUBE-embOS.1.3.1
2024-07-01 10:26:29,905 [WARN] PackLoader:240 - Cannot read IP mode file for STMicroelectronics.X-CUBE-ALGOBUILD.1.4.0
2024-07-01 10:26:29,918 [WARN] PackLoader:240 - Cannot read IP mode file for STMicroelectronics.X-CUBE-GNSS1.6.0.0
2024-07-01 10:26:29,965 [WARN] PackLoader:240 - Cannot read IP mode file for STMicroelectronics.X-CUBE-AZRTOS-F4.1.1.0
2024-07-01 10:26:29,977 [WARN] PackLoader:240 - Cannot read IP mode file for wolfSSL.I-CUBE-wolfSSL.5.6.0
2024-07-01 10:26:29,987 [WARN] PackLoader:240 - Cannot read IP mode file for STMicroelectronics.X-CUBE-FREERTOS.1.2.0
2024-07-01 10:26:30,027 [WARN] PackLoader:240 - Cannot read IP mode file for STMicroelectronics.X-CUBE-AZRTOS-L5.2.0.0
2024-07-01 10:26:30,220 [WARN] PackLoader:240 - Cannot read IP mode file for STMicroelectronics.X-CUBE-MEMS1.9.6.0
2024-07-01 10:26:30,670 [WARN] PackLoader:240 - Cannot read IP mode file for STMicroelectronics.X-CUBE-NFC6.3.1.0
2024-07-01 10:26:30,684 [WARN] PackLoader:240 - Cannot read IP mode file for ITTIA_DB.I-CUBE-ITTIADB.8.8.0
2024-07-01 10:26:30,699 [WARN] PackLoader:240 - Cannot read IP mode file for emotas.I-CUBE-CANOPEN.1.1.3
2024-07-01 10:26:30,716 [WARN] PackLoader:240 - Cannot read IP mode file for STMicroelectronics.X-CUBE-BLEMGR.2.0.0
2024-07-01 10:26:30,725 [WARN] PackLoader:240 - Cannot read IP mode file for STMicroelectronics.X-CUBE-AI.9.0.0
2024-07-01 10:26:30,793 [WARN] ConditionMgr:438 - getConditionDescription Invalid condition id : UX DEVICE CLASS RTOS Condition cause : null
2024-07-01 10:26:30,793 [WARN] ConditionMgr:438 - getConditionDescription Invalid condition id : UX DEVICE CLASS RTOS Condition cause : null
2024-07-01 10:26:30,803 [WARN] PackLoader:240 - Cannot read IP mode file for STMicroelectronics.X-CUBE-AZRTOS-H7.3.1.0
2024-07-01 10:26:30,805 [WARN] ConditionMgr:1039 - genDependencies : Invalid condition id : UX DEVICE CLASS RTOS Condition cause : null
2024-07-01 10:26:30,806 [WARN] ConditionMgr:1039 - genDependencies : Invalid condition id : UX DEVICE CLASS RTOS Condition cause : null
2024-07-01 10:26:30,807 [WARN] ConditionMgr:1039 - genDependencies : Invalid condition id : UX DEVICE CLASS RTOS Condition cause : null
2024-07-01 10:26:30,808 [WARN] ConditionMgr:1039 - genDependencies : Invalid condition id : UX DEVICE CLASS RTOS Condition cause : null
2024-07-01 10:26:30,809 [WARN] ConditionMgr:1039 - genDependencies : Invalid condition id : UX DEVICE CLASS RTOS Condition cause : null
2024-07-01 10:26:30,824 [WARN] PackLoader:240 - Cannot read IP mode file for STMicroelectronics.X-CUBE-NFC7.1.0.1
2024-07-01 10:26:30,836 [WARN] PackLoader:240 - Cannot read IP mode file for STMicroelectronics.X-CUBE-NFC7.1.0.0
2024-07-01 10:26:30,904 [WARN] PackLoader:240 - Cannot read IP mode file for STMicroelectronics.X-CUBE-NFC6.3.0.0
2024-07-01 10:26:30,999 [WARN] PackLoader:240 - Cannot read IP mode file for STMicroelectronics.X-CUBE-EEPRMA1.4.1.0
2024-07-01 10:26:31,032 [WARN] PackLoader:240 - Cannot read IP mode file for STMicroelectronics.X-CUBE-AI.8.1.0
2024-07-01 10:26:31,110 [WARN] ConditionMgr:438 - getConditionDescription Invalid condition id : LAN8742 Phy interface Condition cause : null
2024-07-01 10:26:31,112 [WARN] PackLoader:240 - Cannot read IP mode file for STMicroelectronics.X-CUBE-AZRTOS-L4.2.0.0
2024-07-01 10:26:31,115 [WARN] ConditionMgr:1039 - genDependencies : Invalid condition id : LAN8742 Phy interface Condition cause : null
2024-07-01 10:26:31,116 [WARN] ConditionMgr:1039 - genDependencies : Invalid condition id : LAN8742 Phy interface Condition cause : null
2024-07-01 10:26:31,126 [WARN] ConditionMgr:1039 - genDependencies : Invalid condition id : LAN8742 Phy interface Condition cause : null
2024-07-01 10:26:31,169 [WARN] PackLoader:240 - Cannot read IP mode file for STMicroelectronics.X-CUBE-SFXS2LP1.4.0.0
2024-07-01 10:26:31,203 [WARN] PackLoader:240 - Cannot read IP mode file for STMicroelectronics.X-CUBE-ISPU.1.1.0
2024-07-01 10:26:31,223 [WARN] PackLoader:240 - Cannot read IP mode file for STMicroelectronics.X-CUBE-AI.8.0.0
2024-07-01 10:26:31,292 [WARN] ConditionMgr:438 - getConditionDescription Invalid condition id : UX DEVICE CLASS RTOS Condition cause : null
2024-07-01 10:26:31,293 [WARN] ConditionMgr:438 - getConditionDescription Invalid condition id : UX DEVICE CLASS RTOS Condition cause : null
2024-07-01 10:26:31,301 [WARN] PackLoader:240 - Cannot read IP mode file for STMicroelectronics.X-CUBE-AZRTOS-WB.2.0.0
2024-07-01 10:26:31,303 [WARN] ConditionMgr:1039 - genDependencies : Invalid condition id : UX DEVICE CLASS RTOS Condition cause : null
2024-07-01 10:26:31,303 [WARN] ConditionMgr:1039 - genDependencies : Invalid condition id : UX DEVICE CLASS RTOS Condition cause : null
2024-07-01 10:26:31,304 [WARN] ConditionMgr:1039 - genDependencies : Invalid condition id : UX DEVICE CLASS RTOS Condition cause : null
2024-07-01 10:26:31,304 [WARN] ConditionMgr:1039 - genDependencies : Invalid condition id : UX DEVICE CLASS RTOS Condition cause : null
2024-07-01 10:26:31,304 [WARN] ConditionMgr:1039 - genDependencies : Invalid condition id : UX DEVICE CLASS RTOS Condition cause : null
2024-07-01 10:26:31,317 [WARN] PackLoader:240 - Cannot read IP mode file for STMicroelectronics.X-CUBE-FREERTOS.1.0.1
2024-07-01 10:26:31,366 [WARN] PackLoader:240 - Cannot read IP mode file for STMicroelectronics.X-CUBE-AZRTOS-L5.1.1.0
2024-07-01 10:26:31,383 [WARN] PackLoader:240 - Cannot read IP mode file for STMicroelectronics.X-CUBE-AI.8.0.1
2024-07-01 10:26:31,409 [WARN] PackLoader:240 - Cannot read IP mode file for STMicroelectronics.X-CUBE-SUBG2.5.0.0
2024-07-01 10:26:31,498 [WARN] PackLoader:240 - Cannot read IP mode file for STMicroelectronics.X-CUBE-TOF1.3.3.1
2024-07-01 10:26:31,532 [WARN] PackLoader:240 - Cannot read IP mode file for STMicroelectronics.X-CUBE-AZRTOS-G4.2.0.0
2024-07-01 10:26:31,548 [WARN] PackLoader:240 - Cannot read IP mode file for STMicroelectronics.X-CUBE-TOF1.3.3.0
2024-07-01 10:26:31,584 [WARN] PackLoader:240 - Cannot read IP mode file for STMicroelectronics.X-CUBE-AZRTOS-L4.1.0.0
2024-07-01 10:26:31,593 [WARN] PackLoader:240 - Cannot read IP mode file for STMicroelectronics.X-CUBE-ISPU.2.0.0
2024-07-01 10:26:31,602 [WARN] PackLoader:240 - Cannot read IP mode file for STMicroelectronics.X-CUBE-ALS.1.0.2
2024-07-01 10:26:31,721 [WARN] PackLoader:240 - Cannot read IP mode file for STMicroelectronics.X-CUBE-MEMS1.10.0.0
2024-07-01 10:26:32,082 [WARN] PackLoader:240 - Cannot read IP mode file for STMicroelectronics.X-CUBE-FREERTOS.1.1.0
2024-07-01 10:26:32,087 [WARN] PackLoader:240 - Cannot read IP mode file for STMicroelectronics.X-CUBE-TOUCHGFX.4.24.0
2024-07-01 10:26:32,108 [WARN] PackLoader:240 - Cannot read IP mode file for STMicroelectronics.X-CUBE-AZRTOS-WL.1.0.0
2024-07-01 10:26:32,118 [WARN] PackLoader:240 - Cannot read IP mode file for portGmbH.I-Cube-SoM-uGOAL.1.1.0
2024-07-01 10:26:32,124 [WARN] PackLoader:240 - Cannot read IP mode file for STMicroelectronics.X-CUBE-ALS.1.0.1
2024-07-01 10:26:32,155 [WARN] PackLoader:240 - Cannot read IP mode file for STMicroelectronics.X-CUBE-AZRTOS-WB.1.1.0
2024-07-01 10:26:32,204 [WARN] PackLoader:240 - Cannot read IP mode file for STMicroelectronics.X-CUBE-AZRTOS-H7RS.1.0.0
2024-07-01 10:26:32,218 [WARN] PackLoader:240 - Cannot read IP mode file for STMicroelectronics.FP-ATR-ASTRA1.2.0.0
2024-07-01 10:26:32,238 [WARN] PackLoader:240 - Cannot read IP mode file for STMicroelectronics.X-CUBE-TOF1.3.4.1
2024-07-01 10:26:32,333 [WARN] PackLoader:240 - Cannot read IP mode file for STMicroelectronics.X-CUBE-AZRTOS-H7.3.2.0
2024-07-01 10:26:32,361 [WARN] PackLoader:240 - Cannot read IP mode file for Infineon.AIROC-Wi-Fi-Bluetooth-STM32.1.6.0
2024-07-01 10:26:32,370 [INFO] ThirdParty:978 - Integrity check success = true
2024-07-01 10:26:32,370 [INFO] IntegrityCheckThread:100 - exiting critical section [integrity check]
2024-07-01 10:26:32,370 [INFO] IntegrityCheckThread:103 - End integrity checks thread
2024-07-01 10:26:32,371 [INFO] ThirdParty:873 - entering critical section [close project]
2024-07-01 10:26:32,372 [INFO] ThirdParty:883 - exiting critical section [close project]
2024-07-01 10:26:32,381 [INFO] PinOutPanel:1499 - setPackage(No Configuration,No Configuration)
2024-07-01 10:26:32,392 [INFO] UtilMem:75 - Begin LoadConfig() Used Memory: 288529944 Bytes (392167424)
2024-07-01 10:26:32,397 [INFO] MicroXplorer:468 - Change Database Path : 
2024-07-01 10:26:32,397 [INFO] MicroXplorer:498 - Change Database Version : DB.6.0.81
2024-07-01 10:26:32,397 [INFO] OpenFileManager:308 - Change cursor
2024-07-01 10:26:32,456 [INFO] Mcu:1937 - Initializing MCU STM32L053C(6-8)Tx STM32L053C8Tx STM32L053C8T6
2024-07-01 10:26:34,830 [INFO] Context:659 - Trying to add GPIOservice into a context  which must be forbidden
2024-07-01 10:26:37,100 [INFO] RtosManager:555 - Registered RTOS mode: class=CMSIS, group=RTOS, mode=CMSIS_V1, owner=FREERTOS
2024-07-01 10:26:37,101 [INFO] RtosManager:555 - Registered RTOS mode: class=CMSIS, group=RTOS2, mode=CMSIS_V2, owner=FREERTOS
2024-07-01 10:26:37,101 [INFO] RtosManager:555 - Registered RTOS mode: class=RTOS, group=Core, mode=CMSIS_V1, owner=FREERTOS
2024-07-01 10:26:37,101 [INFO] RtosManager:555 - Registered RTOS mode: class=RTOS, group=Core, mode=CMSIS_V2, owner=FREERTOS
2024-07-01 10:26:37,102 [WARN] ModelIntegratedComponent:184 - Missing modes for component STMicroelectronics:FreeRTOS:0.0.1:STMicroelectronics:RTOS:FreeRTOS:Core:::10.2.0:
2024-07-01 10:26:37,220 [WARN] ModelIntegratedComponent:63 - No mode defined for component null
2024-07-01 10:26:37,220 [WARN] ModelIntegratedComponent:63 - No mode defined for component null
2024-07-01 10:26:37,220 [WARN] ModelIntegratedComponent:63 - No mode defined for component null
2024-07-01 10:26:37,220 [WARN] ModelIntegratedComponent:63 - No mode defined for component null
2024-07-01 10:26:37,220 [WARN] ModelIntegratedComponent:63 - No mode defined for component null
2024-07-01 10:26:37,221 [WARN] ModelIntegratedComponent:63 - No mode defined for component null
2024-07-01 10:26:37,221 [WARN] ModelIntegratedComponent:63 - No mode defined for component null
2024-07-01 10:26:37,221 [WARN] ModelIntegratedComponent:63 - No mode defined for component null
2024-07-01 10:26:37,221 [WARN] ModelIntegratedComponent:63 - No mode defined for component null
2024-07-01 10:26:37,221 [WARN] ModelIntegratedComponent:63 - No mode defined for component null
2024-07-01 10:26:37,221 [WARN] ModelIntegratedComponent:63 - No mode defined for component null
2024-07-01 10:26:37,222 [WARN] ModelIntegratedComponent:63 - No mode defined for component null
2024-07-01 10:26:37,222 [WARN] ModelIntegratedComponent:63 - No mode defined for component null
2024-07-01 10:26:37,222 [WARN] ModelIntegratedComponent:63 - No mode defined for component null
2024-07-01 10:26:37,222 [WARN] ModelIntegratedComponent:63 - No mode defined for component null
2024-07-01 10:26:37,222 [WARN] ModelIntegratedComponent:63 - No mode defined for component null
2024-07-01 10:26:37,222 [WARN] ModelIntegratedComponent:63 - No mode defined for component null
2024-07-01 10:26:37,222 [WARN] ModelIntegratedComponent:63 - No mode defined for component null
2024-07-01 10:26:37,222 [WARN] ModelIntegratedComponent:63 - No mode defined for component null
2024-07-01 10:26:37,223 [WARN] ModelIntegratedComponent:63 - No mode defined for component null
2024-07-01 10:26:37,223 [WARN] ModelIntegratedComponent:63 - No mode defined for component null
2024-07-01 10:26:37,223 [WARN] ModelIntegratedComponent:63 - No mode defined for component null
2024-07-01 10:26:37,223 [WARN] ModelIntegratedComponent:63 - No mode defined for component null
2024-07-01 10:26:37,223 [WARN] ModelIntegratedComponent:63 - No mode defined for component null
2024-07-01 10:26:37,223 [WARN] ModelIntegratedComponent:63 - No mode defined for component null
2024-07-01 10:26:37,223 [WARN] ModelIntegratedComponent:63 - No mode defined for component null
2024-07-01 10:26:37,224 [WARN] ModelIntegratedComponent:63 - No mode defined for component null
2024-07-01 10:26:37,224 [WARN] ModelIntegratedComponent:63 - No mode defined for component null
2024-07-01 10:26:37,224 [WARN] ModelIntegratedComponent:63 - No mode defined for component null
2024-07-01 10:26:37,224 [WARN] ModelIntegratedComponent:63 - No mode defined for component null
2024-07-01 10:26:37,224 [WARN] ModelIntegratedComponent:63 - No mode defined for component null
2024-07-01 10:26:37,224 [WARN] ModelIntegratedComponent:63 - No mode defined for component null
2024-07-01 10:26:37,224 [WARN] ModelIntegratedComponent:63 - No mode defined for component null
2024-07-01 10:26:37,665 [INFO] ThirdPartyModel:298 - Start build external matchings
2024-07-01 10:26:39,081 [INFO] ThirdPartyModel:316 - End build external matchings
2024-07-01 10:26:39,549 [INFO] UtilMem:75 - End LoadConfig() Used Memory: 338278544 Bytes (463470592)
2024-07-01 10:26:39,846 [INFO] ApiDb:581 - Connected to CubeFinder SQLite database (/home/dnk066/.stmcufinder/plugins/mcufinder/mcu/cube-finder-db.db)
2024-07-01 10:26:40,015 [INFO] ApiDb:668 - CubeFinder database Data Model version=2.1
2024-07-01 10:26:40,015 [INFO] ApiDb:669 - CubeFinder database Configuration version=3.0.39
2024-07-01 10:26:40,016 [INFO] ApiDb:670 - CubeFinder database generation date=2024-06-06 (1717689626)
2024-07-01 10:26:40,016 [INFO] ApiDb:671 - CubeFinder database FW Pack versions=[FP-ATR-ASTRA1_V2.0.0, FP-SNS-FLIGHT1_V5.0.2, FP-SNS-MOTENV1_V5.0.0, FP-SNS-MOTENVWB1_V1.4.0, FP-SNS-SMARTAG2_V1.2.0, STM32Cube_FW_C0_V1.2.0, STM32Cube_FW_F4_V1.28.0, STM32Cube_FW_F7_V1.17.2, STM32Cube_FW_G0_V1.6.2, STM32Cube_FW_G4_V1.6.0, STM32Cube_FW_H5_V1.3.0, STM32Cube_FW_H7RS_V1.1.0, STM32Cube_FW_H7_V1.11.2, STM32Cube_FW_L0_V1.12.2, STM32Cube_FW_L5_V1.5.1, STM32Cube_FW_U0_V1.1.0, STM32Cube_FW_U5_V1.6.0, STM32Cube_FW_WB0_V1.0.0, STM32Cube_FW_WBA_V1.4.0, STM32Cube_FW_WB_V1.20.0, STM32Cube_FW_WL_V1.3.0, X-CUBE-ALGOBUILD_V1.4.0, X-CUBE-ALS_V1.0.2, X-CUBE-AZRTOS-F4_V1.1.0, X-CUBE-AZRTOS-F7_V1.1.0, X-CUBE-AZRTOS-G0_V1.1.0, X-CUBE-AZRTOS-G4_V2.0.0, X-CUBE-AZRTOS-H7RS_V1.0.0, X-CUBE-AZRTOS-H7_V3.2.0, X-CUBE-AZRTOS-L4_V2.0.0, X-CUBE-AZRTOS-L5_V1.1.0, X-CUBE-AZRTOS-WB_V2.0.0, X-CUBE-AZRTOS-WL_V2.0.0, X-CUBE-BLE1_V7.0.0, X-CUBE-BLE2_V3.3.0, X-CUBE-BLEMGR_V3.1.0, X-CUBE-EEPRMA1_V5.1.0, X-CUBE-FREERTOS_V1.2.0, X-CUBE-GNSS1_V6.0.0, X-CUBE-MEMS1_V10.0.0, X-CUBE-NFC4_V3.0.0, X-CUBE-NFC7_V1.0.1, X-CUBE-SFXS2LP1_V4.0.0, X-CUBE-SUBG2_V5.0.0, X-CUBE-TOF1_V3.4.1]
2024-07-01 10:26:43,997 [INFO] ApiDb:240 - Found 297 in-development CPN: [B-G473E-ZEST1S, B-WB1M-WPAN1, B-WL5M-SUBG1, NUCLEO-C031C6, NUCLEO-H503RB, NUCLEO-H563ZI, NUCLEO-U545RE-Q, NUCLEO-U5A5ZJ-Q, NUCLEO-WBA52CG, STEVAL-PROTEUS1, STEVAL-STWINBX1, STM320518-EVAL, STM32C0116-DK, STM32C011D6Y3TR, STM32C011D6Y6TR, STM32C011F4P3, STM32C011F4P6, STM32C011F4U3, STM32C011F4U6TR, STM32C011F6P3, STM32C011F6P6, STM32C011F6U3, STM32C011F6U6TR, STM32C011J4M3, STM32C011J4M6, STM32C011J6M3, STM32C011J6M6, STM32C0316-DK, STM32C031C4T3, STM32C031C4T6, STM32C031C4U3, STM32C031C4U6, STM32C031C6T3, STM32C031C6T6, STM32C031C6U3, STM32C031C6U6, STM32C031F4P3, STM32C031F4P6, STM32C031F6P3, STM32C031F6P6, STM32C031G4U3, STM32C031G4U6, STM32C031G6U3, STM32C031G6U6, STM32C031K4T3, STM32C031K4T6, STM32C031K4U3, STM32C031K4U6, STM32C031K6T3, STM32C031K6T6, STM32C031K6U3, STM32C031K6U6, STM32G071K8TXN, STM32G071K8UXN, STM32G081GBU6N, STM32G081KBT6N, STM32G081KBUXN, STM32G0B1CCT6N, STM32G0B1KCT6, STM32G0B1NEY6TR, STM32G0B1RCT6N, STM32G0C1CCT6, STM32G0C1CCT6N, STM32G0C1CCU6N, STM32G0C1CET6N, STM32G0C1CEU6N, STM32G0C1KCT6, STM32G0C1NEY6TR, STM32G0C1RCI6N, STM32G0C1RCT6N, STM32G0C1REI6N, STM32G0C1RET6N, STM32G0C1VCI6, STM32G0C1VEI6, STM32G471CCT6, STM32G471CCU6, STM32G471CET3, STM32G471CET6, STM32G471CEU3, STM32G471CEU6, STM32G471MCT6, STM32G471MET3, STM32G471MET6, STM32G471MEY6TR, STM32G471QCT6, STM32G471QET3, STM32G471RCT6, STM32G471RET3, STM32G471RET6, STM32G471VCH6, STM32G471VCI6, STM32G471VCT6, STM32G471VEH3, STM32G471VEH6, STM32G471VEI3, STM32G471VEI6, STM32G471VET3, STM32G471VET6, STM32G474CCT6, STM32H503CBT6, STM32H503CBU6, STM32H503EBY6TR, STM32H503KBU6, STM32H503RBT6, STM32H562AGI6, STM32H562AII6, STM32H562IGK6, STM32H562IGT6, STM32H562IIK6, STM32H562IIT6, STM32H562RGT6, STM32H562RGV6, STM32H562RIT6, STM32H562RIV6, STM32H562VGT6, STM32H562VIT6, STM32H562ZGT6, STM32H562ZIT6, STM32H563AGI6, STM32H563AII3Q, STM32H563AII6, STM32H563IGK6, STM32H563IGT6, STM32H563IIK3Q, STM32H563IIK6, STM32H563IIT3Q, STM32H563IIT6, STM32H563MIY3QTR, STM32H563RGT6, STM32H563RGV6, STM32H563RIT6, STM32H563RIV6, STM32H563VGT6, STM32H563VIT3Q, STM32H563VIT6, STM32H563ZGT6, STM32H563ZIT3Q, STM32H563ZIT6, STM32H573AII3Q, STM32H573AII6, STM32H573I-DK, STM32H573IIK3Q, STM32H573IIK6, STM32H573IIT3Q, STM32H573IIT6, STM32H573MIY3QTR, STM32H573RIT6, STM32H573RIV6, STM32H573VIT3Q, STM32H573VIT6, STM32H573ZIT3Q, STM32H573ZIT6, STM32L4R5QGI6STR, STM32MP131AAE3, STM32MP131AAF3, STM32MP131AAG3, STM32MP131CAE3, STM32MP131CAF3, STM32MP131CAG3, STM32MP131DAE7, STM32MP131DAF7, STM32MP131DAG7, STM32MP131FAE7, STM32MP131FAF7, STM32MP131FAG7, STM32MP133AAE3, STM32MP133AAF3, STM32MP133AAG3, STM32MP133CAE3, STM32MP133CAF3, STM32MP133CAG3, STM32MP133DAE7, STM32MP133DAF7, STM32MP133DAG7, STM32MP133FAE7, STM32MP133FAF7, STM32MP133FAG7, STM32MP135AAE3, STM32MP135AAF3, STM32MP135AAG3, STM32MP135CAE3, STM32MP135CAF3, STM32MP135CAG3, STM32MP135DAE7, STM32MP135DAF7, STM32MP135DAG7, STM32MP135F-DK, STM32MP135FAE7, STM32MP135FAF7, STM32MP135FAF7T, STM32MP135FAF7U, STM32MP135FAG7, STM32U535CBT6, STM32U535CBT6Q, STM32U535CBU6, STM32U535CBU6Q, STM32U535CCT6, STM32U535CCT6Q, STM32U535CCU6, STM32U535CCU6Q, STM32U535CET6, STM32U535CET6Q, STM32U535CEU6, STM32U535CEU6Q, STM32U535JEY6QTR, STM32U535NCY6QTR, STM32U535NEY6QTR, STM32U535RBI6, STM32U535RBI6Q, STM32U535RBT6, STM32U535RBT6Q, STM32U535RCI6, STM32U535RCI6Q, STM32U535RCT6, STM32U535RCT6Q, STM32U535REI6, STM32U535REI6Q, STM32U535RET6, STM32U535RET6Q, STM32U535VCI6, STM32U535VCI6Q, STM32U535VCT6, STM32U535VCT6Q, STM32U535VEI6, STM32U535VEI6Q, STM32U535VET6, STM32U535VET6Q, STM32U545CET6, STM32U545CET6Q, STM32U545CEU6, STM32U545CEU6Q, STM32U545JEY6QTR, STM32U545NEY6QTR, STM32U545REI6, STM32U545REI6Q, STM32U545RET6, STM32U545RET6Q, STM32U545VEI6, STM32U545VEI6Q, STM32U545VET6, STM32U545VET6Q, STM32U595AIH6, STM32U595AIH6Q, STM32U595AJH6, STM32U595AJH6Q, STM32U595QII6, STM32U595QII6Q, STM32U595QJI6, STM32U595QJI6Q, STM32U595RIT6, STM32U595RIT6Q, STM32U595RJT6, STM32U595RJT6Q, STM32U595VIT6, STM32U595VIT6Q, STM32U595VJT6, STM32U595VJT6Q, STM32U595ZIT6, STM32U595ZIT6Q, STM32U595ZIY6QTR, STM32U595ZJT6, STM32U595ZJT6Q, STM32U595ZJY6QTR, STM32U599BJY6QTR, STM32U599NIH6Q, STM32U599NJH6Q, STM32U599VIT6Q, STM32U599VJT6, STM32U599VJT6Q, STM32U599ZIT6Q, STM32U599ZIY6QTR, STM32U599ZJT6Q, STM32U599ZJY6QTR, STM32U5A5AJH6, STM32U5A5AJH6Q, STM32U5A5QJI6, STM32U5A5QJI6Q, STM32U5A5RJT6, STM32U5A5RJT6Q, STM32U5A5VJT6, STM32U5A5VJT6Q, STM32U5A5ZJT6, STM32U5A5ZJT6Q, STM32U5A5ZJY6QTR, STM32U5A9BJY6QTR, STM32U5A9J-DK, STM32U5A9NJH6Q, STM32U5A9VJT6Q, STM32U5A9ZJT6Q, STM32U5A9ZJY6QTR, STM32WB1MMCH6, STM32WBA52CEU6, STM32WBA52CEU6T, STM32WBA52CGU6, STM32WBA52CGU6T, STM32WL5MOCH6, STM32WL5MOCH6TR]
2024-07-01 10:26:44,006 [INFO] DbMcus:216 - Found 4205 MCUs, 4205 are supported
2024-07-01 10:26:44,012 [INFO] ApiDb:423 - Load user favorites file /home/dnk066/.stm32cubeide/favorites.mcus.txt: 0 item(s)
2024-07-01 10:26:44,012 [INFO] ApiDb:427 - User favorites MCUs=[]
2024-07-01 10:26:44,012 [INFO] DbMcus:222 - Set 0 / 0 favorites MCUs
2024-07-01 10:26:45,012 [WARN] ThirdParty:833 - waiting for thirdparty lock release [change project]
2024-07-01 10:26:45,013 [INFO] ThirdParty:835 - entering critical section [change project]
2024-07-01 10:26:45,013 [INFO] ThirdParty:1030 - CMSIS Pack Vendor :STMicroelectronics X-CUBE-ISPU 1.1.0
2024-07-01 10:26:45,013 [INFO] ThirdParty:1030 - CMSIS Pack Vendor :STMicroelectronics X-CUBE-GNSS1 6.0.0
2024-07-01 10:26:45,013 [INFO] ThirdParty:1030 - CMSIS Pack Vendor :STMicroelectronics USB_HOST 2.0.0
2024-07-01 10:26:45,013 [INFO] ThirdParty:1030 - CMSIS Pack Vendor :STMicroelectronics FP-SNS-MOTENVWB1 1.4.0
2024-07-01 10:26:45,013 [INFO] ThirdParty:1030 - CMSIS Pack Vendor :STMicroelectronics X-CUBE-AZRTOS-F4 1.1.0
2024-07-01 10:26:45,014 [INFO] ThirdParty:1030 - CMSIS Pack Vendor :STMicroelectronics LIBJPEG 8.0.0
2024-07-01 10:26:45,014 [INFO] ThirdParty:1030 - CMSIS Pack Vendor :STMicroelectronics X-CUBE-SMBUS 2.1.0
2024-07-01 10:26:45,014 [INFO] ThirdParty:1030 - CMSIS Pack Vendor :wolfSSL I-CUBE-wolfSSL 5.6.0
2024-07-01 10:26:45,014 [INFO] ThirdParty:1030 - CMSIS Pack Vendor :STMicroelectronics USB_DEVICE 3.0.0
2024-07-01 10:26:45,014 [INFO] ThirdParty:1030 - CMSIS Pack Vendor :STMicroelectronics X-CUBE-TCPP 4.1.0
2024-07-01 10:26:45,014 [INFO] ThirdParty:1030 - CMSIS Pack Vendor :STMicroelectronics X-CUBE-FREERTOS 1.2.0
2024-07-01 10:26:45,014 [INFO] ThirdParty:1030 - CMSIS Pack Vendor :STMicroelectronics X-CUBE-AI 8.0.0
2024-07-01 10:26:45,015 [INFO] ThirdParty:1030 - CMSIS Pack Vendor :STMicroelectronics X-CUBE-AZRTOS-WB 2.0.0
2024-07-01 10:26:45,015 [INFO] ThirdParty:1030 - CMSIS Pack Vendor :STMicroelectronics X-CUBE-FREERTOS 1.0.1
2024-07-01 10:26:45,015 [INFO] ThirdParty:1030 - CMSIS Pack Vendor :STMicroelectronics X-CUBE-TOUCHGFX 4.21.3
2024-07-01 10:26:45,015 [INFO] ThirdParty:1030 - CMSIS Pack Vendor :STMicroelectronics X-CUBE-TOUCHGFX 4.23.2
2024-07-01 10:26:45,015 [INFO] ThirdParty:1030 - CMSIS Pack Vendor :STMicroelectronics X-CUBE-AZRTOS-F7 1.1.0
2024-07-01 10:26:45,015 [INFO] ThirdParty:1030 - CMSIS Pack Vendor :STMicroelectronics X-CUBE-TOUCHGFX 4.21.4
2024-07-01 10:26:45,015 [INFO] ThirdParty:1030 - CMSIS Pack Vendor :STMicroelectronics X-CUBE-AZRTOS-L5 2.0.0
2024-07-01 10:26:45,015 [INFO] ThirdParty:1030 - CMSIS Pack Vendor :STMicroelectronics USB_DEVICE 2.0.0
2024-07-01 10:26:45,016 [INFO] ThirdParty:1030 - CMSIS Pack Vendor :STMicroelectronics X-CUBE-MEMS1 9.6.0
2024-07-01 10:26:45,016 [INFO] ThirdParty:1030 - CMSIS Pack Vendor :STMicroelectronics X-CUBE-NFC6 3.1.0
2024-07-01 10:26:45,016 [INFO] ThirdParty:1030 - CMSIS Pack Vendor :ITTIA_DB I-CUBE-ITTIADB 8.8.0
2024-07-01 10:26:45,016 [INFO] ThirdParty:1030 - CMSIS Pack Vendor :STMicroelectronics FP-SNS-MOTENV1 4.3.0
2024-07-01 10:26:45,016 [INFO] ThirdParty:1030 - CMSIS Pack Vendor :STMicroelectronics FP-SNS-MOTENV1 4.3.2
2024-07-01 10:26:45,016 [INFO] ThirdParty:1030 - CMSIS Pack Vendor :STMicroelectronics FP-SNS-FLIGHT1 5.0.0
2024-07-01 10:26:45,016 [INFO] ThirdParty:1030 - CMSIS Pack Vendor :STMicroelectronics FP-SNS-MOTENV1 4.3.1
2024-07-01 10:26:45,017 [INFO] ThirdParty:1030 - CMSIS Pack Vendor :STMicroelectronics FP-SNS-FLIGHT1 5.0.1
2024-07-01 10:26:45,017 [INFO] ThirdParty:1030 - CMSIS Pack Vendor :STMicroelectronics X-CUBE-ALGOBUILD 1.3.0
2024-07-01 10:26:45,017 [INFO] ThirdParty:1030 - CMSIS Pack Vendor :STMicroelectronics X-CUBE-BLE1 6.2.4
2024-07-01 10:26:45,017 [INFO] ThirdParty:1030 - CMSIS Pack Vendor :STMicroelectronics X-CUBE-AZRTOS-L5 1.1.0
2024-07-01 10:26:45,017 [INFO] ThirdParty:1030 - CMSIS Pack Vendor :STMicroelectronics FreeRTOS 0.0.1
2024-07-01 10:26:45,017 [INFO] ThirdParty:1030 - CMSIS Pack Vendor :STMicroelectronics X-CUBE-AZRTOS-G0 1.1.0
2024-07-01 10:26:45,017 [INFO] ThirdParty:1030 - CMSIS Pack Vendor :emotas I-CUBE-CANOPEN 1.1.3
2024-07-01 10:26:45,017 [INFO] ThirdParty:1030 - CMSIS Pack Vendor :STMicroelectronics X-CUBE-BLEMGR 2.0.0
2024-07-01 10:26:45,018 [INFO] ThirdParty:1030 - CMSIS Pack Vendor :STMicroelectronics X-CUBE-AI 8.0.1
2024-07-01 10:26:45,018 [INFO] ThirdParty:1030 - CMSIS Pack Vendor :STMicroelectronics X-CUBE-SAFEA1 1.2.2
2024-07-01 10:26:45,018 [INFO] ThirdParty:1030 - CMSIS Pack Vendor :STMicroelectronics X-CUBE-NFC4 3.0.0
2024-07-01 10:26:45,018 [INFO] ThirdParty:1030 - CMSIS Pack Vendor :STMicroelectronics X-CUBE-SUBG2 5.0.0
2024-07-01 10:26:45,018 [INFO] ThirdParty:1030 - CMSIS Pack Vendor :STMicroelectronics STM32_WPAN 1.0.0
2024-07-01 10:26:45,018 [INFO] ThirdParty:1030 - CMSIS Pack Vendor :wolfSSL I-CUBE-wolfMQTT 1.18.0
2024-07-01 10:26:45,018 [INFO] ThirdParty:1030 - CMSIS Pack Vendor :STMicroelectronics lwIP 2.0.3
2024-07-01 10:26:45,019 [INFO] ThirdParty:1030 - CMSIS Pack Vendor :STMicroelectronics FP-SNS-FLIGHT1 5.0.2
2024-07-01 10:26:45,019 [INFO] ThirdParty:1030 - CMSIS Pack Vendor :STMicroelectronics USB_HOST 1.0.0
2024-07-01 10:26:45,019 [INFO] ThirdParty:1030 - CMSIS Pack Vendor :STMicroelectronics X-CUBE-TOF1 3.3.1
2024-07-01 10:26:45,019 [INFO] ThirdParty:1030 - CMSIS Pack Vendor :STMicroelectronics X-CUBE-AI 9.0.0
2024-07-01 10:26:45,019 [INFO] ThirdParty:1030 - CMSIS Pack Vendor :STMicroelectronics X-CUBE-AZRTOS-G4 2.0.0
2024-07-01 10:26:45,019 [INFO] ThirdParty:1030 - CMSIS Pack Vendor :STMicroelectronics PDM2PCM 3.1.0
2024-07-01 10:26:45,019 [INFO] ThirdParty:1030 - CMSIS Pack Vendor :STMicroelectronics X-CUBE-AZRTOS-H7 3.1.0
2024-07-01 10:26:45,020 [INFO] ThirdParty:1030 - CMSIS Pack Vendor :STMicroelectronics X-CUBE-TOF1 3.3.0
2024-07-01 10:26:45,020 [INFO] ThirdParty:1030 - CMSIS Pack Vendor :STMicroelectronics PDM2PCM 3.3.0
2024-07-01 10:26:45,021 [INFO] ThirdParty:1030 - CMSIS Pack Vendor :STMicroelectronics X-CUBE-DISPLAY 3.0.0
2024-07-01 10:26:45,021 [INFO] ThirdParty:1030 - CMSIS Pack Vendor :STMicroelectronics X-CUBE-BLE1 7.0.0
2024-07-01 10:26:45,021 [INFO] ThirdParty:1030 - CMSIS Pack Vendor :STMicroelectronics FP-ATR-SIGFOX1 3.2.0
2024-07-01 10:26:45,021 [INFO] ThirdParty:1030 - CMSIS Pack Vendor :STMicroelectronics X-CUBE-AZRTOS-L4 1.0.0
2024-07-01 10:26:45,021 [INFO] ThirdParty:1030 - CMSIS Pack Vendor :STMicroelectronics X-CUBE-ISPU 2.0.0
2024-07-01 10:26:45,021 [INFO] ThirdParty:1030 - CMSIS Pack Vendor :STMicroelectronics X-CUBE-EEPRMA1 5.1.0
2024-07-01 10:26:45,021 [INFO] ThirdParty:1030 - CMSIS Pack Vendor :STMicroelectronics HAL Drivers 0.0.0
2024-07-01 10:26:45,022 [INFO] ThirdParty:1030 - CMSIS Pack Vendor :STMicroelectronics MBEDTLS 2.16.2
2024-07-01 10:26:45,022 [INFO] ThirdParty:1030 - CMSIS Pack Vendor :STMicroelectronics X-CUBE-ALS 1.0.2
2024-07-01 10:26:45,022 [INFO] ThirdParty:1030 - CMSIS Pack Vendor :STMicroelectronics X-CUBE-MEMS1 10.0.0
2024-07-01 10:26:45,022 [INFO] ThirdParty:1030 - CMSIS Pack Vendor :STMicroelectronics X-CUBE-FREERTOS 1.1.0
2024-07-01 10:26:45,023 [INFO] ThirdParty:1030 - CMSIS Pack Vendor :STMicroelectronics X-CUBE-TOUCHGFX 4.22.0
2024-07-01 10:26:45,023 [INFO] ThirdParty:1030 - CMSIS Pack Vendor :STMicroelectronics X-CUBE-NFC7 1.0.1
2024-07-01 10:26:45,023 [INFO] ThirdParty:1030 - CMSIS Pack Vendor :STMicroelectronics MBEDTLS 2.14.1
2024-07-01 10:26:45,023 [INFO] ThirdParty:1030 - CMSIS Pack Vendor :STMicroelectronics X-CUBE-NFC7 1.0.0
2024-07-01 10:26:45,023 [INFO] ThirdParty:1030 - CMSIS Pack Vendor :STMicroelectronics X-CUBE-TOUCHGFX 4.24.0
2024-07-01 10:26:45,023 [INFO] ThirdParty:1030 - CMSIS Pack Vendor :STMicroelectronics X-CUBE-TOUCHGFX 4.22.1
2024-07-01 10:26:45,026 [INFO] ThirdParty:1030 - CMSIS Pack Vendor :STMicroelectronics X-CUBE-AZRTOS-WL 1.0.0
2024-07-01 10:26:45,027 [INFO] ThirdParty:1030 - CMSIS Pack Vendor :STMicroelectronics X-CUBE-NFC6 3.0.0
2024-07-01 10:26:45,027 [INFO] ThirdParty:1030 - CMSIS Pack Vendor :STMicroelectronics X-CUBE-EEPRMA1 4.1.0
2024-07-01 10:26:45,027 [INFO] ThirdParty:1030 - CMSIS Pack Vendor :portGmbH I-Cube-SoM-uGOAL 1.1.0
2024-07-01 10:26:45,027 [INFO] ThirdParty:1030 - CMSIS Pack Vendor :STMicroelectronics X-CUBE-ALS 1.0.1
2024-07-01 10:26:45,027 [INFO] ThirdParty:1030 - CMSIS Pack Vendor :STMicroelectronics X-CUBE-BLEMGR 3.1.0
2024-07-01 10:26:45,028 [INFO] ThirdParty:1030 - CMSIS Pack Vendor :STMicroelectronics ThreadX 1.0.0
2024-07-01 10:26:45,028 [INFO] ThirdParty:1030 - CMSIS Pack Vendor :STMicroelectronics FP-SNS-SMARTAG2 1.2.0
2024-07-01 10:26:45,028 [INFO] ThirdParty:1030 - CMSIS Pack Vendor :STMicroelectronics X-CUBE-AZRTOS-WB 1.1.0
2024-07-01 10:26:45,028 [INFO] ThirdParty:1030 - CMSIS Pack Vendor :STMicroelectronics X-CUBE-AZRTOS-WL 2.0.0
2024-07-01 10:26:45,028 [INFO] ThirdParty:1030 - CMSIS Pack Vendor :SEGGER I-CUBE-embOS 1.3.1
2024-07-01 10:26:45,028 [INFO] ThirdParty:1030 - CMSIS Pack Vendor :STMicroelectronics X-CUBE-ALGOBUILD 1.4.0
2024-07-01 10:26:45,029 [INFO] ThirdParty:1030 - CMSIS Pack Vendor :STMicroelectronics FP-SNS-MOTENV1 5.0.0
2024-07-01 10:26:45,029 [INFO] ThirdParty:1030 - CMSIS Pack Vendor :STMicroelectronics USB_DEVICE 1.0.0
2024-07-01 10:26:45,029 [INFO] ThirdParty:1030 - CMSIS Pack Vendor :STMicroelectronics X-CUBE-AI 8.1.0
2024-07-01 10:26:45,029 [INFO] ThirdParty:1030 - CMSIS Pack Vendor :STMicroelectronics X-CUBE-AZRTOS-H7RS 1.0.0
2024-07-01 10:26:45,029 [INFO] ThirdParty:1030 - CMSIS Pack Vendor :wolfSSL I-CUBE-wolfMQTT 1.19.0
2024-07-01 10:26:45,029 [INFO] ThirdParty:1030 - CMSIS Pack Vendor :STMicroelectronics X-CUBE-AZRTOS-L4 2.0.0
2024-07-01 10:26:45,029 [INFO] ThirdParty:1030 - CMSIS Pack Vendor :STMicroelectronics ThreadX 0.0.2
2024-07-01 10:26:45,030 [INFO] ThirdParty:1030 - CMSIS Pack Vendor :WES I-CUBE-Cesium 1.3.0
2024-07-01 10:26:45,030 [INFO] ThirdParty:1030 - CMSIS Pack Vendor :STMicroelectronics FP-ATR-ASTRA1 2.0.0
2024-07-01 10:26:45,030 [INFO] ThirdParty:1030 - CMSIS Pack Vendor :STMicroelectronics lwIP 2.1.2
2024-07-01 10:26:45,030 [INFO] ThirdParty:1030 - CMSIS Pack Vendor :STMicroelectronics X-CUBE-SFXS2LP1 4.0.0
2024-07-01 10:26:45,030 [INFO] ThirdParty:1030 - CMSIS Pack Vendor :STMicroelectronics X-CUBE-BLE2 3.3.0
2024-07-01 10:26:45,030 [INFO] ThirdParty:1030 - CMSIS Pack Vendor :STMicroelectronics X-CUBE-TOF1 3.4.1
2024-07-01 10:26:45,030 [INFO] ThirdParty:1030 - CMSIS Pack Vendor :STMicroelectronics X-CUBE-AZRTOS-H7 3.2.0
2024-07-01 10:26:45,031 [INFO] ThirdParty:1030 - CMSIS Pack Vendor :Infineon AIROC-Wi-Fi-Bluetooth-STM32 1.6.0
2024-07-01 10:26:45,031 [INFO] ThirdParty:1030 - CMSIS Pack Vendor :STMicroelectronics PDM2PCM 3.2.0
2024-07-01 10:26:45,031 [INFO] ThirdParty:841 - exiting critical section [change project]
2024-07-01 10:26:46,246 [INFO] PinOutPanel:1499 - setPackage(No Configuration,No Configuration)
2024-07-01 10:26:46,249 [INFO] PinOutPanel:1499 - setPackage(STM32L053C8Tx,LQFP48)
2024-07-01 10:26:47,579 [INFO] UtilMem:75 - Before build in PCC Used Memory: 381681664 Bytes (520093696)
2024-07-01 10:26:49,429 [INFO] UtilMem:75 - After build in PCC Used Memory: 435115944 Bytes (520093696)
2024-07-01 10:26:49,557 [INFO] ApiDbMcu:507 - Load IP Config File for USB_DEVICE
2024-07-01 10:26:49,727 [INFO] IPUIPlugin:80 - create IPUIPlugin
2024-07-01 10:26:49,727 [INFO] IPUIPlugin:80 - create IPUIPlugin
2024-07-01 10:26:49,727 [INFO] IPUIPlugin:80 - create IPUIPlugin
2024-07-01 10:26:49,728 [INFO] IPUIPlugin:80 - create IPUIPlugin
2024-07-01 10:26:49,728 [INFO] IPUIPlugin:80 - create IPUIPlugin
2024-07-01 10:26:49,728 [INFO] IPUIPlugin:80 - create IPUIPlugin
2024-07-01 10:26:49,729 [INFO] IPUIPlugin:80 - create IPUIPlugin
2024-07-01 10:26:49,729 [INFO] IPUIPlugin:80 - create IPUIPlugin
2024-07-01 10:26:49,729 [INFO] IPUIPlugin:80 - create IPUIPlugin
2024-07-01 10:26:49,729 [INFO] IPUIPlugin:80 - create IPUIPlugin
2024-07-01 10:26:49,730 [INFO] IPUIPlugin:80 - create IPUIPlugin
2024-07-01 10:26:49,730 [INFO] IPUIPlugin:80 - create IPUIPlugin
2024-07-01 10:26:49,730 [INFO] IPUIPlugin:80 - create IPUIPlugin
2024-07-01 10:26:49,731 [INFO] IPUIPlugin:80 - create IPUIPlugin
2024-07-01 10:26:49,731 [INFO] IPUIPlugin:80 - create IPUIPlugin
2024-07-01 10:26:49,731 [INFO] IPUIPlugin:80 - create IPUIPlugin
2024-07-01 10:26:49,731 [INFO] IPUIPlugin:80 - create IPUIPlugin
2024-07-01 10:26:49,732 [INFO] IPUIPlugin:80 - create IPUIPlugin
2024-07-01 10:26:49,732 [INFO] IPUIPlugin:80 - create IPUIPlugin
2024-07-01 10:26:49,733 [INFO] IPUIPlugin:80 - create IPUIPlugin
2024-07-01 10:26:49,733 [INFO] IPUIPlugin:80 - create IPUIPlugin
2024-07-01 10:26:49,734 [INFO] IPUIPlugin:80 - create IPUIPlugin
2024-07-01 10:26:49,734 [INFO] IPUIPlugin:80 - create IPUIPlugin
2024-07-01 10:26:49,734 [INFO] IPUIPlugin:80 - create IPUIPlugin
2024-07-01 10:26:49,735 [INFO] IPUIPlugin:80 - create IPUIPlugin
2024-07-01 10:26:49,735 [INFO] IPUIPlugin:80 - create IPUIPlugin
2024-07-01 10:26:49,735 [INFO] IPUIPlugin:80 - create IPUIPlugin
2024-07-01 10:26:49,735 [INFO] IPUIPlugin:80 - create IPUIPlugin
2024-07-01 10:26:49,736 [INFO] IPUIPlugin:80 - create IPUIPlugin
2024-07-01 10:26:49,736 [INFO] IPUIPlugin:80 - create IPUIPlugin
2024-07-01 10:26:49,736 [INFO] IPUIPlugin:80 - create IPUIPlugin
2024-07-01 10:26:49,737 [INFO] IPUIPlugin:80 - create IPUIPlugin
2024-07-01 10:26:49,737 [INFO] IPUIPlugin:80 - create IPUIPlugin
2024-07-01 10:26:49,738 [INFO] IPUIPlugin:80 - create IPUIPlugin
2024-07-01 10:26:50,208 [INFO] CADModel:165 - CPN selected for project levelSTM32L053C8T6
2024-07-01 10:26:50,208 [INFO] CADModel:114 - Register for checkConnection events
2024-07-01 10:26:50,282 [INFO] OpenFileManager:328 - Restore cursor
