2024-06-12 11:39:30,219 [INFO] Activator:176 - 


2024-06-12 11:39:30,223 [INFO] Activator:177 - !SESSION log4j initialized
2024-06-12 11:39:33,654 [INFO] LogOutputStream:77 - [STDOUT_REDIRECT] 
2024-06-12 11:39:55,365 [ERROR] LogOutputStream:75 - [STDERR_REDIRECT] SLF4J: Failed to load class "org.slf4j.impl.StaticLoggerBinder".
2024-06-12 11:39:55,368 [ERROR] LogOutputStream:75 - [STDERR_REDIRECT] SLF4J: Defaulting to no-operation (NOP) logger implementation
2024-06-12 11:39:55,369 [ERROR] LogOutputStream:75 - [STDERR_REDIRECT] SLF4J: See http://www.slf4j.org/codes.html#StaticLoggerBinder for further details.
2024-06-12 12:17:35,001 [INFO] ApplicationProperties:184 - Using Application install path: /opt/st/stm32cubeide_1.12.1/plugins/com.st.stm32cube.common.mx_6.8.1.202304191431
2024-06-12 12:17:35,045 [INFO] DbMcusXml:78 - Set database path to: /opt/st/stm32cubeide_1.12.1/plugins/com.st.stm32cube.common.mx_6.8.1.202304191431//db//mcu/
2024-06-12 12:17:35,046 [INFO] ApiDb:274 - Set plugin database path to: /opt/st/stm32cubeide_1.12.1/plugins/com.st.stm32cube.common.mx_6.8.1.202304191431//db//plugins/boardmanager/
2024-06-12 12:17:35,051 [WARN] ApiDb:259 - Overriding images path with different value:  => /opt/st/stm32cubeide_1.12.1/plugins/com.st.stm32cube.common.mx_6.8.1.202304191431//db//plugins/mcufinder/images/
2024-06-12 12:17:35,079 [INFO] ApiDb:250 - Set database path to: /home/dnk066/.stmcufinder/plugins/mcufinder//mcu/
2024-06-12 12:17:35,081 [INFO] DbMcusAds:125 - Set database path to: /home/dnk066/.stmcufinder/plugins/mcufinder//mcu/
2024-06-12 12:17:35,514 [INFO] CrossReferenceDbSqlite:203 - Set database path to: /home/dnk066/.stmcufinder/plugins/mcufinder//mcu/cs/
2024-06-12 12:17:35,720 [INFO] RulesReader:64 - Compatibility file has been processed (293 Rules)
2024-06-12 12:17:35,854 [INFO] DbMcusXml:78 - Set database path to: /opt/st/stm32cubeide_1.12.1/plugins/com.st.stm32cube.common.mx_6.8.1.202304191431//db//mcu/
2024-06-12 12:17:35,855 [INFO] ApiDb:274 - Set plugin database path to: /opt/st/stm32cubeide_1.12.1/plugins/com.st.stm32cube.common.mx_6.8.1.202304191431//db//plugins/boardmanager/
2024-06-12 12:17:35,855 [INFO] ApiDb:261 - Set plugin images path to: /opt/st/stm32cubeide_1.12.1/plugins/com.st.stm32cube.common.mx_6.8.1.202304191431//db//plugins/mcufinder/images/
2024-06-12 12:17:35,856 [WARN] DbFile:41 - Overriding database path with different value: /home/dnk066/.stmcufinder/plugins/mcufinder/ => /home/dnk066/.stmcufinder/plugins/mcufinder
2024-06-12 12:17:35,856 [INFO] ApiDb:250 - Set database path to: /home/dnk066/.stmcufinder/plugins/mcufinder//mcu/
2024-06-12 12:17:35,856 [WARN] DbFile:41 - Overriding database path with different value: /home/dnk066/.stmcufinder/plugins/mcufinder/ => /home/dnk066/.stmcufinder/plugins/mcufinder
2024-06-12 12:17:35,856 [INFO] DbMcusAds:125 - Set database path to: /home/dnk066/.stmcufinder/plugins/mcufinder//mcu/
2024-06-12 12:17:35,856 [WARN] DbFile:41 - Overriding database path with different value: /home/dnk066/.stmcufinder/plugins/mcufinder/ => /home/dnk066/.stmcufinder/plugins/mcufinder
2024-06-12 12:17:35,857 [WARN] DbFile:41 - Overriding database path with different value: /home/dnk066/.stmcufinder/plugins/mcufinder/ => /home/dnk066/.stmcufinder/plugins/mcufinder
2024-06-12 12:17:35,857 [INFO] CrossReferenceDbSqlite:203 - Set database path to: /home/dnk066/.stmcufinder/plugins/mcufinder//mcu/cs/
2024-06-12 12:17:36,149 [INFO] MainPanel:253 - HeapMemory: 683671552
2024-06-12 12:17:36,547 [INFO] DbMcusXml:78 - Set database path to: /opt/st/stm32cubeide_1.12.1/plugins/com.st.stm32cube.common.mx_6.8.1.202304191431//db//mcu/
2024-06-12 12:17:36,547 [INFO] ApiDb:274 - Set plugin database path to: /opt/st/stm32cubeide_1.12.1/plugins/com.st.stm32cube.common.mx_6.8.1.202304191431//db//plugins/boardmanager/
2024-06-12 12:17:36,547 [INFO] ApiDb:261 - Set plugin images path to: /opt/st/stm32cubeide_1.12.1/plugins/com.st.stm32cube.common.mx_6.8.1.202304191431//db//plugins/mcufinder/images/
2024-06-12 12:17:36,549 [WARN] DbFile:41 - Overriding database path with different value: /home/dnk066/.stmcufinder/plugins/mcufinder/ => /home/dnk066/.stmcufinder/plugins/mcufinder
2024-06-12 12:17:36,550 [INFO] ApiDb:250 - Set database path to: /home/dnk066/.stmcufinder/plugins/mcufinder//mcu/
2024-06-12 12:17:36,550 [WARN] DbFile:41 - Overriding database path with different value: /home/dnk066/.stmcufinder/plugins/mcufinder/ => /home/dnk066/.stmcufinder/plugins/mcufinder
2024-06-12 12:17:36,550 [INFO] DbMcusAds:125 - Set database path to: /home/dnk066/.stmcufinder/plugins/mcufinder//mcu/
2024-06-12 12:17:36,550 [WARN] DbFile:41 - Overriding database path with different value: /home/dnk066/.stmcufinder/plugins/mcufinder/ => /home/dnk066/.stmcufinder/plugins/mcufinder
2024-06-12 12:17:36,550 [WARN] DbFile:41 - Overriding database path with different value: /home/dnk066/.stmcufinder/plugins/mcufinder/ => /home/dnk066/.stmcufinder/plugins/mcufinder
2024-06-12 12:17:36,551 [INFO] CrossReferenceDbSqlite:203 - Set database path to: /home/dnk066/.stmcufinder/plugins/mcufinder//mcu/cs/
2024-06-12 12:17:36,651 [INFO] ApplicationProperties:184 - Using Application install path: /opt/st/stm32cubeide_1.12.1/plugins/com.st.stm32cube.common.mx_6.8.1.202304191431
2024-06-12 12:17:36,657 [INFO] PluginManage:196 - Search for loadable plugins [exclusion list=, ]
2024-06-12 12:17:36,664 [INFO] PluginManage:310 - Check plugin analytics
2024-06-12 12:17:37,053 [INFO] AnalyticsPlugin:253 - Accepted Software Licenses: 
2024-06-12 12:17:37,053 [INFO] AnalyticsPlugin:255 - Accepted CMSIS Pack Licenses: 
2024-06-12 12:17:37,054 [INFO] AnalyticsPlugin:257 - Accepted Firmware Licenses: FW.WL.1.3.0
2024-06-12 12:17:37,062 [INFO] PluginManage:359 - Loaded plugin analytics (category:tool,tabindex:-1)
2024-06-12 12:17:37,064 [INFO] PluginManage:310 - Check plugin cadmodel
2024-06-12 12:17:37,186 [INFO] CADModel:105 - Init CAD model plugin
2024-06-12 12:17:37,187 [INFO] PluginManage:359 - Loaded plugin cadmodel (category:power,tabindex:5)
2024-06-12 12:17:37,187 [INFO] PluginManage:310 - Check plugin clock
2024-06-12 12:17:37,210 [INFO] PluginManage:359 - Loaded plugin clock (category:base,tabindex:2)
2024-06-12 12:17:37,211 [INFO] PluginManage:310 - Check plugin ddr
2024-06-12 12:17:37,219 [INFO] PluginManage:359 - Loaded plugin ddr (category:tool,tabindex:6)
2024-06-12 12:17:37,219 [INFO] PluginManage:310 - Check plugin filemanager
2024-06-12 12:17:37,553 [INFO] PluginManage:359 - Loaded plugin filemanager (category:base,tabindex:10)
2024-06-12 12:17:37,554 [INFO] PluginManage:310 - Check plugin ipmanager
2024-06-12 12:17:37,565 [INFO] PluginManage:359 - Loaded plugin ipmanager (category:base,tabindex:5)
2024-06-12 12:17:37,566 [INFO] PluginManage:310 - Check plugin lpbam
2024-06-12 12:17:37,584 [INFO] PluginManage:359 - Loaded plugin lpbam (category:base,tabindex:0)
2024-06-12 12:17:37,584 [INFO] PluginManage:310 - Check plugin pinoutandconfiguration
2024-06-12 12:17:37,603 [INFO] PluginManage:359 - Loaded plugin pinoutandconfiguration (category:base,tabindex:1)
2024-06-12 12:17:37,604 [INFO] PluginManage:310 - Check plugin pinoutconfig
2024-06-12 12:17:37,787 [WARN] SupportedApi:132 - Cannot load RTOS API schema: s4s-elt-must-match.1: The content of 'definitions' must match (annotation?, (simpleType | complexType)?, (unique | key | keyref)*)). A problem was found starting at: attribute.
2024-06-12 12:17:38,091 [INFO] PluginManage:359 - Loaded plugin pinoutconfig (category:base,tabindex:0)
2024-06-12 12:17:38,091 [INFO] PluginManage:310 - Check plugin power
2024-06-12 12:17:38,116 [INFO] PluginManage:359 - Loaded plugin power (category:power,tabindex:4)
2024-06-12 12:17:38,116 [INFO] PluginManage:310 - Check plugin projectmanager
2024-06-12 12:17:38,157 [INFO] PluginManage:359 - Loaded plugin projectmanager (category:projectmanager,tabindex:3)
2024-06-12 12:17:38,158 [INFO] PluginManage:310 - Check plugin thirdparty
2024-06-12 12:17:38,364 [WARN] IntegrityCheckThread:84 - waiting for thirdparty lock release [integrity check]
2024-06-12 12:17:38,365 [INFO] IntegrityCheckThread:86 - entering critical section [integrity check]
2024-06-12 12:17:38,365 [INFO] PluginManage:359 - Loaded plugin thirdparty (category:base,tabindex:-1)
2024-06-12 12:17:38,367 [INFO] PluginManage:310 - Check plugin tools
2024-06-12 12:17:38,369 [INFO] ThirdPartyUpdaterWithRetryManager:70 - Updater plugin not ready yet. [1/15]
2024-06-12 12:17:38,370 [INFO] PluginManage:359 - Loaded plugin tools (category:base,tabindex:7)
2024-06-12 12:17:38,371 [INFO] PluginManage:310 - Check plugin tutovideos
2024-06-12 12:17:38,693 [INFO] PluginManage:359 - Loaded plugin tutovideos (category:base,tabindex:-1)
2024-06-12 12:17:38,693 [INFO] PluginManage:310 - Check plugin updater
2024-06-12 12:17:38,723 [INFO] PluginManage:359 - Loaded plugin updater (category:base,tabindex:12)
2024-06-12 12:17:38,724 [INFO] PluginManage:283 - PluginManage : Loaded plugins [15]
2024-06-12 12:17:39,272 [INFO] PinOutPanel:1499 - setPackage(No Configuration,No Configuration)
2024-06-12 12:17:39,406 [INFO] CADModel:165 - CPN selected for project level
2024-06-12 12:17:39,406 [INFO] CADModel:114 - Register for checkConnection events
2024-06-12 12:17:39,434 [INFO] IPUIPlugin:80 - create IPUIPlugin
2024-06-12 12:17:39,434 [INFO] PluginManager:220 - loadIPPluginJar : add lorawan
2024-06-12 12:17:39,448 [INFO] IPUIPlugin:80 - create IPUIPlugin
2024-06-12 12:17:39,449 [INFO] PluginManager:220 - loadIPPluginJar : add mdma
2024-06-12 12:17:39,455 [INFO] IPUIPlugin:80 - create IPUIPlugin
2024-06-12 12:17:39,455 [INFO] PluginManager:220 - loadIPPluginJar : add usart
2024-06-12 12:17:39,459 [INFO] IPUIPlugin:80 - create IPUIPlugin
2024-06-12 12:17:39,459 [INFO] PluginManager:220 - loadIPPluginJar : add i2s
2024-06-12 12:17:39,462 [INFO] IPUIPlugin:80 - create IPUIPlugin
2024-06-12 12:17:39,462 [INFO] PluginManager:220 - loadIPPluginJar : add tim
2024-06-12 12:17:39,468 [INFO] IPUIPlugin:80 - create IPUIPlugin
2024-06-12 12:17:39,469 [INFO] PluginManager:220 - loadIPPluginJar : add gtzc
2024-06-12 12:17:39,481 [INFO] IPUIPlugin:80 - create IPUIPlugin
2024-06-12 12:17:39,481 [INFO] PluginManager:220 - loadIPPluginJar : add dma
2024-06-12 12:17:39,485 [INFO] IPUIPlugin:80 - create IPUIPlugin
2024-06-12 12:17:39,485 [INFO] PluginManager:220 - loadIPPluginJar : add gfxmmu
2024-06-12 12:17:39,492 [INFO] IPUIPlugin:80 - create IPUIPlugin
2024-06-12 12:17:39,492 [INFO] PluginManager:220 - loadIPPluginJar : add nvic
2024-06-12 12:17:39,495 [INFO] IPUIPlugin:80 - create IPUIPlugin
2024-06-12 12:17:39,495 [INFO] PluginManager:220 - loadIPPluginJar : add hash
2024-06-12 12:17:39,498 [INFO] IPUIPlugin:80 - create IPUIPlugin
2024-06-12 12:17:39,498 [INFO] PluginManager:220 - loadIPPluginJar : add tracer_emb
2024-06-12 12:17:39,503 [INFO] IPUIPlugin:80 - create IPUIPlugin
2024-06-12 12:17:39,503 [INFO] PluginManager:220 - loadIPPluginJar : add i2c
2024-06-12 12:17:39,510 [INFO] IPUIPlugin:80 - create IPUIPlugin
2024-06-12 12:17:39,510 [INFO] PluginManager:220 - loadIPPluginJar : add gpio
2024-06-12 12:17:39,515 [INFO] IPUIPlugin:80 - create IPUIPlugin
2024-06-12 12:17:39,515 [INFO] PluginManager:220 - loadIPPluginJar : add touchsensing
2024-06-12 12:17:39,524 [INFO] IPUIPlugin:80 - create IPUIPlugin
2024-06-12 12:17:39,524 [INFO] PluginManager:220 - loadIPPluginJar : add freertos
2024-06-12 12:17:39,526 [INFO] IPUIPlugin:80 - create IPUIPlugin
2024-06-12 12:17:39,526 [INFO] PluginManager:220 - loadIPPluginJar : add comp
2024-06-12 12:17:39,530 [INFO] IPUIPlugin:80 - create IPUIPlugin
2024-06-12 12:17:39,530 [INFO] PluginManager:220 - loadIPPluginJar : add cryp
2024-06-12 12:17:39,535 [INFO] IPUIPlugin:80 - create IPUIPlugin
2024-06-12 12:17:39,535 [INFO] PluginManager:220 - loadIPPluginJar : add ipddr
2024-06-12 12:17:39,546 [INFO] IPUIPlugin:80 - create IPUIPlugin
2024-06-12 12:17:39,546 [INFO] PluginManager:220 - loadIPPluginJar : add stm32_wpan
2024-06-12 12:17:39,548 [INFO] IPUIPlugin:80 - create IPUIPlugin
2024-06-12 12:17:39,548 [INFO] PluginManager:220 - loadIPPluginJar : add quadspi
2024-06-12 12:17:39,560 [INFO] IPUIPlugin:80 - create IPUIPlugin
2024-06-12 12:17:39,561 [INFO] PluginManager:220 - loadIPPluginJar : add adc
2024-06-12 12:17:39,563 [INFO] IPUIPlugin:80 - create IPUIPlugin
2024-06-12 12:17:39,563 [INFO] PluginManager:220 - loadIPPluginJar : add fatfs
2024-06-12 12:17:39,566 [INFO] IPUIPlugin:80 - create IPUIPlugin
2024-06-12 12:17:39,566 [INFO] PluginManager:220 - loadIPPluginJar : add ts
2024-06-12 12:17:39,577 [INFO] IPUIPlugin:80 - create IPUIPlugin
2024-06-12 12:17:39,577 [INFO] PluginManager:220 - loadIPPluginJar : add gic
2024-06-12 12:17:39,582 [INFO] IPUIPlugin:80 - create IPUIPlugin
2024-06-12 12:17:39,582 [INFO] PluginManager:220 - loadIPPluginJar : add genericplugin
2024-06-12 12:17:39,588 [INFO] IPUIPlugin:80 - create IPUIPlugin
2024-06-12 12:17:39,588 [INFO] PluginManager:220 - loadIPPluginJar : add usbx
2024-06-12 12:17:39,593 [INFO] IPUIPlugin:80 - create IPUIPlugin
2024-06-12 12:17:39,594 [INFO] PluginManager:220 - loadIPPluginJar : add pdm2pcm
2024-06-12 12:17:39,598 [INFO] IPUIPlugin:80 - create IPUIPlugin
2024-06-12 12:17:39,599 [INFO] PluginManager:220 - loadIPPluginJar : add dma3
2024-06-12 12:17:39,608 [INFO] IPUIPlugin:80 - create IPUIPlugin
2024-06-12 12:17:39,608 [INFO] PluginManager:220 - loadIPPluginJar : add fmc
2024-06-12 12:17:39,613 [INFO] IPUIPlugin:80 - create IPUIPlugin
2024-06-12 12:17:39,613 [INFO] PluginManager:220 - loadIPPluginJar : add dfsdm
2024-06-12 12:17:39,625 [INFO] IPUIPlugin:80 - create IPUIPlugin
2024-06-12 12:17:39,631 [INFO] PluginManager:220 - loadIPPluginJar : add plateformsettings
2024-06-12 12:17:39,636 [INFO] IPUIPlugin:80 - create IPUIPlugin
2024-06-12 12:17:39,636 [INFO] PluginManager:220 - loadIPPluginJar : add spi
2024-06-12 12:17:39,641 [INFO] IPUIPlugin:80 - create IPUIPlugin
2024-06-12 12:17:39,641 [INFO] PluginManager:220 - loadIPPluginJar : add i3c
2024-06-12 12:17:39,646 [INFO] IPUIPlugin:80 - create IPUIPlugin
2024-06-12 12:17:39,646 [INFO] PluginManager:220 - loadIPPluginJar : add aes
2024-06-12 12:17:39,652 [INFO] IPUIPlugin:80 - create IPUIPlugin
2024-06-12 12:17:39,652 [INFO] PluginManager:220 - loadIPPluginJar : add resmgrutility
2024-06-12 12:17:39,658 [INFO] IPUIPlugin:80 - create IPUIPlugin
2024-06-12 12:17:39,658 [INFO] PluginManager:220 - loadIPPluginJar : add openamp
2024-06-12 12:17:39,662 [INFO] IPUIPlugin:80 - create IPUIPlugin
2024-06-12 12:17:39,664 [INFO] PluginManager:220 - loadIPPluginJar : add ltdc
2024-06-12 12:17:39,673 [INFO] IPUIPlugin:80 - create IPUIPlugin
2024-06-12 12:17:39,674 [INFO] PluginManager:220 - loadIPPluginJar : add sai
2024-06-12 12:17:39,681 [INFO] IPUIPlugin:80 - create IPUIPlugin
2024-06-12 12:17:39,681 [INFO] PluginManager:220 - loadIPPluginJar : add opamp
2024-06-12 12:17:39,687 [INFO] IPUIPlugin:80 - create IPUIPlugin
2024-06-12 12:17:39,688 [INFO] PluginManager:220 - loadIPPluginJar : add tsc
2024-06-12 12:17:39,692 [INFO] IPUIPlugin:80 - create IPUIPlugin
2024-06-12 12:17:39,693 [INFO] PluginManager:220 - loadIPPluginJar : add ucpd
2024-06-12 12:17:39,702 [INFO] IPUIPlugin:80 - create IPUIPlugin
2024-06-12 12:17:39,702 [INFO] PluginManager:220 - loadIPPluginJar : add can
2024-06-12 12:17:39,745 [INFO] IPUIPlugin:80 - create IPUIPlugin
2024-06-12 12:17:39,746 [INFO] PluginManager:220 - loadIPPluginJar : add linkedlist
2024-06-12 12:17:40,010 [INFO] CADModel:165 - CPN selected for project level
2024-06-12 12:17:40,011 [INFO] CADModel:114 - Register for checkConnection events
2024-06-12 12:17:40,012 [FATAL] Updater:308 - Updater called before beeing initialized
2024-06-12 12:17:40,013 [ERROR] CADModel:125 - Updater not yet initialized, retry later 
2024-06-12 12:17:40,379 [INFO] CADModel:165 - CPN selected for project level
2024-06-12 12:17:40,380 [INFO] CADModel:114 - Register for checkConnection events
2024-06-12 12:17:40,380 [FATAL] Updater:308 - Updater called before beeing initialized
2024-06-12 12:17:40,380 [ERROR] CADModel:125 - Updater not yet initialized, retry later 
2024-06-12 12:17:40,386 [FATAL] Updater:308 - Updater called before beeing initialized
2024-06-12 12:17:40,596 [FATAL] Updater:308 - Updater called before beeing initialized
2024-06-12 12:17:40,607 [INFO] DbMcusAds:53 - JSON generation date=Thu May 16 14:52:00 IST 2024 (1715851320667)
2024-06-12 12:17:40,607 [FATAL] Updater:308 - Updater called before beeing initialized
2024-06-12 12:17:40,676 [WARN] DetailPanel:346 - Failed to get advertising image, set to default
2024-06-12 12:17:40,835 [FATAL] Updater:308 - Updater called before beeing initialized
2024-06-12 12:17:40,838 [FATAL] Updater:308 - Updater called before beeing initialized
2024-06-12 12:17:40,839 [FATAL] Updater:308 - Updater called before beeing initialized
2024-06-12 12:17:40,839 [WARN] DetailPanel:346 - Failed to get advertising image, set to default
2024-06-12 12:17:40,841 [FATAL] Updater:308 - Updater called before beeing initialized
2024-06-12 12:17:40,910 [ERROR] Updater:1120 - MainUpdater not yet initialized. External WinMGr cannot be set.
2024-06-12 12:17:40,914 [INFO] Updater:1056 - Updater Version found : 6.8.1
2024-06-12 12:17:40,957 [INFO] ApplicationProperties:184 - Using Application install path: /opt/st/stm32cubeide_1.12.1/plugins/com.st.stm32cube.common.mx_6.8.1.202304191431
2024-06-12 12:17:41,370 [INFO] ThirdPartyUpdaterWithRetryManager:70 - Updater plugin not ready yet. [2/15]
2024-06-12 12:17:44,371 [FATAL] Updater:308 - Updater called before beeing initialized
2024-06-12 12:17:44,372 [ERROR] IntegrityCheckThread:130 - Cannot retrieve database content from updater: error 21
2024-06-12 12:17:44,372 [INFO] ThirdParty:978 - Integrity check success = false
2024-06-12 12:17:44,373 [INFO] IntegrityCheckThread:100 - exiting critical section [integrity check]
2024-06-12 12:17:44,373 [INFO] IntegrityCheckThread:103 - End integrity checks thread
2024-06-12 12:17:47,610 [INFO] MainUpdater:2854 - connection check result : 10
2024-06-12 12:17:47,612 [INFO] MainUpdater:283 - Updater Check For Update Now.
2024-06-12 12:17:47,613 [INFO] MicroXplorer:498 - Change Database Version : DB.6.0.81
2024-06-12 12:17:47,817 [INFO] CheckServerUpdateThread:120 - End of CheckServer Thread
2024-06-12 12:17:47,826 [INFO] MainUpdater:2854 - connection check result : 10
2024-06-12 12:17:47,827 [INFO] MainUpdater:2854 - connection check result : 10
2024-06-12 12:17:47,897 [INFO] MicroXplorer:468 - Change Database Path : 
2024-06-12 12:17:47,897 [INFO] MicroXplorer:498 - Change Database Version : DB.6.0.81
2024-06-12 12:17:47,898 [WARN] ThirdParty:871 - waiting for thirdparty lock release [close project]
2024-06-12 12:17:47,898 [INFO] ThirdParty:873 - entering critical section [close project]
2024-06-12 12:17:47,900 [INFO] ThirdParty:883 - exiting critical section [close project]
2024-06-12 12:17:47,905 [INFO] PinOutPanel:1499 - setPackage(No Configuration,No Configuration)
2024-06-12 12:17:47,917 [INFO] UtilMem:75 - Begin LoadConfig() Used Memory: 511638624 Bytes (683671552)
2024-06-12 12:17:47,919 [INFO] MicroXplorer:468 - Change Database Path : 
2024-06-12 12:17:47,920 [INFO] MicroXplorer:498 - Change Database Version : DB.6.0.81
2024-06-12 12:17:47,920 [INFO] OpenFileManager:308 - Change cursor
2024-06-12 12:17:47,939 [WARN] IntegrityCheckThread:84 - waiting for thirdparty lock release [integrity check]
2024-06-12 12:17:47,939 [INFO] IntegrityCheckThread:86 - entering critical section [integrity check]
2024-06-12 12:17:48,228 [WARN] PackLoader:240 - Cannot read IP mode file for STMicroelectronics.FP-SNS-MOTENVWB1.1.4.0
2024-06-12 12:17:48,246 [WARN] PackLoader:240 - Cannot read IP mode file for STMicroelectronics.X-CUBE-SMBUS.2.1.0
2024-06-12 12:17:48,253 [WARN] PackLoader:240 - Cannot read IP mode file for STMicroelectronics.X-CUBE-TOUCHGFX.4.23.2
2024-06-12 12:17:48,334 [WARN] PackLoader:240 - Cannot read IP mode file for STMicroelectronics.X-CUBE-AZRTOS-F7.1.1.0
2024-06-12 12:17:48,353 [ERROR] RealEvaluatedCondition:428 - Found unsupported composite condition: GROUP='STM32_MetaDataManager' CLASS='Data Exchange'
2024-06-12 12:17:48,354 [ERROR] RealEvaluatedCondition:428 - Found unsupported composite condition: GROUP='STM32_MetaDataManager' CLASS='Data Exchange'
2024-06-12 12:17:48,357 [WARN] PackLoader:240 - Cannot read IP mode file for STMicroelectronics.FP-SNS-MOTENV1.4.3.0
2024-06-12 12:17:48,373 [WARN] PackLoader:240 - Cannot read IP mode file for STMicroelectronics.FP-SNS-MOTENV1.4.3.2
2024-06-12 12:17:48,385 [WARN] PackLoader:240 - Cannot read IP mode file for STMicroelectronics.FP-SNS-FLIGHT1.5.0.0
2024-06-12 12:17:48,392 [ERROR] RealEvaluatedCondition:428 - Found unsupported composite condition: GROUP='STM32_MetaDataManager' CLASS='Data Exchange'
2024-06-12 12:17:48,392 [ERROR] RealEvaluatedCondition:428 - Found unsupported composite condition: GROUP='STM32_MetaDataManager' CLASS='Data Exchange'
2024-06-12 12:17:48,396 [WARN] PackLoader:240 - Cannot read IP mode file for STMicroelectronics.FP-SNS-MOTENV1.4.3.1
2024-06-12 12:17:48,407 [WARN] PackLoader:240 - Cannot read IP mode file for STMicroelectronics.FP-SNS-FLIGHT1.5.0.1
2024-06-12 12:17:48,422 [WARN] PackLoader:240 - Cannot read IP mode file for STMicroelectronics.X-CUBE-BLE1.6.2.4
2024-06-12 12:17:48,431 [WARN] PackLoader:240 - Cannot read IP mode file for STMicroelectronics.FP-SNS-FLIGHT1.5.0.2
2024-06-12 12:17:48,452 [WARN] PackLoader:240 - Cannot read IP mode file for STMicroelectronics.X-CUBE-DISPLAY.3.0.0
2024-06-12 12:17:48,477 [WARN] PackLoader:240 - Cannot read IP mode file for STMicroelectronics.X-CUBE-BLE1.7.0.0
2024-06-12 12:17:48,484 [WARN] PackLoader:240 - Cannot read IP mode file for STMicroelectronics.X-CUBE-TOUCHGFX.4.22.0
2024-06-12 12:17:48,488 [WARN] PackLoader:240 - Cannot read IP mode file for STMicroelectronics.X-CUBE-TOUCHGFX.4.22.1
2024-06-12 12:17:48,519 [WARN] PackLoader:240 - Cannot read IP mode file for STMicroelectronics.X-CUBE-BLEMGR.3.1.0
2024-06-12 12:17:48,537 [WARN] PackLoader:240 - Cannot read IP mode file for STMicroelectronics.FP-SNS-SMARTAG2.1.2.0
2024-06-12 12:17:48,558 [INFO] LogOutputStream:77 - [STDOUT_REDIRECT] 1 : Invalid condition id : UX_CORESTACK_Condition cause : null
2024-06-12 12:17:48,559 [INFO] LogOutputStream:77 - [STDOUT_REDIRECT] 1 : Invalid condition id : UX_CORESTACK_Condition cause : null
2024-06-12 12:17:48,560 [INFO] LogOutputStream:77 - [STDOUT_REDIRECT] 1 : Invalid condition id : UX_CORESTACK_Condition cause : null
2024-06-12 12:17:48,560 [INFO] LogOutputStream:77 - [STDOUT_REDIRECT] 1 : Invalid condition id : UX_CORESTACK_Condition cause : null
2024-06-12 12:17:48,560 [INFO] LogOutputStream:77 - [STDOUT_REDIRECT] 1 : Invalid condition id : UX_CORESTACK_Condition cause : null
2024-06-12 12:17:48,622 [WARN] PackLoader:240 - Cannot read IP mode file for STMicroelectronics.X-CUBE-AZRTOS-WL.2.0.0
2024-06-12 12:17:48,638 [WARN] PackLoader:240 - Cannot read IP mode file for STMicroelectronics.FP-SNS-MOTENV1.5.0.0
2024-06-12 12:17:48,657 [WARN] PackLoader:240 - Cannot read IP mode file for WES.I-CUBE-Cesium.1.3.0
2024-06-12 12:17:48,665 [WARN] PackLoader:240 - Cannot read IP mode file for STMicroelectronics.X-CUBE-BLE2.3.3.0
2024-06-12 12:17:48,677 [WARN] PackLoader:240 - Cannot read IP mode file for STMicroelectronics.X-CUBE-TCPP.4.1.0
2024-06-12 12:17:48,686 [WARN] PackLoader:240 - Cannot read IP mode file for STMicroelectronics.X-CUBE-TOUCHGFX.4.21.3
2024-06-12 12:17:48,691 [WARN] PackLoader:240 - Cannot read IP mode file for STMicroelectronics.X-CUBE-TOUCHGFX.4.21.4
2024-06-12 12:17:48,704 [WARN] PackLoader:240 - Cannot read IP mode file for STMicroelectronics.X-CUBE-ALGOBUILD.1.3.0
2024-06-12 12:17:48,796 [WARN] PackLoader:240 - Cannot read IP mode file for STMicroelectronics.X-CUBE-AZRTOS-G0.1.1.0
2024-06-12 12:17:48,811 [WARN] PackLoader:240 - Cannot read IP mode file for STMicroelectronics.X-CUBE-SAFEA1.1.2.2
2024-06-12 12:17:48,823 [WARN] PackLoader:240 - Cannot read IP mode file for STMicroelectronics.X-CUBE-NFC4.3.0.0
2024-06-12 12:17:48,831 [WARN] PackLoader:240 - Cannot read IP mode file for wolfSSL.I-CUBE-wolfMQTT.1.18.0
2024-06-12 12:17:48,837 [WARN] PackLoader:240 - Cannot read IP mode file for STMicroelectronics.FP-ATR-SIGFOX1.3.2.0
2024-06-12 12:17:48,848 [WARN] PackLoader:240 - Cannot read IP mode file for STMicroelectronics.X-CUBE-EEPRMA1.5.1.0
2024-06-12 12:17:48,939 [WARN] PackLoader:240 - Cannot read IP mode file for SEGGER.I-CUBE-embOS.1.3.1
2024-06-12 12:17:49,035 [WARN] PackLoader:240 - Cannot read IP mode file for STMicroelectronics.X-CUBE-ALGOBUILD.1.4.0
2024-06-12 12:17:49,041 [WARN] PackLoader:240 - Cannot read IP mode file for STMicroelectronics.X-CUBE-GNSS1.6.0.0
2024-06-12 12:17:49,068 [WARN] PackLoader:240 - Cannot read IP mode file for STMicroelectronics.X-CUBE-AZRTOS-F4.1.1.0
2024-06-12 12:17:49,078 [WARN] PackLoader:240 - Cannot read IP mode file for wolfSSL.I-CUBE-wolfSSL.5.6.0
2024-06-12 12:17:49,084 [WARN] PackLoader:240 - Cannot read IP mode file for STMicroelectronics.X-CUBE-FREERTOS.1.2.0
2024-06-12 12:17:49,108 [WARN] PackLoader:240 - Cannot read IP mode file for STMicroelectronics.X-CUBE-AZRTOS-L5.2.0.0
2024-06-12 12:17:49,176 [WARN] PackLoader:240 - Cannot read IP mode file for STMicroelectronics.X-CUBE-MEMS1.9.6.0
2024-06-12 12:17:49,395 [WARN] PackLoader:240 - Cannot read IP mode file for STMicroelectronics.X-CUBE-NFC6.3.1.0
2024-06-12 12:17:49,408 [WARN] PackLoader:240 - Cannot read IP mode file for ITTIA_DB.I-CUBE-ITTIADB.8.8.0
2024-06-12 12:17:49,421 [WARN] PackLoader:240 - Cannot read IP mode file for emotas.I-CUBE-CANOPEN.1.1.3
2024-06-12 12:17:49,430 [WARN] PackLoader:240 - Cannot read IP mode file for STMicroelectronics.X-CUBE-BLEMGR.2.0.0
2024-06-12 12:17:49,437 [WARN] PackLoader:240 - Cannot read IP mode file for STMicroelectronics.X-CUBE-AI.9.0.0
2024-06-12 12:17:49,458 [WARN] ConditionMgr:438 - getConditionDescription Invalid condition id : UX DEVICE CLASS RTOS Condition cause : null
2024-06-12 12:17:49,458 [WARN] ConditionMgr:438 - getConditionDescription Invalid condition id : UX DEVICE CLASS RTOS Condition cause : null
2024-06-12 12:17:49,464 [WARN] PackLoader:240 - Cannot read IP mode file for STMicroelectronics.X-CUBE-AZRTOS-H7.3.1.0
2024-06-12 12:17:49,466 [WARN] ConditionMgr:1039 - genDependencies : Invalid condition id : UX DEVICE CLASS RTOS Condition cause : null
2024-06-12 12:17:49,466 [WARN] ConditionMgr:1039 - genDependencies : Invalid condition id : UX DEVICE CLASS RTOS Condition cause : null
2024-06-12 12:17:49,468 [WARN] ConditionMgr:1039 - genDependencies : Invalid condition id : UX DEVICE CLASS RTOS Condition cause : null
2024-06-12 12:17:49,469 [WARN] ConditionMgr:1039 - genDependencies : Invalid condition id : UX DEVICE CLASS RTOS Condition cause : null
2024-06-12 12:17:49,469 [WARN] ConditionMgr:1039 - genDependencies : Invalid condition id : UX DEVICE CLASS RTOS Condition cause : null
2024-06-12 12:17:49,477 [WARN] PackLoader:240 - Cannot read IP mode file for STMicroelectronics.X-CUBE-NFC7.1.0.1
2024-06-12 12:17:49,484 [WARN] PackLoader:240 - Cannot read IP mode file for STMicroelectronics.X-CUBE-NFC7.1.0.0
2024-06-12 12:17:49,493 [WARN] PackLoader:240 - Cannot read IP mode file for STMicroelectronics.X-CUBE-NFC6.3.0.0
2024-06-12 12:17:49,503 [WARN] PackLoader:240 - Cannot read IP mode file for STMicroelectronics.X-CUBE-EEPRMA1.4.1.0
2024-06-12 12:17:49,508 [WARN] PackLoader:240 - Cannot read IP mode file for STMicroelectronics.X-CUBE-AI.8.1.0
2024-06-12 12:17:49,532 [WARN] ConditionMgr:438 - getConditionDescription Invalid condition id : LAN8742 Phy interface Condition cause : null
2024-06-12 12:17:49,533 [WARN] PackLoader:240 - Cannot read IP mode file for STMicroelectronics.X-CUBE-AZRTOS-L4.2.0.0
2024-06-12 12:17:49,535 [WARN] ConditionMgr:1039 - genDependencies : Invalid condition id : LAN8742 Phy interface Condition cause : null
2024-06-12 12:17:49,536 [WARN] ConditionMgr:1039 - genDependencies : Invalid condition id : LAN8742 Phy interface Condition cause : null
2024-06-12 12:17:49,537 [WARN] ConditionMgr:1039 - genDependencies : Invalid condition id : LAN8742 Phy interface Condition cause : null
2024-06-12 12:17:49,546 [WARN] PackLoader:240 - Cannot read IP mode file for STMicroelectronics.X-CUBE-SFXS2LP1.4.0.0
2024-06-12 12:17:49,552 [WARN] PackLoader:240 - Cannot read IP mode file for STMicroelectronics.X-CUBE-ISPU.1.1.0
2024-06-12 12:17:49,556 [WARN] PackLoader:240 - Cannot read IP mode file for STMicroelectronics.X-CUBE-AI.8.0.0
2024-06-12 12:17:49,572 [WARN] ConditionMgr:438 - getConditionDescription Invalid condition id : UX DEVICE CLASS RTOS Condition cause : null
2024-06-12 12:17:49,572 [WARN] ConditionMgr:438 - getConditionDescription Invalid condition id : UX DEVICE CLASS RTOS Condition cause : null
2024-06-12 12:17:49,575 [WARN] PackLoader:240 - Cannot read IP mode file for STMicroelectronics.X-CUBE-AZRTOS-WB.2.0.0
2024-06-12 12:17:49,576 [WARN] ConditionMgr:1039 - genDependencies : Invalid condition id : UX DEVICE CLASS RTOS Condition cause : null
2024-06-12 12:17:49,576 [WARN] ConditionMgr:1039 - genDependencies : Invalid condition id : UX DEVICE CLASS RTOS Condition cause : null
2024-06-12 12:17:49,577 [WARN] ConditionMgr:1039 - genDependencies : Invalid condition id : UX DEVICE CLASS RTOS Condition cause : null
2024-06-12 12:17:49,577 [WARN] ConditionMgr:1039 - genDependencies : Invalid condition id : UX DEVICE CLASS RTOS Condition cause : null
2024-06-12 12:17:49,578 [WARN] ConditionMgr:1039 - genDependencies : Invalid condition id : UX DEVICE CLASS RTOS Condition cause : null
2024-06-12 12:17:49,583 [WARN] PackLoader:240 - Cannot read IP mode file for STMicroelectronics.X-CUBE-FREERTOS.1.0.1
2024-06-12 12:17:49,602 [WARN] PackLoader:240 - Cannot read IP mode file for STMicroelectronics.X-CUBE-AZRTOS-L5.1.1.0
2024-06-12 12:17:49,611 [WARN] PackLoader:240 - Cannot read IP mode file for STMicroelectronics.X-CUBE-AI.8.0.1
2024-06-12 12:17:49,627 [WARN] PackLoader:240 - Cannot read IP mode file for STMicroelectronics.X-CUBE-SUBG2.5.0.0
2024-06-12 12:17:49,648 [WARN] PackLoader:240 - Cannot read IP mode file for STMicroelectronics.X-CUBE-TOF1.3.3.1
2024-06-12 12:17:49,678 [WARN] PackLoader:240 - Cannot read IP mode file for STMicroelectronics.X-CUBE-AZRTOS-G4.2.0.0
2024-06-12 12:17:49,695 [WARN] PackLoader:240 - Cannot read IP mode file for STMicroelectronics.X-CUBE-TOF1.3.3.0
2024-06-12 12:17:49,729 [WARN] PackLoader:240 - Cannot read IP mode file for STMicroelectronics.X-CUBE-AZRTOS-L4.1.0.0
2024-06-12 12:17:49,738 [WARN] PackLoader:240 - Cannot read IP mode file for STMicroelectronics.X-CUBE-ISPU.2.0.0
2024-06-12 12:17:49,744 [WARN] PackLoader:240 - Cannot read IP mode file for STMicroelectronics.X-CUBE-ALS.1.0.2
2024-06-12 12:17:49,799 [WARN] PackLoader:240 - Cannot read IP mode file for STMicroelectronics.X-CUBE-MEMS1.10.0.0
2024-06-12 12:17:49,951 [WARN] PackLoader:240 - Cannot read IP mode file for STMicroelectronics.X-CUBE-FREERTOS.1.1.0
2024-06-12 12:17:49,964 [WARN] PackLoader:240 - Cannot read IP mode file for STMicroelectronics.X-CUBE-AZRTOS-WL.1.0.0
2024-06-12 12:17:49,971 [WARN] PackLoader:240 - Cannot read IP mode file for portGmbH.I-Cube-SoM-uGOAL.1.1.0
2024-06-12 12:17:49,975 [WARN] PackLoader:240 - Cannot read IP mode file for STMicroelectronics.X-CUBE-ALS.1.0.1
2024-06-12 12:17:49,989 [WARN] PackLoader:240 - Cannot read IP mode file for STMicroelectronics.X-CUBE-AZRTOS-WB.1.1.0
2024-06-12 12:17:50,027 [WARN] PackLoader:240 - Cannot read IP mode file for STMicroelectronics.X-CUBE-AZRTOS-H7RS.1.0.0
2024-06-12 12:17:50,037 [WARN] PackLoader:240 - Cannot read IP mode file for STMicroelectronics.FP-ATR-ASTRA1.2.0.0
2024-06-12 12:17:50,055 [WARN] PackLoader:240 - Cannot read IP mode file for STMicroelectronics.X-CUBE-TOF1.3.4.1
2024-06-12 12:17:50,115 [WARN] PackLoader:240 - Cannot read IP mode file for STMicroelectronics.X-CUBE-AZRTOS-H7.3.2.0
2024-06-12 12:17:50,144 [WARN] PackLoader:240 - Cannot read IP mode file for Infineon.AIROC-Wi-Fi-Bluetooth-STM32.1.6.0
2024-06-12 12:17:50,153 [INFO] ThirdParty:978 - Integrity check success = true
2024-06-12 12:17:50,154 [INFO] IntegrityCheckThread:100 - exiting critical section [integrity check]
2024-06-12 12:17:50,154 [INFO] IntegrityCheckThread:103 - End integrity checks thread
2024-06-12 12:17:50,214 [INFO] Mcu:1937 - Initializing MCU STM32L4A6ZGTx STM32L4A6ZGTx STM32L4A6ZGT6
2024-06-12 12:17:55,075 [INFO] Context:659 - Trying to add GPIOservice into a context  which must be forbidden
2024-06-12 12:17:56,979 [INFO] RtosManager:555 - Registered RTOS mode: class=CMSIS, group=RTOS, mode=CMSIS_V1, owner=FREERTOS
2024-06-12 12:17:56,979 [INFO] RtosManager:555 - Registered RTOS mode: class=CMSIS, group=RTOS2, mode=CMSIS_V2, owner=FREERTOS
2024-06-12 12:17:56,980 [INFO] RtosManager:555 - Registered RTOS mode: class=RTOS, group=Core, mode=CMSIS_V1, owner=FREERTOS
2024-06-12 12:17:56,980 [INFO] RtosManager:555 - Registered RTOS mode: class=RTOS, group=Core, mode=CMSIS_V2, owner=FREERTOS
2024-06-12 12:17:56,980 [WARN] ModelIntegratedComponent:184 - Missing modes for component STMicroelectronics:FreeRTOS:0.0.1:STMicroelectronics:RTOS:FreeRTOS:Core:::10.2.0:
2024-06-12 12:17:57,007 [WARN] ModelIntegratedComponent:63 - No mode defined for component null
2024-06-12 12:17:57,007 [WARN] ModelIntegratedComponent:63 - No mode defined for component null
2024-06-12 12:17:57,007 [WARN] ModelIntegratedComponent:63 - No mode defined for component null
2024-06-12 12:17:57,007 [WARN] ModelIntegratedComponent:63 - No mode defined for component null
2024-06-12 12:17:57,008 [WARN] ModelIntegratedComponent:63 - No mode defined for component null
2024-06-12 12:17:57,008 [WARN] ModelIntegratedComponent:63 - No mode defined for component null
2024-06-12 12:17:57,008 [WARN] ModelIntegratedComponent:63 - No mode defined for component null
2024-06-12 12:17:57,008 [WARN] ModelIntegratedComponent:63 - No mode defined for component null
2024-06-12 12:17:57,008 [WARN] ModelIntegratedComponent:63 - No mode defined for component null
2024-06-12 12:17:57,008 [WARN] ModelIntegratedComponent:63 - No mode defined for component null
2024-06-12 12:17:57,008 [WARN] ModelIntegratedComponent:63 - No mode defined for component null
2024-06-12 12:17:57,008 [WARN] ModelIntegratedComponent:63 - No mode defined for component null
2024-06-12 12:17:57,008 [WARN] ModelIntegratedComponent:63 - No mode defined for component null
2024-06-12 12:17:57,008 [WARN] ModelIntegratedComponent:63 - No mode defined for component null
2024-06-12 12:17:57,008 [WARN] ModelIntegratedComponent:63 - No mode defined for component null
2024-06-12 12:17:57,009 [WARN] ModelIntegratedComponent:63 - No mode defined for component null
2024-06-12 12:17:57,009 [WARN] ModelIntegratedComponent:63 - No mode defined for component null
2024-06-12 12:17:57,009 [WARN] ModelIntegratedComponent:63 - No mode defined for component null
2024-06-12 12:17:57,009 [WARN] ModelIntegratedComponent:63 - No mode defined for component null
2024-06-12 12:17:57,009 [WARN] ModelIntegratedComponent:63 - No mode defined for component null
2024-06-12 12:17:57,009 [WARN] ModelIntegratedComponent:63 - No mode defined for component null
2024-06-12 12:17:57,009 [WARN] ModelIntegratedComponent:63 - No mode defined for component null
2024-06-12 12:17:57,009 [WARN] ModelIntegratedComponent:63 - No mode defined for component null
2024-06-12 12:17:57,009 [WARN] ModelIntegratedComponent:63 - No mode defined for component null
2024-06-12 12:17:57,009 [WARN] ModelIntegratedComponent:63 - No mode defined for component null
2024-06-12 12:17:57,010 [WARN] ModelIntegratedComponent:63 - No mode defined for component null
2024-06-12 12:17:57,010 [WARN] ModelIntegratedComponent:63 - No mode defined for component null
2024-06-12 12:17:57,010 [WARN] ModelIntegratedComponent:63 - No mode defined for component null
2024-06-12 12:17:57,010 [WARN] ModelIntegratedComponent:63 - No mode defined for component null
2024-06-12 12:17:57,010 [WARN] ModelIntegratedComponent:63 - No mode defined for component null
2024-06-12 12:17:57,010 [WARN] ModelIntegratedComponent:63 - No mode defined for component null
2024-06-12 12:17:57,010 [WARN] ModelIntegratedComponent:63 - No mode defined for component null
2024-06-12 12:17:57,010 [WARN] ModelIntegratedComponent:63 - No mode defined for component null
2024-06-12 12:17:57,396 [INFO] ThirdPartyModel:298 - Start build external matchings
2024-06-12 12:17:59,269 [INFO] ThirdPartyModel:316 - End build external matchings
2024-06-12 12:18:00,132 [INFO] UtilMem:75 - End LoadConfig() Used Memory: 445016600 Bytes (683671552)
2024-06-12 12:18:00,438 [INFO] ApiDb:581 - Connected to CubeFinder SQLite database (/home/dnk066/.stmcufinder/plugins/mcufinder/mcu/cube-finder-db.db)
2024-06-12 12:18:00,574 [INFO] ApiDb:668 - CubeFinder database Data Model version=2.1
2024-06-12 12:18:00,574 [INFO] ApiDb:669 - CubeFinder database Configuration version=3.0.39
2024-06-12 12:18:00,575 [INFO] ApiDb:670 - CubeFinder database generation date=2024-05-16 (1715872938)
2024-06-12 12:18:00,575 [INFO] ApiDb:671 - CubeFinder database FW Pack versions=[FP-ATR-ASTRA1_V2.0.0, FP-SNS-FLIGHT1_V5.0.1, FP-SNS-FLIGHT1_V5.0.2, FP-SNS-MOTENV1_V4.3.1, FP-SNS-MOTENV1_V4.3.2, FP-SNS-MOTENV1_V5.0.0, FP-SNS-MOTENVWB1_V1.4.0, FP-SNS-SMARTAG2_V1.2.0, STM32Cube_FW_C0_V1.1.0, STM32Cube_FW_F4_V1.28.0, STM32Cube_FW_F7_V1.17.0, STM32Cube_FW_G0_V1.6.2, STM32Cube_FW_G4_V1.5.2, STM32Cube_FW_H5_V0.5.1, STM32Cube_FW_H5_V1.1.1, STM32Cube_FW_H5_V1.2.0, STM32Cube_FW_H5_V1.2.0RC4, STM32Cube_FW_H7RS_V1.0.0, STM32Cube_FW_H7RS_V1.0.0RC4, STM32Cube_FW_H7_V1.11.0, STM32Cube_FW_L0_V1.12.2, STM32Cube_FW_L5_V1.5.1, STM32Cube_FW_U0_V1.0.0, STM32Cube_FW_U0_V1.0.0RC1, STM32Cube_FW_U5_V1.3.0RC4, STM32Cube_FW_U5_V1.5.0, STM32Cube_FW_U5_V1.5.0RC1, STM32Cube_FW_WBA_V1.0.0RC1, STM32Cube_FW_WBA_V1.2.0, STM32Cube_FW_WBA_V1.2.0RC2, STM32Cube_FW_WBA_V1.3.0, STM32Cube_FW_WBA_V1.3.0RC1, STM32Cube_FW_WB_V1.15.0RC1, STM32Cube_FW_WB_V1.16.0, STM32Cube_FW_WB_V1.16.0RC2, STM32Cube_FW_WB_V1.18.0, STM32Cube_FW_WB_V1.19.0, STM32Cube_FW_WL_V1.3.0, X-CUBE-ALGOBUILD_V1.4.0, X-CUBE-ALS_V1.0.1, X-CUBE-AZRTOS-F4_V1.1.0, X-CUBE-AZRTOS-F7_V1.1.0, X-CUBE-AZRTOS-G0_V1.1.0, X-CUBE-AZRTOS-G4_V2.0.0, X-CUBE-AZRTOS-H7_V3.2.0, X-CUBE-AZRTOS-L4_V1.0.0, X-CUBE-AZRTOS-L4_V2.0.0, X-CUBE-AZRTOS-L5_V1.1.0, X-CUBE-AZRTOS-WB_V2.0.0, X-CUBE-AZRTOS-WL_V2.0.0, X-CUBE-BLE1_V7.0.0, X-CUBE-BLE2_V3.3.0, X-CUBE-BLEMGR_V3.1.0, X-CUBE-EEPRMA1_V4.1.0, X-CUBE-EEPRMA1_V5.1.0, X-CUBE-FREERTOS_V1.1.0, X-CUBE-GNSS1_V6.0.0, X-CUBE-MEMS1_V10.0.0, X-CUBE-MEMS1_V9.1.0, X-CUBE-MEMS1_V9.4.0, X-CUBE-MEMS1_V9.6.0, X-CUBE-NFC4_V3.0.0, X-CUBE-NFC7_V1.0.1, X-CUBE-SFXS2LP1_V4.0.0, X-CUBE-SUBG2_V5.0.0, X-CUBE-TOF1_V3.4.0]
2024-06-12 12:18:03,784 [INFO] ApiDb:240 - Found 297 in-development CPN: [B-G473E-ZEST1S, B-WB1M-WPAN1, B-WL5M-SUBG1, NUCLEO-C031C6, NUCLEO-H503RB, NUCLEO-H563ZI, NUCLEO-U545RE-Q, NUCLEO-U5A5ZJ-Q, NUCLEO-WBA52CG, STEVAL-PROTEUS1, STEVAL-STWINBX1, STM320518-EVAL, STM32C0116-DK, STM32C011D6Y3TR, STM32C011D6Y6TR, STM32C011F4P3, STM32C011F4P6, STM32C011F4U3, STM32C011F4U6TR, STM32C011F6P3, STM32C011F6P6, STM32C011F6U3, STM32C011F6U6TR, STM32C011J4M3, STM32C011J4M6, STM32C011J6M3, STM32C011J6M6, STM32C0316-DK, STM32C031C4T3, STM32C031C4T6, STM32C031C4U3, STM32C031C4U6, STM32C031C6T3, STM32C031C6T6, STM32C031C6U3, STM32C031C6U6, STM32C031F4P3, STM32C031F4P6, STM32C031F6P3, STM32C031F6P6, STM32C031G4U3, STM32C031G4U6, STM32C031G6U3, STM32C031G6U6, STM32C031K4T3, STM32C031K4T6, STM32C031K4U3, STM32C031K4U6, STM32C031K6T3, STM32C031K6T6, STM32C031K6U3, STM32C031K6U6, STM32G071K8TXN, STM32G071K8UXN, STM32G081GBU6N, STM32G081KBT6N, STM32G081KBUXN, STM32G0B1CCT6N, STM32G0B1KCT6, STM32G0B1NEY6TR, STM32G0B1RCT6N, STM32G0C1CCT6, STM32G0C1CCT6N, STM32G0C1CCU6N, STM32G0C1CET6N, STM32G0C1CEU6N, STM32G0C1KCT6, STM32G0C1NEY6TR, STM32G0C1RCI6N, STM32G0C1RCT6N, STM32G0C1REI6N, STM32G0C1RET6N, STM32G0C1VCI6, STM32G0C1VEI6, STM32G471CCT6, STM32G471CCU6, STM32G471CET3, STM32G471CET6, STM32G471CEU3, STM32G471CEU6, STM32G471MCT6, STM32G471MET3, STM32G471MET6, STM32G471MEY6TR, STM32G471QCT6, STM32G471QET3, STM32G471RCT6, STM32G471RET3, STM32G471RET6, STM32G471VCH6, STM32G471VCI6, STM32G471VCT6, STM32G471VEH3, STM32G471VEH6, STM32G471VEI3, STM32G471VEI6, STM32G471VET3, STM32G471VET6, STM32G474CCT6, STM32H503CBT6, STM32H503CBU6, STM32H503EBY6TR, STM32H503KBU6, STM32H503RBT6, STM32H562AGI6, STM32H562AII6, STM32H562IGK6, STM32H562IGT6, STM32H562IIK6, STM32H562IIT6, STM32H562RGT6, STM32H562RGV6, STM32H562RIT6, STM32H562RIV6, STM32H562VGT6, STM32H562VIT6, STM32H562ZGT6, STM32H562ZIT6, STM32H563AGI6, STM32H563AII3Q, STM32H563AII6, STM32H563IGK6, STM32H563IGT6, STM32H563IIK3Q, STM32H563IIK6, STM32H563IIT3Q, STM32H563IIT6, STM32H563MIY3QTR, STM32H563RGT6, STM32H563RGV6, STM32H563RIT6, STM32H563RIV6, STM32H563VGT6, STM32H563VIT3Q, STM32H563VIT6, STM32H563ZGT6, STM32H563ZIT3Q, STM32H563ZIT6, STM32H573AII3Q, STM32H573AII6, STM32H573I-DK, STM32H573IIK3Q, STM32H573IIK6, STM32H573IIT3Q, STM32H573IIT6, STM32H573MIY3QTR, STM32H573RIT6, STM32H573RIV6, STM32H573VIT3Q, STM32H573VIT6, STM32H573ZIT3Q, STM32H573ZIT6, STM32L4R5QGI6STR, STM32MP131AAE3, STM32MP131AAF3, STM32MP131AAG3, STM32MP131CAE3, STM32MP131CAF3, STM32MP131CAG3, STM32MP131DAE7, STM32MP131DAF7, STM32MP131DAG7, STM32MP131FAE7, STM32MP131FAF7, STM32MP131FAG7, STM32MP133AAE3, STM32MP133AAF3, STM32MP133AAG3, STM32MP133CAE3, STM32MP133CAF3, STM32MP133CAG3, STM32MP133DAE7, STM32MP133DAF7, STM32MP133DAG7, STM32MP133FAE7, STM32MP133FAF7, STM32MP133FAG7, STM32MP135AAE3, STM32MP135AAF3, STM32MP135AAG3, STM32MP135CAE3, STM32MP135CAF3, STM32MP135CAG3, STM32MP135DAE7, STM32MP135DAF7, STM32MP135DAG7, STM32MP135F-DK, STM32MP135FAE7, STM32MP135FAF7, STM32MP135FAF7T, STM32MP135FAF7U, STM32MP135FAG7, STM32U535CBT6, STM32U535CBT6Q, STM32U535CBU6, STM32U535CBU6Q, STM32U535CCT6, STM32U535CCT6Q, STM32U535CCU6, STM32U535CCU6Q, STM32U535CET6, STM32U535CET6Q, STM32U535CEU6, STM32U535CEU6Q, STM32U535JEY6QTR, STM32U535NCY6QTR, STM32U535NEY6QTR, STM32U535RBI6, STM32U535RBI6Q, STM32U535RBT6, STM32U535RBT6Q, STM32U535RCI6, STM32U535RCI6Q, STM32U535RCT6, STM32U535RCT6Q, STM32U535REI6, STM32U535REI6Q, STM32U535RET6, STM32U535RET6Q, STM32U535VCI6, STM32U535VCI6Q, STM32U535VCT6, STM32U535VCT6Q, STM32U535VEI6, STM32U535VEI6Q, STM32U535VET6, STM32U535VET6Q, STM32U545CET6, STM32U545CET6Q, STM32U545CEU6, STM32U545CEU6Q, STM32U545JEY6QTR, STM32U545NEY6QTR, STM32U545REI6, STM32U545REI6Q, STM32U545RET6, STM32U545RET6Q, STM32U545VEI6, STM32U545VEI6Q, STM32U545VET6, STM32U545VET6Q, STM32U595AIH6, STM32U595AIH6Q, STM32U595AJH6, STM32U595AJH6Q, STM32U595QII6, STM32U595QII6Q, STM32U595QJI6, STM32U595QJI6Q, STM32U595RIT6, STM32U595RIT6Q, STM32U595RJT6, STM32U595RJT6Q, STM32U595VIT6, STM32U595VIT6Q, STM32U595VJT6, STM32U595VJT6Q, STM32U595ZIT6, STM32U595ZIT6Q, STM32U595ZIY6QTR, STM32U595ZJT6, STM32U595ZJT6Q, STM32U595ZJY6QTR, STM32U599BJY6QTR, STM32U599NIH6Q, STM32U599NJH6Q, STM32U599VIT6Q, STM32U599VJT6, STM32U599VJT6Q, STM32U599ZIT6Q, STM32U599ZIY6QTR, STM32U599ZJT6Q, STM32U599ZJY6QTR, STM32U5A5AJH6, STM32U5A5AJH6Q, STM32U5A5QJI6, STM32U5A5QJI6Q, STM32U5A5RJT6, STM32U5A5RJT6Q, STM32U5A5VJT6, STM32U5A5VJT6Q, STM32U5A5ZJT6, STM32U5A5ZJT6Q, STM32U5A5ZJY6QTR, STM32U5A9BJY6QTR, STM32U5A9J-DK, STM32U5A9NJH6Q, STM32U5A9VJT6Q, STM32U5A9ZJT6Q, STM32U5A9ZJY6QTR, STM32WB1MMCH6, STM32WBA52CEU6, STM32WBA52CEU6T, STM32WBA52CGU6, STM32WBA52CGU6T, STM32WL5MOCH6, STM32WL5MOCH6TR]
2024-06-12 12:18:03,792 [INFO] DbMcus:216 - Found 4066 MCUs, 4066 are supported
2024-06-12 12:18:03,796 [INFO] ApiDb:423 - Load user favorites file /home/dnk066/.stm32cubeide/favorites.mcus.txt: 0 item(s)
2024-06-12 12:18:03,797 [INFO] ApiDb:427 - User favorites MCUs=[]
2024-06-12 12:18:03,797 [INFO] DbMcus:222 - Set 0 / 0 favorites MCUs
2024-06-12 12:18:04,795 [WARN] ThirdParty:833 - waiting for thirdparty lock release [change project]
2024-06-12 12:18:04,797 [INFO] ThirdParty:835 - entering critical section [change project]
2024-06-12 12:18:04,798 [INFO] ThirdParty:1030 - CMSIS Pack Vendor :STMicroelectronics X-CUBE-ISPU 1.1.0
2024-06-12 12:18:04,798 [INFO] ThirdParty:1030 - CMSIS Pack Vendor :STMicroelectronics X-CUBE-GNSS1 6.0.0
2024-06-12 12:18:04,798 [INFO] ThirdParty:1030 - CMSIS Pack Vendor :STMicroelectronics USB_HOST 2.0.0
2024-06-12 12:18:04,798 [INFO] ThirdParty:1030 - CMSIS Pack Vendor :STMicroelectronics FP-SNS-MOTENVWB1 1.4.0
2024-06-12 12:18:04,798 [INFO] ThirdParty:1030 - CMSIS Pack Vendor :STMicroelectronics X-CUBE-AZRTOS-F4 1.1.0
2024-06-12 12:18:04,798 [INFO] ThirdParty:1030 - CMSIS Pack Vendor :STMicroelectronics LIBJPEG 8.0.0
2024-06-12 12:18:04,799 [INFO] ThirdParty:1030 - CMSIS Pack Vendor :STMicroelectronics X-CUBE-SMBUS 2.1.0
2024-06-12 12:18:04,799 [INFO] ThirdParty:1030 - CMSIS Pack Vendor :wolfSSL I-CUBE-wolfSSL 5.6.0
2024-06-12 12:18:04,799 [INFO] ThirdParty:1030 - CMSIS Pack Vendor :STMicroelectronics USB_DEVICE 3.0.0
2024-06-12 12:18:04,799 [INFO] ThirdParty:1030 - CMSIS Pack Vendor :STMicroelectronics X-CUBE-TCPP 4.1.0
2024-06-12 12:18:04,799 [INFO] ThirdParty:1030 - CMSIS Pack Vendor :STMicroelectronics X-CUBE-FREERTOS 1.2.0
2024-06-12 12:18:04,799 [INFO] ThirdParty:1030 - CMSIS Pack Vendor :STMicroelectronics X-CUBE-AI 8.0.0
2024-06-12 12:18:04,800 [INFO] ThirdParty:1030 - CMSIS Pack Vendor :STMicroelectronics X-CUBE-AZRTOS-WB 2.0.0
2024-06-12 12:18:04,800 [INFO] ThirdParty:1030 - CMSIS Pack Vendor :STMicroelectronics X-CUBE-FREERTOS 1.0.1
2024-06-12 12:18:04,800 [INFO] ThirdParty:1030 - CMSIS Pack Vendor :STMicroelectronics X-CUBE-TOUCHGFX 4.21.3
2024-06-12 12:18:04,800 [INFO] ThirdParty:1030 - CMSIS Pack Vendor :STMicroelectronics X-CUBE-TOUCHGFX 4.23.2
2024-06-12 12:18:04,800 [INFO] ThirdParty:1030 - CMSIS Pack Vendor :STMicroelectronics X-CUBE-AZRTOS-F7 1.1.0
2024-06-12 12:18:04,800 [INFO] ThirdParty:1030 - CMSIS Pack Vendor :STMicroelectronics X-CUBE-TOUCHGFX 4.21.4
2024-06-12 12:18:04,800 [INFO] ThirdParty:1030 - CMSIS Pack Vendor :STMicroelectronics X-CUBE-AZRTOS-L5 2.0.0
2024-06-12 12:18:04,801 [INFO] ThirdParty:1030 - CMSIS Pack Vendor :STMicroelectronics USB_DEVICE 2.0.0
2024-06-12 12:18:04,801 [INFO] ThirdParty:1030 - CMSIS Pack Vendor :STMicroelectronics X-CUBE-MEMS1 9.6.0
2024-06-12 12:18:04,801 [INFO] ThirdParty:1030 - CMSIS Pack Vendor :STMicroelectronics X-CUBE-NFC6 3.1.0
2024-06-12 12:18:04,801 [INFO] ThirdParty:1030 - CMSIS Pack Vendor :ITTIA_DB I-CUBE-ITTIADB 8.8.0
2024-06-12 12:18:04,801 [INFO] ThirdParty:1030 - CMSIS Pack Vendor :STMicroelectronics FP-SNS-MOTENV1 4.3.0
2024-06-12 12:18:04,801 [INFO] ThirdParty:1030 - CMSIS Pack Vendor :STMicroelectronics FP-SNS-MOTENV1 4.3.2
2024-06-12 12:18:04,801 [INFO] ThirdParty:1030 - CMSIS Pack Vendor :STMicroelectronics FP-SNS-FLIGHT1 5.0.0
2024-06-12 12:18:04,801 [INFO] ThirdParty:1030 - CMSIS Pack Vendor :STMicroelectronics FP-SNS-MOTENV1 4.3.1
2024-06-12 12:18:04,802 [INFO] ThirdParty:1030 - CMSIS Pack Vendor :STMicroelectronics FP-SNS-FLIGHT1 5.0.1
2024-06-12 12:18:04,802 [INFO] ThirdParty:1030 - CMSIS Pack Vendor :STMicroelectronics X-CUBE-ALGOBUILD 1.3.0
2024-06-12 12:18:04,802 [INFO] ThirdParty:1030 - CMSIS Pack Vendor :STMicroelectronics X-CUBE-BLE1 6.2.4
2024-06-12 12:18:04,802 [INFO] ThirdParty:1030 - CMSIS Pack Vendor :STMicroelectronics X-CUBE-AZRTOS-L5 1.1.0
2024-06-12 12:18:04,802 [INFO] ThirdParty:1030 - CMSIS Pack Vendor :STMicroelectronics FreeRTOS 0.0.1
2024-06-12 12:18:04,802 [INFO] ThirdParty:1030 - CMSIS Pack Vendor :STMicroelectronics X-CUBE-AZRTOS-G0 1.1.0
2024-06-12 12:18:04,802 [INFO] ThirdParty:1030 - CMSIS Pack Vendor :emotas I-CUBE-CANOPEN 1.1.3
2024-06-12 12:18:04,802 [INFO] ThirdParty:1030 - CMSIS Pack Vendor :STMicroelectronics X-CUBE-BLEMGR 2.0.0
2024-06-12 12:18:04,803 [INFO] ThirdParty:1030 - CMSIS Pack Vendor :STMicroelectronics X-CUBE-AI 8.0.1
2024-06-12 12:18:04,803 [INFO] ThirdParty:1030 - CMSIS Pack Vendor :STMicroelectronics X-CUBE-SAFEA1 1.2.2
2024-06-12 12:18:04,803 [INFO] ThirdParty:1030 - CMSIS Pack Vendor :STMicroelectronics X-CUBE-NFC4 3.0.0
2024-06-12 12:18:04,803 [INFO] ThirdParty:1030 - CMSIS Pack Vendor :STMicroelectronics X-CUBE-SUBG2 5.0.0
2024-06-12 12:18:04,803 [INFO] ThirdParty:1030 - CMSIS Pack Vendor :STMicroelectronics STM32_WPAN 1.0.0
2024-06-12 12:18:04,803 [INFO] ThirdParty:1030 - CMSIS Pack Vendor :wolfSSL I-CUBE-wolfMQTT 1.18.0
2024-06-12 12:18:04,803 [INFO] ThirdParty:1030 - CMSIS Pack Vendor :STMicroelectronics lwIP 2.0.3
2024-06-12 12:18:04,803 [INFO] ThirdParty:1030 - CMSIS Pack Vendor :STMicroelectronics FP-SNS-FLIGHT1 5.0.2
2024-06-12 12:18:04,804 [INFO] ThirdParty:1030 - CMSIS Pack Vendor :STMicroelectronics USB_HOST 1.0.0
2024-06-12 12:18:04,804 [INFO] ThirdParty:1030 - CMSIS Pack Vendor :STMicroelectronics X-CUBE-TOF1 3.3.1
2024-06-12 12:18:04,807 [INFO] ThirdParty:1030 - CMSIS Pack Vendor :STMicroelectronics X-CUBE-AI 9.0.0
2024-06-12 12:18:04,808 [INFO] ThirdParty:1030 - CMSIS Pack Vendor :STMicroelectronics X-CUBE-AZRTOS-G4 2.0.0
2024-06-12 12:18:04,808 [INFO] ThirdParty:1030 - CMSIS Pack Vendor :STMicroelectronics PDM2PCM 3.1.0
2024-06-12 12:18:04,808 [INFO] ThirdParty:1030 - CMSIS Pack Vendor :STMicroelectronics X-CUBE-AZRTOS-H7 3.1.0
2024-06-12 12:18:04,808 [INFO] ThirdParty:1030 - CMSIS Pack Vendor :STMicroelectronics X-CUBE-TOF1 3.3.0
2024-06-12 12:18:04,808 [INFO] ThirdParty:1030 - CMSIS Pack Vendor :STMicroelectronics PDM2PCM 3.3.0
2024-06-12 12:18:04,808 [INFO] ThirdParty:1030 - CMSIS Pack Vendor :STMicroelectronics X-CUBE-DISPLAY 3.0.0
2024-06-12 12:18:04,808 [INFO] ThirdParty:1030 - CMSIS Pack Vendor :STMicroelectronics X-CUBE-BLE1 7.0.0
2024-06-12 12:18:04,808 [INFO] ThirdParty:1030 - CMSIS Pack Vendor :STMicroelectronics FP-ATR-SIGFOX1 3.2.0
2024-06-12 12:18:04,808 [INFO] ThirdParty:1030 - CMSIS Pack Vendor :STMicroelectronics X-CUBE-AZRTOS-L4 1.0.0
2024-06-12 12:18:04,809 [INFO] ThirdParty:1030 - CMSIS Pack Vendor :STMicroelectronics X-CUBE-ISPU 2.0.0
2024-06-12 12:18:04,809 [INFO] ThirdParty:1030 - CMSIS Pack Vendor :STMicroelectronics X-CUBE-EEPRMA1 5.1.0
2024-06-12 12:18:04,809 [INFO] ThirdParty:1030 - CMSIS Pack Vendor :STMicroelectronics HAL Drivers 0.0.0
2024-06-12 12:18:04,809 [INFO] ThirdParty:1030 - CMSIS Pack Vendor :STMicroelectronics MBEDTLS 2.16.2
2024-06-12 12:18:04,809 [INFO] ThirdParty:1030 - CMSIS Pack Vendor :STMicroelectronics X-CUBE-ALS 1.0.2
2024-06-12 12:18:04,809 [INFO] ThirdParty:1030 - CMSIS Pack Vendor :STMicroelectronics X-CUBE-MEMS1 10.0.0
2024-06-12 12:18:04,809 [INFO] ThirdParty:1030 - CMSIS Pack Vendor :STMicroelectronics X-CUBE-FREERTOS 1.1.0
2024-06-12 12:18:04,809 [INFO] ThirdParty:1030 - CMSIS Pack Vendor :STMicroelectronics X-CUBE-TOUCHGFX 4.22.0
2024-06-12 12:18:04,809 [INFO] ThirdParty:1030 - CMSIS Pack Vendor :STMicroelectronics X-CUBE-NFC7 1.0.1
2024-06-12 12:18:04,809 [INFO] ThirdParty:1030 - CMSIS Pack Vendor :STMicroelectronics MBEDTLS 2.14.1
2024-06-12 12:18:04,809 [INFO] ThirdParty:1030 - CMSIS Pack Vendor :STMicroelectronics X-CUBE-NFC7 1.0.0
2024-06-12 12:18:04,810 [INFO] ThirdParty:1030 - CMSIS Pack Vendor :STMicroelectronics X-CUBE-TOUCHGFX 4.22.1
2024-06-12 12:18:04,810 [INFO] ThirdParty:1030 - CMSIS Pack Vendor :STMicroelectronics X-CUBE-AZRTOS-WL 1.0.0
2024-06-12 12:18:04,810 [INFO] ThirdParty:1030 - CMSIS Pack Vendor :STMicroelectronics X-CUBE-NFC6 3.0.0
2024-06-12 12:18:04,810 [INFO] ThirdParty:1030 - CMSIS Pack Vendor :STMicroelectronics X-CUBE-EEPRMA1 4.1.0
2024-06-12 12:18:04,810 [INFO] ThirdParty:1030 - CMSIS Pack Vendor :portGmbH I-Cube-SoM-uGOAL 1.1.0
2024-06-12 12:18:04,810 [INFO] ThirdParty:1030 - CMSIS Pack Vendor :STMicroelectronics X-CUBE-ALS 1.0.1
2024-06-12 12:18:04,810 [INFO] ThirdParty:1030 - CMSIS Pack Vendor :STMicroelectronics X-CUBE-BLEMGR 3.1.0
2024-06-12 12:18:04,810 [INFO] ThirdParty:1030 - CMSIS Pack Vendor :STMicroelectronics ThreadX 1.0.0
2024-06-12 12:18:04,812 [INFO] ThirdParty:1030 - CMSIS Pack Vendor :STMicroelectronics FP-SNS-SMARTAG2 1.2.0
2024-06-12 12:18:04,812 [INFO] ThirdParty:1030 - CMSIS Pack Vendor :STMicroelectronics X-CUBE-AZRTOS-WB 1.1.0
2024-06-12 12:18:04,812 [INFO] ThirdParty:1030 - CMSIS Pack Vendor :STMicroelectronics X-CUBE-AZRTOS-WL 2.0.0
2024-06-12 12:18:04,812 [INFO] ThirdParty:1030 - CMSIS Pack Vendor :SEGGER I-CUBE-embOS 1.3.1
2024-06-12 12:18:04,812 [INFO] ThirdParty:1030 - CMSIS Pack Vendor :STMicroelectronics X-CUBE-ALGOBUILD 1.4.0
2024-06-12 12:18:04,812 [INFO] ThirdParty:1030 - CMSIS Pack Vendor :STMicroelectronics FP-SNS-MOTENV1 5.0.0
2024-06-12 12:18:04,812 [INFO] ThirdParty:1030 - CMSIS Pack Vendor :STMicroelectronics USB_DEVICE 1.0.0
2024-06-12 12:18:04,812 [INFO] ThirdParty:1030 - CMSIS Pack Vendor :STMicroelectronics X-CUBE-AI 8.1.0
2024-06-12 12:18:04,812 [INFO] ThirdParty:1030 - CMSIS Pack Vendor :STMicroelectronics X-CUBE-AZRTOS-H7RS 1.0.0
2024-06-12 12:18:04,813 [INFO] ThirdParty:1030 - CMSIS Pack Vendor :STMicroelectronics X-CUBE-AZRTOS-L4 2.0.0
2024-06-12 12:18:04,813 [INFO] ThirdParty:1030 - CMSIS Pack Vendor :STMicroelectronics ThreadX 0.0.2
2024-06-12 12:18:04,813 [INFO] ThirdParty:1030 - CMSIS Pack Vendor :WES I-CUBE-Cesium 1.3.0
2024-06-12 12:18:04,813 [INFO] ThirdParty:1030 - CMSIS Pack Vendor :STMicroelectronics FP-ATR-ASTRA1 2.0.0
2024-06-12 12:18:04,813 [INFO] ThirdParty:1030 - CMSIS Pack Vendor :STMicroelectronics lwIP 2.1.2
2024-06-12 12:18:04,813 [INFO] ThirdParty:1030 - CMSIS Pack Vendor :STMicroelectronics X-CUBE-SFXS2LP1 4.0.0
2024-06-12 12:18:04,813 [INFO] ThirdParty:1030 - CMSIS Pack Vendor :STMicroelectronics X-CUBE-BLE2 3.3.0
2024-06-12 12:18:04,813 [INFO] ThirdParty:1030 - CMSIS Pack Vendor :STMicroelectronics X-CUBE-TOF1 3.4.1
2024-06-12 12:18:04,813 [INFO] ThirdParty:1030 - CMSIS Pack Vendor :STMicroelectronics X-CUBE-AZRTOS-H7 3.2.0
2024-06-12 12:18:04,813 [INFO] ThirdParty:1030 - CMSIS Pack Vendor :Infineon AIROC-Wi-Fi-Bluetooth-STM32 1.6.0
2024-06-12 12:18:04,813 [INFO] ThirdParty:1030 - CMSIS Pack Vendor :STMicroelectronics PDM2PCM 3.2.0
2024-06-12 12:18:04,814 [INFO] ThirdParty:841 - exiting critical section [change project]
2024-06-12 12:18:06,352 [INFO] PinOutPanel:1499 - setPackage(No Configuration,No Configuration)
2024-06-12 12:18:06,354 [INFO] PinOutPanel:1499 - setPackage(STM32L4A6ZGTx,LQFP144)
2024-06-12 12:18:08,311 [INFO] UtilMem:75 - Before build in PCC Used Memory: 429459104 Bytes (683671552)
2024-06-12 12:18:10,039 [INFO] UtilMem:75 - After build in PCC Used Memory: 271108352 Bytes (683671552)
2024-06-12 12:18:10,139 [INFO] IPUIPlugin:80 - create IPUIPlugin
2024-06-12 12:18:10,141 [INFO] IPUIPlugin:80 - create IPUIPlugin
2024-06-12 12:18:10,141 [INFO] IPUIPlugin:80 - create IPUIPlugin
2024-06-12 12:18:10,142 [INFO] IPUIPlugin:80 - create IPUIPlugin
2024-06-12 12:18:10,142 [INFO] IPUIPlugin:80 - create IPUIPlugin
2024-06-12 12:18:10,142 [INFO] IPUIPlugin:80 - create IPUIPlugin
2024-06-12 12:18:10,143 [INFO] IPUIPlugin:80 - create IPUIPlugin
2024-06-12 12:18:10,143 [INFO] IPUIPlugin:80 - create IPUIPlugin
2024-06-12 12:18:10,143 [INFO] IPUIPlugin:80 - create IPUIPlugin
2024-06-12 12:18:10,144 [INFO] IPUIPlugin:80 - create IPUIPlugin
2024-06-12 12:18:10,144 [INFO] IPUIPlugin:80 - create IPUIPlugin
2024-06-12 12:18:10,144 [INFO] IPUIPlugin:80 - create IPUIPlugin
2024-06-12 12:18:10,145 [INFO] IPUIPlugin:80 - create IPUIPlugin
2024-06-12 12:18:10,145 [INFO] IPUIPlugin:80 - create IPUIPlugin
2024-06-12 12:18:10,145 [INFO] IPUIPlugin:80 - create IPUIPlugin
2024-06-12 12:18:10,146 [INFO] IPUIPlugin:80 - create IPUIPlugin
2024-06-12 12:18:10,146 [INFO] IPUIPlugin:80 - create IPUIPlugin
2024-06-12 12:18:10,146 [INFO] IPUIPlugin:80 - create IPUIPlugin
2024-06-12 12:18:10,146 [INFO] IPUIPlugin:80 - create IPUIPlugin
2024-06-12 12:18:10,147 [INFO] IPUIPlugin:80 - create IPUIPlugin
2024-06-12 12:18:10,147 [INFO] IPUIPlugin:80 - create IPUIPlugin
2024-06-12 12:18:10,147 [INFO] IPUIPlugin:80 - create IPUIPlugin
2024-06-12 12:18:10,147 [INFO] IPUIPlugin:80 - create IPUIPlugin
2024-06-12 12:18:10,148 [INFO] IPUIPlugin:80 - create IPUIPlugin
2024-06-12 12:18:10,148 [INFO] IPUIPlugin:80 - create IPUIPlugin
2024-06-12 12:18:10,149 [INFO] IPUIPlugin:80 - create IPUIPlugin
2024-06-12 12:18:10,149 [INFO] IPUIPlugin:80 - create IPUIPlugin
2024-06-12 12:18:10,150 [INFO] IPUIPlugin:80 - create IPUIPlugin
2024-06-12 12:18:10,150 [INFO] IPUIPlugin:80 - create IPUIPlugin
2024-06-12 12:18:10,150 [INFO] IPUIPlugin:80 - create IPUIPlugin
2024-06-12 12:18:10,151 [INFO] IPUIPlugin:80 - create IPUIPlugin
2024-06-12 12:18:10,151 [INFO] IPUIPlugin:80 - create IPUIPlugin
2024-06-12 12:18:10,152 [INFO] IPUIPlugin:80 - create IPUIPlugin
2024-06-12 12:18:10,152 [INFO] IPUIPlugin:80 - create IPUIPlugin
2024-06-12 12:18:10,153 [INFO] IPUIPlugin:80 - create IPUIPlugin
2024-06-12 12:18:10,153 [INFO] IPUIPlugin:80 - create IPUIPlugin
2024-06-12 12:18:10,154 [INFO] IPUIPlugin:80 - create IPUIPlugin
2024-06-12 12:18:10,155 [INFO] IPUIPlugin:80 - create IPUIPlugin
2024-06-12 12:18:10,155 [INFO] IPUIPlugin:80 - create IPUIPlugin
2024-06-12 12:18:10,156 [INFO] IPUIPlugin:80 - create IPUIPlugin
2024-06-12 12:18:10,156 [INFO] IPUIPlugin:80 - create IPUIPlugin
2024-06-12 12:18:10,157 [INFO] IPUIPlugin:80 - create IPUIPlugin
2024-06-12 12:18:10,158 [INFO] IPUIPlugin:80 - create IPUIPlugin
2024-06-12 12:18:10,159 [INFO] IPUIPlugin:80 - create IPUIPlugin
2024-06-12 12:18:10,159 [INFO] IPUIPlugin:80 - create IPUIPlugin
2024-06-12 12:18:10,160 [INFO] IPUIPlugin:80 - create IPUIPlugin
2024-06-12 12:18:10,160 [INFO] IPUIPlugin:80 - create IPUIPlugin
2024-06-12 12:18:10,160 [INFO] IPUIPlugin:80 - create IPUIPlugin
2024-06-12 12:18:10,160 [INFO] IPUIPlugin:80 - create IPUIPlugin
2024-06-12 12:18:10,161 [INFO] IPUIPlugin:80 - create IPUIPlugin
2024-06-12 12:18:10,161 [INFO] IPUIPlugin:80 - create IPUIPlugin
2024-06-12 12:18:10,161 [INFO] IPUIPlugin:80 - create IPUIPlugin
2024-06-12 12:18:10,161 [INFO] IPUIPlugin:80 - create IPUIPlugin
2024-06-12 12:18:10,162 [INFO] IPUIPlugin:80 - create IPUIPlugin
2024-06-12 12:18:10,162 [INFO] IPUIPlugin:80 - create IPUIPlugin
2024-06-12 12:18:10,162 [INFO] IPUIPlugin:80 - create IPUIPlugin
2024-06-12 12:18:10,163 [INFO] IPUIPlugin:80 - create IPUIPlugin
2024-06-12 12:18:10,163 [INFO] IPUIPlugin:80 - create IPUIPlugin
2024-06-12 12:18:10,163 [INFO] IPUIPlugin:80 - create IPUIPlugin
2024-06-12 12:18:10,164 [INFO] IPUIPlugin:80 - create IPUIPlugin
2024-06-12 12:18:10,164 [INFO] IPUIPlugin:80 - create IPUIPlugin
2024-06-12 12:18:10,164 [INFO] IPUIPlugin:80 - create IPUIPlugin
2024-06-12 12:18:10,165 [INFO] IPUIPlugin:80 - create IPUIPlugin
2024-06-12 12:18:10,166 [INFO] IPUIPlugin:80 - create IPUIPlugin
2024-06-12 12:18:10,167 [INFO] IPUIPlugin:80 - create IPUIPlugin
2024-06-12 12:18:10,168 [INFO] IPUIPlugin:80 - create IPUIPlugin
2024-06-12 12:18:10,645 [INFO] CADModel:165 - CPN selected for project levelSTM32L4A6ZGT6
2024-06-12 12:18:10,645 [INFO] CADModel:114 - Register for checkConnection events
2024-06-12 12:18:10,696 [INFO] OpenFileManager:328 - Restore cursor
2024-06-12 12:20:54,863 [INFO] NvicIntPanel:101 - NVIC parent = com.st.microxplorer.plugins.ip.nvic.MultiNvicIntPanel[,0,0,450x401,layout=javax.swing.BoxLayout,alignmentX=0.0,alignmentY=0.0,border=,flags=9,maximumSize=,minimumSize=,preferredSize=]
2024-06-12 12:20:56,497 [INFO] NvicIntPanel:101 - NVIC parent = com.st.microxplorer.plugins.ip.nvic.MultiNvicIntPanel[,0,0,0x0,invalid,layout=javax.swing.BoxLayout,alignmentX=0.0,alignmentY=0.0,border=,flags=9,maximumSize=,minimumSize=,preferredSize=]
2024-06-12 12:22:06,484 [INFO] UtilMem:75 - End SaveConfig() Used Memory: 296316624 Bytes (683671552)
2024-06-12 12:22:07,931 [INFO] UtilMem:75 - End SaveConfig() Used Memory: 392772288 Bytes (683671552)
2024-06-12 12:22:09,936 [INFO] UtilMem:75 - End SaveConfig() Used Memory: 530672400 Bytes (683671552)
2024-06-12 12:22:11,393 [INFO] BlockDiagram:2759 - set Specific Code input for plugin: SYS
2024-06-12 12:22:11,394 [INFO] BlockDiagram:2759 - set Specific Code input for plugin: RCC
2024-06-12 12:22:11,394 [INFO] BlockDiagram:2759 - set Specific Code input for plugin: NVIC
2024-06-12 12:22:11,394 [INFO] BlockDiagram:2759 - set Specific Code input for plugin: TIM1_8L4
2024-06-12 12:22:11,395 [INFO] BlockDiagram:2759 - set Specific Code input for plugin: GPIO
2024-06-12 12:22:11,400 [INFO] CodeGenerator:793 - code generatio: config db path: /opt/st/stm32cubeide_1.12.1/plugins/com.st.stm32cube.common.mx_6.8.1.202304191431//db/
2024-06-12 12:22:11,995 [INFO] CodeEngine:255 - oldGeneratedFile, /home/dnk066/Pratham/STM32_Training/Workspace/07_TIMERS/03_Timer_Input_Capture/MXTmpFiles/license.tmp_save
2024-06-12 12:22:12,693 [INFO] CodeEngine:279 - Generated code: /home/dnk066/Pratham/STM32_Training/Workspace/07_TIMERS/03_Timer_Input_Capture/MXTmpFiles/license.tmp
2024-06-12 12:22:12,860 [INFO] CodeEngine:255 - oldGeneratedFile, /home/dnk066/Pratham/STM32_Training/Workspace/07_TIMERS/03_Timer_Input_Capture/MXTmpFiles/gpio.tmp_save
2024-06-12 12:22:13,046 [INFO] CodeEngine:279 - Generated code: /home/dnk066/Pratham/STM32_Training/Workspace/07_TIMERS/03_Timer_Input_Capture/MXTmpFiles/gpio.tmp
2024-06-12 12:22:13,831 [INFO] CodeEngine:255 - oldGeneratedFile, /home/dnk066/Pratham/STM32_Training/Workspace/07_TIMERS/03_Timer_Input_Capture/Core/Src/stm32l4xx_it.c_save
2024-06-12 12:22:14,070 [INFO] CodeEngine:279 - Generated code: /home/dnk066/Pratham/STM32_Training/Workspace/07_TIMERS/03_Timer_Input_Capture/Core/Src/stm32l4xx_it.c
2024-06-12 12:22:14,072 [INFO] CodeEngine:255 - oldGeneratedFile, /home/dnk066/Pratham/STM32_Training/Workspace/07_TIMERS/03_Timer_Input_Capture/Core/Inc/stm32l4xx_it.h_save
2024-06-12 12:22:14,293 [INFO] CodeEngine:279 - Generated code: /home/dnk066/Pratham/STM32_Training/Workspace/07_TIMERS/03_Timer_Input_Capture/Core/Inc/stm32l4xx_it.h
2024-06-12 12:22:14,302 [INFO] CodeEngine:255 - oldGeneratedFile, /home/dnk066/Pratham/STM32_Training/Workspace/07_TIMERS/03_Timer_Input_Capture/Core/Src/stm32l4xx_hal_msp.c_save
2024-06-12 12:22:14,650 [INFO] CodeEngine:279 - Generated code: /home/dnk066/Pratham/STM32_Training/Workspace/07_TIMERS/03_Timer_Input_Capture/Core/Src/stm32l4xx_hal_msp.c
2024-06-12 12:22:14,653 [INFO] CodeEngine:255 - oldGeneratedFile, /home/dnk066/Pratham/STM32_Training/Workspace/07_TIMERS/03_Timer_Input_Capture/MXTmpFiles/system.tmp_save
2024-06-12 12:22:14,872 [INFO] CodeEngine:279 - Generated code: /home/dnk066/Pratham/STM32_Training/Workspace/07_TIMERS/03_Timer_Input_Capture/MXTmpFiles/system.tmp
2024-06-12 12:22:14,878 [INFO] CodeEngine:311 - oldGeneratedFile, /home/dnk066/Pratham/STM32_Training/Workspace/07_TIMERS/03_Timer_Input_Capture/Core/Inc/stm32l4xx_hal_conf.h_save
2024-06-12 12:22:15,066 [INFO] CodeEngine:335 - Generated code: /home/dnk066/Pratham/STM32_Training/Workspace/07_TIMERS/03_Timer_Input_Capture/Core/Inc/stm32l4xx_hal_conf.h
2024-06-12 12:22:15,151 [WARN] IPConfigManager:3431 - IP not found : TIM
2024-06-12 12:22:15,152 [WARN] CodeGenerator:3754 - IP not found : null
2024-06-12 12:22:15,157 [INFO] CodeEngine:255 - oldGeneratedFile, /home/dnk066/Pratham/STM32_Training/Workspace/07_TIMERS/03_Timer_Input_Capture/Core/Inc/main.h_save
2024-06-12 12:22:15,415 [INFO] CodeEngine:279 - Generated code: /home/dnk066/Pratham/STM32_Training/Workspace/07_TIMERS/03_Timer_Input_Capture/Core/Inc/main.h
2024-06-12 12:22:15,419 [INFO] CodeEngine:255 - oldGeneratedFile, /home/dnk066/Pratham/STM32_Training/Workspace/07_TIMERS/03_Timer_Input_Capture/Core/Src/main.c_save
2024-06-12 12:22:15,674 [INFO] CodeEngine:279 - Generated code: /home/dnk066/Pratham/STM32_Training/Workspace/07_TIMERS/03_Timer_Input_Capture/Core/Src/main.c
2024-06-12 12:22:17,185 [INFO] ProjectBuilder:2996 - Time for Copy HAL[1] : 179mS.
2024-06-12 12:22:17,205 [INFO] ProjectBuilder:4304 - Project Generator version: 3.19.2
2024-06-12 12:22:18,249 [INFO] ConfigFileManager:1483 - The Die is : DIE461
2024-06-12 12:22:18,296 [INFO] ApiDbMcu:507 - Load IP Config File for FATFS
2024-06-12 12:22:18,375 [INFO] ApiDbMcu:507 - Load IP Config File for FREERTOS
2024-06-12 12:22:18,794 [INFO] ApiDbMcu:507 - Load IP Config File for TOUCHSENSING
2024-06-12 12:22:18,856 [INFO] ApiDbMcu:507 - Load IP Config File for USB_DEVICE
2024-06-12 12:22:18,895 [INFO] ApiDbMcu:507 - Load IP Config File for USB_HOST
2024-06-12 12:22:21,194 [INFO] LogOutputStream:77 - [STDOUT_REDIRECT] 
2024-06-12 12:22:23,116 [INFO] ProjectBuilder:4505 - Time for Generating toolchain IDE Files: 5910mS.
2024-06-12 12:22:23,117 [INFO] ProjectBuilder:2867 - Time for Copy CMSIS : 1mS.
2024-06-12 12:22:23,118 [INFO] ProjectBuilder:2867 - Time for Copy CMSIS : 0mS.
